01:58:02 - OP|H=|Client=201.175.130.92-------------------------------------------------------|notifySCReception
01:58:02 - 02/08/2015 01:58:02: |Correlator: 425276_ | message: mensaje de iAlarm | senderAddress: 525550066883 | smsServiceActivationNumber: 425276
01:58:02 - BD|H=525550066883|El equipo ya existe en BD|notifySmsReception
01:58:02 - BD|H=525550066883|Contrato por evento|Procesando cobro|notifySmsReception
01:58:02 - OP|H=|Client=201.175.130.92-------------------------------------------------------|notifySCReception
01:58:02 - 02/08/2015 01:58:02: |Correlator: 425276_ | message: mensaje de iAlarm | senderAddress: 525550066883 | smsServiceActivationNumber: 425276
01:58:02 - BD|H=525550066883|El equipo ya existe en BD|notifySmsReception
01:58:02 - BD|H=525550066883|Contrato por evento|Procesando cobro|notifySmsReception
07:34:04 - OP|H=|Client=201.175.130.92-------------------------------------------------------|notifySCReception
07:34:04 - 02/08/2015 07:34:04: |Correlator: 425276_ | message: mensaje de iAlarm | senderAddress: 524774761806 | smsServiceActivationNumber: 425276
07:34:04 - BD|H=524774761806|El equipo no existe en BD|notifySmsReception
07:34:04 - BD|H=524774761806|Guardando equipo en BD en BD|notifySmsReception
07:34:04 - BD|OK|PTN=524774761806|Guardando equipo en base de datos|saveHandsetSC
07:34:04 - BD|OK|H=4235|PTN=524774761806|Equipo guardado correctamente|saveHandsetSC
07:34:04 - BD|OK|H=4235|PTN=524774761806|Guardando en dat_estatuspayment|saveHandsetSC
07:34:04 - BD|OK|H=4235|PTN=524774761806|Guardado en dat_estatuspayment correctamente|saveHandsetSC
07:34:04 - BD|H=524774761806|ID=4235|Equipo guardado correctamente en BD|notifySmsReception
07:34:04 - OP|H=|Client=201.175.130.92-------------------------------------------------------|notifySCReception
07:34:04 - 02/08/2015 07:34:04: |Correlator: 425276_ | message: mensaje de iAlarm | senderAddress: 524774761806 | smsServiceActivationNumber: 425276
07:34:04 - BD|H=524774761806|El equipo ya existe en BD|notifySmsReception
07:34:04 - BD|H=524774761806|Contrato por evento|Procesando cobro|notifySmsReception
07:49:21 - OP|H=|Client=201.175.130.92-------------------------------------------------------|notifySCReception
07:49:21 - 02/08/2015 07:49:21: |Correlator: 425276_ | message: mensaje de iAlarm | senderAddress: 522223202380 | smsServiceActivationNumber: 425276
07:49:21 - BD|H=522223202380|El equipo ya existe en BD|notifySmsReception
07:49:21 - BD|H=522223202380|Contrato por evento|Procesando cobro|notifySmsReception
07:49:21 - OP|H=|Client=201.175.130.92-------------------------------------------------------|notifySCReception
07:49:21 - 02/08/2015 07:49:21: |Correlator: 425276_ | message: mensaje de iAlarm | senderAddress: 522223202380 | smsServiceActivationNumber: 425276
07:49:21 - BD|H=522223202380|El equipo ya existe en BD|notifySmsReception
07:49:21 - BD|H=522223202380|Contrato por evento|Procesando cobro|notifySmsReception
09:22:10 - OP|H=|Client=201.175.130.92-------------------------------------------------------|notifySCReception
09:22:10 - 02/08/2015 09:22:10: |Correlator: 425276_ | message: mensaje de iAlarm | senderAddress: 524492660120 | smsServiceActivationNumber: 425276
09:22:10 - BD|H=524492660120|El equipo ya existe en BD|notifySmsReception
09:22:10 - BD|H=524492660120|Contrato por evento|Procesando cobro|notifySmsReception
09:22:10 - OP|H=|Client=201.175.130.92-------------------------------------------------------|notifySCReception
09:22:10 - 02/08/2015 09:22:10: |Correlator: 425276_ | message: mensaje de iAlarm | senderAddress: 524492660120 | smsServiceActivationNumber: 425276
09:22:10 - BD|H=524492660120|El equipo ya existe en BD|notifySmsReception
09:22:10 - BD|H=524492660120|Contrato por evento|Procesando cobro|notifySmsReception
12:45:38 - OP|H=|Client=201.175.130.92-------------------------------------------------------|notifySCReception
12:45:38 - 02/08/2015 12:45:38: |Correlator: 425276_ | message: mensaje de iAlarm | senderAddress: 526644067432 | smsServiceActivationNumber: 425276
12:45:38 - BD|H=526644067432|El equipo no existe en BD|notifySmsReception
12:45:38 - BD|H=526644067432|Guardando equipo en BD en BD|notifySmsReception
12:45:38 - BD|OK|PTN=526644067432|Guardando equipo en base de datos|saveHandsetSC
12:45:38 - BD|OK|H=4236|PTN=526644067432|Equipo guardado correctamente|saveHandsetSC
12:45:38 - BD|OK|H=4236|PTN=526644067432|Guardando en dat_estatuspayment|saveHandsetSC
12:45:38 - BD|OK|H=4236|PTN=526644067432|Guardado en dat_estatuspayment correctamente|saveHandsetSC
12:45:38 - BD|H=526644067432|ID=4236|Equipo guardado correctamente en BD|notifySmsReception
12:45:38 - OP|H=|Client=201.175.130.92-------------------------------------------------------|notifySCReception
12:45:38 - 02/08/2015 12:45:38: |Correlator: 425276_ | message: mensaje de iAlarm | senderAddress: 526644067432 | smsServiceActivationNumber: 425276
12:45:38 - BD|H=526644067432|El equipo ya existe en BD|notifySmsReception
12:45:38 - BD|H=526644067432|Contrato por evento|Procesando cobro|notifySmsReception
16:12:01 - OP|H=|Client=201.175.130.92-------------------------------------------------------|notifySCReception
16:12:01 - 02/08/2015 16:12:01: |Correlator: 425276_ | message: mensaje de iAlarm | senderAddress: 525519890382 | smsServiceActivationNumber: 425276
16:12:01 - BD|H=525519890382|El equipo no existe en BD|notifySmsReception
16:12:01 - BD|H=525519890382|Guardando equipo en BD en BD|notifySmsReception
16:12:01 - BD|OK|PTN=525519890382|Guardando equipo en base de datos|saveHandsetSC
16:12:01 - BD|OK|H=4237|PTN=525519890382|Equipo guardado correctamente|saveHandsetSC
16:12:01 - BD|OK|H=4237|PTN=525519890382|Guardando en dat_estatuspayment|saveHandsetSC
16:12:01 - BD|OK|H=4237|PTN=525519890382|Guardado en dat_estatuspayment correctamente|saveHandsetSC
16:12:01 - BD|H=525519890382|ID=4237|Equipo guardado correctamente en BD|notifySmsReception
16:12:01 - OP|H=|Client=201.175.130.92-------------------------------------------------------|notifySCReception
16:12:01 - 02/08/2015 16:12:01: |Correlator: 425276_ | message: mensaje de iAlarm | senderAddress: 525519890382 | smsServiceActivationNumber: 425276
16:12:01 - BD|H=525519890382|El equipo ya existe en BD|notifySmsReception
16:12:01 - BD|H=525519890382|Contrato por evento|Procesando cobro|notifySmsReception
16:47:51 - OP|H=|Client=201.175.130.92-------------------------------------------------------|notifySCReception
16:47:51 - 02/08/2015 16:47:51: |Correlator: 425276_ | message: mensaje de iAlarm | senderAddress: 527712540779 | smsServiceActivationNumber: 425276
16:47:51 - BD|H=527712540779|El equipo ya existe en BD|notifySmsReception
16:47:51 - BD|H=527712540779|Contrato por evento|Procesando cobro|notifySmsReception
16:47:51 - OP|H=|Client=201.175.130.92-------------------------------------------------------|notifySCReception
16:47:51 - 02/08/2015 16:47:51: |Correlator: 425276_ | message: mensaje de iAlarm | senderAddress: 527712540779 | smsServiceActivationNumber: 425276
16:47:51 - BD|H=527712540779|El equipo ya existe en BD|notifySmsReception
16:47:51 - BD|H=527712540779|Contrato por evento|Procesando cobro|notifySmsReception
17:09:21 - OP|H=|Client=201.175.130.92-------------------------------------------------------|notifySCReception
17:09:21 - 02/08/2015 17:09:21: |Correlator: 425276_ | message: mensaje de iAlarm | senderAddress: 524271439380 | smsServiceActivationNumber: 425276
17:09:21 - BD|H=524271439380|El equipo no existe en BD|notifySmsReception
17:09:21 - BD|H=524271439380|Guardando equipo en BD en BD|notifySmsReception
17:09:21 - BD|OK|PTN=524271439380|Guardando equipo en base de datos|saveHandsetSC
17:09:21 - BD|OK|H=4238|PTN=524271439380|Equipo guardado correctamente|saveHandsetSC
17:09:21 - BD|OK|H=4238|PTN=524271439380|Guardando en dat_estatuspayment|saveHandsetSC
17:09:21 - BD|OK|H=4238|PTN=524271439380|Guardado en dat_estatuspayment correctamente|saveHandsetSC
17:09:21 - BD|H=524271439380|ID=4238|Equipo guardado correctamente en BD|notifySmsReception
17:09:21 - OP|H=|Client=201.175.130.92-------------------------------------------------------|notifySCReception
17:09:21 - 02/08/2015 17:09:21: |Correlator: 425276_ | message: mensaje de iAlarm | senderAddress: 524271439380 | smsServiceActivationNumber: 425276
17:09:21 - BD|H=524271439380|El equipo ya existe en BD|notifySmsReception
17:09:21 - BD|H=524271439380|Contrato por evento|Procesando cobro|notifySmsReception
17:21:52 - OP|H=|Client=201.175.130.92-------------------------------------------------------|notifySCReception
17:21:52 - 02/08/2015 17:21:52: |Correlator: 425276_ | message: mensaje de iAlarm | senderAddress: 526563274510 | smsServiceActivationNumber: 425276
17:21:52 - BD|H=526563274510|El equipo ya existe en BD|notifySmsReception
17:21:52 - BD|H=526563274510|Contrato por evento|Procesando cobro|notifySmsReception
17:21:52 - OP|H=|Client=201.175.130.92-------------------------------------------------------|notifySCReception
17:21:52 - 02/08/2015 17:21:52: |Correlator: 425276_ | message: mensaje de iAlarm | senderAddress: 526563274510 | smsServiceActivationNumber: 425276
17:21:52 - BD|H=526563274510|El equipo ya existe en BD|notifySmsReception
17:21:52 - BD|H=526563274510|Contrato por evento|Procesando cobro|notifySmsReception
17:26:57 - OP|H=|Client=201.175.130.92-------------------------------------------------------|notifySCReception
17:26:57 - 02/08/2015 17:26:57: |Correlator: 425276_ | message: mensaje de iAlarm | senderAddress: 528992775363 | smsServiceActivationNumber: 425276
17:26:57 - BD|H=528992775363|El equipo no existe en BD|notifySmsReception
17:26:57 - BD|H=528992775363|Guardando equipo en BD en BD|notifySmsReception
17:26:57 - BD|OK|PTN=528992775363|Guardando equipo en base de datos|saveHandsetSC
17:26:57 - BD|OK|H=4239|PTN=528992775363|Equipo guardado correctamente|saveHandsetSC
17:26:57 - BD|OK|H=4239|PTN=528992775363|Guardando en dat_estatuspayment|saveHandsetSC
17:26:57 - BD|OK|H=4239|PTN=528992775363|Guardado en dat_estatuspayment correctamente|saveHandsetSC
17:26:57 - BD|H=528992775363|ID=4239|Equipo guardado correctamente en BD|notifySmsReception
17:26:57 - OP|H=|Client=201.175.130.92-------------------------------------------------------|notifySCReception
17:26:57 - 02/08/2015 17:26:57: |Correlator: 425276_ | message: mensaje de iAlarm | senderAddress: 528992775363 | smsServiceActivationNumber: 425276
17:26:57 - BD|H=528992775363|El equipo ya existe en BD|notifySmsReception
17:26:57 - BD|H=528992775363|Contrato por evento|Procesando cobro|notifySmsReception
18:47:54 - OP|H=|Client=201.175.130.92-------------------------------------------------------|notifySCReception
18:47:54 - 02/08/2015 18:47:54: |Correlator: 425276_ | message: mensaje de iAlarm | senderAddress: 526563274510 | smsServiceActivationNumber: 425276
18:47:54 - BD|H=526563274510|El equipo ya existe en BD|notifySmsReception
18:47:54 - BD|H=526563274510|Contrato por evento|Procesando cobro|notifySmsReception
18:47:54 - OP|H=|Client=201.175.130.92-------------------------------------------------------|notifySCReception
18:47:54 - 02/08/2015 18:47:54: |Correlator: 425276_ | message: mensaje de iAlarm | senderAddress: 526563274510 | smsServiceActivationNumber: 425276
18:47:54 - BD|H=526563274510|El equipo ya existe en BD|notifySmsReception
18:47:54 - BD|H=526563274510|Contrato por evento|Procesando cobro|notifySmsReception
19:16:39 - OP|H=|Client=201.175.130.92-------------------------------------------------------|notifySCReception
19:16:39 - 02/08/2015 19:16:39: |Correlator: 425276_ | message: mensaje de iAlarm | senderAddress: 528311230999 | smsServiceActivationNumber: 425276
19:16:39 - BD|H=528311230999|El equipo ya existe en BD|notifySmsReception
19:16:39 - BD|H=528311230999|Contrato por evento|Procesando cobro|notifySmsReception
19:16:40 - OP|H=|Client=201.175.130.92-------------------------------------------------------|notifySCReception
19:16:40 - 02/08/2015 19:16:40: |Correlator: 425276_ | message: mensaje de iAlarm | senderAddress: 528311230999 | smsServiceActivationNumber: 425276
19:16:40 - BD|H=528311230999|El equipo ya existe en BD|notifySmsReception
19:16:40 - BD|H=528311230999|Contrato por evento|Procesando cobro|notifySmsReception
19:57:36 - OP|H=|Client=201.175.130.92-------------------------------------------------------|notifySCReception
19:57:36 - 02/08/2015 19:57:36: |Correlator: 425276_ | message: mensaje de iAlarm | senderAddress: 524151220480 | smsServiceActivationNumber: 425276
19:57:36 - BD|H=524151220480|El equipo ya existe en BD|notifySmsReception
19:57:36 - BD|H=524151220480|Contrato por evento|Procesando cobro|notifySmsReception
19:57:36 - OP|H=|Client=201.175.130.92-------------------------------------------------------|notifySCReception
19:57:36 - 02/08/2015 19:57:36: |Correlator: 425276_ | message: mensaje de iAlarm | senderAddress: 524151220480 | smsServiceActivationNumber: 425276
19:57:36 - BD|H=524151220480|El equipo ya existe en BD|notifySmsReception
19:57:36 - BD|H=524151220480|Contrato por evento|Procesando cobro|notifySmsReception
20:28:38 - OP|H=|Client=201.175.130.92-------------------------------------------------------|notifySCReception
20:28:38 - 02/08/2015 20:28:38: |Correlator: 425276_ | message: mensaje de iAlarm | senderAddress: 525565826321 | smsServiceActivationNumber: 425276
20:28:38 - BD|H=525565826321|El equipo ya existe en BD|notifySmsReception
20:28:38 - BD|H=525565826321|Contrato por evento|Procesando cobro|notifySmsReception
20:28:38 - OP|H=|Client=201.175.130.92-------------------------------------------------------|notifySCReception
20:28:38 - 02/08/2015 20:28:38: |Correlator: 425276_ | message: mensaje de iAlarm | senderAddress: 525565826321 | smsServiceActivationNumber: 425276
20:28:38 - BD|H=525565826321|El equipo ya existe en BD|notifySmsReception
20:28:38 - BD|H=525565826321|Contrato por evento|Procesando cobro|notifySmsReception
22:43:52 - OP|H=|Client=201.175.130.92-------------------------------------------------------|notifySCReception
22:43:52 - 02/08/2015 22:43:52: |Correlator: 425276_ | message: mensaje de iAlarm | senderAddress: 528117585075 | smsServiceActivationNumber: 425276
22:43:52 - BD|H=528117585075|El equipo no existe en BD|notifySmsReception
22:43:52 - BD|H=528117585075|Guardando equipo en BD en BD|notifySmsReception
22:43:52 - BD|OK|PTN=528117585075|Guardando equipo en base de datos|saveHandsetSC
22:43:53 - BD|OK|H=4240|PTN=528117585075|Equipo guardado correctamente|saveHandsetSC
22:43:53 - BD|OK|H=4240|PTN=528117585075|Guardando en dat_estatuspayment|saveHandsetSC
22:43:53 - BD|OK|H=4240|PTN=528117585075|Guardado en dat_estatuspayment correctamente|saveHandsetSC
22:43:53 - BD|H=528117585075|ID=4240|Equipo guardado correctamente en BD|notifySmsReception
22:43:53 - OP|H=|Client=201.175.130.92-------------------------------------------------------|notifySCReception
22:43:53 - 02/08/2015 22:43:53: |Correlator: 425276_ | message: mensaje de iAlarm | senderAddress: 528117585075 | smsServiceActivationNumber: 425276
22:43:53 - BD|H=528117585075|El equipo ya existe en BD|notifySmsReception
22:43:53 - BD|H=528117585075|Contrato por evento|Procesando cobro|notifySmsReception
23:22:30 - OP|H=|Client=201.175.130.92-------------------------------------------------------|notifySCReception
23:22:30 - 02/08/2015 23:22:30: |Correlator: 425276_ | message: mensaje de iAlarm | senderAddress: 525544113166 | smsServiceActivationNumber: 425276
23:22:30 - BD|H=525544113166|El equipo no existe en BD|notifySmsReception
23:22:30 - BD|H=525544113166|Guardando equipo en BD en BD|notifySmsReception
23:22:30 - BD|OK|PTN=525544113166|Guardando equipo en base de datos|saveHandsetSC
23:22:30 - BD|OK|H=4241|PTN=525544113166|Equipo guardado correctamente|saveHandsetSC
23:22:30 - BD|OK|H=4241|PTN=525544113166|Guardando en dat_estatuspayment|saveHandsetSC
23:22:30 - BD|OK|H=4241|PTN=525544113166|Guardado en dat_estatuspayment correctamente|saveHandsetSC
23:22:30 - BD|H=525544113166|ID=4241|Equipo guardado correctamente en BD|notifySmsReception
23:22:31 - OP|H=|Client=201.175.130.92-------------------------------------------------------|notifySCReception
23:22:31 - 02/08/2015 23:22:31: |Correlator: 425276_ | message: mensaje de iAlarm | senderAddress: 525544113166 | smsServiceActivationNumber: 425276
23:22:31 - BD|H=525544113166|El equipo ya existe en BD|notifySmsReception
23:22:31 - BD|H=525544113166|Contrato por evento|Procesando cobro|notifySmsReception
23:22:38 - OP|H=|Client=201.175.130.92-------------------------------------------------------|notifySCReception
23:22:38 - 02/08/2015 23:22:38: |Correlator: 425276_ | message: mensaje de iAlarm | senderAddress: 525544113166 | smsServiceActivationNumber: 425276
23:22:38 - BD|H=525544113166|El equipo ya existe en BD|notifySmsReception
23:22:38 - BD|H=525544113166|Contrato por evento|Procesando cobro|notifySmsReception
23:22:38 - OP|H=|Client=201.175.130.92-------------------------------------------------------|notifySCReception
23:22:38 - 02/08/2015 23:22:38: |Correlator: 425276_ | message: mensaje de iAlarm | senderAddress: 525544113166 | smsServiceActivationNumber: 425276
23:22:38 - BD|H=525544113166|El equipo ya existe en BD|notifySmsReception
23:22:38 - BD|H=525544113166|Contrato por evento|Procesando cobro|notifySmsReception
23:35:38 - OP|H=|Client=201.175.130.92-------------------------------------------------------|notifySCReception
23:35:38 - 02/08/2015 23:35:38: |Correlator: 425276_ | message: mensaje de iAlarm | senderAddress: 525553314854 | smsServiceActivationNumber: 425276
23:35:38 - BD|H=525553314854|El equipo no existe en BD|notifySmsReception
23:35:38 - BD|H=525553314854|Guardando equipo en BD en BD|notifySmsReception
23:35:38 - BD|OK|PTN=525553314854|Guardando equipo en base de datos|saveHandsetSC
23:35:38 - BD|OK|H=4242|PTN=525553314854|Equipo guardado correctamente|saveHandsetSC
23:35:38 - BD|OK|H=4242|PTN=525553314854|Guardando en dat_estatuspayment|saveHandsetSC
23:35:38 - BD|OK|H=4242|PTN=525553314854|Guardado en dat_estatuspayment correctamente|saveHandsetSC
23:35:38 - BD|H=525553314854|ID=4242|Equipo guardado correctamente en BD|notifySmsReception
23:35:38 - OP|H=|Client=201.175.130.92-------------------------------------------------------|notifySCReception
23:35:38 - 02/08/2015 23:35:38: |Correlator: 425276_ | message: mensaje de iAlarm | senderAddress: 525553314854 | smsServiceActivationNumber: 425276
23:35:38 - BD|H=525553314854|El equipo ya existe en BD|notifySmsReception
23:35:38 - BD|H=525553314854|Contrato por evento|Procesando cobro|notifySmsReception
23:56:06 - OP|H=|Client=201.175.130.92-------------------------------------------------------|notifySCReception
23:56:06 - 02/08/2015 23:56:06: |Correlator: 425276_ | message: mensaje de iAlarm | senderAddress: 524424126414 | smsServiceActivationNumber: 425276
23:56:06 - BD|H=524424126414|El equipo ya existe en BD|notifySmsReception
23:56:06 - BD|H=524424126414|Contrato por evento|Procesando cobro|notifySmsReception
23:56:06 - OP|H=|Client=201.175.130.92-------------------------------------------------------|notifySCReception
23:56:06 - 02/08/2015 23:56:06: |Correlator: 425276_ | message: mensaje de iAlarm | senderAddress: 524424126414 | smsServiceActivationNumber: 425276
23:56:06 - BD|H=524424126414|El equipo ya existe en BD|notifySmsReception
23:56:06 - BD|H=524424126414|Contrato por evento|Procesando cobro|notifySmsReception
