00:04:24 - OP|H=|Client=201.175.130.92-------------------------------------------------------|notifySCReception
00:04:24 - 09/07/2015 00:04:24: |Correlator: 425276_ | message: mensaje de iAlarm | senderAddress: 526242040756 | smsServiceActivationNumber: 425276
00:04:24 - BD|H=526242040756|El equipo ya existe en BD|notifySmsReception
00:04:24 - BD|H=526242040756|Contrato por evento|Procesando cobro|notifySmsReception
00:04:24 - OP|H=|Client=201.175.130.92-------------------------------------------------------|notifySCReception
00:04:24 - 09/07/2015 00:04:24: |Correlator: 425276_ | message: mensaje de iAlarm | senderAddress: 526242040756 | smsServiceActivationNumber: 425276
00:04:24 - BD|H=526242040756|El equipo ya existe en BD|notifySmsReception
00:04:24 - BD|H=526242040756|Contrato por evento|Procesando cobro|notifySmsReception
06:40:56 - OP|H=|Client=201.175.130.92-------------------------------------------------------|notifySCReception
06:40:56 - 09/07/2015 06:40:56: |Correlator: 425276_ | message: mensaje de iAlarm | senderAddress: 526862700808 | smsServiceActivationNumber: 425276
06:40:56 - BD|H=526862700808|El equipo ya existe en BD|notifySmsReception
06:40:56 - BD|H=526862700808|Contrato por evento|Procesando cobro|notifySmsReception
06:40:56 - OP|H=|Client=201.175.130.92-------------------------------------------------------|notifySCReception
06:40:56 - 09/07/2015 06:40:56: |Correlator: 425276_ | message: mensaje de iAlarm | senderAddress: 526862700808 | smsServiceActivationNumber: 425276
06:40:56 - BD|H=526862700808|El equipo ya existe en BD|notifySmsReception
06:40:56 - BD|H=526862700808|Contrato por evento|Procesando cobro|notifySmsReception
07:00:48 - OP|H=|Client=201.175.130.92-------------------------------------------------------|notifySCReception
07:00:48 - 09/07/2015 07:00:48: |Correlator: 425276_ | message: mensaje de iAlarm | senderAddress: 528442106261 | smsServiceActivationNumber: 425276
07:00:48 - BD|H=528442106261|El equipo ya existe en BD|notifySmsReception
07:00:48 - BD|H=528442106261|Contrato por evento|Procesando cobro|notifySmsReception
07:00:49 - OP|H=|Client=201.175.130.92-------------------------------------------------------|notifySCReception
07:00:49 - 09/07/2015 07:00:49: |Correlator: 425276_ | message: mensaje de iAlarm | senderAddress: 528442106261 | smsServiceActivationNumber: 425276
07:00:49 - BD|H=528442106261|El equipo ya existe en BD|notifySmsReception
07:00:49 - BD|H=528442106261|Contrato por evento|Procesando cobro|notifySmsReception
08:19:51 - OP|H=|Client=201.175.130.92-------------------------------------------------------|notifySCReception
08:19:51 - 09/07/2015 08:19:51: |Correlator: 425276_ | message: mensaje de iAlarm | senderAddress: 525545969698 | smsServiceActivationNumber: 425276
08:19:51 - BD|H=525545969698|El equipo ya existe en BD|notifySmsReception
08:19:51 - BD|H=525545969698|Contrato por evento|Procesando cobro|notifySmsReception
08:19:52 - OP|H=|Client=201.175.130.92-------------------------------------------------------|notifySCReception
08:19:52 - 09/07/2015 08:19:52: |Correlator: 425276_ | message: mensaje de iAlarm | senderAddress: 525545969698 | smsServiceActivationNumber: 425276
08:19:52 - BD|H=525545969698|El equipo ya existe en BD|notifySmsReception
08:19:52 - BD|H=525545969698|Contrato por evento|Procesando cobro|notifySmsReception
08:44:34 - OP|H=|Client=201.175.130.92-------------------------------------------------------|notifySCReception
08:44:34 - 09/07/2015 08:44:34: |Correlator: 425276_ | message: mensaje de iAlarm | senderAddress: 523316114028 | smsServiceActivationNumber: 425276
08:44:34 - BD|H=523316114028|El equipo no existe en BD|notifySmsReception
08:44:34 - BD|H=523316114028|Guardando equipo en BD en BD|notifySmsReception
08:44:34 - BD|OK|PTN=523316114028|Guardando equipo en base de datos|saveHandsetSC
08:44:34 - BD|OK|H=3844|PTN=523316114028|Equipo guardado correctamente|saveHandsetSC
08:44:34 - BD|OK|H=3844|PTN=523316114028|Guardando en dat_estatuspayment|saveHandsetSC
08:44:34 - BD|OK|H=3844|PTN=523316114028|Guardado en dat_estatuspayment correctamente|saveHandsetSC
08:44:34 - BD|H=523316114028|ID=3844|Equipo guardado correctamente en BD|notifySmsReception
08:44:34 - OP|H=|Client=201.175.130.92-------------------------------------------------------|notifySCReception
08:44:34 - 09/07/2015 08:44:34: |Correlator: 425276_ | message: mensaje de iAlarm | senderAddress: 523316114028 | smsServiceActivationNumber: 425276
08:44:34 - BD|H=523316114028|El equipo ya existe en BD|notifySmsReception
08:44:34 - BD|H=523316114028|Contrato por evento|Procesando cobro|notifySmsReception
08:56:33 - OP|H=|Client=201.175.130.92-------------------------------------------------------|notifySCReception
08:56:33 - 09/07/2015 08:56:33: |Correlator: 425276_ | message: mensaje de iAlarm | senderAddress: 525544138759 | smsServiceActivationNumber: 425276
08:56:33 - BD|H=525544138759|El equipo no existe en BD|notifySmsReception
08:56:33 - BD|H=525544138759|Guardando equipo en BD en BD|notifySmsReception
08:56:33 - BD|OK|PTN=525544138759|Guardando equipo en base de datos|saveHandsetSC
08:56:33 - BD|OK|H=3845|PTN=525544138759|Equipo guardado correctamente|saveHandsetSC
08:56:33 - BD|OK|H=3845|PTN=525544138759|Guardando en dat_estatuspayment|saveHandsetSC
08:56:33 - BD|OK|H=3845|PTN=525544138759|Guardado en dat_estatuspayment correctamente|saveHandsetSC
08:56:33 - BD|H=525544138759|ID=3845|Equipo guardado correctamente en BD|notifySmsReception
08:56:33 - OP|H=|Client=201.175.130.92-------------------------------------------------------|notifySCReception
08:56:33 - 09/07/2015 08:56:33: |Correlator: 425276_ | message: mensaje de iAlarm | senderAddress: 525544138759 | smsServiceActivationNumber: 425276
08:56:33 - BD|H=525544138759|El equipo ya existe en BD|notifySmsReception
08:56:33 - BD|H=525544138759|Contrato por evento|Procesando cobro|notifySmsReception
09:14:32 - OP|H=|Client=201.175.130.92-------------------------------------------------------|notifySCReception
09:14:32 - 09/07/2015 09:14:32: |Correlator: 425276_ | message: mensaje de iAlarm | senderAddress: 524434347862 | smsServiceActivationNumber: 425276
09:14:32 - BD|H=524434347862|El equipo no existe en BD|notifySmsReception
09:14:32 - BD|H=524434347862|Guardando equipo en BD en BD|notifySmsReception
09:14:32 - BD|OK|PTN=524434347862|Guardando equipo en base de datos|saveHandsetSC
09:14:32 - BD|OK|H=3846|PTN=524434347862|Equipo guardado correctamente|saveHandsetSC
09:14:32 - BD|OK|H=3846|PTN=524434347862|Guardando en dat_estatuspayment|saveHandsetSC
09:14:32 - BD|OK|H=3846|PTN=524434347862|Guardado en dat_estatuspayment correctamente|saveHandsetSC
09:14:32 - BD|H=524434347862|ID=3846|Equipo guardado correctamente en BD|notifySmsReception
09:14:33 - OP|H=|Client=201.175.130.92-------------------------------------------------------|notifySCReception
09:14:33 - 09/07/2015 09:14:33: |Correlator: 425276_ | message: mensaje de iAlarm | senderAddress: 524434347862 | smsServiceActivationNumber: 425276
09:14:33 - BD|H=524434347862|El equipo ya existe en BD|notifySmsReception
09:14:33 - BD|H=524434347862|Contrato por evento|Procesando cobro|notifySmsReception
09:27:57 - OP|H=|Client=201.175.130.92-------------------------------------------------------|notifySCReception
09:27:57 - 09/07/2015 09:27:57: |Correlator: 425276_ | message: mensaje de iAlarm | senderAddress: 528117775581 | smsServiceActivationNumber: 425276
09:27:57 - BD|H=528117775581|El equipo no existe en BD|notifySmsReception
09:27:57 - BD|H=528117775581|Guardando equipo en BD en BD|notifySmsReception
09:27:57 - BD|OK|PTN=528117775581|Guardando equipo en base de datos|saveHandsetSC
09:27:57 - BD|OK|H=3847|PTN=528117775581|Equipo guardado correctamente|saveHandsetSC
09:27:57 - BD|OK|H=3847|PTN=528117775581|Guardando en dat_estatuspayment|saveHandsetSC
09:27:57 - BD|OK|H=3847|PTN=528117775581|Guardado en dat_estatuspayment correctamente|saveHandsetSC
09:27:57 - BD|H=528117775581|ID=3847|Equipo guardado correctamente en BD|notifySmsReception
09:27:58 - OP|H=|Client=201.175.130.92-------------------------------------------------------|notifySCReception
09:27:58 - 09/07/2015 09:27:58: |Correlator: 425276_ | message: mensaje de iAlarm | senderAddress: 528117775581 | smsServiceActivationNumber: 425276
09:27:58 - BD|H=528117775581|El equipo ya existe en BD|notifySmsReception
09:27:58 - BD|H=528117775581|Contrato por evento|Procesando cobro|notifySmsReception
09:46:12 - OP|H=|Client=201.175.130.92-------------------------------------------------------|notifySCReception
09:46:12 - 09/07/2015 09:46:12: |Correlator: 425276_ | message: mensaje de iAlarm | senderAddress: 523338701149 | smsServiceActivationNumber: 425276
09:46:12 - BD|H=523338701149|El equipo ya existe en BD|notifySmsReception
09:46:12 - BD|H=523338701149|Contrato por evento|Procesando cobro|notifySmsReception
09:46:12 - OP|H=|Client=201.175.130.92-------------------------------------------------------|notifySCReception
09:46:12 - 09/07/2015 09:46:12: |Correlator: 425276_ | message: mensaje de iAlarm | senderAddress: 523338701149 | smsServiceActivationNumber: 425276
09:46:12 - BD|H=523338701149|El equipo ya existe en BD|notifySmsReception
09:46:12 - BD|H=523338701149|Contrato por evento|Procesando cobro|notifySmsReception
10:15:59 - OP|H=|Client=201.175.130.92-------------------------------------------------------|notifySCReception
10:15:59 - 09/07/2015 10:15:59: |Correlator: 425276_ | message: mensaje de iAlarm | senderAddress: 529811542742 | smsServiceActivationNumber: 425276
10:15:59 - BD|H=529811542742|El equipo ya existe en BD|notifySmsReception
10:15:59 - BD|H=529811542742|Contrato por evento|Procesando cobro|notifySmsReception
10:15:59 - OP|H=|Client=201.175.130.92-------------------------------------------------------|notifySCReception
10:15:59 - 09/07/2015 10:15:59: |Correlator: 425276_ | message: mensaje de iAlarm | senderAddress: 529811542742 | smsServiceActivationNumber: 425276
10:15:59 - BD|H=529811542742|El equipo ya existe en BD|notifySmsReception
10:15:59 - BD|H=529811542742|Contrato por evento|Procesando cobro|notifySmsReception
10:19:20 - OP|H=|Client=201.175.130.92-------------------------------------------------------|notifySCReception
10:19:20 - 09/07/2015 10:19:20: |Correlator: 425276_ | message: mensaje de iAlarm | senderAddress: 524434348728 | smsServiceActivationNumber: 425276
10:19:20 - BD|H=524434348728|El equipo no existe en BD|notifySmsReception
10:19:20 - BD|H=524434348728|Guardando equipo en BD en BD|notifySmsReception
10:19:20 - BD|OK|PTN=524434348728|Guardando equipo en base de datos|saveHandsetSC
10:19:20 - BD|OK|H=3848|PTN=524434348728|Equipo guardado correctamente|saveHandsetSC
10:19:20 - BD|OK|H=3848|PTN=524434348728|Guardando en dat_estatuspayment|saveHandsetSC
10:19:20 - BD|OK|H=3848|PTN=524434348728|Guardado en dat_estatuspayment correctamente|saveHandsetSC
10:19:20 - BD|H=524434348728|ID=3848|Equipo guardado correctamente en BD|notifySmsReception
10:19:20 - OP|H=|Client=201.175.130.92-------------------------------------------------------|notifySCReception
10:19:20 - 09/07/2015 10:19:20: |Correlator: 425276_ | message: mensaje de iAlarm | senderAddress: 524434348728 | smsServiceActivationNumber: 425276
10:19:20 - BD|H=524434348728|El equipo ya existe en BD|notifySmsReception
10:19:20 - BD|H=524434348728|Contrato por evento|Procesando cobro|notifySmsReception
10:27:16 - OP|H=|Client=201.175.130.92-------------------------------------------------------|notifySCReception
10:27:16 - 09/07/2015 10:27:16: |Correlator: 425276_ | message: mensaje de iAlarm | senderAddress: 528713009678 | smsServiceActivationNumber: 425276
10:27:16 - BD|H=528713009678|El equipo no existe en BD|notifySmsReception
10:27:16 - BD|H=528713009678|Guardando equipo en BD en BD|notifySmsReception
10:27:16 - BD|OK|PTN=528713009678|Guardando equipo en base de datos|saveHandsetSC
10:27:16 - BD|OK|H=3849|PTN=528713009678|Equipo guardado correctamente|saveHandsetSC
10:27:16 - BD|OK|H=3849|PTN=528713009678|Guardando en dat_estatuspayment|saveHandsetSC
10:27:16 - BD|OK|H=3849|PTN=528713009678|Guardado en dat_estatuspayment correctamente|saveHandsetSC
10:27:16 - BD|H=528713009678|ID=3849|Equipo guardado correctamente en BD|notifySmsReception
10:27:16 - OP|H=|Client=201.175.130.92-------------------------------------------------------|notifySCReception
10:27:16 - 09/07/2015 10:27:16: |Correlator: 425276_ | message: mensaje de iAlarm | senderAddress: 528713009678 | smsServiceActivationNumber: 425276
10:27:16 - BD|H=528713009678|El equipo ya existe en BD|notifySmsReception
10:27:16 - BD|H=528713009678|Contrato por evento|Procesando cobro|notifySmsReception
10:44:04 - OP|H=|Client=201.175.130.92-------------------------------------------------------|notifySCReception
10:44:04 - 09/07/2015 10:44:04: |Correlator: 425276_ | message: mensaje de iAlarm | senderAddress: 525569304893 | smsServiceActivationNumber: 425276
10:44:04 - BD|H=525569304893|El equipo no existe en BD|notifySmsReception
10:44:04 - BD|H=525569304893|Guardando equipo en BD en BD|notifySmsReception
10:44:04 - BD|OK|PTN=525569304893|Guardando equipo en base de datos|saveHandsetSC
10:44:04 - BD|OK|H=3850|PTN=525569304893|Equipo guardado correctamente|saveHandsetSC
10:44:04 - BD|OK|H=3850|PTN=525569304893|Guardando en dat_estatuspayment|saveHandsetSC
10:44:04 - BD|OK|H=3850|PTN=525569304893|Guardado en dat_estatuspayment correctamente|saveHandsetSC
10:44:04 - BD|H=525569304893|ID=3850|Equipo guardado correctamente en BD|notifySmsReception
10:44:04 - OP|H=|Client=201.175.130.92-------------------------------------------------------|notifySCReception
10:44:04 - 09/07/2015 10:44:04: |Correlator: 425276_ | message: mensaje de iAlarm | senderAddress: 525569304893 | smsServiceActivationNumber: 425276
10:44:04 - BD|H=525569304893|El equipo ya existe en BD|notifySmsReception
10:44:04 - BD|H=525569304893|Contrato por evento|Procesando cobro|notifySmsReception
10:49:24 - OP|H=|Client=201.175.130.92-------------------------------------------------------|notifySCReception
10:49:24 - 09/07/2015 10:49:24: |Correlator: 425276_ | message: mensaje de iAlarm | senderAddress: 525563497583 | smsServiceActivationNumber: 425276
10:49:24 - BD|H=525563497583|El equipo no existe en BD|notifySmsReception
10:49:24 - BD|H=525563497583|Guardando equipo en BD en BD|notifySmsReception
10:49:24 - BD|OK|PTN=525563497583|Guardando equipo en base de datos|saveHandsetSC
10:49:24 - BD|OK|H=3851|PTN=525563497583|Equipo guardado correctamente|saveHandsetSC
10:49:24 - BD|OK|H=3851|PTN=525563497583|Guardando en dat_estatuspayment|saveHandsetSC
10:49:24 - BD|OK|H=3851|PTN=525563497583|Guardado en dat_estatuspayment correctamente|saveHandsetSC
10:49:24 - BD|H=525563497583|ID=3851|Equipo guardado correctamente en BD|notifySmsReception
10:49:24 - OP|H=|Client=201.175.130.92-------------------------------------------------------|notifySCReception
10:49:24 - 09/07/2015 10:49:24: |Correlator: 425276_ | message: mensaje de iAlarm | senderAddress: 525563497583 | smsServiceActivationNumber: 425276
10:49:24 - BD|H=525563497583|El equipo ya existe en BD|notifySmsReception
10:49:24 - BD|H=525563497583|Contrato por evento|Procesando cobro|notifySmsReception
11:11:54 - OP|H=|Client=201.175.130.92-------------------------------------------------------|notifySCReception
11:11:54 - 09/07/2015 11:11:54: |Correlator: 425276_ | message: mensaje de iAlarm | senderAddress: 525510423866 | smsServiceActivationNumber: 425276
11:11:54 - BD|H=525510423866|El equipo ya existe en BD|notifySmsReception
11:11:54 - BD|H=525510423866|Contrato por evento|Procesando cobro|notifySmsReception
11:11:54 - OP|H=|Client=201.175.130.92-------------------------------------------------------|notifySCReception
11:11:54 - 09/07/2015 11:11:54: |Correlator: 425276_ | message: mensaje de iAlarm | senderAddress: 525510423866 | smsServiceActivationNumber: 425276
11:11:54 - BD|H=525510423866|El equipo ya existe en BD|notifySmsReception
11:11:54 - BD|H=525510423866|Contrato por evento|Procesando cobro|notifySmsReception
11:18:54 - OP|H=|Client=201.175.130.92-------------------------------------------------------|notifySCReception
11:18:54 - 09/07/2015 11:18:54: |Correlator: 425276_ | message: mensaje de iAlarm | senderAddress: 525510423866 | smsServiceActivationNumber: 425276
11:18:54 - BD|H=525510423866|El equipo ya existe en BD|notifySmsReception
11:18:54 - BD|H=525510423866|Contrato por evento|Procesando cobro|notifySmsReception
11:18:55 - OP|H=|Client=201.175.130.92-------------------------------------------------------|notifySCReception
11:18:55 - 09/07/2015 11:18:55: |Correlator: 425276_ | message: mensaje de iAlarm | senderAddress: 525510423866 | smsServiceActivationNumber: 425276
11:18:55 - BD|H=525510423866|El equipo ya existe en BD|notifySmsReception
11:18:55 - BD|H=525510423866|Contrato por evento|Procesando cobro|notifySmsReception
11:46:57 - OP|H=|Client=201.175.130.92-------------------------------------------------------|notifySCReception
11:46:57 - 09/07/2015 11:46:57: |Correlator: 425276_ | message: mensaje de iAlarm | senderAddress: 525569565016 | smsServiceActivationNumber: 425276
11:46:57 - BD|H=525569565016|El equipo no existe en BD|notifySmsReception
11:46:57 - BD|H=525569565016|Guardando equipo en BD en BD|notifySmsReception
11:46:57 - BD|OK|PTN=525569565016|Guardando equipo en base de datos|saveHandsetSC
11:46:57 - BD|OK|H=3852|PTN=525569565016|Equipo guardado correctamente|saveHandsetSC
11:46:57 - BD|OK|H=3852|PTN=525569565016|Guardando en dat_estatuspayment|saveHandsetSC
11:46:57 - BD|OK|H=3852|PTN=525569565016|Guardado en dat_estatuspayment correctamente|saveHandsetSC
11:46:57 - BD|H=525569565016|ID=3852|Equipo guardado correctamente en BD|notifySmsReception
11:46:57 - OP|H=|Client=201.175.130.92-------------------------------------------------------|notifySCReception
11:46:57 - 09/07/2015 11:46:57: |Correlator: 425276_ | message: mensaje de iAlarm | senderAddress: 525569565016 | smsServiceActivationNumber: 425276
11:46:57 - BD|H=525569565016|El equipo ya existe en BD|notifySmsReception
11:46:57 - BD|H=525569565016|Contrato por evento|Procesando cobro|notifySmsReception
11:57:09 - OP|H=|Client=201.175.130.92-------------------------------------------------------|notifySCReception
11:57:09 - 09/07/2015 11:57:09: |Correlator: 425276_ | message: mensaje de iAlarm | senderAddress: 523338701149 | smsServiceActivationNumber: 425276
11:57:09 - BD|H=523338701149|El equipo ya existe en BD|notifySmsReception
11:57:09 - BD|H=523338701149|Contrato por evento|Procesando cobro|notifySmsReception
11:57:09 - OP|H=|Client=201.175.130.92-------------------------------------------------------|notifySCReception
11:57:09 - 09/07/2015 11:57:09: |Correlator: 425276_ | message: mensaje de iAlarm | senderAddress: 523338701149 | smsServiceActivationNumber: 425276
11:57:09 - BD|H=523338701149|El equipo ya existe en BD|notifySmsReception
11:57:09 - BD|H=523338701149|Contrato por evento|Procesando cobro|notifySmsReception
12:00:07 - OP|H=|Client=201.175.130.92-------------------------------------------------------|notifySCReception
12:00:07 - 09/07/2015 12:00:07: |Correlator: 425276_ | message: mensaje de iAlarm | senderAddress: 525565802857 | smsServiceActivationNumber: 425276
12:00:07 - BD|H=525565802857|El equipo ya existe en BD|notifySmsReception
12:00:07 - BD|H=525565802857|Contrato por evento|Procesando cobro|notifySmsReception
12:00:07 - OP|H=|Client=201.175.130.92-------------------------------------------------------|notifySCReception
12:00:07 - 09/07/2015 12:00:07: |Correlator: 425276_ | message: mensaje de iAlarm | senderAddress: 525565802857 | smsServiceActivationNumber: 425276
12:00:07 - BD|H=525565802857|El equipo ya existe en BD|notifySmsReception
12:00:07 - BD|H=525565802857|Contrato por evento|Procesando cobro|notifySmsReception
12:02:15 - OP|H=|Client=201.175.130.92-------------------------------------------------------|notifySCReception
12:02:15 - 09/07/2015 12:02:15: |Correlator: 425276_ | message: mensaje de iAlarm | senderAddress: 528189994790 | smsServiceActivationNumber: 425276
12:02:15 - BD|H=528189994790|El equipo ya existe en BD|notifySmsReception
12:02:15 - BD|H=528189994790|Contrato por evento|Procesando cobro|notifySmsReception
12:02:15 - OP|H=|Client=201.175.130.92-------------------------------------------------------|notifySCReception
12:02:15 - 09/07/2015 12:02:15: |Correlator: 425276_ | message: mensaje de iAlarm | senderAddress: 528189994790 | smsServiceActivationNumber: 425276
12:02:15 - BD|H=528189994790|El equipo ya existe en BD|notifySmsReception
12:02:15 - BD|H=528189994790|Contrato por evento|Procesando cobro|notifySmsReception
12:04:04 - OP|H=|Client=201.175.130.92-------------------------------------------------------|notifySCReception
12:04:04 - 09/07/2015 12:04:04: |Correlator: 425276_ | message: mensaje de iAlarm | senderAddress: 525550060622 | smsServiceActivationNumber: 425276
12:04:04 - BD|H=525550060622|El equipo ya existe en BD|notifySmsReception
12:04:04 - BD|H=525550060622|Contrato por evento|Procesando cobro|notifySmsReception
12:04:04 - OP|H=|Client=201.175.130.92-------------------------------------------------------|notifySCReception
12:04:04 - 09/07/2015 12:04:04: |Correlator: 425276_ | message: mensaje de iAlarm | senderAddress: 525550060622 | smsServiceActivationNumber: 425276
12:04:04 - BD|H=525550060622|El equipo ya existe en BD|notifySmsReception
12:04:04 - BD|H=525550060622|Contrato por evento|Procesando cobro|notifySmsReception
12:20:41 - OP|H=|Client=201.175.130.92-------------------------------------------------------|notifySCReception
12:20:41 - 09/07/2015 12:20:41: |Correlator: 425276_ | message: mensaje de iAlarm | senderAddress: 524441851862 | smsServiceActivationNumber: 425276
12:20:41 - BD|H=524441851862|El equipo ya existe en BD|notifySmsReception
12:20:41 - BD|H=524441851862|Contrato por evento|Procesando cobro|notifySmsReception
12:20:41 - OP|H=|Client=201.175.130.92-------------------------------------------------------|notifySCReception
12:20:41 - 09/07/2015 12:20:41: |Correlator: 425276_ | message: mensaje de iAlarm | senderAddress: 524441851862 | smsServiceActivationNumber: 425276
12:20:41 - BD|H=524441851862|El equipo ya existe en BD|notifySmsReception
12:20:41 - BD|H=524441851862|Contrato por evento|Procesando cobro|notifySmsReception
12:57:19 - OP|H=|Client=201.175.130.92-------------------------------------------------------|notifySCReception
12:57:19 - 09/07/2015 12:57:19: |Correlator: 425276_ | message: mensaje de iAlarm | senderAddress: 524721181185 | smsServiceActivationNumber: 425276
12:57:19 - BD|H=524721181185|El equipo no existe en BD|notifySmsReception
12:57:19 - BD|H=524721181185|Guardando equipo en BD en BD|notifySmsReception
12:57:19 - BD|OK|PTN=524721181185|Guardando equipo en base de datos|saveHandsetSC
12:57:19 - BD|OK|H=3853|PTN=524721181185|Equipo guardado correctamente|saveHandsetSC
12:57:19 - BD|OK|H=3853|PTN=524721181185|Guardando en dat_estatuspayment|saveHandsetSC
12:57:19 - BD|OK|H=3853|PTN=524721181185|Guardado en dat_estatuspayment correctamente|saveHandsetSC
12:57:19 - BD|H=524721181185|ID=3853|Equipo guardado correctamente en BD|notifySmsReception
12:57:20 - OP|H=|Client=201.175.130.92-------------------------------------------------------|notifySCReception
12:57:20 - 09/07/2015 12:57:20: |Correlator: 425276_ | message: mensaje de iAlarm | senderAddress: 524721181185 | smsServiceActivationNumber: 425276
12:57:20 - BD|H=524721181185|El equipo ya existe en BD|notifySmsReception
12:57:20 - BD|H=524721181185|Contrato por evento|Procesando cobro|notifySmsReception
12:59:24 - OP|H=|Client=201.175.130.92-------------------------------------------------------|notifySCReception
12:59:24 - 09/07/2015 12:59:24: |Correlator: 425276_ | message: mensaje de iAlarm | senderAddress: 525545969698 | smsServiceActivationNumber: 425276
12:59:24 - BD|H=525545969698|El equipo ya existe en BD|notifySmsReception
12:59:24 - BD|H=525545969698|Contrato por evento|Procesando cobro|notifySmsReception
12:59:24 - OP|H=|Client=201.175.130.92-------------------------------------------------------|notifySCReception
12:59:24 - 09/07/2015 12:59:24: |Correlator: 425276_ | message: mensaje de iAlarm | senderAddress: 525545969698 | smsServiceActivationNumber: 425276
12:59:24 - BD|H=525545969698|El equipo ya existe en BD|notifySmsReception
12:59:24 - BD|H=525545969698|Contrato por evento|Procesando cobro|notifySmsReception
13:12:49 - OP|H=|Client=201.175.130.92-------------------------------------------------------|notifySCReception
13:12:49 - 09/07/2015 13:12:49: |Correlator: 425276_ | message: mensaje de iAlarm | senderAddress: 528118065372 | smsServiceActivationNumber: 425276
13:12:49 - BD|H=528118065372|El equipo ya existe en BD|notifySmsReception
13:12:49 - BD|H=528118065372|Contrato por evento|Procesando cobro|notifySmsReception
13:12:49 - OP|H=|Client=201.175.130.92-------------------------------------------------------|notifySCReception
13:12:49 - 09/07/2015 13:12:49: |Correlator: 425276_ | message: mensaje de iAlarm | senderAddress: 528118065372 | smsServiceActivationNumber: 425276
13:12:49 - BD|H=528118065372|El equipo ya existe en BD|notifySmsReception
13:12:49 - BD|H=528118065372|Contrato por evento|Procesando cobro|notifySmsReception
13:28:25 - OP|H=|Client=201.175.130.92-------------------------------------------------------|notifySCReception
13:28:25 - 09/07/2015 13:28:25: |Correlator: 425276_ | message: mensaje de iAlarm | senderAddress: 525563491026 | smsServiceActivationNumber: 425276
13:28:25 - BD|H=525563491026|El equipo ya existe en BD|notifySmsReception
13:28:25 - BD|H=525563491026|Contrato por evento|Procesando cobro|notifySmsReception
13:28:25 - OP|H=|Client=201.175.130.92-------------------------------------------------------|notifySCReception
13:28:25 - 09/07/2015 13:28:25: |Correlator: 425276_ | message: mensaje de iAlarm | senderAddress: 525563491026 | smsServiceActivationNumber: 425276
13:28:25 - BD|H=525563491026|El equipo ya existe en BD|notifySmsReception
13:28:25 - BD|H=525563491026|Contrato por evento|Procesando cobro|notifySmsReception
13:32:14 - OP|H=|Client=201.175.130.92-------------------------------------------------------|notifySCReception
13:32:14 - 09/07/2015 13:32:14: |Correlator: 425276_ | message: mensaje de iAlarm | senderAddress: 524432797290 | smsServiceActivationNumber: 425276
13:32:14 - BD|H=524432797290|El equipo ya existe en BD|notifySmsReception
13:32:14 - BD|H=524432797290|Contrato por evento|Procesando cobro|notifySmsReception
13:32:15 - OP|H=|Client=201.175.130.92-------------------------------------------------------|notifySCReception
13:32:15 - 09/07/2015 13:32:15: |Correlator: 425276_ | message: mensaje de iAlarm | senderAddress: 525570185230 | smsServiceActivationNumber: 425276
13:32:15 - BD|H=525570185230|El equipo no existe en BD|notifySmsReception
13:32:15 - BD|H=525570185230|Guardando equipo en BD en BD|notifySmsReception
13:32:15 - BD|OK|PTN=525570185230|Guardando equipo en base de datos|saveHandsetSC
13:32:15 - BD|OK|H=3854|PTN=525570185230|Equipo guardado correctamente|saveHandsetSC
13:32:15 - BD|OK|H=3854|PTN=525570185230|Guardando en dat_estatuspayment|saveHandsetSC
13:32:15 - BD|OK|H=3854|PTN=525570185230|Guardado en dat_estatuspayment correctamente|saveHandsetSC
13:32:15 - BD|H=525570185230|ID=3854|Equipo guardado correctamente en BD|notifySmsReception
13:32:16 - OP|H=|Client=201.175.130.92-------------------------------------------------------|notifySCReception
13:32:16 - 09/07/2015 13:32:16: |Correlator: 425276_ | message: mensaje de iAlarm | senderAddress: 524432797290 | smsServiceActivationNumber: 425276
13:32:16 - BD|H=524432797290|El equipo ya existe en BD|notifySmsReception
13:32:16 - BD|H=524432797290|Contrato por evento|Procesando cobro|notifySmsReception
13:32:16 - OP|H=|Client=201.175.130.92-------------------------------------------------------|notifySCReception
13:32:16 - 09/07/2015 13:32:16: |Correlator: 425276_ | message: mensaje de iAlarm | senderAddress: 525570185230 | smsServiceActivationNumber: 425276
13:32:16 - BD|H=525570185230|El equipo ya existe en BD|notifySmsReception
13:32:16 - BD|H=525570185230|Contrato por evento|Procesando cobro|notifySmsReception
13:42:09 - OP|H=|Client=201.175.130.92-------------------------------------------------------|notifySCReception
13:42:09 - 09/07/2015 13:42:09: |Correlator: 425276_ | message: mensaje de iAlarm | senderAddress: 526871500612 | smsServiceActivationNumber: 425276
13:42:09 - BD|H=526871500612|El equipo no existe en BD|notifySmsReception
13:42:09 - BD|H=526871500612|Guardando equipo en BD en BD|notifySmsReception
13:42:09 - BD|OK|PTN=526871500612|Guardando equipo en base de datos|saveHandsetSC
13:42:09 - BD|OK|H=3855|PTN=526871500612|Equipo guardado correctamente|saveHandsetSC
13:42:09 - BD|OK|H=3855|PTN=526871500612|Guardando en dat_estatuspayment|saveHandsetSC
13:42:09 - BD|OK|H=3855|PTN=526871500612|Guardado en dat_estatuspayment correctamente|saveHandsetSC
13:42:09 - BD|H=526871500612|ID=3855|Equipo guardado correctamente en BD|notifySmsReception
13:42:10 - OP|H=|Client=201.175.130.92-------------------------------------------------------|notifySCReception
13:42:10 - 09/07/2015 13:42:10: |Correlator: 425276_ | message: mensaje de iAlarm | senderAddress: 526871500612 | smsServiceActivationNumber: 425276
13:42:10 - BD|H=526871500612|El equipo ya existe en BD|notifySmsReception
13:42:10 - BD|H=526871500612|Contrato por evento|Procesando cobro|notifySmsReception
14:04:44 - OP|H=|Client=201.175.130.92-------------------------------------------------------|notifySCReception
14:04:44 - 09/07/2015 14:04:44: |Correlator: 425276_ | message: mensaje de iAlarm | senderAddress: 525510406656 | smsServiceActivationNumber: 425276
14:04:44 - BD|H=525510406656|El equipo ya existe en BD|notifySmsReception
14:04:44 - BD|H=525510406656|Contrato por evento|Procesando cobro|notifySmsReception
14:04:44 - OP|H=|Client=201.175.130.92-------------------------------------------------------|notifySCReception
14:04:44 - 09/07/2015 14:04:44: |Correlator: 425276_ | message: mensaje de iAlarm | senderAddress: 525510406656 | smsServiceActivationNumber: 425276
14:04:44 - BD|H=525510406656|El equipo ya existe en BD|notifySmsReception
14:04:44 - BD|H=525510406656|Contrato por evento|Procesando cobro|notifySmsReception
14:07:00 - OP|H=|Client=201.175.130.92-------------------------------------------------------|notifySCReception
14:07:00 - 09/07/2015 14:07:00: |Correlator: 425276_ | message: mensaje de iAlarm | senderAddress: 524921651829 | smsServiceActivationNumber: 425276
14:07:00 - BD|H=524921651829|El equipo no existe en BD|notifySmsReception
14:07:00 - BD|H=524921651829|Guardando equipo en BD en BD|notifySmsReception
14:07:00 - BD|OK|PTN=524921651829|Guardando equipo en base de datos|saveHandsetSC
14:07:00 - BD|OK|H=3856|PTN=524921651829|Equipo guardado correctamente|saveHandsetSC
14:07:00 - BD|OK|H=3856|PTN=524921651829|Guardando en dat_estatuspayment|saveHandsetSC
14:07:00 - BD|OK|H=3856|PTN=524921651829|Guardado en dat_estatuspayment correctamente|saveHandsetSC
14:07:00 - BD|H=524921651829|ID=3856|Equipo guardado correctamente en BD|notifySmsReception
14:07:00 - OP|H=|Client=201.175.130.92-------------------------------------------------------|notifySCReception
14:07:00 - 09/07/2015 14:07:00: |Correlator: 425276_ | message: mensaje de iAlarm | senderAddress: 524921651829 | smsServiceActivationNumber: 425276
14:07:00 - BD|H=524921651829|El equipo ya existe en BD|notifySmsReception
14:07:00 - BD|H=524921651829|Contrato por evento|Procesando cobro|notifySmsReception
14:27:33 - OP|H=|Client=201.175.130.92-------------------------------------------------------|notifySCReception
14:27:33 - 09/07/2015 14:27:33: |Correlator: 425276_ | message: mensaje de iAlarm | senderAddress: 523338701149 | smsServiceActivationNumber: 425276
14:27:33 - BD|H=523338701149|El equipo ya existe en BD|notifySmsReception
14:27:33 - BD|H=523338701149|Contrato por evento|Procesando cobro|notifySmsReception
14:27:33 - OP|H=|Client=201.175.130.92-------------------------------------------------------|notifySCReception
14:27:33 - 09/07/2015 14:27:33: |Correlator: 425276_ | message: mensaje de iAlarm | senderAddress: 523338701149 | smsServiceActivationNumber: 425276
14:27:33 - BD|H=523338701149|El equipo ya existe en BD|notifySmsReception
14:27:33 - BD|H=523338701149|Contrato por evento|Procesando cobro|notifySmsReception
14:27:57 - OP|H=|Client=201.175.130.92-------------------------------------------------------|notifySCReception
14:27:57 - 09/07/2015 14:27:57: |Correlator: 425276_ | message: mensaje de iAlarm | senderAddress: 526644402879 | smsServiceActivationNumber: 425276
14:27:57 - BD|H=526644402879|El equipo ya existe en BD|notifySmsReception
14:27:57 - BD|H=526644402879|Contrato por evento|Procesando cobro|notifySmsReception
14:27:58 - OP|H=|Client=201.175.130.92-------------------------------------------------------|notifySCReception
14:27:58 - 09/07/2015 14:27:58: |Correlator: 425276_ | message: mensaje de iAlarm | senderAddress: 526644402879 | smsServiceActivationNumber: 425276
14:27:58 - BD|H=526644402879|El equipo ya existe en BD|notifySmsReception
14:27:58 - BD|H=526644402879|Contrato por evento|Procesando cobro|notifySmsReception
14:59:48 - OP|H=|Client=201.175.130.92-------------------------------------------------------|notifySCReception
14:59:48 - 09/07/2015 14:59:48: |Correlator: 425276_ | message: mensaje de iAlarm | senderAddress: 524611875179 | smsServiceActivationNumber: 425276
14:59:48 - BD|H=524611875179|El equipo no existe en BD|notifySmsReception
14:59:48 - BD|H=524611875179|Guardando equipo en BD en BD|notifySmsReception
14:59:48 - BD|OK|PTN=524611875179|Guardando equipo en base de datos|saveHandsetSC
14:59:48 - BD|OK|H=3857|PTN=524611875179|Equipo guardado correctamente|saveHandsetSC
14:59:48 - BD|OK|H=3857|PTN=524611875179|Guardando en dat_estatuspayment|saveHandsetSC
14:59:48 - BD|OK|H=3857|PTN=524611875179|Guardado en dat_estatuspayment correctamente|saveHandsetSC
14:59:48 - BD|H=524611875179|ID=3857|Equipo guardado correctamente en BD|notifySmsReception
14:59:48 - OP|H=|Client=201.175.130.92-------------------------------------------------------|notifySCReception
14:59:48 - 09/07/2015 14:59:48: |Correlator: 425276_ | message: mensaje de iAlarm | senderAddress: 524611875179 | smsServiceActivationNumber: 425276
14:59:48 - BD|H=524611875179|El equipo ya existe en BD|notifySmsReception
14:59:48 - BD|H=524611875179|Contrato por evento|Procesando cobro|notifySmsReception
15:01:09 - OP|H=|Client=201.175.130.92-------------------------------------------------------|notifySCReception
15:01:09 - 09/07/2015 15:01:09: |Correlator: 425276_ | message: mensaje de iAlarm | senderAddress: 524611875179 | smsServiceActivationNumber: 425276
15:01:09 - BD|H=524611875179|El equipo ya existe en BD|notifySmsReception
15:01:09 - BD|H=524611875179|Contrato por evento|Procesando cobro|notifySmsReception
15:01:10 - OP|H=|Client=201.175.130.92-------------------------------------------------------|notifySCReception
15:01:10 - 09/07/2015 15:01:10: |Correlator: 425276_ | message: mensaje de iAlarm | senderAddress: 524611875179 | smsServiceActivationNumber: 425276
15:01:10 - BD|H=524611875179|El equipo ya existe en BD|notifySmsReception
15:01:10 - BD|H=524611875179|Contrato por evento|Procesando cobro|notifySmsReception
15:12:03 - OP|H=|Client=201.175.130.92-------------------------------------------------------|notifySCReception
15:12:03 - 09/07/2015 15:12:03: |Correlator: 425276_ | message: mensaje de iAlarm | senderAddress: 525543298752 | smsServiceActivationNumber: 425276
15:12:03 - BD|H=525543298752|El equipo ya existe en BD|notifySmsReception
15:12:03 - BD|H=525543298752|Contrato por evento|Procesando cobro|notifySmsReception
15:12:03 - OP|H=|Client=201.175.130.92-------------------------------------------------------|notifySCReception
15:12:03 - 09/07/2015 15:12:03: |Correlator: 425276_ | message: mensaje de iAlarm | senderAddress: 525543298752 | smsServiceActivationNumber: 425276
15:12:03 - BD|H=525543298752|El equipo ya existe en BD|notifySmsReception
15:12:03 - BD|H=525543298752|Contrato por evento|Procesando cobro|notifySmsReception
15:22:29 - OP|H=|Client=201.175.130.92-------------------------------------------------------|notifySCReception
15:22:29 - 09/07/2015 15:22:29: |Correlator: 425276_ | message: mensaje de iAlarm | senderAddress: 524442790531 | smsServiceActivationNumber: 425276
15:22:29 - BD|H=524442790531|El equipo no existe en BD|notifySmsReception
15:22:29 - BD|H=524442790531|Guardando equipo en BD en BD|notifySmsReception
15:22:29 - BD|OK|PTN=524442790531|Guardando equipo en base de datos|saveHandsetSC
15:22:29 - BD|OK|H=3858|PTN=524442790531|Equipo guardado correctamente|saveHandsetSC
15:22:29 - BD|OK|H=3858|PTN=524442790531|Guardando en dat_estatuspayment|saveHandsetSC
15:22:29 - BD|OK|H=3858|PTN=524442790531|Guardado en dat_estatuspayment correctamente|saveHandsetSC
15:22:29 - BD|H=524442790531|ID=3858|Equipo guardado correctamente en BD|notifySmsReception
15:22:29 - OP|H=|Client=201.175.130.92-------------------------------------------------------|notifySCReception
15:22:29 - 09/07/2015 15:22:29: |Correlator: 425276_ | message: mensaje de iAlarm | senderAddress: 524442790531 | smsServiceActivationNumber: 425276
15:22:29 - BD|H=524442790531|El equipo ya existe en BD|notifySmsReception
15:22:29 - BD|H=524442790531|Contrato por evento|Procesando cobro|notifySmsReception
16:18:41 - OP|H=|Client=201.175.130.92-------------------------------------------------------|notifySCReception
16:18:41 - 09/07/2015 16:18:41: |Correlator: 425276_ | message: mensaje de iAlarm | senderAddress: 528118042349 | smsServiceActivationNumber: 425276
16:18:41 - BD|H=528118042349|El equipo no existe en BD|notifySmsReception
16:18:41 - BD|H=528118042349|Guardando equipo en BD en BD|notifySmsReception
16:18:41 - BD|OK|PTN=528118042349|Guardando equipo en base de datos|saveHandsetSC
16:18:41 - BD|OK|H=3859|PTN=528118042349|Equipo guardado correctamente|saveHandsetSC
16:18:41 - BD|OK|H=3859|PTN=528118042349|Guardando en dat_estatuspayment|saveHandsetSC
16:18:41 - BD|OK|H=3859|PTN=528118042349|Guardado en dat_estatuspayment correctamente|saveHandsetSC
16:18:41 - BD|H=528118042349|ID=3859|Equipo guardado correctamente en BD|notifySmsReception
16:18:41 - OP|H=|Client=201.175.130.92-------------------------------------------------------|notifySCReception
16:18:41 - 09/07/2015 16:18:41: |Correlator: 425276_ | message: mensaje de iAlarm | senderAddress: 528118042349 | smsServiceActivationNumber: 425276
16:18:41 - BD|H=528118042349|El equipo ya existe en BD|notifySmsReception
16:18:41 - BD|H=528118042349|Contrato por evento|Procesando cobro|notifySmsReception
16:46:46 - OP|H=|Client=201.175.130.92-------------------------------------------------------|notifySCReception
16:46:46 - 09/07/2015 16:46:46: |Correlator: 425276_ | message: mensaje de iAlarm | senderAddress: 529831521302 | smsServiceActivationNumber: 425276
16:46:46 - BD|H=529831521302|El equipo no existe en BD|notifySmsReception
16:46:46 - BD|H=529831521302|Guardando equipo en BD en BD|notifySmsReception
16:46:46 - BD|OK|PTN=529831521302|Guardando equipo en base de datos|saveHandsetSC
16:46:46 - BD|OK|H=3860|PTN=529831521302|Equipo guardado correctamente|saveHandsetSC
16:46:46 - BD|OK|H=3860|PTN=529831521302|Guardando en dat_estatuspayment|saveHandsetSC
16:46:46 - BD|OK|H=3860|PTN=529831521302|Guardado en dat_estatuspayment correctamente|saveHandsetSC
16:46:46 - BD|H=529831521302|ID=3860|Equipo guardado correctamente en BD|notifySmsReception
16:46:46 - OP|H=|Client=201.175.130.92-------------------------------------------------------|notifySCReception
16:46:46 - 09/07/2015 16:46:46: |Correlator: 425276_ | message: mensaje de iAlarm | senderAddress: 529831521302 | smsServiceActivationNumber: 425276
16:46:46 - BD|H=529831521302|El equipo ya existe en BD|notifySmsReception
16:46:46 - BD|H=529831521302|Contrato por evento|Procesando cobro|notifySmsReception
17:13:37 - OP|H=|Client=201.175.130.92-------------------------------------------------------|notifySCReception
17:13:37 - 09/07/2015 17:13:37: |Correlator: 425276_ | message: mensaje de iAlarm | senderAddress: 528333599288 | smsServiceActivationNumber: 425276
17:13:37 - BD|H=528333599288|El equipo ya existe en BD|notifySmsReception
17:13:37 - BD|H=528333599288|Contrato por evento|Procesando cobro|notifySmsReception
17:13:37 - OP|H=|Client=201.175.130.92-------------------------------------------------------|notifySCReception
17:13:37 - 09/07/2015 17:13:37: |Correlator: 425276_ | message: mensaje de iAlarm | senderAddress: 528333599288 | smsServiceActivationNumber: 425276
17:13:37 - BD|H=528333599288|El equipo ya existe en BD|notifySmsReception
17:13:37 - BD|H=528333599288|Contrato por evento|Procesando cobro|notifySmsReception
17:34:22 - OP|H=|Client=201.175.130.92-------------------------------------------------------|notifySCReception
17:34:22 - 09/07/2015 17:34:22: |Correlator: 425276_ | message: mensaje de iAlarm | senderAddress: 525546188892 | smsServiceActivationNumber: 425276
17:34:22 - BD|H=525546188892|El equipo ya existe en BD|notifySmsReception
17:34:22 - BD|H=525546188892|Contrato por evento|Procesando cobro|notifySmsReception
17:34:22 - OP|H=|Client=201.175.130.92-------------------------------------------------------|notifySCReception
17:34:22 - 09/07/2015 17:34:22: |Correlator: 425276_ | message: mensaje de iAlarm | senderAddress: 525546188892 | smsServiceActivationNumber: 425276
17:34:22 - BD|H=525546188892|El equipo ya existe en BD|notifySmsReception
17:34:22 - BD|H=525546188892|Contrato por evento|Procesando cobro|notifySmsReception
17:43:02 - OP|H=|Client=201.175.130.92-------------------------------------------------------|notifySCReception
17:43:02 - 09/07/2015 17:43:02: |Correlator: 425276_ | message: mensaje de iAlarm | senderAddress: 525510406656 | smsServiceActivationNumber: 425276
17:43:02 - BD|H=525510406656|El equipo ya existe en BD|notifySmsReception
17:43:02 - BD|H=525510406656|Contrato por evento|Procesando cobro|notifySmsReception
17:43:02 - OP|H=|Client=201.175.130.92-------------------------------------------------------|notifySCReception
17:43:02 - 09/07/2015 17:43:02: |Correlator: 425276_ | message: mensaje de iAlarm | senderAddress: 525510406656 | smsServiceActivationNumber: 425276
17:43:02 - BD|H=525510406656|El equipo ya existe en BD|notifySmsReception
17:43:02 - BD|H=525510406656|Contrato por evento|Procesando cobro|notifySmsReception
17:53:32 - OP|H=|Client=201.175.130.92-------------------------------------------------------|notifySCReception
17:53:32 - 09/07/2015 17:53:32: |Correlator: 425276_ | message: mensaje de iAlarm | senderAddress: 523315841080 | smsServiceActivationNumber: 425276
17:53:32 - BD|H=523315841080|El equipo no existe en BD|notifySmsReception
17:53:32 - BD|H=523315841080|Guardando equipo en BD en BD|notifySmsReception
17:53:32 - BD|OK|PTN=523315841080|Guardando equipo en base de datos|saveHandsetSC
17:53:32 - BD|OK|H=3861|PTN=523315841080|Equipo guardado correctamente|saveHandsetSC
17:53:32 - BD|OK|H=3861|PTN=523315841080|Guardando en dat_estatuspayment|saveHandsetSC
17:53:32 - BD|OK|H=3861|PTN=523315841080|Guardado en dat_estatuspayment correctamente|saveHandsetSC
17:53:32 - BD|H=523315841080|ID=3861|Equipo guardado correctamente en BD|notifySmsReception
17:53:33 - OP|H=|Client=201.175.130.92-------------------------------------------------------|notifySCReception
17:53:33 - 09/07/2015 17:53:33: |Correlator: 425276_ | message: mensaje de iAlarm | senderAddress: 523315841080 | smsServiceActivationNumber: 425276
17:53:33 - BD|H=523315841080|El equipo ya existe en BD|notifySmsReception
17:53:33 - BD|H=523315841080|Contrato por evento|Procesando cobro|notifySmsReception
18:07:40 - OP|H=|Client=201.175.130.92-------------------------------------------------------|notifySCReception
18:07:40 - 09/07/2015 18:07:40: |Correlator: 425276_ | message: mensaje de iAlarm | senderAddress: 523315829606 | smsServiceActivationNumber: 425276
18:07:40 - BD|H=523315829606|El equipo no existe en BD|notifySmsReception
18:07:40 - BD|H=523315829606|Guardando equipo en BD en BD|notifySmsReception
18:07:40 - BD|OK|PTN=523315829606|Guardando equipo en base de datos|saveHandsetSC
18:07:40 - BD|OK|H=3862|PTN=523315829606|Equipo guardado correctamente|saveHandsetSC
18:07:40 - BD|OK|H=3862|PTN=523315829606|Guardando en dat_estatuspayment|saveHandsetSC
18:07:40 - BD|OK|H=3862|PTN=523315829606|Guardado en dat_estatuspayment correctamente|saveHandsetSC
18:07:40 - BD|H=523315829606|ID=3862|Equipo guardado correctamente en BD|notifySmsReception
18:07:40 - OP|H=|Client=201.175.130.92-------------------------------------------------------|notifySCReception
18:07:40 - 09/07/2015 18:07:40: |Correlator: 425276_ | message: mensaje de iAlarm | senderAddress: 523315829606 | smsServiceActivationNumber: 425276
18:07:40 - BD|H=523315829606|El equipo ya existe en BD|notifySmsReception
18:07:40 - BD|H=523315829606|Contrato por evento|Procesando cobro|notifySmsReception
18:32:40 - OP|H=|Client=201.175.130.92-------------------------------------------------------|notifySCReception
18:32:40 - 09/07/2015 18:32:40: |Correlator: 425276_ | message: mensaje de iAlarm | senderAddress: 528114645764 | smsServiceActivationNumber: 425276
18:32:40 - BD|H=528114645764|El equipo no existe en BD|notifySmsReception
18:32:40 - BD|H=528114645764|Guardando equipo en BD en BD|notifySmsReception
18:32:40 - BD|OK|PTN=528114645764|Guardando equipo en base de datos|saveHandsetSC
18:32:40 - BD|OK|H=3863|PTN=528114645764|Equipo guardado correctamente|saveHandsetSC
18:32:40 - BD|OK|H=3863|PTN=528114645764|Guardando en dat_estatuspayment|saveHandsetSC
18:32:40 - BD|OK|H=3863|PTN=528114645764|Guardado en dat_estatuspayment correctamente|saveHandsetSC
18:32:40 - BD|H=528114645764|ID=3863|Equipo guardado correctamente en BD|notifySmsReception
18:32:40 - OP|H=|Client=201.175.130.92-------------------------------------------------------|notifySCReception
18:32:40 - 09/07/2015 18:32:40: |Correlator: 425276_ | message: mensaje de iAlarm | senderAddress: 528114645764 | smsServiceActivationNumber: 425276
18:32:40 - BD|H=528114645764|El equipo ya existe en BD|notifySmsReception
18:32:40 - BD|H=528114645764|Contrato por evento|Procesando cobro|notifySmsReception
18:41:08 - OP|H=|Client=201.175.130.92-------------------------------------------------------|notifySCReception
18:41:08 - 09/07/2015 18:41:08: |Correlator: 425276_ | message: mensaje de iAlarm | senderAddress: 525544067968 | smsServiceActivationNumber: 425276
18:41:08 - BD|H=525544067968|El equipo no existe en BD|notifySmsReception
18:41:08 - BD|H=525544067968|Guardando equipo en BD en BD|notifySmsReception
18:41:08 - BD|OK|PTN=525544067968|Guardando equipo en base de datos|saveHandsetSC
18:41:08 - BD|OK|H=3864|PTN=525544067968|Equipo guardado correctamente|saveHandsetSC
18:41:08 - BD|OK|H=3864|PTN=525544067968|Guardando en dat_estatuspayment|saveHandsetSC
18:41:08 - BD|OK|H=3864|PTN=525544067968|Guardado en dat_estatuspayment correctamente|saveHandsetSC
18:41:08 - BD|H=525544067968|ID=3864|Equipo guardado correctamente en BD|notifySmsReception
18:41:08 - OP|H=|Client=201.175.130.92-------------------------------------------------------|notifySCReception
18:41:08 - 09/07/2015 18:41:08: |Correlator: 425276_ | message: mensaje de iAlarm | senderAddress: 525544067968 | smsServiceActivationNumber: 425276
18:41:08 - BD|H=525544067968|El equipo ya existe en BD|notifySmsReception
18:41:08 - BD|H=525544067968|Contrato por evento|Procesando cobro|notifySmsReception
18:48:06 - OP|H=|Client=201.175.130.92-------------------------------------------------------|notifySCReception
18:48:06 - 09/07/2015 18:48:06: |Correlator: 425276_ | message: mensaje de iAlarm | senderAddress: 523314785601 | smsServiceActivationNumber: 425276
18:48:06 - BD|H=523314785601|El equipo no existe en BD|notifySmsReception
18:48:06 - BD|H=523314785601|Guardando equipo en BD en BD|notifySmsReception
18:48:06 - BD|OK|PTN=523314785601|Guardando equipo en base de datos|saveHandsetSC
18:48:07 - BD|OK|H=3865|PTN=523314785601|Equipo guardado correctamente|saveHandsetSC
18:48:07 - BD|OK|H=3865|PTN=523314785601|Guardando en dat_estatuspayment|saveHandsetSC
18:48:07 - BD|OK|H=3865|PTN=523314785601|Guardado en dat_estatuspayment correctamente|saveHandsetSC
18:48:07 - BD|H=523314785601|ID=3865|Equipo guardado correctamente en BD|notifySmsReception
18:48:07 - OP|H=|Client=201.175.130.92-------------------------------------------------------|notifySCReception
18:48:07 - 09/07/2015 18:48:07: |Correlator: 425276_ | message: mensaje de iAlarm | senderAddress: 523314785601 | smsServiceActivationNumber: 425276
18:48:07 - BD|H=523314785601|El equipo ya existe en BD|notifySmsReception
18:48:07 - BD|H=523314785601|Contrato por evento|Procesando cobro|notifySmsReception
21:34:09 - OP|H=|Client=201.175.130.92-------------------------------------------------------|notifySCReception
21:34:09 - 09/07/2015 21:34:09: |Correlator: 425276_ | message: mensaje de iAlarm | senderAddress: 524612128799 | smsServiceActivationNumber: 425276
21:34:09 - BD|H=524612128799|El equipo ya existe en BD|notifySmsReception
21:34:09 - BD|H=524612128799|Contrato por evento|Procesando cobro|notifySmsReception
21:34:09 - OP|H=|Client=201.175.130.92-------------------------------------------------------|notifySCReception
21:34:09 - 09/07/2015 21:34:09: |Correlator: 425276_ | message: mensaje de iAlarm | senderAddress: 524612128799 | smsServiceActivationNumber: 425276
21:34:09 - BD|H=524612128799|El equipo ya existe en BD|notifySmsReception
21:34:09 - BD|H=524612128799|Contrato por evento|Procesando cobro|notifySmsReception
22:01:31 - OP|H=|Client=201.175.130.92-------------------------------------------------------|notifySCReception
22:01:31 - 09/07/2015 22:01:31: |Correlator: 425276_ | message: mensaje de iAlarm | senderAddress: 528118065372 | smsServiceActivationNumber: 425276
22:01:31 - BD|H=528118065372|El equipo ya existe en BD|notifySmsReception
22:01:31 - BD|H=528118065372|Contrato por evento|Procesando cobro|notifySmsReception
22:01:31 - OP|H=|Client=201.175.130.92-------------------------------------------------------|notifySCReception
22:01:31 - 09/07/2015 22:01:31: |Correlator: 425276_ | message: mensaje de iAlarm | senderAddress: 528118065372 | smsServiceActivationNumber: 425276
22:01:31 - BD|H=528118065372|El equipo ya existe en BD|notifySmsReception
22:01:31 - BD|H=528118065372|Contrato por evento|Procesando cobro|notifySmsReception
22:40:08 - OP|H=|Client=201.175.130.92-------------------------------------------------------|notifySCReception
22:40:08 - 09/07/2015 22:40:08: |Correlator: 425276_ | message: mensaje de iAlarm | senderAddress: 525527356532 | smsServiceActivationNumber: 425276
22:40:08 - BD|H=525527356532|El equipo ya existe en BD|notifySmsReception
22:40:08 - BD|H=525527356532|Contrato por evento|Procesando cobro|notifySmsReception
22:40:08 - OP|H=|Client=201.175.130.92-------------------------------------------------------|notifySCReception
22:40:08 - 09/07/2015 22:40:08: |Correlator: 425276_ | message: mensaje de iAlarm | senderAddress: 525527356532 | smsServiceActivationNumber: 425276
22:40:08 - BD|H=525527356532|El equipo ya existe en BD|notifySmsReception
22:40:08 - BD|H=525527356532|Contrato por evento|Procesando cobro|notifySmsReception
