10:02:23 - OP|H=|Client=192.168.50.6-------------------------------------------------------|notifySCReception
10:02:23 - 16/06/2015 10:02:23: |Correlator: 425272 | 0: 60196338 | 1: 525563022778 | 2: tel:425272
10:02:23 - BD|H=525563022778|El equipo ya existe en BD|notifySmsReception
10:02:23 - BD|H=525563022778|Contrato por evento|Procesando cobro|notifySmsReception
10:02:23 - OP|H=3|PTN=525563022778|Aplicando cargo|aplyCharge
10:02:23 - H=3|PTN=525563022778|CD01-Obteniendo informacion [retrieveSubscriber]|sendChargeMount
10:02:25 - H=3|PTN=525563022778|CD01-Informacion [retrieveSubscriber] obtenida correctamente|submarket=3G|sendChargeMount
10:02:25 - H=3|PTN=525563022778|PaymentMethod=2|IDEN-SC01-Ejecutando operacion [retrieveSubscriber] con SC01|IDENFlow
10:02:27 - H=3|PTN=525563022778|IDEN-SC01-Ejecutando operacion [amountCharging] con SC01|IDENFlow
10:02:30 - H=3|PTN=525563022778|IDEN-SC01-Operacion [amountCharging] efectuada correctamente|IDENFlow
10:02:30 - H=3|Actualizando contador de transacciones|transactionId=158|sendChargeMount
10:02:30 - H=3|PTN=525563022778|BD|Contador de transacciones actualizado correctamente|transactionId=158|sendChargeMount
10:02:30 - BD|H=3|PTN=525563022778|Actualizando estatus de cobro EXITOSO|_charge|SubmarketType=3G,PaymentMethod=
10:02:30 - BD|H=3|PTN=525563022778|Estatus de cobro actualizado correctamente|_charge
10:02:30 - WS|H=3|PTN=525563022778|Cobro [POR EVENTO] efectuado|_charge
10:02:30 - H=3|PTN=525563022778|Guardando cobro en historico|_charge
10:02:30 - H=3|PTN=525563022778|Cobro guardado en historico correctamente|_charge
10:02:30 - H=3|PTN=525563022778|Actualizando SubmarketType y PaymentMethod|_charge
10:02:30 - ERR|BD|H=3|PTN=525563022778|Actualizando SubmarketType y PaymentMethod|_charge
10:02:30 - OP|OK|H=3|PTN=525563022778|Cargo aplicado correctamente|aplyCharge
10:04:13 - OP|H=|Client=192.168.50.6-------------------------------------------------------|notifySCReception
10:04:13 - 16/06/2015 10:04:13: |Correlator: 425272 | 0: 60196338 | 1: 525563022778 | 2: tel:425272
10:04:13 - BD|H=525563022778|El equipo ya existe en BD|notifySmsReception
10:04:13 - BD|H=525563022778|Contrato por evento|Procesando cobro|notifySmsReception
10:04:13 - OP|H=3|PTN=525563022778|Aplicando cargo|aplyCharge
10:04:13 - H=3|PTN=525563022778|CD01-Obteniendo informacion [retrieveSubscriber]|sendChargeMount
10:04:31 - H=3|PTN=525563022778|CD01-Informacion [retrieveSubscriber] obtenida correctamente|submarket=3G|sendChargeMount
10:04:31 - H=3|PTN=525563022778|PaymentMethod=2|3GLTE-CD01-Ejecutando operacion [amountCharging] con CD01|_3GLTEFlow
10:04:31 - H=3|PTN=525563022778|3GLTE-CD01-Operacion [amountCharging] no exitosa-Codigo=4241|_3GLTEFlow
10:04:31 - H=3|PTN=525563022778|3GLTE-CD05-Operacion [retrieveSubscriber] ejecutando retrieveSubscriber con CD05|_3GLTEFlow
10:04:59 - H=3|PTN=525563022778|3GLTE-CD05-Ejecutando operacion [amountCharging] con CD05|_3GLTEFlow
10:05:05 - H=3|PTN=525563022778|3GLTE-CD05-Operacion [amountCharging] efectuada correctamente|_3GLTEFlow
10:05:05 - H=3|Actualizando contador de transacciones|transactionId=159|sendChargeMount
10:05:05 - H=3|PTN=525563022778|BD|Contador de transacciones actualizado correctamente|transactionId=159|sendChargeMount
10:05:05 - BD|H=3|PTN=525563022778|Actualizando estatus de cobro EXITOSO|_charge|SubmarketType=3G,PaymentMethod=
10:05:05 - BD|H=3|PTN=525563022778|Estatus de cobro actualizado correctamente|_charge
10:05:05 - WS|H=3|PTN=525563022778|Cobro [POR EVENTO] efectuado|_charge
10:05:05 - H=3|PTN=525563022778|Guardando cobro en historico|_charge
10:05:05 - H=3|PTN=525563022778|Cobro guardado en historico correctamente|_charge
10:05:05 - H=3|PTN=525563022778|Actualizando SubmarketType y PaymentMethod|_charge
10:05:05 - ERR|BD|H=3|PTN=525563022778|Actualizando SubmarketType y PaymentMethod|_charge
10:05:05 - OP|OK|H=3|PTN=525563022778|Cargo aplicado correctamente|aplyCharge
11:12:06 - OP|H=|Client=201.175.130.92-------------------------------------------------------|notifySCReception
11:12:06 - 16/06/2015 11:12:06: |Correlator: 425276_ | message: mensaje de iAlarm | senderAddress: 524621553872 | smsServiceActivationNumber: 425276
11:12:06 - BD|H=524621553872|El equipo no existe en BD|notifySmsReception
11:12:06 - BD|H=524621553872|Guardando equipo en BD en BD|notifySmsReception
11:12:06 - BD|OK|PTN=524621553872|Guardando equipo en base de datos|saveHandsetSC
11:12:06 - BD|OK|H=3428|PTN=524621553872|Equipo guardado correctamente|saveHandsetSC
11:12:06 - BD|OK|H=3428|PTN=524621553872|Guardando en dat_estatuspayment|saveHandsetSC
11:12:06 - BD|OK|H=3428|PTN=524621553872|Guardado en dat_estatuspayment correctamente|saveHandsetSC
11:12:06 - BD|H=524621553872|ID=3428|Equipo guardado correctamente en BD|notifySmsReception
11:12:06 - OP|H=|Client=201.175.130.92-------------------------------------------------------|notifySCReception
11:12:06 - 16/06/2015 11:12:06: |Correlator: 425276_ | message: mensaje de iAlarm | senderAddress: 524621553872 | smsServiceActivationNumber: 425276
11:12:06 - BD|H=524621553872|El equipo ya existe en BD|notifySmsReception
11:12:06 - BD|H=524621553872|Contrato por evento|Procesando cobro|notifySmsReception
11:24:21 - OP|H=|Client=201.175.130.92-------------------------------------------------------|notifySCReception
11:24:21 - 16/06/2015 11:24:21: |Correlator: 425276_ | message: mensaje de iAlarm | senderAddress: 524773262146 | smsServiceActivationNumber: 425276
11:24:21 - BD|H=524773262146|El equipo no existe en BD|notifySmsReception
11:24:21 - BD|H=524773262146|Guardando equipo en BD en BD|notifySmsReception
11:24:21 - BD|OK|PTN=524773262146|Guardando equipo en base de datos|saveHandsetSC
11:24:21 - BD|OK|H=3429|PTN=524773262146|Equipo guardado correctamente|saveHandsetSC
11:24:21 - BD|OK|H=3429|PTN=524773262146|Guardando en dat_estatuspayment|saveHandsetSC
11:24:21 - BD|OK|H=3429|PTN=524773262146|Guardado en dat_estatuspayment correctamente|saveHandsetSC
11:24:21 - BD|H=524773262146|ID=3429|Equipo guardado correctamente en BD|notifySmsReception
11:24:21 - OP|H=|Client=201.175.130.92-------------------------------------------------------|notifySCReception
11:24:21 - 16/06/2015 11:24:21: |Correlator: 425276_ | message: mensaje de iAlarm | senderAddress: 524773262146 | smsServiceActivationNumber: 425276
11:24:21 - BD|H=524773262146|El equipo ya existe en BD|notifySmsReception
11:24:21 - BD|H=524773262146|Contrato por evento|Procesando cobro|notifySmsReception
11:48:54 - OP|H=|Client=201.175.130.92-------------------------------------------------------|notifySCReception
11:48:54 - 16/06/2015 11:48:54: |Correlator: 425276_ | message: mensaje de iAlarm | senderAddress: 527772030865 | smsServiceActivationNumber: 425276
11:48:54 - BD|H=527772030865|El equipo no existe en BD|notifySmsReception
11:48:54 - BD|H=527772030865|Guardando equipo en BD en BD|notifySmsReception
11:48:54 - BD|OK|PTN=527772030865|Guardando equipo en base de datos|saveHandsetSC
11:48:54 - BD|OK|H=3430|PTN=527772030865|Equipo guardado correctamente|saveHandsetSC
11:48:54 - BD|OK|H=3430|PTN=527772030865|Guardando en dat_estatuspayment|saveHandsetSC
11:48:55 - BD|OK|H=3430|PTN=527772030865|Guardado en dat_estatuspayment correctamente|saveHandsetSC
11:48:55 - BD|H=527772030865|ID=3430|Equipo guardado correctamente en BD|notifySmsReception
11:48:55 - OP|H=|Client=201.175.130.92-------------------------------------------------------|notifySCReception
11:48:55 - 16/06/2015 11:48:55: |Correlator: 425276_ | message: mensaje de iAlarm | senderAddress: 527772030865 | smsServiceActivationNumber: 425276
11:48:55 - BD|H=527772030865|El equipo ya existe en BD|notifySmsReception
11:48:55 - BD|H=527772030865|Contrato por evento|Procesando cobro|notifySmsReception
11:55:41 - OP|H=|Client=201.175.130.92-------------------------------------------------------|notifySCReception
11:55:41 - 16/06/2015 11:55:41: |Correlator: 425276_ | message: mensaje de iAlarm | senderAddress: 528118065372 | smsServiceActivationNumber: 425276
11:55:41 - BD|H=528118065372|El equipo ya existe en BD|notifySmsReception
11:55:41 - BD|H=528118065372|Contrato por evento|Procesando cobro|notifySmsReception
11:55:41 - OP|H=|Client=201.175.130.92-------------------------------------------------------|notifySCReception
11:55:41 - 16/06/2015 11:55:41: |Correlator: 425276_ | message: mensaje de iAlarm | senderAddress: 528118065372 | smsServiceActivationNumber: 425276
11:55:41 - BD|H=528118065372|El equipo ya existe en BD|notifySmsReception
11:55:41 - BD|H=528118065372|Contrato por evento|Procesando cobro|notifySmsReception
11:58:57 - OP|H=|Client=201.175.130.92-------------------------------------------------------|notifySCReception
11:58:57 - 16/06/2015 11:58:57: |Correlator: 425276_ | message: mensaje de iAlarm | senderAddress: 525544108696 | smsServiceActivationNumber: 425276
11:58:57 - BD|H=525544108696|El equipo no existe en BD|notifySmsReception
11:58:57 - BD|H=525544108696|Guardando equipo en BD en BD|notifySmsReception
11:58:57 - BD|OK|PTN=525544108696|Guardando equipo en base de datos|saveHandsetSC
11:58:57 - BD|OK|H=3431|PTN=525544108696|Equipo guardado correctamente|saveHandsetSC
11:58:57 - BD|OK|H=3431|PTN=525544108696|Guardando en dat_estatuspayment|saveHandsetSC
11:58:57 - BD|OK|H=3431|PTN=525544108696|Guardado en dat_estatuspayment correctamente|saveHandsetSC
11:58:57 - BD|H=525544108696|ID=3431|Equipo guardado correctamente en BD|notifySmsReception
11:58:57 - OP|H=|Client=201.175.130.92-------------------------------------------------------|notifySCReception
11:58:57 - 16/06/2015 11:58:57: |Correlator: 425276_ | message: mensaje de iAlarm | senderAddress: 525544108696 | smsServiceActivationNumber: 425276
11:58:57 - BD|H=525544108696|El equipo ya existe en BD|notifySmsReception
11:58:57 - BD|H=525544108696|Contrato por evento|Procesando cobro|notifySmsReception
12:29:38 - OP|H=|Client=201.175.130.92-------------------------------------------------------|notifySCReception
12:29:38 - 16/06/2015 12:29:38: |Correlator: 425276_ | message: mensaje de iAlarm | senderAddress: 523315834705 | smsServiceActivationNumber: 425276
12:29:38 - BD|H=523315834705|El equipo no existe en BD|notifySmsReception
12:29:38 - BD|H=523315834705|Guardando equipo en BD en BD|notifySmsReception
12:29:38 - BD|OK|PTN=523315834705|Guardando equipo en base de datos|saveHandsetSC
12:29:38 - BD|OK|H=3432|PTN=523315834705|Equipo guardado correctamente|saveHandsetSC
12:29:38 - BD|OK|H=3432|PTN=523315834705|Guardando en dat_estatuspayment|saveHandsetSC
12:29:38 - BD|OK|H=3432|PTN=523315834705|Guardado en dat_estatuspayment correctamente|saveHandsetSC
12:29:38 - BD|H=523315834705|ID=3432|Equipo guardado correctamente en BD|notifySmsReception
12:29:39 - OP|H=|Client=201.175.130.92-------------------------------------------------------|notifySCReception
12:29:39 - 16/06/2015 12:29:39: |Correlator: 425276_ | message: mensaje de iAlarm | senderAddress: 523315834705 | smsServiceActivationNumber: 425276
12:29:39 - BD|H=523315834705|El equipo ya existe en BD|notifySmsReception
12:29:39 - BD|H=523315834705|Contrato por evento|Procesando cobro|notifySmsReception
13:57:29 - OP|H=|Client=201.175.130.92-------------------------------------------------------|notifySCReception
13:57:29 - 16/06/2015 13:57:29: |Correlator: 425276_ | message: mensaje de iAlarm | senderAddress: 528671053036 | smsServiceActivationNumber: 425276
13:57:29 - BD|H=528671053036|El equipo no existe en BD|notifySmsReception
13:57:29 - BD|H=528671053036|Guardando equipo en BD en BD|notifySmsReception
13:57:29 - BD|OK|PTN=528671053036|Guardando equipo en base de datos|saveHandsetSC
13:57:29 - BD|OK|H=3433|PTN=528671053036|Equipo guardado correctamente|saveHandsetSC
13:57:29 - BD|OK|H=3433|PTN=528671053036|Guardando en dat_estatuspayment|saveHandsetSC
13:57:29 - BD|OK|H=3433|PTN=528671053036|Guardado en dat_estatuspayment correctamente|saveHandsetSC
13:57:29 - BD|H=528671053036|ID=3433|Equipo guardado correctamente en BD|notifySmsReception
13:57:29 - OP|H=|Client=201.175.130.92-------------------------------------------------------|notifySCReception
13:57:29 - 16/06/2015 13:57:29: |Correlator: 425276_ | message: mensaje de iAlarm | senderAddress: 528671053036 | smsServiceActivationNumber: 425276
13:57:29 - BD|H=528671053036|El equipo ya existe en BD|notifySmsReception
13:57:29 - BD|H=528671053036|Contrato por evento|Procesando cobro|notifySmsReception
14:53:45 - OP|H=|Client=201.175.130.92-------------------------------------------------------|notifySCReception
14:53:45 - 16/06/2015 14:53:45: |Correlator: 425276_ | message: mensaje de iAlarm | senderAddress: 526862807687 | smsServiceActivationNumber: 425276
14:53:45 - BD|H=526862807687|El equipo ya existe en BD|notifySmsReception
14:53:45 - BD|H=526862807687|Contrato por evento|Procesando cobro|notifySmsReception
14:53:45 - OP|H=|Client=201.175.130.92-------------------------------------------------------|notifySCReception
14:53:45 - 16/06/2015 14:53:45: |Correlator: 425276_ | message: mensaje de iAlarm | senderAddress: 526862807687 | smsServiceActivationNumber: 425276
14:53:45 - BD|H=526862807687|El equipo ya existe en BD|notifySmsReception
14:53:45 - BD|H=526862807687|Contrato por evento|Procesando cobro|notifySmsReception
14:59:06 - OP|H=|Client=201.175.130.92-------------------------------------------------------|notifySCReception
14:59:06 - 16/06/2015 14:59:06: |Correlator: 425276_ | message: mensaje de iAlarm | senderAddress: 524434303867 | smsServiceActivationNumber: 425276
14:59:06 - BD|H=524434303867|El equipo no existe en BD|notifySmsReception
14:59:06 - BD|H=524434303867|Guardando equipo en BD en BD|notifySmsReception
14:59:06 - BD|OK|PTN=524434303867|Guardando equipo en base de datos|saveHandsetSC
14:59:06 - BD|OK|H=3434|PTN=524434303867|Equipo guardado correctamente|saveHandsetSC
14:59:06 - BD|OK|H=3434|PTN=524434303867|Guardando en dat_estatuspayment|saveHandsetSC
14:59:06 - BD|OK|H=3434|PTN=524434303867|Guardado en dat_estatuspayment correctamente|saveHandsetSC
14:59:06 - BD|H=524434303867|ID=3434|Equipo guardado correctamente en BD|notifySmsReception
14:59:06 - OP|H=|Client=201.175.130.92-------------------------------------------------------|notifySCReception
14:59:06 - 16/06/2015 14:59:06: |Correlator: 425276_ | message: mensaje de iAlarm | senderAddress: 524434303867 | smsServiceActivationNumber: 425276
14:59:06 - BD|H=524434303867|El equipo ya existe en BD|notifySmsReception
14:59:06 - BD|H=524434303867|Contrato por evento|Procesando cobro|notifySmsReception
15:23:29 - OP|H=|Client=201.175.130.92-------------------------------------------------------|notifySCReception
15:23:29 - 16/06/2015 15:23:29: |Correlator: 425276_ | message: mensaje de iAlarm | senderAddress: 524423914458 | smsServiceActivationNumber: 425276
15:23:29 - BD|H=524423914458|El equipo ya existe en BD|notifySmsReception
15:23:29 - BD|H=524423914458|Contrato por evento|Procesando cobro|notifySmsReception
15:23:29 - OP|H=|Client=201.175.130.92-------------------------------------------------------|notifySCReception
15:23:29 - 16/06/2015 15:23:29: |Correlator: 425276_ | message: mensaje de iAlarm | senderAddress: 524423914458 | smsServiceActivationNumber: 425276
15:23:29 - BD|H=524423914458|El equipo ya existe en BD|notifySmsReception
15:23:29 - BD|H=524423914458|Contrato por evento|Procesando cobro|notifySmsReception
15:47:55 - OP|H=|Client=201.175.130.92-------------------------------------------------------|notifySCReception
15:47:55 - 16/06/2015 15:47:55: |Correlator: 425276_ | message: mensaje de iAlarm | senderAddress: 529982751523 | smsServiceActivationNumber: 425276
15:47:55 - BD|H=529982751523|El equipo no existe en BD|notifySmsReception
15:47:55 - BD|H=529982751523|Guardando equipo en BD en BD|notifySmsReception
15:47:55 - BD|OK|PTN=529982751523|Guardando equipo en base de datos|saveHandsetSC
15:47:55 - BD|OK|H=3435|PTN=529982751523|Equipo guardado correctamente|saveHandsetSC
15:47:55 - BD|OK|H=3435|PTN=529982751523|Guardando en dat_estatuspayment|saveHandsetSC
15:47:55 - BD|OK|H=3435|PTN=529982751523|Guardado en dat_estatuspayment correctamente|saveHandsetSC
15:47:55 - BD|H=529982751523|ID=3435|Equipo guardado correctamente en BD|notifySmsReception
15:47:55 - OP|H=|Client=201.175.130.92-------------------------------------------------------|notifySCReception
15:47:55 - 16/06/2015 15:47:55: |Correlator: 425276_ | message: mensaje de iAlarm | senderAddress: 529982751523 | smsServiceActivationNumber: 425276
15:47:55 - BD|H=529982751523|El equipo ya existe en BD|notifySmsReception
15:47:55 - BD|H=529982751523|Contrato por evento|Procesando cobro|notifySmsReception
16:29:17 - OP|H=|Client=201.175.130.92-------------------------------------------------------|notifySCReception
16:29:17 - 16/06/2015 16:29:17: |Correlator: 425276_ | message: mensaje de iAlarm | senderAddress: 524774742917 | smsServiceActivationNumber: 425276
16:29:17 - BD|H=524774742917|El equipo no existe en BD|notifySmsReception
16:29:17 - BD|H=524774742917|Guardando equipo en BD en BD|notifySmsReception
16:29:17 - BD|OK|PTN=524774742917|Guardando equipo en base de datos|saveHandsetSC
16:29:18 - BD|OK|H=3436|PTN=524774742917|Equipo guardado correctamente|saveHandsetSC
16:29:18 - BD|OK|H=3436|PTN=524774742917|Guardando en dat_estatuspayment|saveHandsetSC
16:29:18 - BD|OK|H=3436|PTN=524774742917|Guardado en dat_estatuspayment correctamente|saveHandsetSC
16:29:18 - BD|H=524774742917|ID=3436|Equipo guardado correctamente en BD|notifySmsReception
16:29:18 - OP|H=|Client=201.175.130.92-------------------------------------------------------|notifySCReception
16:29:18 - 16/06/2015 16:29:18: |Correlator: 425276_ | message: mensaje de iAlarm | senderAddress: 524774742917 | smsServiceActivationNumber: 425276
16:29:18 - BD|H=524774742917|El equipo ya existe en BD|notifySmsReception
16:29:18 - BD|H=524774742917|Contrato por evento|Procesando cobro|notifySmsReception
17:05:19 - OP|H=|Client=201.175.130.92-------------------------------------------------------|notifySCReception
17:05:19 - 16/06/2015 17:05:19: |Correlator: 425276_ | message: mensaje de iAlarm | senderAddress: 523316137958 | smsServiceActivationNumber: 425276
17:05:19 - BD|H=523316137958|El equipo ya existe en BD|notifySmsReception
17:05:19 - BD|H=523316137958|Contrato por evento|Procesando cobro|notifySmsReception
17:05:19 - OP|H=|Client=201.175.130.92-------------------------------------------------------|notifySCReception
17:05:19 - 16/06/2015 17:05:19: |Correlator: 425276_ | message: mensaje de iAlarm | senderAddress: 523316137958 | smsServiceActivationNumber: 425276
17:05:19 - BD|H=523316137958|El equipo ya existe en BD|notifySmsReception
17:05:19 - BD|H=523316137958|Contrato por evento|Procesando cobro|notifySmsReception
17:19:06 - OP|H=|Client=201.175.130.92-------------------------------------------------------|notifySCReception
17:19:06 - 16/06/2015 17:19:06: |Correlator: 425276_ | message: mensaje de iAlarm | senderAddress: 525543250585 | smsServiceActivationNumber: 425276
17:19:06 - BD|H=525543250585|El equipo ya existe en BD|notifySmsReception
17:19:06 - BD|H=525543250585|Contrato por evento|Procesando cobro|notifySmsReception
17:19:06 - OP|H=|Client=201.175.130.92-------------------------------------------------------|notifySCReception
17:19:06 - 16/06/2015 17:19:06: |Correlator: 425276_ | message: mensaje de iAlarm | senderAddress: 525543250585 | smsServiceActivationNumber: 425276
17:19:06 - BD|H=525543250585|El equipo ya existe en BD|notifySmsReception
17:19:06 - BD|H=525543250585|Contrato por evento|Procesando cobro|notifySmsReception
19:54:30 - OP|H=|Client=201.175.130.92-------------------------------------------------------|notifySCReception
19:54:30 - 16/06/2015 19:54:30: |Correlator: 425276_ | message: mensaje de iAlarm | senderAddress: 525569135203 | smsServiceActivationNumber: 425276
19:54:30 - BD|H=525569135203|El equipo no existe en BD|notifySmsReception
19:54:30 - BD|H=525569135203|Guardando equipo en BD en BD|notifySmsReception
19:54:30 - BD|OK|PTN=525569135203|Guardando equipo en base de datos|saveHandsetSC
19:54:30 - BD|OK|H=3437|PTN=525569135203|Equipo guardado correctamente|saveHandsetSC
19:54:30 - BD|OK|H=3437|PTN=525569135203|Guardando en dat_estatuspayment|saveHandsetSC
19:54:30 - BD|OK|H=3437|PTN=525569135203|Guardado en dat_estatuspayment correctamente|saveHandsetSC
19:54:30 - BD|H=525569135203|ID=3437|Equipo guardado correctamente en BD|notifySmsReception
19:54:30 - OP|H=|Client=201.175.130.92-------------------------------------------------------|notifySCReception
19:54:30 - 16/06/2015 19:54:30: |Correlator: 425276_ | message: mensaje de iAlarm | senderAddress: 525569135203 | smsServiceActivationNumber: 425276
19:54:30 - BD|H=525569135203|El equipo ya existe en BD|notifySmsReception
19:54:30 - BD|H=525569135203|Contrato por evento|Procesando cobro|notifySmsReception
19:57:30 - OP|H=|Client=201.175.130.92-------------------------------------------------------|notifySCReception
19:57:30 - 16/06/2015 19:57:30: |Correlator: 425276_ | message: mensaje de iAlarm | senderAddress: 525544083231 | smsServiceActivationNumber: 425276
19:57:30 - BD|H=525544083231|El equipo no existe en BD|notifySmsReception
19:57:30 - BD|H=525544083231|Guardando equipo en BD en BD|notifySmsReception
19:57:30 - BD|OK|PTN=525544083231|Guardando equipo en base de datos|saveHandsetSC
19:57:30 - BD|OK|H=3438|PTN=525544083231|Equipo guardado correctamente|saveHandsetSC
19:57:30 - BD|OK|H=3438|PTN=525544083231|Guardando en dat_estatuspayment|saveHandsetSC
19:57:30 - BD|OK|H=3438|PTN=525544083231|Guardado en dat_estatuspayment correctamente|saveHandsetSC
19:57:30 - BD|H=525544083231|ID=3438|Equipo guardado correctamente en BD|notifySmsReception
19:57:30 - OP|H=|Client=201.175.130.92-------------------------------------------------------|notifySCReception
19:57:30 - 16/06/2015 19:57:30: |Correlator: 425276_ | message: mensaje de iAlarm | senderAddress: 525544083231 | smsServiceActivationNumber: 425276
19:57:30 - BD|H=525544083231|El equipo ya existe en BD|notifySmsReception
19:57:30 - BD|H=525544083231|Contrato por evento|Procesando cobro|notifySmsReception
20:18:48 - OP|H=|Client=201.175.130.92-------------------------------------------------------|notifySCReception
20:18:48 - 16/06/2015 20:18:48: |Correlator: 425276_ | message: mensaje de iAlarm | senderAddress: 524433565567 | smsServiceActivationNumber: 425276
20:18:48 - BD|H=524433565567|El equipo ya existe en BD|notifySmsReception
20:18:48 - BD|H=524433565567|Contrato por evento|Procesando cobro|notifySmsReception
20:18:48 - OP|H=|Client=201.175.130.92-------------------------------------------------------|notifySCReception
20:18:48 - 16/06/2015 20:18:48: |Correlator: 425276_ | message: mensaje de iAlarm | senderAddress: 524433565567 | smsServiceActivationNumber: 425276
20:18:48 - BD|H=524433565567|El equipo ya existe en BD|notifySmsReception
20:18:48 - BD|H=524433565567|Contrato por evento|Procesando cobro|notifySmsReception
20:37:28 - OP|H=|Client=201.175.130.92-------------------------------------------------------|notifySCReception
20:37:28 - 16/06/2015 20:37:28: |Correlator: 425276_ | message: mensaje de iAlarm | senderAddress: 524772699567 | smsServiceActivationNumber: 425276
20:37:28 - BD|H=524772699567|El equipo no existe en BD|notifySmsReception
20:37:28 - BD|H=524772699567|Guardando equipo en BD en BD|notifySmsReception
20:37:28 - BD|OK|PTN=524772699567|Guardando equipo en base de datos|saveHandsetSC
20:37:28 - BD|OK|H=3439|PTN=524772699567|Equipo guardado correctamente|saveHandsetSC
20:37:28 - BD|OK|H=3439|PTN=524772699567|Guardando en dat_estatuspayment|saveHandsetSC
20:37:28 - BD|OK|H=3439|PTN=524772699567|Guardado en dat_estatuspayment correctamente|saveHandsetSC
20:37:28 - BD|H=524772699567|ID=3439|Equipo guardado correctamente en BD|notifySmsReception
20:37:28 - OP|H=|Client=201.175.130.92-------------------------------------------------------|notifySCReception
20:37:28 - 16/06/2015 20:37:28: |Correlator: 425276_ | message: mensaje de iAlarm | senderAddress: 524772699567 | smsServiceActivationNumber: 425276
20:37:28 - BD|H=524772699567|El equipo ya existe en BD|notifySmsReception
20:37:28 - BD|H=524772699567|Contrato por evento|Procesando cobro|notifySmsReception
21:00:12 - OP|H=|Client=201.175.130.92-------------------------------------------------------|notifySCReception
21:00:12 - 16/06/2015 21:00:12: |Correlator: 425276_ | message: mensaje de iAlarm | senderAddress: 524621716676 | smsServiceActivationNumber: 425276
21:00:12 - BD|H=524621716676|El equipo no existe en BD|notifySmsReception
21:00:12 - BD|H=524621716676|Guardando equipo en BD en BD|notifySmsReception
21:00:12 - BD|OK|PTN=524621716676|Guardando equipo en base de datos|saveHandsetSC
21:00:12 - BD|OK|H=3440|PTN=524621716676|Equipo guardado correctamente|saveHandsetSC
21:00:12 - BD|OK|H=3440|PTN=524621716676|Guardando en dat_estatuspayment|saveHandsetSC
21:00:12 - BD|OK|H=3440|PTN=524621716676|Guardado en dat_estatuspayment correctamente|saveHandsetSC
21:00:12 - BD|H=524621716676|ID=3440|Equipo guardado correctamente en BD|notifySmsReception
21:00:12 - OP|H=|Client=201.175.130.92-------------------------------------------------------|notifySCReception
21:00:12 - 16/06/2015 21:00:12: |Correlator: 425276_ | message: mensaje de iAlarm | senderAddress: 524621716676 | smsServiceActivationNumber: 425276
21:00:12 - BD|H=524621716676|El equipo ya existe en BD|notifySmsReception
21:00:12 - BD|H=524621716676|Contrato por evento|Procesando cobro|notifySmsReception
21:46:38 - OP|H=|Client=201.175.130.92-------------------------------------------------------|notifySCReception
21:46:38 - 16/06/2015 21:46:38: |Correlator: 425276_ | message: mensaje de iAlarm | senderAddress: 523316188021 | smsServiceActivationNumber: 425276
21:46:38 - BD|H=523316188021|El equipo no existe en BD|notifySmsReception
21:46:38 - BD|H=523316188021|Guardando equipo en BD en BD|notifySmsReception
21:46:38 - BD|OK|PTN=523316188021|Guardando equipo en base de datos|saveHandsetSC
21:46:38 - BD|OK|H=3441|PTN=523316188021|Equipo guardado correctamente|saveHandsetSC
21:46:38 - BD|OK|H=3441|PTN=523316188021|Guardando en dat_estatuspayment|saveHandsetSC
21:46:38 - BD|OK|H=3441|PTN=523316188021|Guardado en dat_estatuspayment correctamente|saveHandsetSC
21:46:38 - BD|H=523316188021|ID=3441|Equipo guardado correctamente en BD|notifySmsReception
21:46:38 - OP|H=|Client=201.175.130.92-------------------------------------------------------|notifySCReception
21:46:38 - 16/06/2015 21:46:38: |Correlator: 425276_ | message: mensaje de iAlarm | senderAddress: 523316188021 | smsServiceActivationNumber: 425276
21:46:38 - BD|H=523316188021|El equipo ya existe en BD|notifySmsReception
21:46:38 - BD|H=523316188021|Contrato por evento|Procesando cobro|notifySmsReception
