10:46:02 - H=3|OP=[retrieveSubscriber]---------------------------------------------------------
10:46:02 - Target|https://sdpvas.nexteldata.com.mx:8443/SmdbWebService/subscriber?wsdl
10:46:02 - XMLSent|<?xml version="1.0" encoding="UTF-8"?>
<SOAP-ENV:Envelope xmlns:SOAP-ENV="http://schemas.xmlsoap.org/soap/envelope/" xmlns:ns1="http://ws.sig.smb.ericsson.com/" xmlns:ns2="http://docs.oasis-open.org/wss/2004/01/oasis-200401-wss-wssecurity-secext-1.0.xsd"><SOAP-ENV:Header><wsse:Security xmlns:wsse="http://docs.oasis-open.org/wss/2004/01/oasis-200401-wss-wssecurity-secext-1.0.xsd">
                                            <wsse:UsernameToken xmlns:wsu="http://docs.oasis-open.org/wss/2004/01/oasis-200401-wss-wssecurity-utility-1.0.xsd">
                                                   	<wsse:Username>WEBMAPS_MX</wsse:Username>
							<wsse:Password>pay@webmaps</wsse:Password>
							<wsu:Created>2015-04-20T18:08:49.909Z</wsu:Created>
                                            </wsse:UsernameToken>
                                            </wsse:Security></SOAP-ENV:Header><SOAP-ENV:Body><ns1:retrieveSubscriber><msisdn>525563022778</msisdn><serviceCode>CD01</serviceCode></ns1:retrieveSubscriber></SOAP-ENV:Body></SOAP-ENV:Envelope>

10:46:02 - XMLReceived|<?xml version='1.0' encoding='UTF-8'?><S:Envelope xmlns:S="http://schemas.xmlsoap.org/soap/envelope/"><S:Body><ns2:retrieveSubscriberResponse xmlns:ns2="http://ws.mcds.smb.ericsson.com/" xmlns:ns3="http://ws.sig.smb.ericsson.com/"><return><subMarketId>3G</subMarketId><paymentMethodList>2</paymentMethodList><countryId>Mexico</countryId></return></ns2:retrieveSubscriberResponse></S:Body></S:Envelope>
10:46:04 - H=3|OP=[amountCharging]---------------------------------------------------------
10:46:04 - Target|https://sdpvas.nexteldata.com.mx:7443/parlayx-payment/services/AmountChargingService?wsdl
10:46:04 - XMLSent|
10:46:04 - XMLReceived|
10:47:35 - H=3|OP=[retrieveSubscriber]---------------------------------------------------------
10:47:35 - Target|https://sdpvas.nexteldata.com.mx:8443/SmdbWebService/subscriber?wsdl
10:47:35 - XMLSent|<?xml version="1.0" encoding="UTF-8"?>
<SOAP-ENV:Envelope xmlns:SOAP-ENV="http://schemas.xmlsoap.org/soap/envelope/" xmlns:ns1="http://ws.sig.smb.ericsson.com/" xmlns:ns2="http://docs.oasis-open.org/wss/2004/01/oasis-200401-wss-wssecurity-secext-1.0.xsd"><SOAP-ENV:Header><wsse:Security xmlns:wsse="http://docs.oasis-open.org/wss/2004/01/oasis-200401-wss-wssecurity-secext-1.0.xsd">
                                            <wsse:UsernameToken xmlns:wsu="http://docs.oasis-open.org/wss/2004/01/oasis-200401-wss-wssecurity-utility-1.0.xsd">
                                                   	<wsse:Username>WEBMAPS_MX</wsse:Username>
							<wsse:Password>pay@webmaps</wsse:Password>
							<wsu:Created>2015-04-20T18:08:49.909Z</wsu:Created>
                                            </wsse:UsernameToken>
                                            </wsse:Security></SOAP-ENV:Header><SOAP-ENV:Body><ns1:retrieveSubscriber><msisdn>525563022778</msisdn><serviceCode>CD01</serviceCode></ns1:retrieveSubscriber></SOAP-ENV:Body></SOAP-ENV:Envelope>

10:47:35 - XMLReceived|<?xml version='1.0' encoding='UTF-8'?><S:Envelope xmlns:S="http://schemas.xmlsoap.org/soap/envelope/"><S:Body><ns2:retrieveSubscriberResponse xmlns:ns2="http://ws.mcds.smb.ericsson.com/" xmlns:ns3="http://ws.sig.smb.ericsson.com/"><return><subMarketId>3G</subMarketId><paymentMethodList>2</paymentMethodList><countryId>Mexico</countryId></return></ns2:retrieveSubscriberResponse></S:Body></S:Envelope>
10:47:36 - H=3|OP=[amountCharging]---------------------------------------------------------
10:47:36 - Target|https://sdpvas.nexteldata.com.mx:7443/parlayx-payment/services/AmountChargingService?wsdl
10:47:36 - XMLSent|
10:47:36 - XMLReceived|
10:48:46 - H=3|OP=[retrieveSubscriber]---------------------------------------------------------
10:48:46 - Target|https://sdpvas.nexteldata.com.mx:8443/SmdbWebService/subscriber?wsdl
10:48:46 - XMLSent|<?xml version="1.0" encoding="UTF-8"?>
<SOAP-ENV:Envelope xmlns:SOAP-ENV="http://schemas.xmlsoap.org/soap/envelope/" xmlns:ns1="http://ws.sig.smb.ericsson.com/" xmlns:ns2="http://docs.oasis-open.org/wss/2004/01/oasis-200401-wss-wssecurity-secext-1.0.xsd"><SOAP-ENV:Header><wsse:Security xmlns:wsse="http://docs.oasis-open.org/wss/2004/01/oasis-200401-wss-wssecurity-secext-1.0.xsd">
                                            <wsse:UsernameToken xmlns:wsu="http://docs.oasis-open.org/wss/2004/01/oasis-200401-wss-wssecurity-utility-1.0.xsd">
                                                   	<wsse:Username>WEBMAPS_MX</wsse:Username>
							<wsse:Password>pay@webmaps</wsse:Password>
							<wsu:Created>2015-04-20T18:08:49.909Z</wsu:Created>
                                            </wsse:UsernameToken>
                                            </wsse:Security></SOAP-ENV:Header><SOAP-ENV:Body><ns1:retrieveSubscriber><msisdn>525563022778</msisdn><serviceCode>CD01</serviceCode></ns1:retrieveSubscriber></SOAP-ENV:Body></SOAP-ENV:Envelope>

10:48:46 - XMLReceived|<?xml version='1.0' encoding='UTF-8'?><S:Envelope xmlns:S="http://schemas.xmlsoap.org/soap/envelope/"><S:Body><ns2:retrieveSubscriberResponse xmlns:ns2="http://ws.mcds.smb.ericsson.com/" xmlns:ns3="http://ws.sig.smb.ericsson.com/"><return><subMarketId>3G</subMarketId><paymentMethodList>2</paymentMethodList><countryId>Mexico</countryId></return></ns2:retrieveSubscriberResponse></S:Body></S:Envelope>
10:48:47 - H=3|OP=[amountCharging]---------------------------------------------------------
10:48:47 - Target|https://sdpvas.nexteldata.com.mx:7443/parlayx-payment/services/AmountChargingService?wsdl
10:48:47 - XMLSent|
10:48:47 - XMLReceived|
10:51:56 - H=3|OP=[retrieveSubscriber]---------------------------------------------------------
10:51:56 - Target|https://sdpvas.nexteldata.com.mx:8443/SmdbWebService/subscriber?wsdl
10:51:56 - XMLSent|<?xml version="1.0" encoding="UTF-8"?>
<SOAP-ENV:Envelope xmlns:SOAP-ENV="http://schemas.xmlsoap.org/soap/envelope/" xmlns:ns1="http://ws.sig.smb.ericsson.com/" xmlns:ns2="http://docs.oasis-open.org/wss/2004/01/oasis-200401-wss-wssecurity-secext-1.0.xsd"><SOAP-ENV:Header><wsse:Security xmlns:wsse="http://docs.oasis-open.org/wss/2004/01/oasis-200401-wss-wssecurity-secext-1.0.xsd">
                                            <wsse:UsernameToken xmlns:wsu="http://docs.oasis-open.org/wss/2004/01/oasis-200401-wss-wssecurity-utility-1.0.xsd">
                                                   	<wsse:Username>WEBMAPS_MX</wsse:Username>
							<wsse:Password>pay@webmaps</wsse:Password>
							<wsu:Created>2015-04-20T18:08:49.909Z</wsu:Created>
                                            </wsse:UsernameToken>
                                            </wsse:Security></SOAP-ENV:Header><SOAP-ENV:Body><ns1:retrieveSubscriber><msisdn>525563022778</msisdn><serviceCode>CD01</serviceCode></ns1:retrieveSubscriber></SOAP-ENV:Body></SOAP-ENV:Envelope>

10:51:56 - XMLReceived|<?xml version='1.0' encoding='UTF-8'?><S:Envelope xmlns:S="http://schemas.xmlsoap.org/soap/envelope/"><S:Body><ns2:retrieveSubscriberResponse xmlns:ns2="http://ws.mcds.smb.ericsson.com/" xmlns:ns3="http://ws.sig.smb.ericsson.com/"><return><subMarketId>3G</subMarketId><paymentMethodList>2</paymentMethodList><countryId>Mexico</countryId></return></ns2:retrieveSubscriberResponse></S:Body></S:Envelope>
10:51:58 - H=3|OP=[amountCharging]---------------------------------------------------------
10:51:58 - Target|https://sdpvas.nexteldata.com.mx:7443/parlayx-payment/services/AmountChargingService?wsdl
10:51:58 - XMLSent|
10:51:58 - XMLReceived|
11:11:30 - H=1594|OP=[retrieveSubscriber]---------------------------------------------------------
11:11:30 - Target|https://sdpvas.nexteldata.com.mx:8443/SmdbWebService/subscriber?wsdl
11:11:30 - XMLSent|<?xml version="1.0" encoding="UTF-8"?>
<SOAP-ENV:Envelope xmlns:SOAP-ENV="http://schemas.xmlsoap.org/soap/envelope/" xmlns:ns1="http://ws.sig.smb.ericsson.com/" xmlns:ns2="http://docs.oasis-open.org/wss/2004/01/oasis-200401-wss-wssecurity-secext-1.0.xsd"><SOAP-ENV:Header><wsse:Security xmlns:wsse="http://docs.oasis-open.org/wss/2004/01/oasis-200401-wss-wssecurity-secext-1.0.xsd">
                                            <wsse:UsernameToken xmlns:wsu="http://docs.oasis-open.org/wss/2004/01/oasis-200401-wss-wssecurity-utility-1.0.xsd">
                                                   	<wsse:Username>WEBMAPS_MX</wsse:Username>
							<wsse:Password>pay@webmaps</wsse:Password>
							<wsu:Created>2015-04-20T18:08:49.909Z</wsu:Created>
                                            </wsse:UsernameToken>
                                            </wsse:Security></SOAP-ENV:Header><SOAP-ENV:Body><ns1:retrieveSubscriber><msisdn>528672045912</msisdn><serviceCode>CD01</serviceCode></ns1:retrieveSubscriber></SOAP-ENV:Body></SOAP-ENV:Envelope>

11:11:30 - XMLReceived|<?xml version='1.0' encoding='UTF-8'?><S:Envelope xmlns:S="http://schemas.xmlsoap.org/soap/envelope/"><S:Body><ns2:retrieveSubscriberResponse xmlns:ns2="http://ws.mcds.smb.ericsson.com/" xmlns:ns3="http://ws.sig.smb.ericsson.com/"><return><subMarketId>3G</subMarketId><paymentMethodList>1</paymentMethodList><countryId>Mexico</countryId></return></ns2:retrieveSubscriberResponse></S:Body></S:Envelope>
11:11:31 - H=1594|OP=[amountCharging]---------------------------------------------------------
11:11:31 - Target|https://sdpvas.nexteldata.com.mx:7443/parlayx-payment/services/AmountChargingService?wsdl
11:11:31 - XMLSent|
11:11:31 - XMLReceived|
11:11:33 - H=1594|OP=[retrieveSubscriber]---------------------------------------------------------
11:11:33 - Target|https://sdpvas.nexteldata.com.mx:8443/SmdbWebService/subscriber?wsdl
11:11:33 - XMLSent|<?xml version="1.0" encoding="UTF-8"?>
<SOAP-ENV:Envelope xmlns:SOAP-ENV="http://schemas.xmlsoap.org/soap/envelope/" xmlns:ns1="http://ws.sig.smb.ericsson.com/" xmlns:ns2="http://docs.oasis-open.org/wss/2004/01/oasis-200401-wss-wssecurity-secext-1.0.xsd"><SOAP-ENV:Header><wsse:Security xmlns:wsse="http://docs.oasis-open.org/wss/2004/01/oasis-200401-wss-wssecurity-secext-1.0.xsd">
                                            <wsse:UsernameToken xmlns:wsu="http://docs.oasis-open.org/wss/2004/01/oasis-200401-wss-wssecurity-utility-1.0.xsd">
                                                   	<wsse:Username>WEBMAPS_MX</wsse:Username>
							<wsse:Password>pay@webmaps</wsse:Password>
							<wsu:Created>2015-04-20T18:08:49.909Z</wsu:Created>
                                            </wsse:UsernameToken>
                                            </wsse:Security></SOAP-ENV:Header><SOAP-ENV:Body><ns1:retrieveSubscriber><msisdn>528672045912</msisdn><serviceCode>CD01</serviceCode></ns1:retrieveSubscriber></SOAP-ENV:Body></SOAP-ENV:Envelope>

11:11:33 - XMLReceived|<?xml version='1.0' encoding='UTF-8'?><S:Envelope xmlns:S="http://schemas.xmlsoap.org/soap/envelope/"><S:Body><ns2:retrieveSubscriberResponse xmlns:ns2="http://ws.mcds.smb.ericsson.com/" xmlns:ns3="http://ws.sig.smb.ericsson.com/"><return><subMarketId>3G</subMarketId><paymentMethodList>1</paymentMethodList><countryId>Mexico</countryId></return></ns2:retrieveSubscriberResponse></S:Body></S:Envelope>
11:11:34 - H=1594|OP=[amountCharging]---------------------------------------------------------
11:11:34 - Target|https://sdpvas.nexteldata.com.mx:7443/parlayx-payment/services/AmountChargingService?wsdl
11:11:34 - XMLSent|
11:11:34 - XMLReceived|
11:20:21 - H=1504|OP=[retrieveSubscriber]---------------------------------------------------------
11:20:21 - Target|https://sdpvas.nexteldata.com.mx:8443/SmdbWebService/subscriber?wsdl
11:20:21 - XMLSent|<?xml version="1.0" encoding="UTF-8"?>
<SOAP-ENV:Envelope xmlns:SOAP-ENV="http://schemas.xmlsoap.org/soap/envelope/" xmlns:ns1="http://ws.sig.smb.ericsson.com/" xmlns:ns2="http://docs.oasis-open.org/wss/2004/01/oasis-200401-wss-wssecurity-secext-1.0.xsd"><SOAP-ENV:Header><wsse:Security xmlns:wsse="http://docs.oasis-open.org/wss/2004/01/oasis-200401-wss-wssecurity-secext-1.0.xsd">
                                            <wsse:UsernameToken xmlns:wsu="http://docs.oasis-open.org/wss/2004/01/oasis-200401-wss-wssecurity-utility-1.0.xsd">
                                                   	<wsse:Username>WEBMAPS_MX</wsse:Username>
							<wsse:Password>pay@webmaps</wsse:Password>
							<wsu:Created>2015-04-20T18:08:49.909Z</wsu:Created>
                                            </wsse:UsernameToken>
                                            </wsse:Security></SOAP-ENV:Header><SOAP-ENV:Body><ns1:retrieveSubscriber><msisdn>525510891093</msisdn><serviceCode>CD01</serviceCode></ns1:retrieveSubscriber></SOAP-ENV:Body></SOAP-ENV:Envelope>

11:20:21 - XMLReceived|<?xml version='1.0' encoding='UTF-8'?><S:Envelope xmlns:S="http://schemas.xmlsoap.org/soap/envelope/"><S:Body><ns2:retrieveSubscriberResponse xmlns:ns2="http://ws.mcds.smb.ericsson.com/" xmlns:ns3="http://ws.sig.smb.ericsson.com/"><return><subMarketId>IDEN</subMarketId><countryId>Mexico</countryId></return></ns2:retrieveSubscriberResponse></S:Body></S:Envelope>
11:44:07 - H=4258|OP=[retrieveSubscriber]---------------------------------------------------------
11:44:07 - Target|https://sdpvas.nexteldata.com.mx:8443/SmdbWebService/subscriber?wsdl
11:44:07 - XMLSent|<?xml version="1.0" encoding="UTF-8"?>
<SOAP-ENV:Envelope xmlns:SOAP-ENV="http://schemas.xmlsoap.org/soap/envelope/" xmlns:ns1="http://ws.sig.smb.ericsson.com/" xmlns:ns2="http://docs.oasis-open.org/wss/2004/01/oasis-200401-wss-wssecurity-secext-1.0.xsd"><SOAP-ENV:Header><wsse:Security xmlns:wsse="http://docs.oasis-open.org/wss/2004/01/oasis-200401-wss-wssecurity-secext-1.0.xsd">
                                            <wsse:UsernameToken xmlns:wsu="http://docs.oasis-open.org/wss/2004/01/oasis-200401-wss-wssecurity-utility-1.0.xsd">
                                                   	<wsse:Username>WEBMAPS_MX</wsse:Username>
							<wsse:Password>pay@webmaps</wsse:Password>
							<wsu:Created>2015-04-20T18:08:49.909Z</wsu:Created>
                                            </wsse:UsernameToken>
                                            </wsse:Security></SOAP-ENV:Header><SOAP-ENV:Body><ns1:retrieveSubscriber><msisdn>525569209204</msisdn><serviceCode>CD01</serviceCode></ns1:retrieveSubscriber></SOAP-ENV:Body></SOAP-ENV:Envelope>

11:44:07 - XMLReceived|<?xml version='1.0' encoding='UTF-8'?><S:Envelope xmlns:S="http://schemas.xmlsoap.org/soap/envelope/"><S:Body><ns2:retrieveSubscriberResponse xmlns:ns2="http://ws.mcds.smb.ericsson.com/" xmlns:ns3="http://ws.sig.smb.ericsson.com/"><return><subMarketId>IDEN</subMarketId><countryId>Mexico</countryId></return></ns2:retrieveSubscriberResponse></S:Body></S:Envelope>
11:44:09 - H=4258|OP=[retrieveSubscriber]---------------------------------------------------------
11:44:09 - Target|https://sdpvas.nexteldata.com.mx:8443/SmdbWebService/subscriber?wsdl
11:44:09 - XMLSent|<?xml version="1.0" encoding="UTF-8"?>
<SOAP-ENV:Envelope xmlns:SOAP-ENV="http://schemas.xmlsoap.org/soap/envelope/" xmlns:ns1="http://ws.sig.smb.ericsson.com/" xmlns:ns2="http://docs.oasis-open.org/wss/2004/01/oasis-200401-wss-wssecurity-secext-1.0.xsd"><SOAP-ENV:Header><wsse:Security xmlns:wsse="http://docs.oasis-open.org/wss/2004/01/oasis-200401-wss-wssecurity-secext-1.0.xsd">
                                            <wsse:UsernameToken xmlns:wsu="http://docs.oasis-open.org/wss/2004/01/oasis-200401-wss-wssecurity-utility-1.0.xsd">
                                                   	<wsse:Username>WEBMAPS_MX</wsse:Username>
							<wsse:Password>pay@webmaps</wsse:Password>
							<wsu:Created>2015-04-20T18:08:49.909Z</wsu:Created>
                                            </wsse:UsernameToken>
                                            </wsse:Security></SOAP-ENV:Header><SOAP-ENV:Body><ns1:retrieveSubscriber><msisdn>525569209204</msisdn><serviceCode>CD01</serviceCode></ns1:retrieveSubscriber></SOAP-ENV:Body></SOAP-ENV:Envelope>

11:44:09 - XMLReceived|<?xml version='1.0' encoding='UTF-8'?><S:Envelope xmlns:S="http://schemas.xmlsoap.org/soap/envelope/"><S:Body><ns2:retrieveSubscriberResponse xmlns:ns2="http://ws.mcds.smb.ericsson.com/" xmlns:ns3="http://ws.sig.smb.ericsson.com/"><return><subMarketId>IDEN</subMarketId><countryId>Mexico</countryId></return></ns2:retrieveSubscriberResponse></S:Body></S:Envelope>
11:59:17 - H=2185|OP=[retrieveSubscriber]---------------------------------------------------------
11:59:17 - Target|https://sdpvas.nexteldata.com.mx:8443/SmdbWebService/subscriber?wsdl
11:59:17 - XMLSent|<?xml version="1.0" encoding="UTF-8"?>
<SOAP-ENV:Envelope xmlns:SOAP-ENV="http://schemas.xmlsoap.org/soap/envelope/" xmlns:ns1="http://ws.sig.smb.ericsson.com/" xmlns:ns2="http://docs.oasis-open.org/wss/2004/01/oasis-200401-wss-wssecurity-secext-1.0.xsd"><SOAP-ENV:Header><wsse:Security xmlns:wsse="http://docs.oasis-open.org/wss/2004/01/oasis-200401-wss-wssecurity-secext-1.0.xsd">
                                            <wsse:UsernameToken xmlns:wsu="http://docs.oasis-open.org/wss/2004/01/oasis-200401-wss-wssecurity-utility-1.0.xsd">
                                                   	<wsse:Username>WEBMAPS_MX</wsse:Username>
							<wsse:Password>pay@webmaps</wsse:Password>
							<wsu:Created>2015-04-20T18:08:49.909Z</wsu:Created>
                                            </wsse:UsernameToken>
                                            </wsse:Security></SOAP-ENV:Header><SOAP-ENV:Body><ns1:retrieveSubscriber><msisdn>524641253653</msisdn><serviceCode>CD01</serviceCode></ns1:retrieveSubscriber></SOAP-ENV:Body></SOAP-ENV:Envelope>

11:59:17 - XMLReceived|<?xml version='1.0' encoding='UTF-8'?><S:Envelope xmlns:S="http://schemas.xmlsoap.org/soap/envelope/"><S:Body><ns2:retrieveSubscriberResponse xmlns:ns2="http://ws.mcds.smb.ericsson.com/" xmlns:ns3="http://ws.sig.smb.ericsson.com/"><return><subMarketId>IDEN</subMarketId><paymentMethodList>1</paymentMethodList><countryId>Mexico</countryId></return></ns2:retrieveSubscriberResponse></S:Body></S:Envelope>
11:59:19 - H=2185|OP=[amountCharging]---------------------------------------------------------
11:59:19 - Target|https://sdpvas.nexteldata.com.mx:7443/parlayx-payment/services/AmountChargingService?wsdl
11:59:19 - XMLSent|
11:59:19 - XMLReceived|
11:59:23 - H=2185|OP=[retrieveSubscriber]---------------------------------------------------------
11:59:23 - Target|https://sdpvas.nexteldata.com.mx:8443/SmdbWebService/subscriber?wsdl
11:59:23 - XMLSent|<?xml version="1.0" encoding="UTF-8"?>
<SOAP-ENV:Envelope xmlns:SOAP-ENV="http://schemas.xmlsoap.org/soap/envelope/" xmlns:ns1="http://ws.sig.smb.ericsson.com/" xmlns:ns2="http://docs.oasis-open.org/wss/2004/01/oasis-200401-wss-wssecurity-secext-1.0.xsd"><SOAP-ENV:Header><wsse:Security xmlns:wsse="http://docs.oasis-open.org/wss/2004/01/oasis-200401-wss-wssecurity-secext-1.0.xsd">
                                            <wsse:UsernameToken xmlns:wsu="http://docs.oasis-open.org/wss/2004/01/oasis-200401-wss-wssecurity-utility-1.0.xsd">
                                                   	<wsse:Username>WEBMAPS_MX</wsse:Username>
							<wsse:Password>pay@webmaps</wsse:Password>
							<wsu:Created>2015-04-20T18:08:49.909Z</wsu:Created>
                                            </wsse:UsernameToken>
                                            </wsse:Security></SOAP-ENV:Header><SOAP-ENV:Body><ns1:retrieveSubscriber><msisdn>524641253653</msisdn><serviceCode>CD01</serviceCode></ns1:retrieveSubscriber></SOAP-ENV:Body></SOAP-ENV:Envelope>

11:59:23 - XMLReceived|<?xml version='1.0' encoding='UTF-8'?><S:Envelope xmlns:S="http://schemas.xmlsoap.org/soap/envelope/"><S:Body><ns2:retrieveSubscriberResponse xmlns:ns2="http://ws.mcds.smb.ericsson.com/" xmlns:ns3="http://ws.sig.smb.ericsson.com/"><return><subMarketId>IDEN</subMarketId><paymentMethodList>1</paymentMethodList><countryId>Mexico</countryId></return></ns2:retrieveSubscriberResponse></S:Body></S:Envelope>
11:59:25 - H=2185|OP=[amountCharging]---------------------------------------------------------
11:59:25 - Target|https://sdpvas.nexteldata.com.mx:7443/parlayx-payment/services/AmountChargingService?wsdl
11:59:25 - XMLSent|
11:59:25 - XMLReceived|
12:36:13 - H=4279|OP=[retrieveSubscriber]---------------------------------------------------------
12:36:13 - Target|https://sdpvas.nexteldata.com.mx:8443/SmdbWebService/subscriber?wsdl
12:36:13 - XMLSent|<?xml version="1.0" encoding="UTF-8"?>
<SOAP-ENV:Envelope xmlns:SOAP-ENV="http://schemas.xmlsoap.org/soap/envelope/" xmlns:ns1="http://ws.sig.smb.ericsson.com/" xmlns:ns2="http://docs.oasis-open.org/wss/2004/01/oasis-200401-wss-wssecurity-secext-1.0.xsd"><SOAP-ENV:Header><wsse:Security xmlns:wsse="http://docs.oasis-open.org/wss/2004/01/oasis-200401-wss-wssecurity-secext-1.0.xsd">
                                            <wsse:UsernameToken xmlns:wsu="http://docs.oasis-open.org/wss/2004/01/oasis-200401-wss-wssecurity-utility-1.0.xsd">
                                                   	<wsse:Username>WEBMAPS_MX</wsse:Username>
							<wsse:Password>pay@webmaps</wsse:Password>
							<wsu:Created>2015-04-20T18:08:49.909Z</wsu:Created>
                                            </wsse:UsernameToken>
                                            </wsse:Security></SOAP-ENV:Header><SOAP-ENV:Body><ns1:retrieveSubscriber><msisdn>524423912361</msisdn><serviceCode>CD01</serviceCode></ns1:retrieveSubscriber></SOAP-ENV:Body></SOAP-ENV:Envelope>

12:36:13 - XMLReceived|<?xml version='1.0' encoding='UTF-8'?><S:Envelope xmlns:S="http://schemas.xmlsoap.org/soap/envelope/"><S:Body><ns2:retrieveSubscriberResponse xmlns:ns2="http://ws.mcds.smb.ericsson.com/" xmlns:ns3="http://ws.sig.smb.ericsson.com/"><return><subMarketId>IDEN</subMarketId><paymentMethodList>1</paymentMethodList><countryId>Mexico</countryId></return></ns2:retrieveSubscriberResponse></S:Body></S:Envelope>
12:36:18 - H=4279|OP=[amountCharging]---------------------------------------------------------
12:36:18 - Target|https://sdpvas.nexteldata.com.mx:7443/parlayx-payment/services/AmountChargingService?wsdl
12:36:18 - XMLSent|
12:36:18 - XMLReceived|
12:36:21 - H=4279|OP=[retrieveSubscriber]---------------------------------------------------------
12:36:21 - Target|https://sdpvas.nexteldata.com.mx:8443/SmdbWebService/subscriber?wsdl
12:36:21 - XMLSent|<?xml version="1.0" encoding="UTF-8"?>
<SOAP-ENV:Envelope xmlns:SOAP-ENV="http://schemas.xmlsoap.org/soap/envelope/" xmlns:ns1="http://ws.sig.smb.ericsson.com/" xmlns:ns2="http://docs.oasis-open.org/wss/2004/01/oasis-200401-wss-wssecurity-secext-1.0.xsd"><SOAP-ENV:Header><wsse:Security xmlns:wsse="http://docs.oasis-open.org/wss/2004/01/oasis-200401-wss-wssecurity-secext-1.0.xsd">
                                            <wsse:UsernameToken xmlns:wsu="http://docs.oasis-open.org/wss/2004/01/oasis-200401-wss-wssecurity-utility-1.0.xsd">
                                                   	<wsse:Username>WEBMAPS_MX</wsse:Username>
							<wsse:Password>pay@webmaps</wsse:Password>
							<wsu:Created>2015-04-20T18:08:49.909Z</wsu:Created>
                                            </wsse:UsernameToken>
                                            </wsse:Security></SOAP-ENV:Header><SOAP-ENV:Body><ns1:retrieveSubscriber><msisdn>524423912361</msisdn><serviceCode>CD01</serviceCode></ns1:retrieveSubscriber></SOAP-ENV:Body></SOAP-ENV:Envelope>

12:36:21 - XMLReceived|<?xml version='1.0' encoding='UTF-8'?><S:Envelope xmlns:S="http://schemas.xmlsoap.org/soap/envelope/"><S:Body><ns2:retrieveSubscriberResponse xmlns:ns2="http://ws.mcds.smb.ericsson.com/" xmlns:ns3="http://ws.sig.smb.ericsson.com/"><return><subMarketId>IDEN</subMarketId><paymentMethodList>1</paymentMethodList><countryId>Mexico</countryId></return></ns2:retrieveSubscriberResponse></S:Body></S:Envelope>
12:36:22 - H=4279|OP=[amountCharging]---------------------------------------------------------
12:36:22 - Target|https://sdpvas.nexteldata.com.mx:7443/parlayx-payment/services/AmountChargingService?wsdl
12:36:22 - XMLSent|
12:36:22 - XMLReceived|
14:09:09 - H=4280|OP=[retrieveSubscriber]---------------------------------------------------------
14:09:09 - Target|https://sdpvas.nexteldata.com.mx:8443/SmdbWebService/subscriber?wsdl
14:09:09 - XMLSent|<?xml version="1.0" encoding="UTF-8"?>
<SOAP-ENV:Envelope xmlns:SOAP-ENV="http://schemas.xmlsoap.org/soap/envelope/" xmlns:ns1="http://ws.sig.smb.ericsson.com/" xmlns:ns2="http://docs.oasis-open.org/wss/2004/01/oasis-200401-wss-wssecurity-secext-1.0.xsd"><SOAP-ENV:Header><wsse:Security xmlns:wsse="http://docs.oasis-open.org/wss/2004/01/oasis-200401-wss-wssecurity-secext-1.0.xsd">
                                            <wsse:UsernameToken xmlns:wsu="http://docs.oasis-open.org/wss/2004/01/oasis-200401-wss-wssecurity-utility-1.0.xsd">
                                                   	<wsse:Username>WEBMAPS_MX</wsse:Username>
							<wsse:Password>pay@webmaps</wsse:Password>
							<wsu:Created>2015-04-20T18:08:49.909Z</wsu:Created>
                                            </wsse:UsernameToken>
                                            </wsse:Security></SOAP-ENV:Header><SOAP-ENV:Body><ns1:retrieveSubscriber><msisdn>524611673298</msisdn><serviceCode>CD01</serviceCode></ns1:retrieveSubscriber></SOAP-ENV:Body></SOAP-ENV:Envelope>

14:09:09 - XMLReceived|<?xml version='1.0' encoding='UTF-8'?><S:Envelope xmlns:S="http://schemas.xmlsoap.org/soap/envelope/"><S:Body><ns2:retrieveSubscriberResponse xmlns:ns2="http://ws.mcds.smb.ericsson.com/" xmlns:ns3="http://ws.sig.smb.ericsson.com/"><return><subMarketId>IDEN</subMarketId><paymentMethodList>1</paymentMethodList><countryId>Mexico</countryId></return></ns2:retrieveSubscriberResponse></S:Body></S:Envelope>
14:09:10 - H=4280|OP=[amountCharging]---------------------------------------------------------
14:09:10 - Target|https://sdpvas.nexteldata.com.mx:7443/parlayx-payment/services/AmountChargingService?wsdl
14:09:10 - XMLSent|
14:09:10 - XMLReceived|
14:09:12 - H=4280|OP=[retrieveSubscriber]---------------------------------------------------------
14:09:12 - Target|https://sdpvas.nexteldata.com.mx:8443/SmdbWebService/subscriber?wsdl
14:09:12 - XMLSent|<?xml version="1.0" encoding="UTF-8"?>
<SOAP-ENV:Envelope xmlns:SOAP-ENV="http://schemas.xmlsoap.org/soap/envelope/" xmlns:ns1="http://ws.sig.smb.ericsson.com/" xmlns:ns2="http://docs.oasis-open.org/wss/2004/01/oasis-200401-wss-wssecurity-secext-1.0.xsd"><SOAP-ENV:Header><wsse:Security xmlns:wsse="http://docs.oasis-open.org/wss/2004/01/oasis-200401-wss-wssecurity-secext-1.0.xsd">
                                            <wsse:UsernameToken xmlns:wsu="http://docs.oasis-open.org/wss/2004/01/oasis-200401-wss-wssecurity-utility-1.0.xsd">
                                                   	<wsse:Username>WEBMAPS_MX</wsse:Username>
							<wsse:Password>pay@webmaps</wsse:Password>
							<wsu:Created>2015-04-20T18:08:49.909Z</wsu:Created>
                                            </wsse:UsernameToken>
                                            </wsse:Security></SOAP-ENV:Header><SOAP-ENV:Body><ns1:retrieveSubscriber><msisdn>524611673298</msisdn><serviceCode>CD01</serviceCode></ns1:retrieveSubscriber></SOAP-ENV:Body></SOAP-ENV:Envelope>

14:09:12 - XMLReceived|<?xml version='1.0' encoding='UTF-8'?><S:Envelope xmlns:S="http://schemas.xmlsoap.org/soap/envelope/"><S:Body><ns2:retrieveSubscriberResponse xmlns:ns2="http://ws.mcds.smb.ericsson.com/" xmlns:ns3="http://ws.sig.smb.ericsson.com/"><return><subMarketId>IDEN</subMarketId><paymentMethodList>1</paymentMethodList><countryId>Mexico</countryId></return></ns2:retrieveSubscriberResponse></S:Body></S:Envelope>
14:09:13 - H=4280|OP=[amountCharging]---------------------------------------------------------
14:09:13 - Target|https://sdpvas.nexteldata.com.mx:7443/parlayx-payment/services/AmountChargingService?wsdl
14:09:13 - XMLSent|
14:09:13 - XMLReceived|
14:13:03 - H=2892|OP=[retrieveSubscriber]---------------------------------------------------------
14:13:03 - Target|https://sdpvas.nexteldata.com.mx:8443/SmdbWebService/subscriber?wsdl
14:13:03 - XMLSent|<?xml version="1.0" encoding="UTF-8"?>
<SOAP-ENV:Envelope xmlns:SOAP-ENV="http://schemas.xmlsoap.org/soap/envelope/" xmlns:ns1="http://ws.sig.smb.ericsson.com/" xmlns:ns2="http://docs.oasis-open.org/wss/2004/01/oasis-200401-wss-wssecurity-secext-1.0.xsd"><SOAP-ENV:Header><wsse:Security xmlns:wsse="http://docs.oasis-open.org/wss/2004/01/oasis-200401-wss-wssecurity-secext-1.0.xsd">
                                            <wsse:UsernameToken xmlns:wsu="http://docs.oasis-open.org/wss/2004/01/oasis-200401-wss-wssecurity-utility-1.0.xsd">
                                                   	<wsse:Username>WEBMAPS_MX</wsse:Username>
							<wsse:Password>pay@webmaps</wsse:Password>
							<wsu:Created>2015-04-20T18:08:49.909Z</wsu:Created>
                                            </wsse:UsernameToken>
                                            </wsse:Security></SOAP-ENV:Header><SOAP-ENV:Body><ns1:retrieveSubscriber><msisdn>525563564008</msisdn><serviceCode>CD01</serviceCode></ns1:retrieveSubscriber></SOAP-ENV:Body></SOAP-ENV:Envelope>

14:13:03 - XMLReceived|<?xml version='1.0' encoding='UTF-8'?><S:Envelope xmlns:S="http://schemas.xmlsoap.org/soap/envelope/"><S:Body><ns2:retrieveSubscriberResponse xmlns:ns2="http://ws.mcds.smb.ericsson.com/" xmlns:ns3="http://ws.sig.smb.ericsson.com/"><return><subMarketId>IDEN</subMarketId><paymentMethodList>1</paymentMethodList><countryId>Mexico</countryId></return></ns2:retrieveSubscriberResponse></S:Body></S:Envelope>
14:13:04 - H=2892|OP=[amountCharging]---------------------------------------------------------
14:13:04 - Target|https://sdpvas.nexteldata.com.mx:7443/parlayx-payment/services/AmountChargingService?wsdl
14:13:04 - XMLSent|
14:13:04 - XMLReceived|
14:13:07 - H=2892|OP=[retrieveSubscriber]---------------------------------------------------------
14:13:07 - Target|https://sdpvas.nexteldata.com.mx:8443/SmdbWebService/subscriber?wsdl
14:13:07 - XMLSent|<?xml version="1.0" encoding="UTF-8"?>
<SOAP-ENV:Envelope xmlns:SOAP-ENV="http://schemas.xmlsoap.org/soap/envelope/" xmlns:ns1="http://ws.sig.smb.ericsson.com/" xmlns:ns2="http://docs.oasis-open.org/wss/2004/01/oasis-200401-wss-wssecurity-secext-1.0.xsd"><SOAP-ENV:Header><wsse:Security xmlns:wsse="http://docs.oasis-open.org/wss/2004/01/oasis-200401-wss-wssecurity-secext-1.0.xsd">
                                            <wsse:UsernameToken xmlns:wsu="http://docs.oasis-open.org/wss/2004/01/oasis-200401-wss-wssecurity-utility-1.0.xsd">
                                                   	<wsse:Username>WEBMAPS_MX</wsse:Username>
							<wsse:Password>pay@webmaps</wsse:Password>
							<wsu:Created>2015-04-20T18:08:49.909Z</wsu:Created>
                                            </wsse:UsernameToken>
                                            </wsse:Security></SOAP-ENV:Header><SOAP-ENV:Body><ns1:retrieveSubscriber><msisdn>525563564008</msisdn><serviceCode>CD01</serviceCode></ns1:retrieveSubscriber></SOAP-ENV:Body></SOAP-ENV:Envelope>

14:13:07 - XMLReceived|<?xml version='1.0' encoding='UTF-8'?><S:Envelope xmlns:S="http://schemas.xmlsoap.org/soap/envelope/"><S:Body><ns2:retrieveSubscriberResponse xmlns:ns2="http://ws.mcds.smb.ericsson.com/" xmlns:ns3="http://ws.sig.smb.ericsson.com/"><return><subMarketId>IDEN</subMarketId><paymentMethodList>1</paymentMethodList><countryId>Mexico</countryId></return></ns2:retrieveSubscriberResponse></S:Body></S:Envelope>
14:13:08 - H=2892|OP=[amountCharging]---------------------------------------------------------
14:13:08 - Target|https://sdpvas.nexteldata.com.mx:7443/parlayx-payment/services/AmountChargingService?wsdl
14:13:08 - XMLSent|
14:13:08 - XMLReceived|
14:21:15 - H=4281|OP=[retrieveSubscriber]---------------------------------------------------------
14:21:15 - Target|https://sdpvas.nexteldata.com.mx:8443/SmdbWebService/subscriber?wsdl
14:21:15 - XMLSent|<?xml version="1.0" encoding="UTF-8"?>
<SOAP-ENV:Envelope xmlns:SOAP-ENV="http://schemas.xmlsoap.org/soap/envelope/" xmlns:ns1="http://ws.sig.smb.ericsson.com/" xmlns:ns2="http://docs.oasis-open.org/wss/2004/01/oasis-200401-wss-wssecurity-secext-1.0.xsd"><SOAP-ENV:Header><wsse:Security xmlns:wsse="http://docs.oasis-open.org/wss/2004/01/oasis-200401-wss-wssecurity-secext-1.0.xsd">
                                            <wsse:UsernameToken xmlns:wsu="http://docs.oasis-open.org/wss/2004/01/oasis-200401-wss-wssecurity-utility-1.0.xsd">
                                                   	<wsse:Username>WEBMAPS_MX</wsse:Username>
							<wsse:Password>pay@webmaps</wsse:Password>
							<wsu:Created>2015-04-20T18:08:49.909Z</wsu:Created>
                                            </wsse:UsernameToken>
                                            </wsse:Security></SOAP-ENV:Header><SOAP-ENV:Body><ns1:retrieveSubscriber><msisdn>522282049011</msisdn><serviceCode>CD01</serviceCode></ns1:retrieveSubscriber></SOAP-ENV:Body></SOAP-ENV:Envelope>

14:21:15 - XMLReceived|<?xml version='1.0' encoding='UTF-8'?><S:Envelope xmlns:S="http://schemas.xmlsoap.org/soap/envelope/"><S:Body><ns2:retrieveSubscriberResponse xmlns:ns2="http://ws.mcds.smb.ericsson.com/" xmlns:ns3="http://ws.sig.smb.ericsson.com/"><return><subMarketId>3G</subMarketId><paymentMethodList>2</paymentMethodList><countryId>Mexico</countryId></return></ns2:retrieveSubscriberResponse></S:Body></S:Envelope>
14:21:16 - H=4281|OP=[amountCharging]---------------------------------------------------------
14:21:16 - Target|https://sdpvas.nexteldata.com.mx:7443/parlayx-payment/services/AmountChargingService?wsdl
14:21:16 - XMLSent|
14:21:16 - XMLReceived|
14:21:18 - H=4281|OP=[retrieveSubscriber]---------------------------------------------------------
14:21:18 - Target|https://sdpvas.nexteldata.com.mx:8443/SmdbWebService/subscriber?wsdl
14:21:18 - XMLSent|<?xml version="1.0" encoding="UTF-8"?>
<SOAP-ENV:Envelope xmlns:SOAP-ENV="http://schemas.xmlsoap.org/soap/envelope/" xmlns:ns1="http://ws.sig.smb.ericsson.com/" xmlns:ns2="http://docs.oasis-open.org/wss/2004/01/oasis-200401-wss-wssecurity-secext-1.0.xsd"><SOAP-ENV:Header><wsse:Security xmlns:wsse="http://docs.oasis-open.org/wss/2004/01/oasis-200401-wss-wssecurity-secext-1.0.xsd">
                                            <wsse:UsernameToken xmlns:wsu="http://docs.oasis-open.org/wss/2004/01/oasis-200401-wss-wssecurity-utility-1.0.xsd">
                                                   	<wsse:Username>WEBMAPS_MX</wsse:Username>
							<wsse:Password>pay@webmaps</wsse:Password>
							<wsu:Created>2015-04-20T18:08:49.909Z</wsu:Created>
                                            </wsse:UsernameToken>
                                            </wsse:Security></SOAP-ENV:Header><SOAP-ENV:Body><ns1:retrieveSubscriber><msisdn>522282049011</msisdn><serviceCode>CD01</serviceCode></ns1:retrieveSubscriber></SOAP-ENV:Body></SOAP-ENV:Envelope>

14:21:18 - XMLReceived|<?xml version='1.0' encoding='UTF-8'?><S:Envelope xmlns:S="http://schemas.xmlsoap.org/soap/envelope/"><S:Body><ns2:retrieveSubscriberResponse xmlns:ns2="http://ws.mcds.smb.ericsson.com/" xmlns:ns3="http://ws.sig.smb.ericsson.com/"><return><subMarketId>3G</subMarketId><paymentMethodList>2</paymentMethodList><countryId>Mexico</countryId></return></ns2:retrieveSubscriberResponse></S:Body></S:Envelope>
14:21:20 - H=4281|OP=[amountCharging]---------------------------------------------------------
14:21:20 - Target|https://sdpvas.nexteldata.com.mx:7443/parlayx-payment/services/AmountChargingService?wsdl
14:21:20 - XMLSent|
14:21:20 - XMLReceived|
14:32:05 - H=1695|OP=[retrieveSubscriber]---------------------------------------------------------
14:32:05 - Target|https://sdpvas.nexteldata.com.mx:8443/SmdbWebService/subscriber?wsdl
14:32:05 - XMLSent|<?xml version="1.0" encoding="UTF-8"?>
<SOAP-ENV:Envelope xmlns:SOAP-ENV="http://schemas.xmlsoap.org/soap/envelope/" xmlns:ns1="http://ws.sig.smb.ericsson.com/" xmlns:ns2="http://docs.oasis-open.org/wss/2004/01/oasis-200401-wss-wssecurity-secext-1.0.xsd"><SOAP-ENV:Header><wsse:Security xmlns:wsse="http://docs.oasis-open.org/wss/2004/01/oasis-200401-wss-wssecurity-secext-1.0.xsd">
                                            <wsse:UsernameToken xmlns:wsu="http://docs.oasis-open.org/wss/2004/01/oasis-200401-wss-wssecurity-utility-1.0.xsd">
                                                   	<wsse:Username>WEBMAPS_MX</wsse:Username>
							<wsse:Password>pay@webmaps</wsse:Password>
							<wsu:Created>2015-04-20T18:08:49.909Z</wsu:Created>
                                            </wsse:UsernameToken>
                                            </wsse:Security></SOAP-ENV:Header><SOAP-ENV:Body><ns1:retrieveSubscriber><msisdn>525545977939</msisdn><serviceCode>CD01</serviceCode></ns1:retrieveSubscriber></SOAP-ENV:Body></SOAP-ENV:Envelope>

14:32:05 - XMLReceived|<?xml version='1.0' encoding='UTF-8'?><S:Envelope xmlns:S="http://schemas.xmlsoap.org/soap/envelope/"><S:Body><ns2:retrieveSubscriberResponse xmlns:ns2="http://ws.mcds.smb.ericsson.com/" xmlns:ns3="http://ws.sig.smb.ericsson.com/"><return><subMarketId>3G</subMarketId><paymentMethodList>1</paymentMethodList><countryId>Mexico</countryId></return></ns2:retrieveSubscriberResponse></S:Body></S:Envelope>
14:32:06 - H=1695|OP=[amountCharging]---------------------------------------------------------
14:32:06 - Target|https://sdpvas.nexteldata.com.mx:7443/parlayx-payment/services/AmountChargingService?wsdl
14:32:06 - XMLSent|
14:32:06 - XMLReceived|
14:32:08 - H=1695|OP=[retrieveSubscriber]---------------------------------------------------------
14:32:08 - Target|https://sdpvas.nexteldata.com.mx:8443/SmdbWebService/subscriber?wsdl
14:32:08 - XMLSent|<?xml version="1.0" encoding="UTF-8"?>
<SOAP-ENV:Envelope xmlns:SOAP-ENV="http://schemas.xmlsoap.org/soap/envelope/" xmlns:ns1="http://ws.sig.smb.ericsson.com/" xmlns:ns2="http://docs.oasis-open.org/wss/2004/01/oasis-200401-wss-wssecurity-secext-1.0.xsd"><SOAP-ENV:Header><wsse:Security xmlns:wsse="http://docs.oasis-open.org/wss/2004/01/oasis-200401-wss-wssecurity-secext-1.0.xsd">
                                            <wsse:UsernameToken xmlns:wsu="http://docs.oasis-open.org/wss/2004/01/oasis-200401-wss-wssecurity-utility-1.0.xsd">
                                                   	<wsse:Username>WEBMAPS_MX</wsse:Username>
							<wsse:Password>pay@webmaps</wsse:Password>
							<wsu:Created>2015-04-20T18:08:49.909Z</wsu:Created>
                                            </wsse:UsernameToken>
                                            </wsse:Security></SOAP-ENV:Header><SOAP-ENV:Body><ns1:retrieveSubscriber><msisdn>525545977939</msisdn><serviceCode>CD01</serviceCode></ns1:retrieveSubscriber></SOAP-ENV:Body></SOAP-ENV:Envelope>

14:32:08 - XMLReceived|<?xml version='1.0' encoding='UTF-8'?><S:Envelope xmlns:S="http://schemas.xmlsoap.org/soap/envelope/"><S:Body><ns2:retrieveSubscriberResponse xmlns:ns2="http://ws.mcds.smb.ericsson.com/" xmlns:ns3="http://ws.sig.smb.ericsson.com/"><return><subMarketId>3G</subMarketId><paymentMethodList>1</paymentMethodList><countryId>Mexico</countryId></return></ns2:retrieveSubscriberResponse></S:Body></S:Envelope>
14:32:09 - H=1695|OP=[amountCharging]---------------------------------------------------------
14:32:09 - Target|https://sdpvas.nexteldata.com.mx:7443/parlayx-payment/services/AmountChargingService?wsdl
14:32:09 - XMLSent|
14:32:09 - XMLReceived|
15:02:20 - H=4282|OP=[retrieveSubscriber]---------------------------------------------------------
15:02:20 - Target|https://sdpvas.nexteldata.com.mx:8443/SmdbWebService/subscriber?wsdl
15:02:20 - XMLSent|<?xml version="1.0" encoding="UTF-8"?>
<SOAP-ENV:Envelope xmlns:SOAP-ENV="http://schemas.xmlsoap.org/soap/envelope/" xmlns:ns1="http://ws.sig.smb.ericsson.com/" xmlns:ns2="http://docs.oasis-open.org/wss/2004/01/oasis-200401-wss-wssecurity-secext-1.0.xsd"><SOAP-ENV:Header><wsse:Security xmlns:wsse="http://docs.oasis-open.org/wss/2004/01/oasis-200401-wss-wssecurity-secext-1.0.xsd">
                                            <wsse:UsernameToken xmlns:wsu="http://docs.oasis-open.org/wss/2004/01/oasis-200401-wss-wssecurity-utility-1.0.xsd">
                                                   	<wsse:Username>WEBMAPS_MX</wsse:Username>
							<wsse:Password>pay@webmaps</wsse:Password>
							<wsu:Created>2015-04-20T18:08:49.909Z</wsu:Created>
                                            </wsse:UsernameToken>
                                            </wsse:Security></SOAP-ENV:Header><SOAP-ENV:Body><ns1:retrieveSubscriber><msisdn>525569553978</msisdn><serviceCode>CD01</serviceCode></ns1:retrieveSubscriber></SOAP-ENV:Body></SOAP-ENV:Envelope>

15:02:20 - XMLReceived|<?xml version='1.0' encoding='UTF-8'?><S:Envelope xmlns:S="http://schemas.xmlsoap.org/soap/envelope/"><S:Body><ns2:retrieveSubscriberResponse xmlns:ns2="http://ws.mcds.smb.ericsson.com/" xmlns:ns3="http://ws.sig.smb.ericsson.com/"><return><subMarketId>IDEN</subMarketId><countryId>Mexico</countryId></return></ns2:retrieveSubscriberResponse></S:Body></S:Envelope>
15:02:22 - H=4282|OP=[retrieveSubscriber]---------------------------------------------------------
15:02:22 - Target|https://sdpvas.nexteldata.com.mx:8443/SmdbWebService/subscriber?wsdl
15:02:22 - XMLSent|<?xml version="1.0" encoding="UTF-8"?>
<SOAP-ENV:Envelope xmlns:SOAP-ENV="http://schemas.xmlsoap.org/soap/envelope/" xmlns:ns1="http://ws.sig.smb.ericsson.com/" xmlns:ns2="http://docs.oasis-open.org/wss/2004/01/oasis-200401-wss-wssecurity-secext-1.0.xsd"><SOAP-ENV:Header><wsse:Security xmlns:wsse="http://docs.oasis-open.org/wss/2004/01/oasis-200401-wss-wssecurity-secext-1.0.xsd">
                                            <wsse:UsernameToken xmlns:wsu="http://docs.oasis-open.org/wss/2004/01/oasis-200401-wss-wssecurity-utility-1.0.xsd">
                                                   	<wsse:Username>WEBMAPS_MX</wsse:Username>
							<wsse:Password>pay@webmaps</wsse:Password>
							<wsu:Created>2015-04-20T18:08:49.909Z</wsu:Created>
                                            </wsse:UsernameToken>
                                            </wsse:Security></SOAP-ENV:Header><SOAP-ENV:Body><ns1:retrieveSubscriber><msisdn>525569553978</msisdn><serviceCode>CD01</serviceCode></ns1:retrieveSubscriber></SOAP-ENV:Body></SOAP-ENV:Envelope>

15:02:22 - XMLReceived|<?xml version='1.0' encoding='UTF-8'?><S:Envelope xmlns:S="http://schemas.xmlsoap.org/soap/envelope/"><S:Body><ns2:retrieveSubscriberResponse xmlns:ns2="http://ws.mcds.smb.ericsson.com/" xmlns:ns3="http://ws.sig.smb.ericsson.com/"><return><subMarketId>IDEN</subMarketId><countryId>Mexico</countryId></return></ns2:retrieveSubscriberResponse></S:Body></S:Envelope>
15:45:55 - H=3817|OP=[retrieveSubscriber]---------------------------------------------------------
15:45:55 - Target|https://sdpvas.nexteldata.com.mx:8443/SmdbWebService/subscriber?wsdl
15:45:55 - XMLSent|<?xml version="1.0" encoding="UTF-8"?>
<SOAP-ENV:Envelope xmlns:SOAP-ENV="http://schemas.xmlsoap.org/soap/envelope/" xmlns:ns1="http://ws.sig.smb.ericsson.com/" xmlns:ns2="http://docs.oasis-open.org/wss/2004/01/oasis-200401-wss-wssecurity-secext-1.0.xsd"><SOAP-ENV:Header><wsse:Security xmlns:wsse="http://docs.oasis-open.org/wss/2004/01/oasis-200401-wss-wssecurity-secext-1.0.xsd">
                                            <wsse:UsernameToken xmlns:wsu="http://docs.oasis-open.org/wss/2004/01/oasis-200401-wss-wssecurity-utility-1.0.xsd">
                                                   	<wsse:Username>WEBMAPS_MX</wsse:Username>
							<wsse:Password>pay@webmaps</wsse:Password>
							<wsu:Created>2015-04-20T18:08:49.909Z</wsu:Created>
                                            </wsse:UsernameToken>
                                            </wsse:Security></SOAP-ENV:Header><SOAP-ENV:Body><ns1:retrieveSubscriber><msisdn>528114646693</msisdn><serviceCode>CD01</serviceCode></ns1:retrieveSubscriber></SOAP-ENV:Body></SOAP-ENV:Envelope>

15:45:55 - XMLReceived|<?xml version='1.0' encoding='UTF-8'?><S:Envelope xmlns:S="http://schemas.xmlsoap.org/soap/envelope/"><S:Body><ns2:retrieveSubscriberResponse xmlns:ns2="http://ws.mcds.smb.ericsson.com/" xmlns:ns3="http://ws.sig.smb.ericsson.com/"><return><subMarketId>IDEN</subMarketId><paymentMethodList>1</paymentMethodList><countryId>Mexico</countryId></return></ns2:retrieveSubscriberResponse></S:Body></S:Envelope>
15:45:56 - H=3817|OP=[amountCharging]---------------------------------------------------------
15:45:56 - Target|https://sdpvas.nexteldata.com.mx:7443/parlayx-payment/services/AmountChargingService?wsdl
15:45:56 - XMLSent|
15:45:56 - XMLReceived|
15:45:58 - H=3817|OP=[retrieveSubscriber]---------------------------------------------------------
15:45:58 - Target|https://sdpvas.nexteldata.com.mx:8443/SmdbWebService/subscriber?wsdl
15:45:58 - XMLSent|<?xml version="1.0" encoding="UTF-8"?>
<SOAP-ENV:Envelope xmlns:SOAP-ENV="http://schemas.xmlsoap.org/soap/envelope/" xmlns:ns1="http://ws.sig.smb.ericsson.com/" xmlns:ns2="http://docs.oasis-open.org/wss/2004/01/oasis-200401-wss-wssecurity-secext-1.0.xsd"><SOAP-ENV:Header><wsse:Security xmlns:wsse="http://docs.oasis-open.org/wss/2004/01/oasis-200401-wss-wssecurity-secext-1.0.xsd">
                                            <wsse:UsernameToken xmlns:wsu="http://docs.oasis-open.org/wss/2004/01/oasis-200401-wss-wssecurity-utility-1.0.xsd">
                                                   	<wsse:Username>WEBMAPS_MX</wsse:Username>
							<wsse:Password>pay@webmaps</wsse:Password>
							<wsu:Created>2015-04-20T18:08:49.909Z</wsu:Created>
                                            </wsse:UsernameToken>
                                            </wsse:Security></SOAP-ENV:Header><SOAP-ENV:Body><ns1:retrieveSubscriber><msisdn>528114646693</msisdn><serviceCode>CD01</serviceCode></ns1:retrieveSubscriber></SOAP-ENV:Body></SOAP-ENV:Envelope>

15:45:58 - XMLReceived|<?xml version='1.0' encoding='UTF-8'?><S:Envelope xmlns:S="http://schemas.xmlsoap.org/soap/envelope/"><S:Body><ns2:retrieveSubscriberResponse xmlns:ns2="http://ws.mcds.smb.ericsson.com/" xmlns:ns3="http://ws.sig.smb.ericsson.com/"><return><subMarketId>IDEN</subMarketId><paymentMethodList>1</paymentMethodList><countryId>Mexico</countryId></return></ns2:retrieveSubscriberResponse></S:Body></S:Envelope>
15:45:59 - H=3817|OP=[amountCharging]---------------------------------------------------------
15:45:59 - Target|https://sdpvas.nexteldata.com.mx:7443/parlayx-payment/services/AmountChargingService?wsdl
15:45:59 - XMLSent|
15:45:59 - XMLReceived|
16:09:03 - H=3902|OP=[retrieveSubscriber]---------------------------------------------------------
16:09:03 - Target|https://sdpvas.nexteldata.com.mx:8443/SmdbWebService/subscriber?wsdl
16:09:03 - XMLSent|<?xml version="1.0" encoding="UTF-8"?>
<SOAP-ENV:Envelope xmlns:SOAP-ENV="http://schemas.xmlsoap.org/soap/envelope/" xmlns:ns1="http://ws.sig.smb.ericsson.com/" xmlns:ns2="http://docs.oasis-open.org/wss/2004/01/oasis-200401-wss-wssecurity-secext-1.0.xsd"><SOAP-ENV:Header><wsse:Security xmlns:wsse="http://docs.oasis-open.org/wss/2004/01/oasis-200401-wss-wssecurity-secext-1.0.xsd">
                                            <wsse:UsernameToken xmlns:wsu="http://docs.oasis-open.org/wss/2004/01/oasis-200401-wss-wssecurity-utility-1.0.xsd">
                                                   	<wsse:Username>WEBMAPS_MX</wsse:Username>
							<wsse:Password>pay@webmaps</wsse:Password>
							<wsu:Created>2015-04-20T18:08:49.909Z</wsu:Created>
                                            </wsse:UsernameToken>
                                            </wsse:Security></SOAP-ENV:Header><SOAP-ENV:Body><ns1:retrieveSubscriber><msisdn>525544011047</msisdn><serviceCode>CD01</serviceCode></ns1:retrieveSubscriber></SOAP-ENV:Body></SOAP-ENV:Envelope>

16:09:03 - XMLReceived|<?xml version='1.0' encoding='UTF-8'?><S:Envelope xmlns:S="http://schemas.xmlsoap.org/soap/envelope/"><S:Body><ns2:retrieveSubscriberResponse xmlns:ns2="http://ws.mcds.smb.ericsson.com/" xmlns:ns3="http://ws.sig.smb.ericsson.com/"><return><subMarketId>IDEN</subMarketId><countryId>Mexico</countryId></return></ns2:retrieveSubscriberResponse></S:Body></S:Envelope>
16:09:05 - H=3902|OP=[retrieveSubscriber]---------------------------------------------------------
16:09:05 - Target|https://sdpvas.nexteldata.com.mx:8443/SmdbWebService/subscriber?wsdl
16:09:05 - XMLSent|<?xml version="1.0" encoding="UTF-8"?>
<SOAP-ENV:Envelope xmlns:SOAP-ENV="http://schemas.xmlsoap.org/soap/envelope/" xmlns:ns1="http://ws.sig.smb.ericsson.com/" xmlns:ns2="http://docs.oasis-open.org/wss/2004/01/oasis-200401-wss-wssecurity-secext-1.0.xsd"><SOAP-ENV:Header><wsse:Security xmlns:wsse="http://docs.oasis-open.org/wss/2004/01/oasis-200401-wss-wssecurity-secext-1.0.xsd">
                                            <wsse:UsernameToken xmlns:wsu="http://docs.oasis-open.org/wss/2004/01/oasis-200401-wss-wssecurity-utility-1.0.xsd">
                                                   	<wsse:Username>WEBMAPS_MX</wsse:Username>
							<wsse:Password>pay@webmaps</wsse:Password>
							<wsu:Created>2015-04-20T18:08:49.909Z</wsu:Created>
                                            </wsse:UsernameToken>
                                            </wsse:Security></SOAP-ENV:Header><SOAP-ENV:Body><ns1:retrieveSubscriber><msisdn>525544011047</msisdn><serviceCode>CD01</serviceCode></ns1:retrieveSubscriber></SOAP-ENV:Body></SOAP-ENV:Envelope>

16:09:05 - XMLReceived|<?xml version='1.0' encoding='UTF-8'?><S:Envelope xmlns:S="http://schemas.xmlsoap.org/soap/envelope/"><S:Body><ns2:retrieveSubscriberResponse xmlns:ns2="http://ws.mcds.smb.ericsson.com/" xmlns:ns3="http://ws.sig.smb.ericsson.com/"><return><subMarketId>IDEN</subMarketId><countryId>Mexico</countryId></return></ns2:retrieveSubscriberResponse></S:Body></S:Envelope>
16:20:25 - H=1683|OP=[retrieveSubscriber]---------------------------------------------------------
16:20:25 - Target|https://sdpvas.nexteldata.com.mx:8443/SmdbWebService/subscriber?wsdl
16:20:25 - XMLSent|<?xml version="1.0" encoding="UTF-8"?>
<SOAP-ENV:Envelope xmlns:SOAP-ENV="http://schemas.xmlsoap.org/soap/envelope/" xmlns:ns1="http://ws.sig.smb.ericsson.com/" xmlns:ns2="http://docs.oasis-open.org/wss/2004/01/oasis-200401-wss-wssecurity-secext-1.0.xsd"><SOAP-ENV:Header><wsse:Security xmlns:wsse="http://docs.oasis-open.org/wss/2004/01/oasis-200401-wss-wssecurity-secext-1.0.xsd">
                                            <wsse:UsernameToken xmlns:wsu="http://docs.oasis-open.org/wss/2004/01/oasis-200401-wss-wssecurity-utility-1.0.xsd">
                                                   	<wsse:Username>WEBMAPS_MX</wsse:Username>
							<wsse:Password>pay@webmaps</wsse:Password>
							<wsu:Created>2015-04-20T18:08:49.909Z</wsu:Created>
                                            </wsse:UsernameToken>
                                            </wsse:Security></SOAP-ENV:Header><SOAP-ENV:Body><ns1:retrieveSubscriber><msisdn>525546200048</msisdn><serviceCode>CD01</serviceCode></ns1:retrieveSubscriber></SOAP-ENV:Body></SOAP-ENV:Envelope>

16:20:25 - XMLReceived|<?xml version='1.0' encoding='UTF-8'?><S:Envelope xmlns:S="http://schemas.xmlsoap.org/soap/envelope/"><S:Body><ns2:retrieveSubscriberResponse xmlns:ns2="http://ws.mcds.smb.ericsson.com/" xmlns:ns3="http://ws.sig.smb.ericsson.com/"><return><subMarketId>IDEN</subMarketId><paymentMethodList>1</paymentMethodList><countryId>Mexico</countryId></return></ns2:retrieveSubscriberResponse></S:Body></S:Envelope>
16:20:26 - H=1683|OP=[amountCharging]---------------------------------------------------------
16:20:26 - Target|https://sdpvas.nexteldata.com.mx:7443/parlayx-payment/services/AmountChargingService?wsdl
16:20:26 - XMLSent|
16:20:26 - XMLReceived|
16:20:28 - H=1683|OP=[retrieveSubscriber]---------------------------------------------------------
16:20:28 - Target|https://sdpvas.nexteldata.com.mx:8443/SmdbWebService/subscriber?wsdl
16:20:28 - XMLSent|<?xml version="1.0" encoding="UTF-8"?>
<SOAP-ENV:Envelope xmlns:SOAP-ENV="http://schemas.xmlsoap.org/soap/envelope/" xmlns:ns1="http://ws.sig.smb.ericsson.com/" xmlns:ns2="http://docs.oasis-open.org/wss/2004/01/oasis-200401-wss-wssecurity-secext-1.0.xsd"><SOAP-ENV:Header><wsse:Security xmlns:wsse="http://docs.oasis-open.org/wss/2004/01/oasis-200401-wss-wssecurity-secext-1.0.xsd">
                                            <wsse:UsernameToken xmlns:wsu="http://docs.oasis-open.org/wss/2004/01/oasis-200401-wss-wssecurity-utility-1.0.xsd">
                                                   	<wsse:Username>WEBMAPS_MX</wsse:Username>
							<wsse:Password>pay@webmaps</wsse:Password>
							<wsu:Created>2015-04-20T18:08:49.909Z</wsu:Created>
                                            </wsse:UsernameToken>
                                            </wsse:Security></SOAP-ENV:Header><SOAP-ENV:Body><ns1:retrieveSubscriber><msisdn>525546200048</msisdn><serviceCode>CD01</serviceCode></ns1:retrieveSubscriber></SOAP-ENV:Body></SOAP-ENV:Envelope>

16:20:28 - XMLReceived|<?xml version='1.0' encoding='UTF-8'?><S:Envelope xmlns:S="http://schemas.xmlsoap.org/soap/envelope/"><S:Body><ns2:retrieveSubscriberResponse xmlns:ns2="http://ws.mcds.smb.ericsson.com/" xmlns:ns3="http://ws.sig.smb.ericsson.com/"><return><subMarketId>IDEN</subMarketId><paymentMethodList>1</paymentMethodList><countryId>Mexico</countryId></return></ns2:retrieveSubscriberResponse></S:Body></S:Envelope>
16:20:29 - H=1683|OP=[amountCharging]---------------------------------------------------------
16:20:29 - Target|https://sdpvas.nexteldata.com.mx:7443/parlayx-payment/services/AmountChargingService?wsdl
16:20:29 - XMLSent|
16:20:29 - XMLReceived|
16:47:50 - H=3934|OP=[retrieveSubscriber]---------------------------------------------------------
16:47:50 - Target|https://sdpvas.nexteldata.com.mx:8443/SmdbWebService/subscriber?wsdl
16:47:50 - XMLSent|<?xml version="1.0" encoding="UTF-8"?>
<SOAP-ENV:Envelope xmlns:SOAP-ENV="http://schemas.xmlsoap.org/soap/envelope/" xmlns:ns1="http://ws.sig.smb.ericsson.com/" xmlns:ns2="http://docs.oasis-open.org/wss/2004/01/oasis-200401-wss-wssecurity-secext-1.0.xsd"><SOAP-ENV:Header><wsse:Security xmlns:wsse="http://docs.oasis-open.org/wss/2004/01/oasis-200401-wss-wssecurity-secext-1.0.xsd">
                                            <wsse:UsernameToken xmlns:wsu="http://docs.oasis-open.org/wss/2004/01/oasis-200401-wss-wssecurity-utility-1.0.xsd">
                                                   	<wsse:Username>WEBMAPS_MX</wsse:Username>
							<wsse:Password>pay@webmaps</wsse:Password>
							<wsu:Created>2015-04-20T18:08:49.909Z</wsu:Created>
                                            </wsse:UsernameToken>
                                            </wsse:Security></SOAP-ENV:Header><SOAP-ENV:Body><ns1:retrieveSubscriber><msisdn>525569180815</msisdn><serviceCode>CD01</serviceCode></ns1:retrieveSubscriber></SOAP-ENV:Body></SOAP-ENV:Envelope>

16:47:50 - XMLReceived|<?xml version='1.0' encoding='UTF-8'?><S:Envelope xmlns:S="http://schemas.xmlsoap.org/soap/envelope/"><S:Body><ns2:retrieveSubscriberResponse xmlns:ns2="http://ws.mcds.smb.ericsson.com/" xmlns:ns3="http://ws.sig.smb.ericsson.com/"><return><subMarketId>IDEN</subMarketId><countryId>Mexico</countryId></return></ns2:retrieveSubscriberResponse></S:Body></S:Envelope>
16:47:52 - H=3934|OP=[retrieveSubscriber]---------------------------------------------------------
16:47:52 - Target|https://sdpvas.nexteldata.com.mx:8443/SmdbWebService/subscriber?wsdl
16:47:52 - XMLSent|<?xml version="1.0" encoding="UTF-8"?>
<SOAP-ENV:Envelope xmlns:SOAP-ENV="http://schemas.xmlsoap.org/soap/envelope/" xmlns:ns1="http://ws.sig.smb.ericsson.com/" xmlns:ns2="http://docs.oasis-open.org/wss/2004/01/oasis-200401-wss-wssecurity-secext-1.0.xsd"><SOAP-ENV:Header><wsse:Security xmlns:wsse="http://docs.oasis-open.org/wss/2004/01/oasis-200401-wss-wssecurity-secext-1.0.xsd">
                                            <wsse:UsernameToken xmlns:wsu="http://docs.oasis-open.org/wss/2004/01/oasis-200401-wss-wssecurity-utility-1.0.xsd">
                                                   	<wsse:Username>WEBMAPS_MX</wsse:Username>
							<wsse:Password>pay@webmaps</wsse:Password>
							<wsu:Created>2015-04-20T18:08:49.909Z</wsu:Created>
                                            </wsse:UsernameToken>
                                            </wsse:Security></SOAP-ENV:Header><SOAP-ENV:Body><ns1:retrieveSubscriber><msisdn>525569180815</msisdn><serviceCode>CD01</serviceCode></ns1:retrieveSubscriber></SOAP-ENV:Body></SOAP-ENV:Envelope>

16:47:52 - XMLReceived|<?xml version='1.0' encoding='UTF-8'?><S:Envelope xmlns:S="http://schemas.xmlsoap.org/soap/envelope/"><S:Body><ns2:retrieveSubscriberResponse xmlns:ns2="http://ws.mcds.smb.ericsson.com/" xmlns:ns3="http://ws.sig.smb.ericsson.com/"><return><subMarketId>IDEN</subMarketId><countryId>Mexico</countryId></return></ns2:retrieveSubscriberResponse></S:Body></S:Envelope>
16:50:38 - H=1570|OP=[retrieveSubscriber]---------------------------------------------------------
16:50:38 - Target|https://sdpvas.nexteldata.com.mx:8443/SmdbWebService/subscriber?wsdl
16:50:38 - XMLSent|<?xml version="1.0" encoding="UTF-8"?>
<SOAP-ENV:Envelope xmlns:SOAP-ENV="http://schemas.xmlsoap.org/soap/envelope/" xmlns:ns1="http://ws.sig.smb.ericsson.com/" xmlns:ns2="http://docs.oasis-open.org/wss/2004/01/oasis-200401-wss-wssecurity-secext-1.0.xsd"><SOAP-ENV:Header><wsse:Security xmlns:wsse="http://docs.oasis-open.org/wss/2004/01/oasis-200401-wss-wssecurity-secext-1.0.xsd">
                                            <wsse:UsernameToken xmlns:wsu="http://docs.oasis-open.org/wss/2004/01/oasis-200401-wss-wssecurity-utility-1.0.xsd">
                                                   	<wsse:Username>WEBMAPS_MX</wsse:Username>
							<wsse:Password>pay@webmaps</wsse:Password>
							<wsu:Created>2015-04-20T18:08:49.909Z</wsu:Created>
                                            </wsse:UsernameToken>
                                            </wsse:Security></SOAP-ENV:Header><SOAP-ENV:Body><ns1:retrieveSubscriber><msisdn>525510406656</msisdn><serviceCode>CD01</serviceCode></ns1:retrieveSubscriber></SOAP-ENV:Body></SOAP-ENV:Envelope>

16:50:38 - XMLReceived|<?xml version='1.0' encoding='UTF-8'?><S:Envelope xmlns:S="http://schemas.xmlsoap.org/soap/envelope/"><S:Body><ns2:retrieveSubscriberResponse xmlns:ns2="http://ws.mcds.smb.ericsson.com/" xmlns:ns3="http://ws.sig.smb.ericsson.com/"><return><subMarketId>3G</subMarketId><paymentMethodList>1</paymentMethodList><countryId>Mexico</countryId></return></ns2:retrieveSubscriberResponse></S:Body></S:Envelope>
16:50:39 - H=1570|OP=[amountCharging]---------------------------------------------------------
16:50:39 - Target|https://sdpvas.nexteldata.com.mx:7443/parlayx-payment/services/AmountChargingService?wsdl
16:50:39 - XMLSent|
16:50:39 - XMLReceived|
16:50:44 - H=1570|OP=[retrieveSubscriber]---------------------------------------------------------
16:50:44 - Target|https://sdpvas.nexteldata.com.mx:8443/SmdbWebService/subscriber?wsdl
16:50:44 - XMLSent|<?xml version="1.0" encoding="UTF-8"?>
<SOAP-ENV:Envelope xmlns:SOAP-ENV="http://schemas.xmlsoap.org/soap/envelope/" xmlns:ns1="http://ws.sig.smb.ericsson.com/" xmlns:ns2="http://docs.oasis-open.org/wss/2004/01/oasis-200401-wss-wssecurity-secext-1.0.xsd"><SOAP-ENV:Header><wsse:Security xmlns:wsse="http://docs.oasis-open.org/wss/2004/01/oasis-200401-wss-wssecurity-secext-1.0.xsd">
                                            <wsse:UsernameToken xmlns:wsu="http://docs.oasis-open.org/wss/2004/01/oasis-200401-wss-wssecurity-utility-1.0.xsd">
                                                   	<wsse:Username>WEBMAPS_MX</wsse:Username>
							<wsse:Password>pay@webmaps</wsse:Password>
							<wsu:Created>2015-04-20T18:08:49.909Z</wsu:Created>
                                            </wsse:UsernameToken>
                                            </wsse:Security></SOAP-ENV:Header><SOAP-ENV:Body><ns1:retrieveSubscriber><msisdn>525510406656</msisdn><serviceCode>CD01</serviceCode></ns1:retrieveSubscriber></SOAP-ENV:Body></SOAP-ENV:Envelope>

16:50:44 - XMLReceived|<?xml version='1.0' encoding='UTF-8'?><S:Envelope xmlns:S="http://schemas.xmlsoap.org/soap/envelope/"><S:Body><ns2:retrieveSubscriberResponse xmlns:ns2="http://ws.mcds.smb.ericsson.com/" xmlns:ns3="http://ws.sig.smb.ericsson.com/"><return><subMarketId>3G</subMarketId><paymentMethodList>1</paymentMethodList><countryId>Mexico</countryId></return></ns2:retrieveSubscriberResponse></S:Body></S:Envelope>
16:50:45 - H=1570|OP=[amountCharging]---------------------------------------------------------
16:50:45 - Target|https://sdpvas.nexteldata.com.mx:7443/parlayx-payment/services/AmountChargingService?wsdl
16:50:45 - XMLSent|
16:50:45 - XMLReceived|
17:59:54 - H=4283|OP=[retrieveSubscriber]---------------------------------------------------------
17:59:54 - Target|https://sdpvas.nexteldata.com.mx:8443/SmdbWebService/subscriber?wsdl
17:59:54 - XMLSent|<?xml version="1.0" encoding="UTF-8"?>
<SOAP-ENV:Envelope xmlns:SOAP-ENV="http://schemas.xmlsoap.org/soap/envelope/" xmlns:ns1="http://ws.sig.smb.ericsson.com/" xmlns:ns2="http://docs.oasis-open.org/wss/2004/01/oasis-200401-wss-wssecurity-secext-1.0.xsd"><SOAP-ENV:Header><wsse:Security xmlns:wsse="http://docs.oasis-open.org/wss/2004/01/oasis-200401-wss-wssecurity-secext-1.0.xsd">
                                            <wsse:UsernameToken xmlns:wsu="http://docs.oasis-open.org/wss/2004/01/oasis-200401-wss-wssecurity-utility-1.0.xsd">
                                                   	<wsse:Username>WEBMAPS_MX</wsse:Username>
							<wsse:Password>pay@webmaps</wsse:Password>
							<wsu:Created>2015-04-20T18:08:49.909Z</wsu:Created>
                                            </wsse:UsernameToken>
                                            </wsse:Security></SOAP-ENV:Header><SOAP-ENV:Body><ns1:retrieveSubscriber><msisdn>525570133540</msisdn><serviceCode>CD01</serviceCode></ns1:retrieveSubscriber></SOAP-ENV:Body></SOAP-ENV:Envelope>

17:59:54 - XMLReceived|<?xml version='1.0' encoding='UTF-8'?><S:Envelope xmlns:S="http://schemas.xmlsoap.org/soap/envelope/"><S:Body><ns2:retrieveSubscriberResponse xmlns:ns2="http://ws.mcds.smb.ericsson.com/" xmlns:ns3="http://ws.sig.smb.ericsson.com/"><return><subMarketId>3G</subMarketId><paymentMethodList>2</paymentMethodList><countryId>Mexico</countryId></return></ns2:retrieveSubscriberResponse></S:Body></S:Envelope>
17:59:55 - H=4283|OP=[amountCharging]---------------------------------------------------------
17:59:55 - Target|https://sdpvas.nexteldata.com.mx:7443/parlayx-payment/services/AmountChargingService?wsdl
17:59:55 - XMLSent|
17:59:55 - XMLReceived|
17:59:57 - H=4283|OP=[retrieveSubscriber]---------------------------------------------------------
17:59:57 - Target|https://sdpvas.nexteldata.com.mx:8443/SmdbWebService/subscriber?wsdl
17:59:57 - XMLSent|<?xml version="1.0" encoding="UTF-8"?>
<SOAP-ENV:Envelope xmlns:SOAP-ENV="http://schemas.xmlsoap.org/soap/envelope/" xmlns:ns1="http://ws.sig.smb.ericsson.com/" xmlns:ns2="http://docs.oasis-open.org/wss/2004/01/oasis-200401-wss-wssecurity-secext-1.0.xsd"><SOAP-ENV:Header><wsse:Security xmlns:wsse="http://docs.oasis-open.org/wss/2004/01/oasis-200401-wss-wssecurity-secext-1.0.xsd">
                                            <wsse:UsernameToken xmlns:wsu="http://docs.oasis-open.org/wss/2004/01/oasis-200401-wss-wssecurity-utility-1.0.xsd">
                                                   	<wsse:Username>WEBMAPS_MX</wsse:Username>
							<wsse:Password>pay@webmaps</wsse:Password>
							<wsu:Created>2015-04-20T18:08:49.909Z</wsu:Created>
                                            </wsse:UsernameToken>
                                            </wsse:Security></SOAP-ENV:Header><SOAP-ENV:Body><ns1:retrieveSubscriber><msisdn>525570133540</msisdn><serviceCode>CD01</serviceCode></ns1:retrieveSubscriber></SOAP-ENV:Body></SOAP-ENV:Envelope>

17:59:57 - XMLReceived|<?xml version='1.0' encoding='UTF-8'?><S:Envelope xmlns:S="http://schemas.xmlsoap.org/soap/envelope/"><S:Body><ns2:retrieveSubscriberResponse xmlns:ns2="http://ws.mcds.smb.ericsson.com/" xmlns:ns3="http://ws.sig.smb.ericsson.com/"><return><subMarketId>3G</subMarketId><paymentMethodList>2</paymentMethodList><countryId>Mexico</countryId></return></ns2:retrieveSubscriberResponse></S:Body></S:Envelope>
17:59:58 - H=4283|OP=[amountCharging]---------------------------------------------------------
17:59:58 - Target|https://sdpvas.nexteldata.com.mx:7443/parlayx-payment/services/AmountChargingService?wsdl
17:59:58 - XMLSent|
17:59:58 - XMLReceived|
18:37:10 - H=2092|OP=[retrieveSubscriber]---------------------------------------------------------
18:37:10 - Target|https://sdpvas.nexteldata.com.mx:8443/SmdbWebService/subscriber?wsdl
18:37:10 - XMLSent|<?xml version="1.0" encoding="UTF-8"?>
<SOAP-ENV:Envelope xmlns:SOAP-ENV="http://schemas.xmlsoap.org/soap/envelope/" xmlns:ns1="http://ws.sig.smb.ericsson.com/" xmlns:ns2="http://docs.oasis-open.org/wss/2004/01/oasis-200401-wss-wssecurity-secext-1.0.xsd"><SOAP-ENV:Header><wsse:Security xmlns:wsse="http://docs.oasis-open.org/wss/2004/01/oasis-200401-wss-wssecurity-secext-1.0.xsd">
                                            <wsse:UsernameToken xmlns:wsu="http://docs.oasis-open.org/wss/2004/01/oasis-200401-wss-wssecurity-utility-1.0.xsd">
                                                   	<wsse:Username>WEBMAPS_MX</wsse:Username>
							<wsse:Password>pay@webmaps</wsse:Password>
							<wsu:Created>2015-04-20T18:08:49.909Z</wsu:Created>
                                            </wsse:UsernameToken>
                                            </wsse:Security></SOAP-ENV:Header><SOAP-ENV:Body><ns1:retrieveSubscriber><msisdn>528180311386</msisdn><serviceCode>CD01</serviceCode></ns1:retrieveSubscriber></SOAP-ENV:Body></SOAP-ENV:Envelope>

18:37:10 - XMLReceived|<?xml version='1.0' encoding='UTF-8'?><S:Envelope xmlns:S="http://schemas.xmlsoap.org/soap/envelope/"><S:Body><ns2:retrieveSubscriberResponse xmlns:ns2="http://ws.mcds.smb.ericsson.com/" xmlns:ns3="http://ws.sig.smb.ericsson.com/"><return><subMarketId>IDEN</subMarketId><paymentMethodList>1</paymentMethodList><countryId>Mexico</countryId></return></ns2:retrieveSubscriberResponse></S:Body></S:Envelope>
18:37:11 - H=2092|OP=[amountCharging]---------------------------------------------------------
18:37:11 - Target|https://sdpvas.nexteldata.com.mx:7443/parlayx-payment/services/AmountChargingService?wsdl
18:37:11 - XMLSent|
18:37:11 - XMLReceived|
18:37:15 - H=2092|OP=[retrieveSubscriber]---------------------------------------------------------
18:37:15 - Target|https://sdpvas.nexteldata.com.mx:8443/SmdbWebService/subscriber?wsdl
18:37:15 - XMLSent|<?xml version="1.0" encoding="UTF-8"?>
<SOAP-ENV:Envelope xmlns:SOAP-ENV="http://schemas.xmlsoap.org/soap/envelope/" xmlns:ns1="http://ws.sig.smb.ericsson.com/" xmlns:ns2="http://docs.oasis-open.org/wss/2004/01/oasis-200401-wss-wssecurity-secext-1.0.xsd"><SOAP-ENV:Header><wsse:Security xmlns:wsse="http://docs.oasis-open.org/wss/2004/01/oasis-200401-wss-wssecurity-secext-1.0.xsd">
                                            <wsse:UsernameToken xmlns:wsu="http://docs.oasis-open.org/wss/2004/01/oasis-200401-wss-wssecurity-utility-1.0.xsd">
                                                   	<wsse:Username>WEBMAPS_MX</wsse:Username>
							<wsse:Password>pay@webmaps</wsse:Password>
							<wsu:Created>2015-04-20T18:08:49.909Z</wsu:Created>
                                            </wsse:UsernameToken>
                                            </wsse:Security></SOAP-ENV:Header><SOAP-ENV:Body><ns1:retrieveSubscriber><msisdn>528180311386</msisdn><serviceCode>CD01</serviceCode></ns1:retrieveSubscriber></SOAP-ENV:Body></SOAP-ENV:Envelope>

18:37:15 - XMLReceived|<?xml version='1.0' encoding='UTF-8'?><S:Envelope xmlns:S="http://schemas.xmlsoap.org/soap/envelope/"><S:Body><ns2:retrieveSubscriberResponse xmlns:ns2="http://ws.mcds.smb.ericsson.com/" xmlns:ns3="http://ws.sig.smb.ericsson.com/"><return><subMarketId>IDEN</subMarketId><paymentMethodList>1</paymentMethodList><countryId>Mexico</countryId></return></ns2:retrieveSubscriberResponse></S:Body></S:Envelope>
18:37:16 - H=2092|OP=[amountCharging]---------------------------------------------------------
18:37:16 - Target|https://sdpvas.nexteldata.com.mx:7443/parlayx-payment/services/AmountChargingService?wsdl
18:37:16 - XMLSent|
18:37:16 - XMLReceived|
18:56:07 - H=4284|OP=[retrieveSubscriber]---------------------------------------------------------
18:56:07 - Target|https://sdpvas.nexteldata.com.mx:8443/SmdbWebService/subscriber?wsdl
18:56:07 - XMLSent|<?xml version="1.0" encoding="UTF-8"?>
<SOAP-ENV:Envelope xmlns:SOAP-ENV="http://schemas.xmlsoap.org/soap/envelope/" xmlns:ns1="http://ws.sig.smb.ericsson.com/" xmlns:ns2="http://docs.oasis-open.org/wss/2004/01/oasis-200401-wss-wssecurity-secext-1.0.xsd"><SOAP-ENV:Header><wsse:Security xmlns:wsse="http://docs.oasis-open.org/wss/2004/01/oasis-200401-wss-wssecurity-secext-1.0.xsd">
                                            <wsse:UsernameToken xmlns:wsu="http://docs.oasis-open.org/wss/2004/01/oasis-200401-wss-wssecurity-utility-1.0.xsd">
                                                   	<wsse:Username>WEBMAPS_MX</wsse:Username>
							<wsse:Password>pay@webmaps</wsse:Password>
							<wsu:Created>2015-04-20T18:08:49.909Z</wsu:Created>
                                            </wsse:UsernameToken>
                                            </wsse:Security></SOAP-ENV:Header><SOAP-ENV:Body><ns1:retrieveSubscriber><msisdn>524731411004</msisdn><serviceCode>CD01</serviceCode></ns1:retrieveSubscriber></SOAP-ENV:Body></SOAP-ENV:Envelope>

18:56:07 - XMLReceived|<?xml version='1.0' encoding='UTF-8'?><S:Envelope xmlns:S="http://schemas.xmlsoap.org/soap/envelope/"><S:Body><ns2:retrieveSubscriberResponse xmlns:ns2="http://ws.mcds.smb.ericsson.com/" xmlns:ns3="http://ws.sig.smb.ericsson.com/"><return><subMarketId>IDEN</subMarketId><paymentMethodList>1</paymentMethodList><countryId>Mexico</countryId></return></ns2:retrieveSubscriberResponse></S:Body></S:Envelope>
18:56:08 - H=4284|OP=[amountCharging]---------------------------------------------------------
18:56:08 - Target|https://sdpvas.nexteldata.com.mx:7443/parlayx-payment/services/AmountChargingService?wsdl
18:56:08 - XMLSent|
18:56:08 - XMLReceived|
18:56:10 - H=4284|OP=[retrieveSubscriber]---------------------------------------------------------
18:56:10 - Target|https://sdpvas.nexteldata.com.mx:8443/SmdbWebService/subscriber?wsdl
18:56:10 - XMLSent|<?xml version="1.0" encoding="UTF-8"?>
<SOAP-ENV:Envelope xmlns:SOAP-ENV="http://schemas.xmlsoap.org/soap/envelope/" xmlns:ns1="http://ws.sig.smb.ericsson.com/" xmlns:ns2="http://docs.oasis-open.org/wss/2004/01/oasis-200401-wss-wssecurity-secext-1.0.xsd"><SOAP-ENV:Header><wsse:Security xmlns:wsse="http://docs.oasis-open.org/wss/2004/01/oasis-200401-wss-wssecurity-secext-1.0.xsd">
                                            <wsse:UsernameToken xmlns:wsu="http://docs.oasis-open.org/wss/2004/01/oasis-200401-wss-wssecurity-utility-1.0.xsd">
                                                   	<wsse:Username>WEBMAPS_MX</wsse:Username>
							<wsse:Password>pay@webmaps</wsse:Password>
							<wsu:Created>2015-04-20T18:08:49.909Z</wsu:Created>
                                            </wsse:UsernameToken>
                                            </wsse:Security></SOAP-ENV:Header><SOAP-ENV:Body><ns1:retrieveSubscriber><msisdn>524731411004</msisdn><serviceCode>CD01</serviceCode></ns1:retrieveSubscriber></SOAP-ENV:Body></SOAP-ENV:Envelope>

18:56:10 - XMLReceived|<?xml version='1.0' encoding='UTF-8'?><S:Envelope xmlns:S="http://schemas.xmlsoap.org/soap/envelope/"><S:Body><ns2:retrieveSubscriberResponse xmlns:ns2="http://ws.mcds.smb.ericsson.com/" xmlns:ns3="http://ws.sig.smb.ericsson.com/"><return><subMarketId>IDEN</subMarketId><paymentMethodList>1</paymentMethodList><countryId>Mexico</countryId></return></ns2:retrieveSubscriberResponse></S:Body></S:Envelope>
18:56:11 - H=4284|OP=[amountCharging]---------------------------------------------------------
18:56:11 - Target|https://sdpvas.nexteldata.com.mx:7443/parlayx-payment/services/AmountChargingService?wsdl
18:56:11 - XMLSent|
18:56:11 - XMLReceived|
19:26:30 - H=3826|OP=[retrieveSubscriber]---------------------------------------------------------
19:26:30 - Target|https://sdpvas.nexteldata.com.mx:8443/SmdbWebService/subscriber?wsdl
19:26:30 - XMLSent|<?xml version="1.0" encoding="UTF-8"?>
<SOAP-ENV:Envelope xmlns:SOAP-ENV="http://schemas.xmlsoap.org/soap/envelope/" xmlns:ns1="http://ws.sig.smb.ericsson.com/" xmlns:ns2="http://docs.oasis-open.org/wss/2004/01/oasis-200401-wss-wssecurity-secext-1.0.xsd"><SOAP-ENV:Header><wsse:Security xmlns:wsse="http://docs.oasis-open.org/wss/2004/01/oasis-200401-wss-wssecurity-secext-1.0.xsd">
                                            <wsse:UsernameToken xmlns:wsu="http://docs.oasis-open.org/wss/2004/01/oasis-200401-wss-wssecurity-utility-1.0.xsd">
                                                   	<wsse:Username>WEBMAPS_MX</wsse:Username>
							<wsse:Password>pay@webmaps</wsse:Password>
							<wsu:Created>2015-04-20T18:08:49.909Z</wsu:Created>
                                            </wsse:UsernameToken>
                                            </wsse:Security></SOAP-ENV:Header><SOAP-ENV:Body><ns1:retrieveSubscriber><msisdn>526241980963</msisdn><serviceCode>CD01</serviceCode></ns1:retrieveSubscriber></SOAP-ENV:Body></SOAP-ENV:Envelope>

19:26:30 - XMLReceived|<?xml version='1.0' encoding='UTF-8'?><S:Envelope xmlns:S="http://schemas.xmlsoap.org/soap/envelope/"><S:Body><ns2:retrieveSubscriberResponse xmlns:ns2="http://ws.mcds.smb.ericsson.com/" xmlns:ns3="http://ws.sig.smb.ericsson.com/"><return><subMarketId>IDEN</subMarketId><countryId>Mexico</countryId></return></ns2:retrieveSubscriberResponse></S:Body></S:Envelope>
19:26:32 - H=3826|OP=[retrieveSubscriber]---------------------------------------------------------
19:26:32 - Target|https://sdpvas.nexteldata.com.mx:8443/SmdbWebService/subscriber?wsdl
19:26:32 - XMLSent|<?xml version="1.0" encoding="UTF-8"?>
<SOAP-ENV:Envelope xmlns:SOAP-ENV="http://schemas.xmlsoap.org/soap/envelope/" xmlns:ns1="http://ws.sig.smb.ericsson.com/" xmlns:ns2="http://docs.oasis-open.org/wss/2004/01/oasis-200401-wss-wssecurity-secext-1.0.xsd"><SOAP-ENV:Header><wsse:Security xmlns:wsse="http://docs.oasis-open.org/wss/2004/01/oasis-200401-wss-wssecurity-secext-1.0.xsd">
                                            <wsse:UsernameToken xmlns:wsu="http://docs.oasis-open.org/wss/2004/01/oasis-200401-wss-wssecurity-utility-1.0.xsd">
                                                   	<wsse:Username>WEBMAPS_MX</wsse:Username>
							<wsse:Password>pay@webmaps</wsse:Password>
							<wsu:Created>2015-04-20T18:08:49.909Z</wsu:Created>
                                            </wsse:UsernameToken>
                                            </wsse:Security></SOAP-ENV:Header><SOAP-ENV:Body><ns1:retrieveSubscriber><msisdn>526241980963</msisdn><serviceCode>CD01</serviceCode></ns1:retrieveSubscriber></SOAP-ENV:Body></SOAP-ENV:Envelope>

19:26:32 - XMLReceived|<?xml version='1.0' encoding='UTF-8'?><S:Envelope xmlns:S="http://schemas.xmlsoap.org/soap/envelope/"><S:Body><ns2:retrieveSubscriberResponse xmlns:ns2="http://ws.mcds.smb.ericsson.com/" xmlns:ns3="http://ws.sig.smb.ericsson.com/"><return><subMarketId>IDEN</subMarketId><countryId>Mexico</countryId></return></ns2:retrieveSubscriberResponse></S:Body></S:Envelope>
19:30:14 - H=4134|OP=[retrieveSubscriber]---------------------------------------------------------
19:30:14 - Target|https://sdpvas.nexteldata.com.mx:8443/SmdbWebService/subscriber?wsdl
19:30:14 - XMLSent|<?xml version="1.0" encoding="UTF-8"?>
<SOAP-ENV:Envelope xmlns:SOAP-ENV="http://schemas.xmlsoap.org/soap/envelope/" xmlns:ns1="http://ws.sig.smb.ericsson.com/" xmlns:ns2="http://docs.oasis-open.org/wss/2004/01/oasis-200401-wss-wssecurity-secext-1.0.xsd"><SOAP-ENV:Header><wsse:Security xmlns:wsse="http://docs.oasis-open.org/wss/2004/01/oasis-200401-wss-wssecurity-secext-1.0.xsd">
                                            <wsse:UsernameToken xmlns:wsu="http://docs.oasis-open.org/wss/2004/01/oasis-200401-wss-wssecurity-utility-1.0.xsd">
                                                   	<wsse:Username>WEBMAPS_MX</wsse:Username>
							<wsse:Password>pay@webmaps</wsse:Password>
							<wsu:Created>2015-04-20T18:08:49.909Z</wsu:Created>
                                            </wsse:UsernameToken>
                                            </wsse:Security></SOAP-ENV:Header><SOAP-ENV:Body><ns1:retrieveSubscriber><msisdn>527821555236</msisdn><serviceCode>CD01</serviceCode></ns1:retrieveSubscriber></SOAP-ENV:Body></SOAP-ENV:Envelope>

19:30:14 - XMLReceived|<?xml version='1.0' encoding='UTF-8'?><S:Envelope xmlns:S="http://schemas.xmlsoap.org/soap/envelope/"><S:Body><ns2:retrieveSubscriberResponse xmlns:ns2="http://ws.mcds.smb.ericsson.com/" xmlns:ns3="http://ws.sig.smb.ericsson.com/"><return><subMarketId>3G</subMarketId><paymentMethodList>2</paymentMethodList><countryId>Mexico</countryId></return></ns2:retrieveSubscriberResponse></S:Body></S:Envelope>
19:30:15 - H=4134|OP=[amountCharging]---------------------------------------------------------
19:30:15 - Target|https://sdpvas.nexteldata.com.mx:7443/parlayx-payment/services/AmountChargingService?wsdl
19:30:15 - XMLSent|
19:30:15 - XMLReceived|
19:30:17 - H=4134|OP=[retrieveSubscriber]---------------------------------------------------------
19:30:17 - Target|https://sdpvas.nexteldata.com.mx:8443/SmdbWebService/subscriber?wsdl
19:30:17 - XMLSent|<?xml version="1.0" encoding="UTF-8"?>
<SOAP-ENV:Envelope xmlns:SOAP-ENV="http://schemas.xmlsoap.org/soap/envelope/" xmlns:ns1="http://ws.sig.smb.ericsson.com/" xmlns:ns2="http://docs.oasis-open.org/wss/2004/01/oasis-200401-wss-wssecurity-secext-1.0.xsd"><SOAP-ENV:Header><wsse:Security xmlns:wsse="http://docs.oasis-open.org/wss/2004/01/oasis-200401-wss-wssecurity-secext-1.0.xsd">
                                            <wsse:UsernameToken xmlns:wsu="http://docs.oasis-open.org/wss/2004/01/oasis-200401-wss-wssecurity-utility-1.0.xsd">
                                                   	<wsse:Username>WEBMAPS_MX</wsse:Username>
							<wsse:Password>pay@webmaps</wsse:Password>
							<wsu:Created>2015-04-20T18:08:49.909Z</wsu:Created>
                                            </wsse:UsernameToken>
                                            </wsse:Security></SOAP-ENV:Header><SOAP-ENV:Body><ns1:retrieveSubscriber><msisdn>527821555236</msisdn><serviceCode>CD01</serviceCode></ns1:retrieveSubscriber></SOAP-ENV:Body></SOAP-ENV:Envelope>

19:30:17 - XMLReceived|<?xml version='1.0' encoding='UTF-8'?><S:Envelope xmlns:S="http://schemas.xmlsoap.org/soap/envelope/"><S:Body><ns2:retrieveSubscriberResponse xmlns:ns2="http://ws.mcds.smb.ericsson.com/" xmlns:ns3="http://ws.sig.smb.ericsson.com/"><return><subMarketId>3G</subMarketId><paymentMethodList>2</paymentMethodList><countryId>Mexico</countryId></return></ns2:retrieveSubscriberResponse></S:Body></S:Envelope>
19:30:18 - H=4134|OP=[amountCharging]---------------------------------------------------------
19:30:18 - Target|https://sdpvas.nexteldata.com.mx:7443/parlayx-payment/services/AmountChargingService?wsdl
19:30:18 - XMLSent|
19:30:18 - XMLReceived|
19:36:21 - H=4285|OP=[retrieveSubscriber]---------------------------------------------------------
19:36:21 - Target|https://sdpvas.nexteldata.com.mx:8443/SmdbWebService/subscriber?wsdl
19:36:21 - XMLSent|<?xml version="1.0" encoding="UTF-8"?>
<SOAP-ENV:Envelope xmlns:SOAP-ENV="http://schemas.xmlsoap.org/soap/envelope/" xmlns:ns1="http://ws.sig.smb.ericsson.com/" xmlns:ns2="http://docs.oasis-open.org/wss/2004/01/oasis-200401-wss-wssecurity-secext-1.0.xsd"><SOAP-ENV:Header><wsse:Security xmlns:wsse="http://docs.oasis-open.org/wss/2004/01/oasis-200401-wss-wssecurity-secext-1.0.xsd">
                                            <wsse:UsernameToken xmlns:wsu="http://docs.oasis-open.org/wss/2004/01/oasis-200401-wss-wssecurity-utility-1.0.xsd">
                                                   	<wsse:Username>WEBMAPS_MX</wsse:Username>
							<wsse:Password>pay@webmaps</wsse:Password>
							<wsu:Created>2015-04-20T18:08:49.909Z</wsu:Created>
                                            </wsse:UsernameToken>
                                            </wsse:Security></SOAP-ENV:Header><SOAP-ENV:Body><ns1:retrieveSubscriber><msisdn>524421253197</msisdn><serviceCode>CD01</serviceCode></ns1:retrieveSubscriber></SOAP-ENV:Body></SOAP-ENV:Envelope>

19:36:21 - XMLReceived|<?xml version='1.0' encoding='UTF-8'?><S:Envelope xmlns:S="http://schemas.xmlsoap.org/soap/envelope/"><S:Body><ns2:retrieveSubscriberResponse xmlns:ns2="http://ws.mcds.smb.ericsson.com/" xmlns:ns3="http://ws.sig.smb.ericsson.com/"><return><subMarketId>3G</subMarketId><paymentMethodList>1</paymentMethodList><countryId>Mexico</countryId></return></ns2:retrieveSubscriberResponse></S:Body></S:Envelope>
19:36:23 - H=4285|OP=[amountCharging]---------------------------------------------------------
19:36:23 - Target|https://sdpvas.nexteldata.com.mx:7443/parlayx-payment/services/AmountChargingService?wsdl
19:36:23 - XMLSent|
19:36:23 - XMLReceived|
19:36:25 - H=4285|OP=[retrieveSubscriber]---------------------------------------------------------
19:36:25 - Target|https://sdpvas.nexteldata.com.mx:8443/SmdbWebService/subscriber?wsdl
19:36:25 - XMLSent|<?xml version="1.0" encoding="UTF-8"?>
<SOAP-ENV:Envelope xmlns:SOAP-ENV="http://schemas.xmlsoap.org/soap/envelope/" xmlns:ns1="http://ws.sig.smb.ericsson.com/" xmlns:ns2="http://docs.oasis-open.org/wss/2004/01/oasis-200401-wss-wssecurity-secext-1.0.xsd"><SOAP-ENV:Header><wsse:Security xmlns:wsse="http://docs.oasis-open.org/wss/2004/01/oasis-200401-wss-wssecurity-secext-1.0.xsd">
                                            <wsse:UsernameToken xmlns:wsu="http://docs.oasis-open.org/wss/2004/01/oasis-200401-wss-wssecurity-utility-1.0.xsd">
                                                   	<wsse:Username>WEBMAPS_MX</wsse:Username>
							<wsse:Password>pay@webmaps</wsse:Password>
							<wsu:Created>2015-04-20T18:08:49.909Z</wsu:Created>
                                            </wsse:UsernameToken>
                                            </wsse:Security></SOAP-ENV:Header><SOAP-ENV:Body><ns1:retrieveSubscriber><msisdn>524421253197</msisdn><serviceCode>CD01</serviceCode></ns1:retrieveSubscriber></SOAP-ENV:Body></SOAP-ENV:Envelope>

19:36:25 - XMLReceived|<?xml version='1.0' encoding='UTF-8'?><S:Envelope xmlns:S="http://schemas.xmlsoap.org/soap/envelope/"><S:Body><ns2:retrieveSubscriberResponse xmlns:ns2="http://ws.mcds.smb.ericsson.com/" xmlns:ns3="http://ws.sig.smb.ericsson.com/"><return><subMarketId>3G</subMarketId><paymentMethodList>1</paymentMethodList><countryId>Mexico</countryId></return></ns2:retrieveSubscriberResponse></S:Body></S:Envelope>
19:36:26 - H=4285|OP=[amountCharging]---------------------------------------------------------
19:36:26 - Target|https://sdpvas.nexteldata.com.mx:7443/parlayx-payment/services/AmountChargingService?wsdl
19:36:26 - XMLSent|
19:36:26 - XMLReceived|
20:46:58 - H=3441|OP=[retrieveSubscriber]---------------------------------------------------------
20:46:58 - Target|https://sdpvas.nexteldata.com.mx:8443/SmdbWebService/subscriber?wsdl
20:46:58 - XMLSent|<?xml version="1.0" encoding="UTF-8"?>
<SOAP-ENV:Envelope xmlns:SOAP-ENV="http://schemas.xmlsoap.org/soap/envelope/" xmlns:ns1="http://ws.sig.smb.ericsson.com/" xmlns:ns2="http://docs.oasis-open.org/wss/2004/01/oasis-200401-wss-wssecurity-secext-1.0.xsd"><SOAP-ENV:Header><wsse:Security xmlns:wsse="http://docs.oasis-open.org/wss/2004/01/oasis-200401-wss-wssecurity-secext-1.0.xsd">
                                            <wsse:UsernameToken xmlns:wsu="http://docs.oasis-open.org/wss/2004/01/oasis-200401-wss-wssecurity-utility-1.0.xsd">
                                                   	<wsse:Username>WEBMAPS_MX</wsse:Username>
							<wsse:Password>pay@webmaps</wsse:Password>
							<wsu:Created>2015-04-20T18:08:49.909Z</wsu:Created>
                                            </wsse:UsernameToken>
                                            </wsse:Security></SOAP-ENV:Header><SOAP-ENV:Body><ns1:retrieveSubscriber><msisdn>523316188021</msisdn><serviceCode>CD01</serviceCode></ns1:retrieveSubscriber></SOAP-ENV:Body></SOAP-ENV:Envelope>

20:46:58 - XMLReceived|<?xml version='1.0' encoding='UTF-8'?><S:Envelope xmlns:S="http://schemas.xmlsoap.org/soap/envelope/"><S:Body><ns2:retrieveSubscriberResponse xmlns:ns2="http://ws.mcds.smb.ericsson.com/" xmlns:ns3="http://ws.sig.smb.ericsson.com/"><return><subMarketId>3G</subMarketId><paymentMethodList>1</paymentMethodList><countryId>Mexico</countryId></return></ns2:retrieveSubscriberResponse></S:Body></S:Envelope>
20:46:59 - H=3441|OP=[amountCharging]---------------------------------------------------------
20:46:59 - Target|https://sdpvas.nexteldata.com.mx:7443/parlayx-payment/services/AmountChargingService?wsdl
20:46:59 - XMLSent|
20:46:59 - XMLReceived|
20:47:01 - H=3441|OP=[retrieveSubscriber]---------------------------------------------------------
20:47:01 - Target|https://sdpvas.nexteldata.com.mx:8443/SmdbWebService/subscriber?wsdl
20:47:01 - XMLSent|<?xml version="1.0" encoding="UTF-8"?>
<SOAP-ENV:Envelope xmlns:SOAP-ENV="http://schemas.xmlsoap.org/soap/envelope/" xmlns:ns1="http://ws.sig.smb.ericsson.com/" xmlns:ns2="http://docs.oasis-open.org/wss/2004/01/oasis-200401-wss-wssecurity-secext-1.0.xsd"><SOAP-ENV:Header><wsse:Security xmlns:wsse="http://docs.oasis-open.org/wss/2004/01/oasis-200401-wss-wssecurity-secext-1.0.xsd">
                                            <wsse:UsernameToken xmlns:wsu="http://docs.oasis-open.org/wss/2004/01/oasis-200401-wss-wssecurity-utility-1.0.xsd">
                                                   	<wsse:Username>WEBMAPS_MX</wsse:Username>
							<wsse:Password>pay@webmaps</wsse:Password>
							<wsu:Created>2015-04-20T18:08:49.909Z</wsu:Created>
                                            </wsse:UsernameToken>
                                            </wsse:Security></SOAP-ENV:Header><SOAP-ENV:Body><ns1:retrieveSubscriber><msisdn>523316188021</msisdn><serviceCode>CD01</serviceCode></ns1:retrieveSubscriber></SOAP-ENV:Body></SOAP-ENV:Envelope>

20:47:01 - XMLReceived|<?xml version='1.0' encoding='UTF-8'?><S:Envelope xmlns:S="http://schemas.xmlsoap.org/soap/envelope/"><S:Body><ns2:retrieveSubscriberResponse xmlns:ns2="http://ws.mcds.smb.ericsson.com/" xmlns:ns3="http://ws.sig.smb.ericsson.com/"><return><subMarketId>3G</subMarketId><paymentMethodList>1</paymentMethodList><countryId>Mexico</countryId></return></ns2:retrieveSubscriberResponse></S:Body></S:Envelope>
20:47:02 - H=3441|OP=[amountCharging]---------------------------------------------------------
20:47:02 - Target|https://sdpvas.nexteldata.com.mx:7443/parlayx-payment/services/AmountChargingService?wsdl
20:47:02 - XMLSent|
20:47:02 - XMLReceived|
21:54:14 - H=4258|OP=[retrieveSubscriber]---------------------------------------------------------
21:54:14 - Target|https://sdpvas.nexteldata.com.mx:8443/SmdbWebService/subscriber?wsdl
21:54:14 - XMLSent|<?xml version="1.0" encoding="UTF-8"?>
<SOAP-ENV:Envelope xmlns:SOAP-ENV="http://schemas.xmlsoap.org/soap/envelope/" xmlns:ns1="http://ws.sig.smb.ericsson.com/" xmlns:ns2="http://docs.oasis-open.org/wss/2004/01/oasis-200401-wss-wssecurity-secext-1.0.xsd"><SOAP-ENV:Header><wsse:Security xmlns:wsse="http://docs.oasis-open.org/wss/2004/01/oasis-200401-wss-wssecurity-secext-1.0.xsd">
                                            <wsse:UsernameToken xmlns:wsu="http://docs.oasis-open.org/wss/2004/01/oasis-200401-wss-wssecurity-utility-1.0.xsd">
                                                   	<wsse:Username>WEBMAPS_MX</wsse:Username>
							<wsse:Password>pay@webmaps</wsse:Password>
							<wsu:Created>2015-04-20T18:08:49.909Z</wsu:Created>
                                            </wsse:UsernameToken>
                                            </wsse:Security></SOAP-ENV:Header><SOAP-ENV:Body><ns1:retrieveSubscriber><msisdn>525569209204</msisdn><serviceCode>CD01</serviceCode></ns1:retrieveSubscriber></SOAP-ENV:Body></SOAP-ENV:Envelope>

21:54:14 - XMLReceived|<?xml version='1.0' encoding='UTF-8'?><S:Envelope xmlns:S="http://schemas.xmlsoap.org/soap/envelope/"><S:Body><ns2:retrieveSubscriberResponse xmlns:ns2="http://ws.mcds.smb.ericsson.com/" xmlns:ns3="http://ws.sig.smb.ericsson.com/"><return><subMarketId>IDEN</subMarketId><countryId>Mexico</countryId></return></ns2:retrieveSubscriberResponse></S:Body></S:Envelope>
21:54:16 - H=4258|OP=[retrieveSubscriber]---------------------------------------------------------
21:54:16 - Target|https://sdpvas.nexteldata.com.mx:8443/SmdbWebService/subscriber?wsdl
21:54:16 - XMLSent|<?xml version="1.0" encoding="UTF-8"?>
<SOAP-ENV:Envelope xmlns:SOAP-ENV="http://schemas.xmlsoap.org/soap/envelope/" xmlns:ns1="http://ws.sig.smb.ericsson.com/" xmlns:ns2="http://docs.oasis-open.org/wss/2004/01/oasis-200401-wss-wssecurity-secext-1.0.xsd"><SOAP-ENV:Header><wsse:Security xmlns:wsse="http://docs.oasis-open.org/wss/2004/01/oasis-200401-wss-wssecurity-secext-1.0.xsd">
                                            <wsse:UsernameToken xmlns:wsu="http://docs.oasis-open.org/wss/2004/01/oasis-200401-wss-wssecurity-utility-1.0.xsd">
                                                   	<wsse:Username>WEBMAPS_MX</wsse:Username>
							<wsse:Password>pay@webmaps</wsse:Password>
							<wsu:Created>2015-04-20T18:08:49.909Z</wsu:Created>
                                            </wsse:UsernameToken>
                                            </wsse:Security></SOAP-ENV:Header><SOAP-ENV:Body><ns1:retrieveSubscriber><msisdn>525569209204</msisdn><serviceCode>CD01</serviceCode></ns1:retrieveSubscriber></SOAP-ENV:Body></SOAP-ENV:Envelope>

21:54:16 - XMLReceived|<?xml version='1.0' encoding='UTF-8'?><S:Envelope xmlns:S="http://schemas.xmlsoap.org/soap/envelope/"><S:Body><ns2:retrieveSubscriberResponse xmlns:ns2="http://ws.mcds.smb.ericsson.com/" xmlns:ns3="http://ws.sig.smb.ericsson.com/"><return><subMarketId>IDEN</subMarketId><countryId>Mexico</countryId></return></ns2:retrieveSubscriberResponse></S:Body></S:Envelope>
21:58:41 - H=1562|OP=[retrieveSubscriber]---------------------------------------------------------
21:58:41 - Target|https://sdpvas.nexteldata.com.mx:8443/SmdbWebService/subscriber?wsdl
21:58:41 - XMLSent|<?xml version="1.0" encoding="UTF-8"?>
<SOAP-ENV:Envelope xmlns:SOAP-ENV="http://schemas.xmlsoap.org/soap/envelope/" xmlns:ns1="http://ws.sig.smb.ericsson.com/" xmlns:ns2="http://docs.oasis-open.org/wss/2004/01/oasis-200401-wss-wssecurity-secext-1.0.xsd"><SOAP-ENV:Header><wsse:Security xmlns:wsse="http://docs.oasis-open.org/wss/2004/01/oasis-200401-wss-wssecurity-secext-1.0.xsd">
                                            <wsse:UsernameToken xmlns:wsu="http://docs.oasis-open.org/wss/2004/01/oasis-200401-wss-wssecurity-utility-1.0.xsd">
                                                   	<wsse:Username>WEBMAPS_MX</wsse:Username>
							<wsse:Password>pay@webmaps</wsse:Password>
							<wsu:Created>2015-04-20T18:08:49.909Z</wsu:Created>
                                            </wsse:UsernameToken>
                                            </wsse:Security></SOAP-ENV:Header><SOAP-ENV:Body><ns1:retrieveSubscriber><msisdn>526644083734</msisdn><serviceCode>CD01</serviceCode></ns1:retrieveSubscriber></SOAP-ENV:Body></SOAP-ENV:Envelope>

21:58:41 - XMLReceived|<?xml version='1.0' encoding='UTF-8'?><S:Envelope xmlns:S="http://schemas.xmlsoap.org/soap/envelope/"><S:Body><ns2:retrieveSubscriberResponse xmlns:ns2="http://ws.mcds.smb.ericsson.com/" xmlns:ns3="http://ws.sig.smb.ericsson.com/"><return><subMarketId>3G</subMarketId><paymentMethodList>2</paymentMethodList><countryId>Mexico</countryId></return></ns2:retrieveSubscriberResponse></S:Body></S:Envelope>
21:58:43 - H=1562|OP=[amountCharging]---------------------------------------------------------
21:58:43 - Target|https://sdpvas.nexteldata.com.mx:7443/parlayx-payment/services/AmountChargingService?wsdl
21:58:43 - XMLSent|
21:58:43 - XMLReceived|
21:58:45 - H=1562|OP=[retrieveSubscriber]---------------------------------------------------------
21:58:45 - Target|https://sdpvas.nexteldata.com.mx:8443/SmdbWebService/subscriber?wsdl
21:58:45 - XMLSent|<?xml version="1.0" encoding="UTF-8"?>
<SOAP-ENV:Envelope xmlns:SOAP-ENV="http://schemas.xmlsoap.org/soap/envelope/" xmlns:ns1="http://ws.sig.smb.ericsson.com/" xmlns:ns2="http://docs.oasis-open.org/wss/2004/01/oasis-200401-wss-wssecurity-secext-1.0.xsd"><SOAP-ENV:Header><wsse:Security xmlns:wsse="http://docs.oasis-open.org/wss/2004/01/oasis-200401-wss-wssecurity-secext-1.0.xsd">
                                            <wsse:UsernameToken xmlns:wsu="http://docs.oasis-open.org/wss/2004/01/oasis-200401-wss-wssecurity-utility-1.0.xsd">
                                                   	<wsse:Username>WEBMAPS_MX</wsse:Username>
							<wsse:Password>pay@webmaps</wsse:Password>
							<wsu:Created>2015-04-20T18:08:49.909Z</wsu:Created>
                                            </wsse:UsernameToken>
                                            </wsse:Security></SOAP-ENV:Header><SOAP-ENV:Body><ns1:retrieveSubscriber><msisdn>526644083734</msisdn><serviceCode>CD01</serviceCode></ns1:retrieveSubscriber></SOAP-ENV:Body></SOAP-ENV:Envelope>

21:58:45 - XMLReceived|<?xml version='1.0' encoding='UTF-8'?><S:Envelope xmlns:S="http://schemas.xmlsoap.org/soap/envelope/"><S:Body><ns2:retrieveSubscriberResponse xmlns:ns2="http://ws.mcds.smb.ericsson.com/" xmlns:ns3="http://ws.sig.smb.ericsson.com/"><return><subMarketId>3G</subMarketId><paymentMethodList>2</paymentMethodList><countryId>Mexico</countryId></return></ns2:retrieveSubscriberResponse></S:Body></S:Envelope>
21:58:46 - H=1562|OP=[amountCharging]---------------------------------------------------------
21:58:46 - Target|https://sdpvas.nexteldata.com.mx:7443/parlayx-payment/services/AmountChargingService?wsdl
21:58:46 - XMLSent|
21:58:46 - XMLReceived|
22:44:16 - H=2090|OP=[retrieveSubscriber]---------------------------------------------------------
22:44:16 - Target|https://sdpvas.nexteldata.com.mx:8443/SmdbWebService/subscriber?wsdl
22:44:16 - XMLSent|<?xml version="1.0" encoding="UTF-8"?>
<SOAP-ENV:Envelope xmlns:SOAP-ENV="http://schemas.xmlsoap.org/soap/envelope/" xmlns:ns1="http://ws.sig.smb.ericsson.com/" xmlns:ns2="http://docs.oasis-open.org/wss/2004/01/oasis-200401-wss-wssecurity-secext-1.0.xsd"><SOAP-ENV:Header><wsse:Security xmlns:wsse="http://docs.oasis-open.org/wss/2004/01/oasis-200401-wss-wssecurity-secext-1.0.xsd">
                                            <wsse:UsernameToken xmlns:wsu="http://docs.oasis-open.org/wss/2004/01/oasis-200401-wss-wssecurity-utility-1.0.xsd">
                                                   	<wsse:Username>WEBMAPS_MX</wsse:Username>
							<wsse:Password>pay@webmaps</wsse:Password>
							<wsu:Created>2015-04-20T18:08:49.909Z</wsu:Created>
                                            </wsse:UsernameToken>
                                            </wsse:Security></SOAP-ENV:Header><SOAP-ENV:Body><ns1:retrieveSubscriber><msisdn>529992404167</msisdn><serviceCode>CD01</serviceCode></ns1:retrieveSubscriber></SOAP-ENV:Body></SOAP-ENV:Envelope>

22:44:16 - XMLReceived|<?xml version='1.0' encoding='UTF-8'?><S:Envelope xmlns:S="http://schemas.xmlsoap.org/soap/envelope/"><S:Body><ns2:retrieveSubscriberResponse xmlns:ns2="http://ws.mcds.smb.ericsson.com/" xmlns:ns3="http://ws.sig.smb.ericsson.com/"><return><subMarketId>IDEN</subMarketId><paymentMethodList>1</paymentMethodList><countryId>Mexico</countryId></return></ns2:retrieveSubscriberResponse></S:Body></S:Envelope>
22:44:17 - H=2090|OP=[amountCharging]---------------------------------------------------------
22:44:17 - Target|https://sdpvas.nexteldata.com.mx:7443/parlayx-payment/services/AmountChargingService?wsdl
22:44:17 - XMLSent|
22:44:17 - XMLReceived|
22:44:19 - H=2090|OP=[retrieveSubscriber]---------------------------------------------------------
22:44:19 - Target|https://sdpvas.nexteldata.com.mx:8443/SmdbWebService/subscriber?wsdl
22:44:19 - XMLSent|<?xml version="1.0" encoding="UTF-8"?>
<SOAP-ENV:Envelope xmlns:SOAP-ENV="http://schemas.xmlsoap.org/soap/envelope/" xmlns:ns1="http://ws.sig.smb.ericsson.com/" xmlns:ns2="http://docs.oasis-open.org/wss/2004/01/oasis-200401-wss-wssecurity-secext-1.0.xsd"><SOAP-ENV:Header><wsse:Security xmlns:wsse="http://docs.oasis-open.org/wss/2004/01/oasis-200401-wss-wssecurity-secext-1.0.xsd">
                                            <wsse:UsernameToken xmlns:wsu="http://docs.oasis-open.org/wss/2004/01/oasis-200401-wss-wssecurity-utility-1.0.xsd">
                                                   	<wsse:Username>WEBMAPS_MX</wsse:Username>
							<wsse:Password>pay@webmaps</wsse:Password>
							<wsu:Created>2015-04-20T18:08:49.909Z</wsu:Created>
                                            </wsse:UsernameToken>
                                            </wsse:Security></SOAP-ENV:Header><SOAP-ENV:Body><ns1:retrieveSubscriber><msisdn>529992404167</msisdn><serviceCode>CD01</serviceCode></ns1:retrieveSubscriber></SOAP-ENV:Body></SOAP-ENV:Envelope>

22:44:19 - XMLReceived|<?xml version='1.0' encoding='UTF-8'?><S:Envelope xmlns:S="http://schemas.xmlsoap.org/soap/envelope/"><S:Body><ns2:retrieveSubscriberResponse xmlns:ns2="http://ws.mcds.smb.ericsson.com/" xmlns:ns3="http://ws.sig.smb.ericsson.com/"><return><subMarketId>IDEN</subMarketId><paymentMethodList>1</paymentMethodList><countryId>Mexico</countryId></return></ns2:retrieveSubscriberResponse></S:Body></S:Envelope>
22:44:20 - H=2090|OP=[amountCharging]---------------------------------------------------------
22:44:20 - Target|https://sdpvas.nexteldata.com.mx:7443/parlayx-payment/services/AmountChargingService?wsdl
22:44:20 - XMLSent|
22:44:20 - XMLReceived|
