02:53:48 - OP|H=|Client=201.175.130.92-------------------------------------------------------|notifySCReception
02:53:48 - 04/07/2015 02:53:48: |Correlator: 425276_ | message: mensaje de iAlarm | senderAddress: 526441477698 | smsServiceActivationNumber: 425276
02:53:48 - BD|H=526441477698|El equipo ya existe en BD|notifySmsReception
02:53:48 - BD|H=526441477698|Contrato por evento|Procesando cobro|notifySmsReception
02:53:48 - OP|H=|Client=201.175.130.92-------------------------------------------------------|notifySCReception
02:53:48 - 04/07/2015 02:53:48: |Correlator: 425276_ | message: mensaje de iAlarm | senderAddress: 526441477698 | smsServiceActivationNumber: 425276
02:53:48 - BD|H=526441477698|El equipo ya existe en BD|notifySmsReception
02:53:48 - BD|H=526441477698|Contrato por evento|Procesando cobro|notifySmsReception
03:55:36 - OP|H=|Client=201.175.130.92-------------------------------------------------------|notifySCReception
03:55:36 - 04/07/2015 03:55:36: |Correlator: 425276_ | message: mensaje de iAlarm | senderAddress: 525562981644 | smsServiceActivationNumber: 425276
03:55:36 - BD|H=525562981644|El equipo no existe en BD|notifySmsReception
03:55:36 - BD|H=525562981644|Guardando equipo en BD en BD|notifySmsReception
03:55:36 - BD|OK|PTN=525562981644|Guardando equipo en base de datos|saveHandsetSC
03:55:36 - BD|OK|H=3755|PTN=525562981644|Equipo guardado correctamente|saveHandsetSC
03:55:36 - BD|OK|H=3755|PTN=525562981644|Guardando en dat_estatuspayment|saveHandsetSC
03:55:36 - BD|OK|H=3755|PTN=525562981644|Guardado en dat_estatuspayment correctamente|saveHandsetSC
03:55:36 - BD|H=525562981644|ID=3755|Equipo guardado correctamente en BD|notifySmsReception
03:55:36 - OP|H=|Client=201.175.130.92-------------------------------------------------------|notifySCReception
03:55:36 - 04/07/2015 03:55:36: |Correlator: 425276_ | message: mensaje de iAlarm | senderAddress: 525562981644 | smsServiceActivationNumber: 425276
03:55:36 - BD|H=525562981644|El equipo ya existe en BD|notifySmsReception
03:55:36 - BD|H=525562981644|Contrato por evento|Procesando cobro|notifySmsReception
06:56:18 - OP|H=|Client=201.175.130.92-------------------------------------------------------|notifySCReception
06:56:18 - 04/07/2015 06:56:18: |Correlator: 425276_ | message: mensaje de iAlarm | senderAddress: 528442106261 | smsServiceActivationNumber: 425276
06:56:18 - BD|H=528442106261|El equipo no existe en BD|notifySmsReception
06:56:18 - BD|H=528442106261|Guardando equipo en BD en BD|notifySmsReception
06:56:18 - BD|OK|PTN=528442106261|Guardando equipo en base de datos|saveHandsetSC
06:56:18 - BD|OK|H=3756|PTN=528442106261|Equipo guardado correctamente|saveHandsetSC
06:56:18 - BD|OK|H=3756|PTN=528442106261|Guardando en dat_estatuspayment|saveHandsetSC
06:56:18 - BD|OK|H=3756|PTN=528442106261|Guardado en dat_estatuspayment correctamente|saveHandsetSC
06:56:18 - BD|H=528442106261|ID=3756|Equipo guardado correctamente en BD|notifySmsReception
06:56:18 - OP|H=|Client=201.175.130.92-------------------------------------------------------|notifySCReception
06:56:18 - 04/07/2015 06:56:18: |Correlator: 425276_ | message: mensaje de iAlarm | senderAddress: 528442106261 | smsServiceActivationNumber: 425276
06:56:18 - BD|H=528442106261|El equipo ya existe en BD|notifySmsReception
06:56:18 - BD|H=528442106261|Contrato por evento|Procesando cobro|notifySmsReception
07:22:37 - OP|H=|Client=201.175.130.92-------------------------------------------------------|notifySCReception
07:22:37 - 04/07/2015 07:22:37: |Correlator: 425276_ | message: mensaje de iAlarm | senderAddress: 524622218522 | smsServiceActivationNumber: 425276
07:22:37 - BD|H=524622218522|El equipo no existe en BD|notifySmsReception
07:22:37 - BD|H=524622218522|Guardando equipo en BD en BD|notifySmsReception
07:22:37 - BD|OK|PTN=524622218522|Guardando equipo en base de datos|saveHandsetSC
07:22:37 - BD|OK|H=3757|PTN=524622218522|Equipo guardado correctamente|saveHandsetSC
07:22:37 - BD|OK|H=3757|PTN=524622218522|Guardando en dat_estatuspayment|saveHandsetSC
07:22:37 - BD|OK|H=3757|PTN=524622218522|Guardado en dat_estatuspayment correctamente|saveHandsetSC
07:22:37 - BD|H=524622218522|ID=3757|Equipo guardado correctamente en BD|notifySmsReception
07:22:38 - OP|H=|Client=201.175.130.92-------------------------------------------------------|notifySCReception
07:22:38 - 04/07/2015 07:22:38: |Correlator: 425276_ | message: mensaje de iAlarm | senderAddress: 524622218522 | smsServiceActivationNumber: 425276
07:22:38 - BD|H=524622218522|El equipo ya existe en BD|notifySmsReception
07:22:38 - BD|H=524622218522|Contrato por evento|Procesando cobro|notifySmsReception
07:55:24 - OP|H=|Client=201.175.130.92-------------------------------------------------------|notifySCReception
07:55:24 - 04/07/2015 07:55:24: |Correlator: 425276_ | message: mensaje de iAlarm | senderAddress: 524442668393 | smsServiceActivationNumber: 425276
07:55:24 - BD|H=524442668393|El equipo no existe en BD|notifySmsReception
07:55:24 - BD|H=524442668393|Guardando equipo en BD en BD|notifySmsReception
07:55:24 - BD|OK|PTN=524442668393|Guardando equipo en base de datos|saveHandsetSC
07:55:24 - BD|OK|H=3758|PTN=524442668393|Equipo guardado correctamente|saveHandsetSC
07:55:24 - BD|OK|H=3758|PTN=524442668393|Guardando en dat_estatuspayment|saveHandsetSC
07:55:24 - BD|OK|H=3758|PTN=524442668393|Guardado en dat_estatuspayment correctamente|saveHandsetSC
07:55:24 - BD|H=524442668393|ID=3758|Equipo guardado correctamente en BD|notifySmsReception
07:55:24 - OP|H=|Client=201.175.130.92-------------------------------------------------------|notifySCReception
07:55:24 - 04/07/2015 07:55:24: |Correlator: 425276_ | message: mensaje de iAlarm | senderAddress: 524442668393 | smsServiceActivationNumber: 425276
07:55:24 - BD|H=524442668393|El equipo ya existe en BD|notifySmsReception
07:55:24 - BD|H=524442668393|Contrato por evento|Procesando cobro|notifySmsReception
09:19:35 - OP|H=|Client=201.175.130.92-------------------------------------------------------|notifySCReception
09:19:35 - 04/07/2015 09:19:35: |Correlator: 425276_ | message: mensaje de iAlarm | senderAddress: 525519901598 | smsServiceActivationNumber: 425276
09:19:35 - BD|H=525519901598|El equipo ya existe en BD|notifySmsReception
09:19:35 - BD|H=525519901598|Contrato por evento|Procesando cobro|notifySmsReception
09:19:35 - OP|H=|Client=201.175.130.92-------------------------------------------------------|notifySCReception
09:19:35 - 04/07/2015 09:19:35: |Correlator: 425276_ | message: mensaje de iAlarm | senderAddress: 525519901598 | smsServiceActivationNumber: 425276
09:19:35 - BD|H=525519901598|El equipo ya existe en BD|notifySmsReception
09:19:35 - BD|H=525519901598|Contrato por evento|Procesando cobro|notifySmsReception
09:24:22 - OP|H=|Client=201.175.130.92-------------------------------------------------------|notifySCReception
09:24:22 - 04/07/2015 09:24:22: |Correlator: 425276_ | message: mensaje de iAlarm | senderAddress: 528671058180 | smsServiceActivationNumber: 425276
09:24:22 - BD|H=528671058180|El equipo ya existe en BD|notifySmsReception
09:24:22 - BD|H=528671058180|Contrato por evento|Procesando cobro|notifySmsReception
09:24:22 - OP|H=|Client=201.175.130.92-------------------------------------------------------|notifySCReception
09:24:22 - 04/07/2015 09:24:22: |Correlator: 425276_ | message: mensaje de iAlarm | senderAddress: 528671058180 | smsServiceActivationNumber: 425276
09:24:22 - BD|H=528671058180|El equipo ya existe en BD|notifySmsReception
09:24:22 - BD|H=528671058180|Contrato por evento|Procesando cobro|notifySmsReception
09:42:23 - OP|H=|Client=201.175.130.92-------------------------------------------------------|notifySCReception
09:42:23 - 04/07/2015 09:42:23: |Correlator: 425276_ | message: mensaje de iAlarm | senderAddress: 524612066075 | smsServiceActivationNumber: 425276
09:42:23 - BD|H=524612066075|El equipo ya existe en BD|notifySmsReception
09:42:23 - BD|H=524612066075|Contrato por evento|Procesando cobro|notifySmsReception
09:42:23 - OP|H=|Client=201.175.130.92-------------------------------------------------------|notifySCReception
09:42:23 - 04/07/2015 09:42:23: |Correlator: 425276_ | message: mensaje de iAlarm | senderAddress: 524612066075 | smsServiceActivationNumber: 425276
09:42:23 - BD|H=524612066075|El equipo ya existe en BD|notifySmsReception
09:42:23 - BD|H=524612066075|Contrato por evento|Procesando cobro|notifySmsReception
10:05:28 - OP|H=|Client=201.175.130.92-------------------------------------------------------|notifySCReception
10:05:28 - 04/07/2015 10:05:28: |Correlator: 425276_ | message: mensaje de iAlarm | senderAddress: 525570139271 | smsServiceActivationNumber: 425276
10:05:28 - BD|H=525570139271|El equipo no existe en BD|notifySmsReception
10:05:28 - BD|H=525570139271|Guardando equipo en BD en BD|notifySmsReception
10:05:28 - BD|OK|PTN=525570139271|Guardando equipo en base de datos|saveHandsetSC
10:05:28 - BD|OK|H=3759|PTN=525570139271|Equipo guardado correctamente|saveHandsetSC
10:05:28 - BD|OK|H=3759|PTN=525570139271|Guardando en dat_estatuspayment|saveHandsetSC
10:05:28 - BD|OK|H=3759|PTN=525570139271|Guardado en dat_estatuspayment correctamente|saveHandsetSC
10:05:28 - BD|H=525570139271|ID=3759|Equipo guardado correctamente en BD|notifySmsReception
10:05:28 - OP|H=|Client=201.175.130.92-------------------------------------------------------|notifySCReception
10:05:28 - 04/07/2015 10:05:28: |Correlator: 425276_ | message: mensaje de iAlarm | senderAddress: 525570139271 | smsServiceActivationNumber: 425276
10:05:28 - BD|H=525570139271|El equipo ya existe en BD|notifySmsReception
10:05:28 - BD|H=525570139271|Contrato por evento|Procesando cobro|notifySmsReception
10:24:53 - OP|H=|Client=201.175.130.92-------------------------------------------------------|notifySCReception
10:24:53 - 04/07/2015 10:24:53: |Correlator: 425276_ | message: mensaje de iAlarm | senderAddress: 525510413657 | smsServiceActivationNumber: 425276
10:24:53 - BD|H=525510413657|El equipo no existe en BD|notifySmsReception
10:24:53 - BD|H=525510413657|Guardando equipo en BD en BD|notifySmsReception
10:24:53 - BD|OK|PTN=525510413657|Guardando equipo en base de datos|saveHandsetSC
10:24:53 - BD|OK|H=3760|PTN=525510413657|Equipo guardado correctamente|saveHandsetSC
10:24:53 - BD|OK|H=3760|PTN=525510413657|Guardando en dat_estatuspayment|saveHandsetSC
10:24:53 - BD|OK|H=3760|PTN=525510413657|Guardado en dat_estatuspayment correctamente|saveHandsetSC
10:24:53 - BD|H=525510413657|ID=3760|Equipo guardado correctamente en BD|notifySmsReception
10:24:54 - OP|H=|Client=201.175.130.92-------------------------------------------------------|notifySCReception
10:24:54 - 04/07/2015 10:24:54: |Correlator: 425276_ | message: mensaje de iAlarm | senderAddress: 525510413657 | smsServiceActivationNumber: 425276
10:24:54 - BD|H=525510413657|El equipo ya existe en BD|notifySmsReception
10:24:54 - BD|H=525510413657|Contrato por evento|Procesando cobro|notifySmsReception
10:34:18 - OP|H=|Client=201.175.130.92-------------------------------------------------------|notifySCReception
10:34:18 - 04/07/2015 10:34:18: |Correlator: 425276_ | message: mensaje de iAlarm | senderAddress: 523316188021 | smsServiceActivationNumber: 425276
10:34:18 - BD|H=523316188021|El equipo ya existe en BD|notifySmsReception
10:34:18 - BD|H=523316188021|Contrato por evento|Procesando cobro|notifySmsReception
10:34:18 - OP|H=|Client=201.175.130.92-------------------------------------------------------|notifySCReception
10:34:18 - 04/07/2015 10:34:18: |Correlator: 425276_ | message: mensaje de iAlarm | senderAddress: 523316188021 | smsServiceActivationNumber: 425276
10:34:18 - BD|H=523316188021|El equipo ya existe en BD|notifySmsReception
10:34:18 - BD|H=523316188021|Contrato por evento|Procesando cobro|notifySmsReception
11:31:37 - OP|H=|Client=201.175.130.92-------------------------------------------------------|notifySCReception
11:31:37 - 04/07/2015 11:31:37: |Correlator: 425276_ | message: mensaje de iAlarm | senderAddress: 525546062525 | smsServiceActivationNumber: 425276
11:31:37 - BD|H=525546062525|El equipo no existe en BD|notifySmsReception
11:31:37 - BD|H=525546062525|Guardando equipo en BD en BD|notifySmsReception
11:31:37 - BD|OK|PTN=525546062525|Guardando equipo en base de datos|saveHandsetSC
11:31:37 - BD|OK|H=3761|PTN=525546062525|Equipo guardado correctamente|saveHandsetSC
11:31:37 - BD|OK|H=3761|PTN=525546062525|Guardando en dat_estatuspayment|saveHandsetSC
11:31:37 - BD|OK|H=3761|PTN=525546062525|Guardado en dat_estatuspayment correctamente|saveHandsetSC
11:31:37 - BD|H=525546062525|ID=3761|Equipo guardado correctamente en BD|notifySmsReception
11:31:37 - OP|H=|Client=201.175.130.92-------------------------------------------------------|notifySCReception
11:31:37 - 04/07/2015 11:31:37: |Correlator: 425276_ | message: mensaje de iAlarm | senderAddress: 525546062525 | smsServiceActivationNumber: 425276
11:31:37 - BD|H=525546062525|El equipo ya existe en BD|notifySmsReception
11:31:37 - BD|H=525546062525|Contrato por evento|Procesando cobro|notifySmsReception
12:05:56 - OP|H=|Client=201.175.130.92-------------------------------------------------------|notifySCReception
12:05:56 - 04/07/2015 12:05:56: |Correlator: 425276_ | message: mensaje de iAlarm | senderAddress: 524731414760 | smsServiceActivationNumber: 425276
12:05:56 - BD|H=524731414760|El equipo ya existe en BD|notifySmsReception
12:05:56 - BD|H=524731414760|Contrato por evento|Procesando cobro|notifySmsReception
12:05:57 - OP|H=|Client=201.175.130.92-------------------------------------------------------|notifySCReception
12:05:57 - 04/07/2015 12:05:57: |Correlator: 425276_ | message: mensaje de iAlarm | senderAddress: 524731414760 | smsServiceActivationNumber: 425276
12:05:57 - BD|H=524731414760|El equipo ya existe en BD|notifySmsReception
12:05:57 - BD|H=524731414760|Contrato por evento|Procesando cobro|notifySmsReception
13:36:44 - OP|H=|Client=201.175.130.92-------------------------------------------------------|notifySCReception
13:36:44 - 04/07/2015 13:36:44: |Correlator: 425276_ | message: mensaje de iAlarm | senderAddress: 526673364168 | smsServiceActivationNumber: 425276
13:36:44 - BD|H=526673364168|El equipo no existe en BD|notifySmsReception
13:36:44 - BD|H=526673364168|Guardando equipo en BD en BD|notifySmsReception
13:36:44 - BD|OK|PTN=526673364168|Guardando equipo en base de datos|saveHandsetSC
13:36:44 - BD|OK|H=3762|PTN=526673364168|Equipo guardado correctamente|saveHandsetSC
13:36:44 - BD|OK|H=3762|PTN=526673364168|Guardando en dat_estatuspayment|saveHandsetSC
13:36:44 - BD|OK|H=3762|PTN=526673364168|Guardado en dat_estatuspayment correctamente|saveHandsetSC
13:36:44 - BD|H=526673364168|ID=3762|Equipo guardado correctamente en BD|notifySmsReception
13:36:44 - OP|H=|Client=201.175.130.92-------------------------------------------------------|notifySCReception
13:36:44 - 04/07/2015 13:36:44: |Correlator: 425276_ | message: mensaje de iAlarm | senderAddress: 526673364168 | smsServiceActivationNumber: 425276
13:36:44 - BD|H=526673364168|El equipo ya existe en BD|notifySmsReception
13:36:44 - BD|H=526673364168|Contrato por evento|Procesando cobro|notifySmsReception
13:37:03 - OP|H=|Client=201.175.130.92-------------------------------------------------------|notifySCReception
13:37:03 - 04/07/2015 13:37:03: |Correlator: 425276_ | message: mensaje de iAlarm | senderAddress: 524621881553 | smsServiceActivationNumber: 425276
13:37:03 - BD|H=524621881553|El equipo ya existe en BD|notifySmsReception
13:37:03 - BD|H=524621881553|Contrato por evento|Procesando cobro|notifySmsReception
13:37:03 - OP|H=|Client=201.175.130.92-------------------------------------------------------|notifySCReception
13:37:03 - 04/07/2015 13:37:03: |Correlator: 425276_ | message: mensaje de iAlarm | senderAddress: 524621881553 | smsServiceActivationNumber: 425276
13:37:03 - BD|H=524621881553|El equipo ya existe en BD|notifySmsReception
13:37:03 - BD|H=524621881553|Contrato por evento|Procesando cobro|notifySmsReception
14:04:11 - OP|H=|Client=201.175.130.92-------------------------------------------------------|notifySCReception
14:04:11 - 04/07/2015 14:04:11: |Correlator: 425276_ | message: mensaje de iAlarm | senderAddress: 528118036132 | smsServiceActivationNumber: 425276
14:04:11 - BD|H=528118036132|El equipo ya existe en BD|notifySmsReception
14:04:11 - BD|H=528118036132|Contrato por evento|Procesando cobro|notifySmsReception
14:04:11 - OP|H=|Client=201.175.130.92-------------------------------------------------------|notifySCReception
14:04:11 - 04/07/2015 14:04:11: |Correlator: 425276_ | message: mensaje de iAlarm | senderAddress: 528118036132 | smsServiceActivationNumber: 425276
14:04:11 - BD|H=528118036132|El equipo ya existe en BD|notifySmsReception
14:04:11 - BD|H=528118036132|Contrato por evento|Procesando cobro|notifySmsReception
14:37:52 - OP|H=|Client=201.175.130.92-------------------------------------------------------|notifySCReception
14:37:52 - 04/07/2015 14:37:52: |Correlator: 425276_ | message: mensaje de iAlarm | senderAddress: 525541141125 | smsServiceActivationNumber: 425276
14:37:52 - BD|H=525541141125|El equipo no existe en BD|notifySmsReception
14:37:52 - BD|H=525541141125|Guardando equipo en BD en BD|notifySmsReception
14:37:52 - BD|OK|PTN=525541141125|Guardando equipo en base de datos|saveHandsetSC
14:37:52 - BD|OK|H=3763|PTN=525541141125|Equipo guardado correctamente|saveHandsetSC
14:37:52 - BD|OK|H=3763|PTN=525541141125|Guardando en dat_estatuspayment|saveHandsetSC
14:37:52 - BD|OK|H=3763|PTN=525541141125|Guardado en dat_estatuspayment correctamente|saveHandsetSC
14:37:52 - BD|H=525541141125|ID=3763|Equipo guardado correctamente en BD|notifySmsReception
14:37:52 - OP|H=|Client=201.175.130.92-------------------------------------------------------|notifySCReception
14:37:52 - 04/07/2015 14:37:52: |Correlator: 425276_ | message: mensaje de iAlarm | senderAddress: 525541141125 | smsServiceActivationNumber: 425276
14:37:52 - BD|H=525541141125|El equipo ya existe en BD|notifySmsReception
14:37:52 - BD|H=525541141125|Contrato por evento|Procesando cobro|notifySmsReception
14:40:52 - OP|H=|Client=201.175.130.92-------------------------------------------------------|notifySCReception
14:40:52 - 04/07/2015 14:40:52: |Correlator: 425276_ | message: mensaje de iAlarm | senderAddress: 523316123866 | smsServiceActivationNumber: 425276
14:40:52 - BD|H=523316123866|El equipo ya existe en BD|notifySmsReception
14:40:52 - BD|H=523316123866|Contrato por evento|Procesando cobro|notifySmsReception
14:40:52 - OP|H=|Client=201.175.130.92-------------------------------------------------------|notifySCReception
14:40:52 - 04/07/2015 14:40:52: |Correlator: 425276_ | message: mensaje de iAlarm | senderAddress: 523316123866 | smsServiceActivationNumber: 425276
14:40:52 - BD|H=523316123866|El equipo ya existe en BD|notifySmsReception
14:40:52 - BD|H=523316123866|Contrato por evento|Procesando cobro|notifySmsReception
14:59:40 - OP|H=|Client=201.175.130.92-------------------------------------------------------|notifySCReception
14:59:40 - 04/07/2015 14:59:40: |Correlator: 425276_ | message: mensaje de iAlarm | senderAddress: 528189984692 | smsServiceActivationNumber: 425276
14:59:40 - BD|H=528189984692|El equipo no existe en BD|notifySmsReception
14:59:40 - BD|H=528189984692|Guardando equipo en BD en BD|notifySmsReception
14:59:40 - BD|OK|PTN=528189984692|Guardando equipo en base de datos|saveHandsetSC
14:59:40 - BD|OK|H=3764|PTN=528189984692|Equipo guardado correctamente|saveHandsetSC
14:59:40 - BD|OK|H=3764|PTN=528189984692|Guardando en dat_estatuspayment|saveHandsetSC
14:59:40 - BD|OK|H=3764|PTN=528189984692|Guardado en dat_estatuspayment correctamente|saveHandsetSC
14:59:40 - BD|H=528189984692|ID=3764|Equipo guardado correctamente en BD|notifySmsReception
14:59:40 - OP|H=|Client=201.175.130.92-------------------------------------------------------|notifySCReception
14:59:40 - 04/07/2015 14:59:40: |Correlator: 425276_ | message: mensaje de iAlarm | senderAddress: 528189984692 | smsServiceActivationNumber: 425276
14:59:40 - BD|H=528189984692|El equipo ya existe en BD|notifySmsReception
14:59:40 - BD|H=528189984692|Contrato por evento|Procesando cobro|notifySmsReception
15:30:38 - OP|H=|Client=201.175.130.92-------------------------------------------------------|notifySCReception
15:30:38 - 04/07/2015 15:30:38: |Correlator: 425276_ | message: mensaje de iAlarm | senderAddress: 522321194472 | smsServiceActivationNumber: 425276
15:30:38 - BD|H=522321194472|El equipo no existe en BD|notifySmsReception
15:30:38 - BD|H=522321194472|Guardando equipo en BD en BD|notifySmsReception
15:30:38 - BD|OK|PTN=522321194472|Guardando equipo en base de datos|saveHandsetSC
15:30:38 - BD|OK|H=3765|PTN=522321194472|Equipo guardado correctamente|saveHandsetSC
15:30:38 - BD|OK|H=3765|PTN=522321194472|Guardando en dat_estatuspayment|saveHandsetSC
15:30:38 - BD|OK|H=3765|PTN=522321194472|Guardado en dat_estatuspayment correctamente|saveHandsetSC
15:30:38 - BD|H=522321194472|ID=3765|Equipo guardado correctamente en BD|notifySmsReception
15:30:38 - OP|H=|Client=201.175.130.92-------------------------------------------------------|notifySCReception
15:30:38 - 04/07/2015 15:30:38: |Correlator: 425276_ | message: mensaje de iAlarm | senderAddress: 522321194472 | smsServiceActivationNumber: 425276
15:30:38 - BD|H=522321194472|El equipo ya existe en BD|notifySmsReception
15:30:38 - BD|H=522321194472|Contrato por evento|Procesando cobro|notifySmsReception
15:51:10 - OP|H=|Client=201.175.130.92-------------------------------------------------------|notifySCReception
15:51:10 - 04/07/2015 15:51:10: |Correlator: 425276_ | message: mensaje de iAlarm | senderAddress: 527771196236 | smsServiceActivationNumber: 425276
15:51:10 - BD|H=527771196236|El equipo ya existe en BD|notifySmsReception
15:51:10 - BD|H=527771196236|Contrato por evento|Procesando cobro|notifySmsReception
15:51:10 - OP|H=|Client=201.175.130.92-------------------------------------------------------|notifySCReception
15:51:10 - 04/07/2015 15:51:10: |Correlator: 425276_ | message: mensaje de iAlarm | senderAddress: 527771196236 | smsServiceActivationNumber: 425276
15:51:10 - BD|H=527771196236|El equipo ya existe en BD|notifySmsReception
15:51:10 - BD|H=527771196236|Contrato por evento|Procesando cobro|notifySmsReception
16:12:56 - OP|H=|Client=201.175.130.92-------------------------------------------------------|notifySCReception
16:12:56 - 04/07/2015 16:12:56: |Correlator: 425276_ | message: mensaje de iAlarm | senderAddress: 525569221712 | smsServiceActivationNumber: 425276
16:12:56 - BD|H=525569221712|El equipo ya existe en BD|notifySmsReception
16:12:56 - BD|H=525569221712|Contrato por evento|Procesando cobro|notifySmsReception
16:12:56 - OP|H=|Client=201.175.130.92-------------------------------------------------------|notifySCReception
16:12:56 - 04/07/2015 16:12:56: |Correlator: 425276_ | message: mensaje de iAlarm | senderAddress: 525569221712 | smsServiceActivationNumber: 425276
16:12:56 - BD|H=525569221712|El equipo ya existe en BD|notifySmsReception
16:12:56 - BD|H=525569221712|Contrato por evento|Procesando cobro|notifySmsReception
16:27:54 - OP|H=|Client=201.175.130.92-------------------------------------------------------|notifySCReception
16:27:54 - 04/07/2015 16:27:54: |Correlator: 425276_ | message: mensaje de iAlarm | senderAddress: 525544053711 | smsServiceActivationNumber: 425276
16:27:54 - BD|H=525544053711|El equipo no existe en BD|notifySmsReception
16:27:54 - BD|H=525544053711|Guardando equipo en BD en BD|notifySmsReception
16:27:54 - BD|OK|PTN=525544053711|Guardando equipo en base de datos|saveHandsetSC
16:27:54 - BD|OK|H=3766|PTN=525544053711|Equipo guardado correctamente|saveHandsetSC
16:27:54 - BD|OK|H=3766|PTN=525544053711|Guardando en dat_estatuspayment|saveHandsetSC
16:27:54 - BD|OK|H=3766|PTN=525544053711|Guardado en dat_estatuspayment correctamente|saveHandsetSC
16:27:54 - BD|H=525544053711|ID=3766|Equipo guardado correctamente en BD|notifySmsReception
16:27:54 - OP|H=|Client=201.175.130.92-------------------------------------------------------|notifySCReception
16:27:54 - 04/07/2015 16:27:54: |Correlator: 425276_ | message: mensaje de iAlarm | senderAddress: 525544053711 | smsServiceActivationNumber: 425276
16:27:54 - BD|H=525544053711|El equipo ya existe en BD|notifySmsReception
16:27:54 - BD|H=525544053711|Contrato por evento|Procesando cobro|notifySmsReception
17:04:36 - OP|H=|Client=201.175.130.92-------------------------------------------------------|notifySCReception
17:04:36 - 04/07/2015 17:04:36: |Correlator: 425276_ | message: mensaje de iAlarm | senderAddress: 525569553904 | smsServiceActivationNumber: 425276
17:04:36 - BD|H=525569553904|El equipo no existe en BD|notifySmsReception
17:04:36 - BD|H=525569553904|Guardando equipo en BD en BD|notifySmsReception
17:04:36 - BD|OK|PTN=525569553904|Guardando equipo en base de datos|saveHandsetSC
17:04:36 - BD|OK|H=3767|PTN=525569553904|Equipo guardado correctamente|saveHandsetSC
17:04:36 - BD|OK|H=3767|PTN=525569553904|Guardando en dat_estatuspayment|saveHandsetSC
17:04:36 - BD|OK|H=3767|PTN=525569553904|Guardado en dat_estatuspayment correctamente|saveHandsetSC
17:04:36 - BD|H=525569553904|ID=3767|Equipo guardado correctamente en BD|notifySmsReception
17:04:36 - OP|H=|Client=201.175.130.92-------------------------------------------------------|notifySCReception
17:04:36 - 04/07/2015 17:04:36: |Correlator: 425276_ | message: mensaje de iAlarm | senderAddress: 525569553904 | smsServiceActivationNumber: 425276
17:04:36 - BD|H=525569553904|El equipo ya existe en BD|notifySmsReception
17:04:36 - BD|H=525569553904|Contrato por evento|Procesando cobro|notifySmsReception
17:08:40 - OP|H=|Client=201.175.130.92-------------------------------------------------------|notifySCReception
17:08:40 - 04/07/2015 17:08:40: |Correlator: 425276_ | message: mensaje de iAlarm | senderAddress: 528671091172 | smsServiceActivationNumber: 425276
17:08:40 - BD|H=528671091172|El equipo no existe en BD|notifySmsReception
17:08:40 - BD|H=528671091172|Guardando equipo en BD en BD|notifySmsReception
17:08:40 - BD|OK|PTN=528671091172|Guardando equipo en base de datos|saveHandsetSC
17:08:40 - BD|OK|H=3768|PTN=528671091172|Equipo guardado correctamente|saveHandsetSC
17:08:40 - BD|OK|H=3768|PTN=528671091172|Guardando en dat_estatuspayment|saveHandsetSC
17:08:41 - BD|OK|H=3768|PTN=528671091172|Guardado en dat_estatuspayment correctamente|saveHandsetSC
17:08:41 - BD|H=528671091172|ID=3768|Equipo guardado correctamente en BD|notifySmsReception
17:08:41 - OP|H=|Client=201.175.130.92-------------------------------------------------------|notifySCReception
17:08:41 - 04/07/2015 17:08:41: |Correlator: 425276_ | message: mensaje de iAlarm | senderAddress: 528671091172 | smsServiceActivationNumber: 425276
17:08:41 - BD|H=528671091172|El equipo ya existe en BD|notifySmsReception
17:08:41 - BD|H=528671091172|Contrato por evento|Procesando cobro|notifySmsReception
17:30:28 - OP|H=|Client=201.175.130.92-------------------------------------------------------|notifySCReception
17:30:28 - 04/07/2015 17:30:28: |Correlator: 425276_ | message: mensaje de iAlarm | senderAddress: 525563528702 | smsServiceActivationNumber: 425276
17:30:28 - BD|H=525563528702|El equipo ya existe en BD|notifySmsReception
17:30:28 - BD|H=525563528702|Contrato por evento|Procesando cobro|notifySmsReception
17:30:28 - OP|H=|Client=201.175.130.92-------------------------------------------------------|notifySCReception
17:30:28 - 04/07/2015 17:30:28: |Correlator: 425276_ | message: mensaje de iAlarm | senderAddress: 525563528702 | smsServiceActivationNumber: 425276
17:30:28 - BD|H=525563528702|El equipo ya existe en BD|notifySmsReception
17:30:28 - BD|H=525563528702|Contrato por evento|Procesando cobro|notifySmsReception
17:36:46 - OP|H=|Client=201.175.130.92-------------------------------------------------------|notifySCReception
17:36:46 - 04/07/2015 17:36:46: |Correlator: 425276_ | message: mensaje de iAlarm | senderAddress: 526121745256 | smsServiceActivationNumber: 425276
17:36:46 - BD|H=526121745256|El equipo no existe en BD|notifySmsReception
17:36:46 - BD|H=526121745256|Guardando equipo en BD en BD|notifySmsReception
17:36:46 - BD|OK|PTN=526121745256|Guardando equipo en base de datos|saveHandsetSC
17:36:46 - BD|OK|H=3769|PTN=526121745256|Equipo guardado correctamente|saveHandsetSC
17:36:46 - BD|OK|H=3769|PTN=526121745256|Guardando en dat_estatuspayment|saveHandsetSC
17:36:46 - BD|OK|H=3769|PTN=526121745256|Guardado en dat_estatuspayment correctamente|saveHandsetSC
17:36:46 - BD|H=526121745256|ID=3769|Equipo guardado correctamente en BD|notifySmsReception
17:36:46 - OP|H=|Client=201.175.130.92-------------------------------------------------------|notifySCReception
17:36:46 - 04/07/2015 17:36:46: |Correlator: 425276_ | message: mensaje de iAlarm | senderAddress: 526121745256 | smsServiceActivationNumber: 425276
17:36:46 - BD|H=526121745256|El equipo ya existe en BD|notifySmsReception
17:36:46 - BD|H=526121745256|Contrato por evento|Procesando cobro|notifySmsReception
17:42:31 - OP|H=|Client=201.175.130.92-------------------------------------------------------|notifySCReception
17:42:31 - 04/07/2015 17:42:31: |Correlator: 425276_ | message: mensaje de iAlarm | senderAddress: 528118036132 | smsServiceActivationNumber: 425276
17:42:31 - BD|H=528118036132|El equipo ya existe en BD|notifySmsReception
17:42:31 - BD|H=528118036132|Contrato por evento|Procesando cobro|notifySmsReception
17:42:35 - OP|H=|Client=201.175.130.92-------------------------------------------------------|notifySCReception
17:42:35 - 04/07/2015 17:42:35: |Correlator: 425276_ | message: mensaje de iAlarm | senderAddress: 528118036132 | smsServiceActivationNumber: 425276
17:42:35 - BD|H=528118036132|El equipo ya existe en BD|notifySmsReception
17:42:35 - BD|H=528118036132|Contrato por evento|Procesando cobro|notifySmsReception
17:54:23 - OP|H=|Client=201.175.130.92-------------------------------------------------------|notifySCReception
17:54:23 - 04/07/2015 17:54:23: |Correlator: 425276_ | message: mensaje de iAlarm | senderAddress: 525535396491 | smsServiceActivationNumber: 425276
17:54:23 - BD|H=525535396491|El equipo ya existe en BD|notifySmsReception
17:54:23 - BD|H=525535396491|Contrato por evento|Procesando cobro|notifySmsReception
17:54:23 - OP|H=|Client=201.175.130.92-------------------------------------------------------|notifySCReception
17:54:23 - 04/07/2015 17:54:23: |Correlator: 425276_ | message: mensaje de iAlarm | senderAddress: 525535396491 | smsServiceActivationNumber: 425276
17:54:23 - BD|H=525535396491|El equipo ya existe en BD|notifySmsReception
17:54:23 - BD|H=525535396491|Contrato por evento|Procesando cobro|notifySmsReception
18:19:00 - OP|H=|Client=201.175.130.92-------------------------------------------------------|notifySCReception
18:19:00 - 04/07/2015 18:19:00: |Correlator: 425276_ | message: mensaje de iAlarm | senderAddress: 524612065475 | smsServiceActivationNumber: 425276
18:19:00 - BD|H=524612065475|El equipo ya existe en BD|notifySmsReception
18:19:00 - BD|H=524612065475|Contrato por evento|Procesando cobro|notifySmsReception
18:19:00 - OP|H=|Client=201.175.130.92-------------------------------------------------------|notifySCReception
18:19:00 - 04/07/2015 18:19:00: |Correlator: 425276_ | message: mensaje de iAlarm | senderAddress: 524612065475 | smsServiceActivationNumber: 425276
18:19:00 - BD|H=524612065475|El equipo ya existe en BD|notifySmsReception
18:19:00 - BD|H=524612065475|Contrato por evento|Procesando cobro|notifySmsReception
18:48:31 - OP|H=|Client=201.175.130.92-------------------------------------------------------|notifySCReception
18:48:31 - 04/07/2015 18:48:31: |Correlator: 425276_ | message: mensaje de iAlarm | senderAddress: 523315867397 | smsServiceActivationNumber: 425276
18:48:31 - BD|H=523315867397|El equipo no existe en BD|notifySmsReception
18:48:31 - BD|H=523315867397|Guardando equipo en BD en BD|notifySmsReception
18:48:31 - BD|OK|PTN=523315867397|Guardando equipo en base de datos|saveHandsetSC
18:48:31 - BD|OK|H=3770|PTN=523315867397|Equipo guardado correctamente|saveHandsetSC
18:48:31 - BD|OK|H=3770|PTN=523315867397|Guardando en dat_estatuspayment|saveHandsetSC
18:48:31 - BD|OK|H=3770|PTN=523315867397|Guardado en dat_estatuspayment correctamente|saveHandsetSC
18:48:31 - BD|H=523315867397|ID=3770|Equipo guardado correctamente en BD|notifySmsReception
18:48:31 - OP|H=|Client=201.175.130.92-------------------------------------------------------|notifySCReception
18:48:31 - 04/07/2015 18:48:31: |Correlator: 425276_ | message: mensaje de iAlarm | senderAddress: 523315867397 | smsServiceActivationNumber: 425276
18:48:31 - BD|H=523315867397|El equipo ya existe en BD|notifySmsReception
18:48:31 - BD|H=523315867397|Contrato por evento|Procesando cobro|notifySmsReception
19:10:11 - OP|H=|Client=201.175.130.92-------------------------------------------------------|notifySCReception
19:10:11 - 04/07/2015 19:10:11: |Correlator: 425276_ | message: mensaje de iAlarm | senderAddress: 522228216832 | smsServiceActivationNumber: 425276
19:10:11 - BD|H=522228216832|El equipo no existe en BD|notifySmsReception
19:10:11 - BD|H=522228216832|Guardando equipo en BD en BD|notifySmsReception
19:10:11 - BD|OK|PTN=522228216832|Guardando equipo en base de datos|saveHandsetSC
19:10:11 - BD|OK|H=3771|PTN=522228216832|Equipo guardado correctamente|saveHandsetSC
19:10:11 - BD|OK|H=3771|PTN=522228216832|Guardando en dat_estatuspayment|saveHandsetSC
19:10:11 - BD|OK|H=3771|PTN=522228216832|Guardado en dat_estatuspayment correctamente|saveHandsetSC
19:10:11 - BD|H=522228216832|ID=3771|Equipo guardado correctamente en BD|notifySmsReception
19:10:11 - OP|H=|Client=201.175.130.92-------------------------------------------------------|notifySCReception
19:10:11 - 04/07/2015 19:10:11: |Correlator: 425276_ | message: mensaje de iAlarm | senderAddress: 522228216832 | smsServiceActivationNumber: 425276
19:10:11 - BD|H=522228216832|El equipo ya existe en BD|notifySmsReception
19:10:11 - BD|H=522228216832|Contrato por evento|Procesando cobro|notifySmsReception
19:13:14 - OP|H=|Client=201.175.130.92-------------------------------------------------------|notifySCReception
19:13:14 - 04/07/2015 19:13:14: |Correlator: 425276_ | message: mensaje de iAlarm | senderAddress: 524442182139 | smsServiceActivationNumber: 425276
19:13:14 - BD|H=524442182139|El equipo no existe en BD|notifySmsReception
19:13:14 - BD|H=524442182139|Guardando equipo en BD en BD|notifySmsReception
19:13:14 - BD|OK|PTN=524442182139|Guardando equipo en base de datos|saveHandsetSC
19:13:14 - BD|OK|H=3772|PTN=524442182139|Equipo guardado correctamente|saveHandsetSC
19:13:14 - BD|OK|H=3772|PTN=524442182139|Guardando en dat_estatuspayment|saveHandsetSC
19:13:14 - BD|OK|H=3772|PTN=524442182139|Guardado en dat_estatuspayment correctamente|saveHandsetSC
19:13:14 - BD|H=524442182139|ID=3772|Equipo guardado correctamente en BD|notifySmsReception
19:13:14 - OP|H=|Client=201.175.130.92-------------------------------------------------------|notifySCReception
19:13:14 - 04/07/2015 19:13:14: |Correlator: 425276_ | message: mensaje de iAlarm | senderAddress: 524442182139 | smsServiceActivationNumber: 425276
19:13:14 - BD|H=524442182139|El equipo ya existe en BD|notifySmsReception
19:13:14 - BD|H=524442182139|Contrato por evento|Procesando cobro|notifySmsReception
19:16:01 - OP|H=|Client=201.175.130.92-------------------------------------------------------|notifySCReception
19:16:01 - 04/07/2015 19:16:01: |Correlator: 425276_ | message: mensaje de iAlarm | senderAddress: 528712927733 | smsServiceActivationNumber: 425276
19:16:01 - BD|H=528712927733|El equipo no existe en BD|notifySmsReception
19:16:01 - BD|H=528712927733|Guardando equipo en BD en BD|notifySmsReception
19:16:01 - BD|OK|PTN=528712927733|Guardando equipo en base de datos|saveHandsetSC
19:16:01 - BD|OK|H=3773|PTN=528712927733|Equipo guardado correctamente|saveHandsetSC
19:16:01 - BD|OK|H=3773|PTN=528712927733|Guardando en dat_estatuspayment|saveHandsetSC
19:16:01 - BD|OK|H=3773|PTN=528712927733|Guardado en dat_estatuspayment correctamente|saveHandsetSC
19:16:01 - BD|H=528712927733|ID=3773|Equipo guardado correctamente en BD|notifySmsReception
19:16:01 - OP|H=|Client=201.175.130.92-------------------------------------------------------|notifySCReception
19:16:01 - 04/07/2015 19:16:01: |Correlator: 425276_ | message: mensaje de iAlarm | senderAddress: 528712927733 | smsServiceActivationNumber: 425276
19:16:01 - BD|H=528712927733|El equipo ya existe en BD|notifySmsReception
19:16:01 - BD|H=528712927733|Contrato por evento|Procesando cobro|notifySmsReception
19:29:12 - OP|H=|Client=201.175.130.92-------------------------------------------------------|notifySCReception
19:29:12 - 04/07/2015 19:29:12: |Correlator: 425276_ | message: mensaje de iAlarm | senderAddress: 525544023084 | smsServiceActivationNumber: 425276
19:29:12 - BD|H=525544023084|El equipo no existe en BD|notifySmsReception
19:29:12 - BD|H=525544023084|Guardando equipo en BD en BD|notifySmsReception
19:29:12 - BD|OK|PTN=525544023084|Guardando equipo en base de datos|saveHandsetSC
19:29:12 - BD|OK|H=3774|PTN=525544023084|Equipo guardado correctamente|saveHandsetSC
19:29:12 - BD|OK|H=3774|PTN=525544023084|Guardando en dat_estatuspayment|saveHandsetSC
19:29:12 - BD|OK|H=3774|PTN=525544023084|Guardado en dat_estatuspayment correctamente|saveHandsetSC
19:29:12 - BD|H=525544023084|ID=3774|Equipo guardado correctamente en BD|notifySmsReception
19:29:12 - OP|H=|Client=201.175.130.92-------------------------------------------------------|notifySCReception
19:29:12 - 04/07/2015 19:29:12: |Correlator: 425276_ | message: mensaje de iAlarm | senderAddress: 525544023084 | smsServiceActivationNumber: 425276
19:29:12 - BD|H=525544023084|El equipo ya existe en BD|notifySmsReception
19:29:12 - BD|H=525544023084|Contrato por evento|Procesando cobro|notifySmsReception
19:33:07 - OP|H=|Client=201.175.130.92-------------------------------------------------------|notifySCReception
19:33:07 - 04/07/2015 19:33:07: |Correlator: 425276_ | message: mensaje de iAlarm | senderAddress: 525544023084 | smsServiceActivationNumber: 425276
19:33:07 - BD|H=525544023084|El equipo ya existe en BD|notifySmsReception
19:33:07 - BD|H=525544023084|Contrato por evento|Procesando cobro|notifySmsReception
19:33:07 - OP|H=|Client=201.175.130.92-------------------------------------------------------|notifySCReception
19:33:07 - 04/07/2015 19:33:07: |Correlator: 425276_ | message: mensaje de iAlarm | senderAddress: 525544023084 | smsServiceActivationNumber: 425276
19:33:07 - BD|H=525544023084|El equipo ya existe en BD|notifySmsReception
19:33:07 - BD|H=525544023084|Contrato por evento|Procesando cobro|notifySmsReception
20:14:02 - OP|H=|Client=201.175.130.92-------------------------------------------------------|notifySCReception
20:14:02 - 04/07/2015 20:14:02: |Correlator: 425276_ | message: mensaje de iAlarm | senderAddress: 523315821824 | smsServiceActivationNumber: 425276
20:14:02 - BD|H=523315821824|El equipo no existe en BD|notifySmsReception
20:14:02 - BD|H=523315821824|Guardando equipo en BD en BD|notifySmsReception
20:14:02 - BD|OK|PTN=523315821824|Guardando equipo en base de datos|saveHandsetSC
20:14:02 - BD|OK|H=3775|PTN=523315821824|Equipo guardado correctamente|saveHandsetSC
20:14:02 - BD|OK|H=3775|PTN=523315821824|Guardando en dat_estatuspayment|saveHandsetSC
20:14:02 - BD|OK|H=3775|PTN=523315821824|Guardado en dat_estatuspayment correctamente|saveHandsetSC
20:14:02 - BD|H=523315821824|ID=3775|Equipo guardado correctamente en BD|notifySmsReception
20:14:02 - OP|H=|Client=201.175.130.92-------------------------------------------------------|notifySCReception
20:14:02 - 04/07/2015 20:14:02: |Correlator: 425276_ | message: mensaje de iAlarm | senderAddress: 523315821824 | smsServiceActivationNumber: 425276
20:14:02 - BD|H=523315821824|El equipo ya existe en BD|notifySmsReception
20:14:02 - BD|H=523315821824|Contrato por evento|Procesando cobro|notifySmsReception
20:24:13 - OP|H=|Client=201.175.130.92-------------------------------------------------------|notifySCReception
20:24:13 - 04/07/2015 20:24:13: |Correlator: 425276_ | message: mensaje de iAlarm | senderAddress: 524611238585 | smsServiceActivationNumber: 425276
20:24:13 - BD|H=524611238585|El equipo ya existe en BD|notifySmsReception
20:24:13 - BD|H=524611238585|Contrato por evento|Procesando cobro|notifySmsReception
20:24:13 - OP|H=|Client=201.175.130.92-------------------------------------------------------|notifySCReception
20:24:13 - 04/07/2015 20:24:13: |Correlator: 425276_ | message: mensaje de iAlarm | senderAddress: 524611238585 | smsServiceActivationNumber: 425276
20:24:13 - BD|H=524611238585|El equipo ya existe en BD|notifySmsReception
20:24:13 - BD|H=524611238585|Contrato por evento|Procesando cobro|notifySmsReception
21:56:18 - OP|H=|Client=201.175.130.92-------------------------------------------------------|notifySCReception
21:56:18 - 04/07/2015 21:56:18: |Correlator: 425276_ | message: mensaje de iAlarm | senderAddress: 528681797665 | smsServiceActivationNumber: 425276
21:56:18 - BD|H=528681797665|El equipo no existe en BD|notifySmsReception
21:56:18 - BD|H=528681797665|Guardando equipo en BD en BD|notifySmsReception
21:56:18 - BD|OK|PTN=528681797665|Guardando equipo en base de datos|saveHandsetSC
21:56:18 - BD|OK|H=3776|PTN=528681797665|Equipo guardado correctamente|saveHandsetSC
21:56:18 - BD|OK|H=3776|PTN=528681797665|Guardando en dat_estatuspayment|saveHandsetSC
21:56:18 - BD|OK|H=3776|PTN=528681797665|Guardado en dat_estatuspayment correctamente|saveHandsetSC
21:56:18 - BD|H=528681797665|ID=3776|Equipo guardado correctamente en BD|notifySmsReception
21:56:18 - OP|H=|Client=201.175.130.92-------------------------------------------------------|notifySCReception
21:56:18 - 04/07/2015 21:56:18: |Correlator: 425276_ | message: mensaje de iAlarm | senderAddress: 528681797665 | smsServiceActivationNumber: 425276
21:56:18 - BD|H=528681797665|El equipo ya existe en BD|notifySmsReception
21:56:18 - BD|H=528681797665|Contrato por evento|Procesando cobro|notifySmsReception
22:24:45 - OP|H=|Client=201.175.130.92-------------------------------------------------------|notifySCReception
22:24:45 - 04/07/2015 22:24:45: |Correlator: 425276_ | message: mensaje de iAlarm | senderAddress: 523315864326 | smsServiceActivationNumber: 425276
22:24:45 - BD|H=523315864326|El equipo no existe en BD|notifySmsReception
22:24:45 - BD|H=523315864326|Guardando equipo en BD en BD|notifySmsReception
22:24:45 - BD|OK|PTN=523315864326|Guardando equipo en base de datos|saveHandsetSC
22:24:45 - BD|OK|H=3777|PTN=523315864326|Equipo guardado correctamente|saveHandsetSC
22:24:45 - BD|OK|H=3777|PTN=523315864326|Guardando en dat_estatuspayment|saveHandsetSC
22:24:45 - BD|OK|H=3777|PTN=523315864326|Guardado en dat_estatuspayment correctamente|saveHandsetSC
22:24:45 - BD|H=523315864326|ID=3777|Equipo guardado correctamente en BD|notifySmsReception
22:24:45 - OP|H=|Client=201.175.130.92-------------------------------------------------------|notifySCReception
22:24:45 - 04/07/2015 22:24:45: |Correlator: 425276_ | message: mensaje de iAlarm | senderAddress: 523315864326 | smsServiceActivationNumber: 425276
22:24:45 - BD|H=523315864326|El equipo ya existe en BD|notifySmsReception
22:24:45 - BD|H=523315864326|Contrato por evento|Procesando cobro|notifySmsReception
23:04:19 - OP|H=|Client=201.175.130.92-------------------------------------------------------|notifySCReception
23:04:19 - 04/07/2015 23:04:19: |Correlator: 425276_ | message: mensaje de iAlarm | senderAddress: 523320640143 | smsServiceActivationNumber: 425276
23:04:19 - BD|H=523320640143|El equipo no existe en BD|notifySmsReception
23:04:19 - BD|H=523320640143|Guardando equipo en BD en BD|notifySmsReception
23:04:19 - BD|OK|PTN=523320640143|Guardando equipo en base de datos|saveHandsetSC
23:04:19 - BD|OK|H=3778|PTN=523320640143|Equipo guardado correctamente|saveHandsetSC
23:04:19 - BD|OK|H=3778|PTN=523320640143|Guardando en dat_estatuspayment|saveHandsetSC
23:04:19 - BD|OK|H=3778|PTN=523320640143|Guardado en dat_estatuspayment correctamente|saveHandsetSC
23:04:19 - BD|H=523320640143|ID=3778|Equipo guardado correctamente en BD|notifySmsReception
23:04:19 - OP|H=|Client=201.175.130.92-------------------------------------------------------|notifySCReception
23:04:19 - 04/07/2015 23:04:19: |Correlator: 425276_ | message: mensaje de iAlarm | senderAddress: 523320640143 | smsServiceActivationNumber: 425276
23:04:19 - BD|H=523320640143|El equipo ya existe en BD|notifySmsReception
23:04:19 - BD|H=523320640143|Contrato por evento|Procesando cobro|notifySmsReception
23:25:21 - OP|H=|Client=201.175.130.92-------------------------------------------------------|notifySCReception
23:25:21 - 04/07/2015 23:25:21: |Correlator: 425276_ | message: mensaje de iAlarm | senderAddress: 524731321566 | smsServiceActivationNumber: 425276
23:25:21 - BD|H=524731321566|El equipo ya existe en BD|notifySmsReception
23:25:21 - BD|H=524731321566|Contrato por evento|Procesando cobro|notifySmsReception
23:25:22 - OP|H=|Client=201.175.130.92-------------------------------------------------------|notifySCReception
23:25:22 - 04/07/2015 23:25:22: |Correlator: 425276_ | message: mensaje de iAlarm | senderAddress: 524731321566 | smsServiceActivationNumber: 425276
23:25:22 - BD|H=524731321566|El equipo ya existe en BD|notifySmsReception
23:25:22 - BD|H=524731321566|Contrato por evento|Procesando cobro|notifySmsReception
