07:40:34 - OP|H=|Client=201.175.130.92-------------------------------------------------------|notifySCReception
07:40:34 - 19/06/2015 07:40:34: |Correlator: 425276_ | message: mensaje de iAlarm | senderAddress: 523315830007 | smsServiceActivationNumber: 425276
07:40:34 - BD|H=523315830007|El equipo no existe en BD|notifySmsReception
07:40:34 - BD|H=523315830007|Guardando equipo en BD en BD|notifySmsReception
07:40:34 - BD|OK|PTN=523315830007|Guardando equipo en base de datos|saveHandsetSC
07:40:34 - BD|OK|H=3465|PTN=523315830007|Equipo guardado correctamente|saveHandsetSC
07:40:34 - BD|OK|H=3465|PTN=523315830007|Guardando en dat_estatuspayment|saveHandsetSC
07:40:34 - BD|OK|H=3465|PTN=523315830007|Guardado en dat_estatuspayment correctamente|saveHandsetSC
07:40:34 - BD|H=523315830007|ID=3465|Equipo guardado correctamente en BD|notifySmsReception
07:40:34 - OP|H=|Client=201.175.130.92-------------------------------------------------------|notifySCReception
07:40:34 - 19/06/2015 07:40:34: |Correlator: 425276_ | message: mensaje de iAlarm | senderAddress: 523315830007 | smsServiceActivationNumber: 425276
07:40:34 - BD|H=523315830007|El equipo ya existe en BD|notifySmsReception
07:40:34 - BD|H=523315830007|Contrato por evento|Procesando cobro|notifySmsReception
08:44:54 - OP|H=|Client=201.175.130.92-------------------------------------------------------|notifySCReception
08:44:54 - 19/06/2015 08:44:54: |Correlator: 425276_ | message: mensaje de iAlarm | senderAddress: 525536285896 | smsServiceActivationNumber: 425276
08:44:54 - BD|H=525536285896|El equipo no existe en BD|notifySmsReception
08:44:54 - BD|H=525536285896|Guardando equipo en BD en BD|notifySmsReception
08:44:54 - BD|OK|PTN=525536285896|Guardando equipo en base de datos|saveHandsetSC
08:44:54 - BD|OK|H=3466|PTN=525536285896|Equipo guardado correctamente|saveHandsetSC
08:44:54 - BD|OK|H=3466|PTN=525536285896|Guardando en dat_estatuspayment|saveHandsetSC
08:44:54 - BD|OK|H=3466|PTN=525536285896|Guardado en dat_estatuspayment correctamente|saveHandsetSC
08:44:54 - BD|H=525536285896|ID=3466|Equipo guardado correctamente en BD|notifySmsReception
08:44:54 - OP|H=|Client=201.175.130.92-------------------------------------------------------|notifySCReception
08:44:54 - 19/06/2015 08:44:54: |Correlator: 425276_ | message: mensaje de iAlarm | senderAddress: 525536285896 | smsServiceActivationNumber: 425276
08:44:54 - BD|H=525536285896|El equipo ya existe en BD|notifySmsReception
08:44:54 - BD|H=525536285896|Contrato por evento|Procesando cobro|notifySmsReception
10:16:12 - OP|H=|Client=201.175.130.92-------------------------------------------------------|notifySCReception
10:16:12 - 19/06/2015 10:16:12: |Correlator: 425276_ | message: mensaje de iAlarm | senderAddress: 523315876217 | smsServiceActivationNumber: 425276
10:16:12 - BD|H=523315876217|El equipo no existe en BD|notifySmsReception
10:16:12 - BD|H=523315876217|Guardando equipo en BD en BD|notifySmsReception
10:16:12 - BD|OK|PTN=523315876217|Guardando equipo en base de datos|saveHandsetSC
10:16:12 - BD|OK|H=3467|PTN=523315876217|Equipo guardado correctamente|saveHandsetSC
10:16:12 - BD|OK|H=3467|PTN=523315876217|Guardando en dat_estatuspayment|saveHandsetSC
10:16:12 - BD|OK|H=3467|PTN=523315876217|Guardado en dat_estatuspayment correctamente|saveHandsetSC
10:16:12 - BD|H=523315876217|ID=3467|Equipo guardado correctamente en BD|notifySmsReception
10:16:12 - OP|H=|Client=201.175.130.92-------------------------------------------------------|notifySCReception
10:16:12 - 19/06/2015 10:16:12: |Correlator: 425276_ | message: mensaje de iAlarm | senderAddress: 523315876217 | smsServiceActivationNumber: 425276
10:16:12 - BD|H=523315876217|El equipo ya existe en BD|notifySmsReception
10:16:12 - BD|H=523315876217|Contrato por evento|Procesando cobro|notifySmsReception
11:02:17 - OP|H=|Client=201.175.130.92-------------------------------------------------------|notifySCReception
11:02:17 - 19/06/2015 11:02:17: |Correlator: 425276_ | message: mensaje de iAlarm | senderAddress: 524773289995 | smsServiceActivationNumber: 425276
11:02:17 - BD|H=524773289995|El equipo no existe en BD|notifySmsReception
11:02:17 - BD|H=524773289995|Guardando equipo en BD en BD|notifySmsReception
11:02:17 - BD|OK|PTN=524773289995|Guardando equipo en base de datos|saveHandsetSC
11:02:17 - BD|OK|H=3468|PTN=524773289995|Equipo guardado correctamente|saveHandsetSC
11:02:17 - BD|OK|H=3468|PTN=524773289995|Guardando en dat_estatuspayment|saveHandsetSC
11:02:17 - BD|OK|H=3468|PTN=524773289995|Guardado en dat_estatuspayment correctamente|saveHandsetSC
11:02:17 - BD|H=524773289995|ID=3468|Equipo guardado correctamente en BD|notifySmsReception
11:02:17 - OP|H=|Client=201.175.130.92-------------------------------------------------------|notifySCReception
11:02:17 - 19/06/2015 11:02:17: |Correlator: 425276_ | message: mensaje de iAlarm | senderAddress: 524773289995 | smsServiceActivationNumber: 425276
11:02:17 - BD|H=524773289995|El equipo ya existe en BD|notifySmsReception
11:02:17 - BD|H=524773289995|Contrato por evento|Procesando cobro|notifySmsReception
11:18:08 - OP|H=|Client=201.175.130.92-------------------------------------------------------|notifySCReception
11:18:08 - 19/06/2015 11:18:08: |Correlator: 425276_ | message: mensaje de iAlarm | senderAddress: 525519903189 | smsServiceActivationNumber: 425276
11:18:08 - BD|H=525519903189|El equipo no existe en BD|notifySmsReception
11:18:08 - BD|H=525519903189|Guardando equipo en BD en BD|notifySmsReception
11:18:08 - BD|OK|PTN=525519903189|Guardando equipo en base de datos|saveHandsetSC
11:18:08 - BD|OK|H=3469|PTN=525519903189|Equipo guardado correctamente|saveHandsetSC
11:18:08 - BD|OK|H=3469|PTN=525519903189|Guardando en dat_estatuspayment|saveHandsetSC
11:18:08 - BD|OK|H=3469|PTN=525519903189|Guardado en dat_estatuspayment correctamente|saveHandsetSC
11:18:08 - BD|H=525519903189|ID=3469|Equipo guardado correctamente en BD|notifySmsReception
11:18:08 - OP|H=|Client=201.175.130.92-------------------------------------------------------|notifySCReception
11:18:08 - 19/06/2015 11:18:08: |Correlator: 425276_ | message: mensaje de iAlarm | senderAddress: 525519903189 | smsServiceActivationNumber: 425276
11:18:08 - BD|H=525519903189|El equipo ya existe en BD|notifySmsReception
11:18:08 - BD|H=525519903189|Contrato por evento|Procesando cobro|notifySmsReception
11:48:07 - OP|H=|Client=201.175.130.92-------------------------------------------------------|notifySCReception
11:48:07 - 19/06/2015 11:48:07: |Correlator: 425276_ | message: mensaje de iAlarm | senderAddress: 526691211500 | smsServiceActivationNumber: 425276
11:48:07 - BD|H=526691211500|El equipo ya existe en BD|notifySmsReception
11:48:07 - BD|H=526691211500|Contrato por evento|Procesando cobro|notifySmsReception
11:48:07 - OP|H=|Client=201.175.130.92-------------------------------------------------------|notifySCReception
11:48:07 - 19/06/2015 11:48:07: |Correlator: 425276_ | message: mensaje de iAlarm | senderAddress: 526691211500 | smsServiceActivationNumber: 425276
11:48:07 - BD|H=526691211500|El equipo ya existe en BD|notifySmsReception
11:48:07 - BD|H=526691211500|Contrato por evento|Procesando cobro|notifySmsReception
12:01:32 - OP|H=|Client=201.175.130.92-------------------------------------------------------|notifySCReception
12:01:32 - 19/06/2015 12:01:32: |Correlator: 425276_ | message: mensaje de iAlarm | senderAddress: 527774156529 | smsServiceActivationNumber: 425276
12:01:32 - BD|H=527774156529|El equipo no existe en BD|notifySmsReception
12:01:32 - BD|H=527774156529|Guardando equipo en BD en BD|notifySmsReception
12:01:32 - BD|OK|PTN=527774156529|Guardando equipo en base de datos|saveHandsetSC
12:01:32 - BD|OK|H=3470|PTN=527774156529|Equipo guardado correctamente|saveHandsetSC
12:01:32 - BD|OK|H=3470|PTN=527774156529|Guardando en dat_estatuspayment|saveHandsetSC
12:01:32 - BD|OK|H=3470|PTN=527774156529|Guardado en dat_estatuspayment correctamente|saveHandsetSC
12:01:32 - BD|H=527774156529|ID=3470|Equipo guardado correctamente en BD|notifySmsReception
12:01:32 - OP|H=|Client=201.175.130.92-------------------------------------------------------|notifySCReception
12:01:32 - 19/06/2015 12:01:32: |Correlator: 425276_ | message: mensaje de iAlarm | senderAddress: 527774156529 | smsServiceActivationNumber: 425276
12:01:32 - BD|H=527774156529|El equipo ya existe en BD|notifySmsReception
12:01:32 - BD|H=527774156529|Contrato por evento|Procesando cobro|notifySmsReception
12:22:19 - OP|H=|Client=201.175.130.92-------------------------------------------------------|notifySCReception
12:22:19 - 19/06/2015 12:22:19: |Correlator: 425276_ | message: mensaje de iAlarm | senderAddress: 525545980298 | smsServiceActivationNumber: 425276
12:22:19 - BD|H=525545980298|El equipo ya existe en BD|notifySmsReception
12:22:19 - BD|H=525545980298|Contrato por evento|Procesando cobro|notifySmsReception
12:22:19 - OP|H=|Client=201.175.130.92-------------------------------------------------------|notifySCReception
12:22:19 - 19/06/2015 12:22:19: |Correlator: 425276_ | message: mensaje de iAlarm | senderAddress: 525545980298 | smsServiceActivationNumber: 425276
12:22:19 - BD|H=525545980298|El equipo ya existe en BD|notifySmsReception
12:22:19 - BD|H=525545980298|Contrato por evento|Procesando cobro|notifySmsReception
12:27:45 - OP|H=|Client=201.175.130.92-------------------------------------------------------|notifySCReception
12:27:45 - 19/06/2015 12:27:45: |Correlator: 425276_ | message: mensaje de iAlarm | senderAddress: 525519903189 | smsServiceActivationNumber: 425276
12:27:45 - BD|H=525519903189|El equipo ya existe en BD|notifySmsReception
12:27:45 - BD|H=525519903189|Contrato por evento|Procesando cobro|notifySmsReception
12:27:45 - OP|H=|Client=201.175.130.92-------------------------------------------------------|notifySCReception
12:27:45 - 19/06/2015 12:27:45: |Correlator: 425276_ | message: mensaje de iAlarm | senderAddress: 525519903189 | smsServiceActivationNumber: 425276
12:27:45 - BD|H=525519903189|El equipo ya existe en BD|notifySmsReception
12:27:45 - BD|H=525519903189|Contrato por evento|Procesando cobro|notifySmsReception
12:27:54 - OP|H=|Client=201.175.130.92-------------------------------------------------------|notifySCReception
12:27:54 - 19/06/2015 12:27:54: |Correlator: 425276_ | message: mensaje de iAlarm | senderAddress: 526644402879 | smsServiceActivationNumber: 425276
12:27:54 - BD|H=526644402879|El equipo ya existe en BD|notifySmsReception
12:27:54 - BD|H=526644402879|Contrato por evento|Procesando cobro|notifySmsReception
12:27:54 - OP|H=|Client=201.175.130.92-------------------------------------------------------|notifySCReception
12:27:54 - 19/06/2015 12:27:54: |Correlator: 425276_ | message: mensaje de iAlarm | senderAddress: 526644402879 | smsServiceActivationNumber: 425276
12:27:54 - BD|H=526644402879|El equipo ya existe en BD|notifySmsReception
12:27:54 - BD|H=526644402879|Contrato por evento|Procesando cobro|notifySmsReception
14:46:59 - OP|H=|Client=201.175.130.92-------------------------------------------------------|notifySCReception
14:46:59 - 19/06/2015 14:46:59: |Correlator: 425276_ | message: mensaje de iAlarm | senderAddress: 525524885852 | smsServiceActivationNumber: 425276
14:46:59 - BD|H=525524885852|El equipo no existe en BD|notifySmsReception
14:46:59 - BD|H=525524885852|Guardando equipo en BD en BD|notifySmsReception
14:46:59 - BD|OK|PTN=525524885852|Guardando equipo en base de datos|saveHandsetSC
14:46:59 - BD|OK|H=3471|PTN=525524885852|Equipo guardado correctamente|saveHandsetSC
14:46:59 - BD|OK|H=3471|PTN=525524885852|Guardando en dat_estatuspayment|saveHandsetSC
14:46:59 - BD|OK|H=3471|PTN=525524885852|Guardado en dat_estatuspayment correctamente|saveHandsetSC
14:46:59 - BD|H=525524885852|ID=3471|Equipo guardado correctamente en BD|notifySmsReception
14:46:59 - OP|H=|Client=201.175.130.92-------------------------------------------------------|notifySCReception
14:46:59 - 19/06/2015 14:46:59: |Correlator: 425276_ | message: mensaje de iAlarm | senderAddress: 525524885852 | smsServiceActivationNumber: 425276
14:46:59 - BD|H=525524885852|El equipo ya existe en BD|notifySmsReception
14:46:59 - BD|H=525524885852|Contrato por evento|Procesando cobro|notifySmsReception
16:04:36 - OP|H=|Client=201.175.130.92-------------------------------------------------------|notifySCReception
16:04:36 - 19/06/2015 16:04:36: |Correlator: 425276_ | message: mensaje de iAlarm | senderAddress: 523315838332 | smsServiceActivationNumber: 425276
16:04:36 - BD|H=523315838332|El equipo no existe en BD|notifySmsReception
16:04:36 - BD|H=523315838332|Guardando equipo en BD en BD|notifySmsReception
16:04:36 - BD|OK|PTN=523315838332|Guardando equipo en base de datos|saveHandsetSC
16:04:36 - BD|OK|H=3472|PTN=523315838332|Equipo guardado correctamente|saveHandsetSC
16:04:36 - BD|OK|H=3472|PTN=523315838332|Guardando en dat_estatuspayment|saveHandsetSC
16:04:36 - BD|OK|H=3472|PTN=523315838332|Guardado en dat_estatuspayment correctamente|saveHandsetSC
16:04:36 - BD|H=523315838332|ID=3472|Equipo guardado correctamente en BD|notifySmsReception
16:04:36 - OP|H=|Client=201.175.130.92-------------------------------------------------------|notifySCReception
16:04:36 - 19/06/2015 16:04:36: |Correlator: 425276_ | message: mensaje de iAlarm | senderAddress: 523315838332 | smsServiceActivationNumber: 425276
16:04:36 - BD|H=523315838332|El equipo ya existe en BD|notifySmsReception
16:04:36 - BD|H=523315838332|Contrato por evento|Procesando cobro|notifySmsReception
16:29:25 - OP|H=|Client=201.175.130.92-------------------------------------------------------|notifySCReception
16:29:25 - 19/06/2015 16:29:25: |Correlator: 425276_ | message: mensaje de iAlarm | senderAddress: 526644402879 | smsServiceActivationNumber: 425276
16:29:25 - BD|H=526644402879|El equipo ya existe en BD|notifySmsReception
16:29:26 - BD|H=526644402879|Contrato por evento|Procesando cobro|notifySmsReception
16:29:26 - OP|H=|Client=201.175.130.92-------------------------------------------------------|notifySCReception
16:29:26 - 19/06/2015 16:29:26: |Correlator: 425276_ | message: mensaje de iAlarm | senderAddress: 526644402879 | smsServiceActivationNumber: 425276
16:29:26 - BD|H=526644402879|El equipo ya existe en BD|notifySmsReception
16:29:26 - BD|H=526644402879|Contrato por evento|Procesando cobro|notifySmsReception
16:45:33 - OP|H=|Client=201.175.130.92-------------------------------------------------------|notifySCReception
16:45:33 - 19/06/2015 16:45:33: |Correlator: 425276_ | message: mensaje de iAlarm | senderAddress: 523316150519 | smsServiceActivationNumber: 425276
16:45:33 - BD|H=523316150519|El equipo ya existe en BD|notifySmsReception
16:45:33 - BD|H=523316150519|Contrato por evento|Procesando cobro|notifySmsReception
16:45:33 - OP|H=|Client=201.175.130.92-------------------------------------------------------|notifySCReception
16:45:33 - 19/06/2015 16:45:33: |Correlator: 425276_ | message: mensaje de iAlarm | senderAddress: 523316150519 | smsServiceActivationNumber: 425276
16:45:33 - BD|H=523316150519|El equipo ya existe en BD|notifySmsReception
16:45:33 - BD|H=523316150519|Contrato por evento|Procesando cobro|notifySmsReception
17:17:11 - OP|H=|Client=201.175.130.92-------------------------------------------------------|notifySCReception
17:17:11 - 19/06/2015 17:17:11: |Correlator: 425276_ | message: mensaje de iAlarm | senderAddress: 522226176495 | smsServiceActivationNumber: 425276
17:17:11 - BD|H=522226176495|El equipo ya existe en BD|notifySmsReception
17:17:11 - BD|H=522226176495|Contrato por evento|Procesando cobro|notifySmsReception
17:17:11 - OP|H=|Client=201.175.130.92-------------------------------------------------------|notifySCReception
17:17:11 - 19/06/2015 17:17:11: |Correlator: 425276_ | message: mensaje de iAlarm | senderAddress: 522226176495 | smsServiceActivationNumber: 425276
17:17:11 - BD|H=522226176495|El equipo ya existe en BD|notifySmsReception
17:17:11 - BD|H=522226176495|Contrato por evento|Procesando cobro|notifySmsReception
17:28:02 - OP|H=|Client=201.175.130.92-------------------------------------------------------|notifySCReception
17:28:02 - 19/06/2015 17:28:02: |Correlator: 425276_ | message: mensaje de iAlarm | senderAddress: 524744351509 | smsServiceActivationNumber: 425276
17:28:02 - BD|H=524744351509|El equipo ya existe en BD|notifySmsReception
17:28:02 - BD|H=524744351509|Contrato por evento|Procesando cobro|notifySmsReception
17:28:03 - OP|H=|Client=201.175.130.92-------------------------------------------------------|notifySCReception
17:28:03 - 19/06/2015 17:28:03: |Correlator: 425276_ | message: mensaje de iAlarm | senderAddress: 524744351509 | smsServiceActivationNumber: 425276
17:28:03 - BD|H=524744351509|El equipo ya existe en BD|notifySmsReception
17:28:03 - BD|H=524744351509|Contrato por evento|Procesando cobro|notifySmsReception
18:20:11 - OP|H=|Client=201.175.130.92-------------------------------------------------------|notifySCReception
18:20:11 - 19/06/2015 18:20:11: |Correlator: 425276_ | message: mensaje de iAlarm | senderAddress: 525544203396 | smsServiceActivationNumber: 425276
18:20:11 - BD|H=525544203396|El equipo ya existe en BD|notifySmsReception
18:20:11 - BD|H=525544203396|Contrato por evento|Procesando cobro|notifySmsReception
18:20:11 - OP|H=|Client=201.175.130.92-------------------------------------------------------|notifySCReception
18:20:11 - 19/06/2015 18:20:11: |Correlator: 425276_ | message: mensaje de iAlarm | senderAddress: 525544203396 | smsServiceActivationNumber: 425276
18:20:11 - BD|H=525544203396|El equipo ya existe en BD|notifySmsReception
18:20:11 - BD|H=525544203396|Contrato por evento|Procesando cobro|notifySmsReception
18:36:11 - OP|H=|Client=201.175.130.92-------------------------------------------------------|notifySCReception
18:36:11 - 19/06/2015 18:36:11: |Correlator: 425276_ | message: mensaje de iAlarm | senderAddress: 525544008929 | smsServiceActivationNumber: 425276
18:36:11 - BD|H=525544008929|El equipo ya existe en BD|notifySmsReception
18:36:11 - BD|H=525544008929|Contrato por evento|Procesando cobro|notifySmsReception
18:36:11 - OP|H=|Client=201.175.130.92-------------------------------------------------------|notifySCReception
18:36:11 - 19/06/2015 18:36:11: |Correlator: 425276_ | message: mensaje de iAlarm | senderAddress: 525544008929 | smsServiceActivationNumber: 425276
18:36:11 - BD|H=525544008929|El equipo ya existe en BD|notifySmsReception
18:36:11 - BD|H=525544008929|Contrato por evento|Procesando cobro|notifySmsReception
19:34:35 - OP|H=|Client=201.175.130.92-------------------------------------------------------|notifySCReception
19:34:35 - 19/06/2015 19:34:35: |Correlator: 425276_ | message: mensaje de iAlarm | senderAddress: 522711063724 | smsServiceActivationNumber: 425276
19:34:35 - BD|H=522711063724|El equipo ya existe en BD|notifySmsReception
19:34:35 - BD|H=522711063724|Contrato por evento|Procesando cobro|notifySmsReception
19:34:35 - OP|H=|Client=201.175.130.92-------------------------------------------------------|notifySCReception
19:34:35 - 19/06/2015 19:34:35: |Correlator: 425276_ | message: mensaje de iAlarm | senderAddress: 522711063724 | smsServiceActivationNumber: 425276
19:34:35 - BD|H=522711063724|El equipo ya existe en BD|notifySmsReception
19:34:35 - BD|H=522711063724|Contrato por evento|Procesando cobro|notifySmsReception
19:51:32 - OP|H=|Client=201.175.130.92-------------------------------------------------------|notifySCReception
19:51:32 - 19/06/2015 19:51:32: |Correlator: 425276_ | message: mensaje de iAlarm | senderAddress: 524425601998 | smsServiceActivationNumber: 425276
19:51:32 - BD|H=524425601998|El equipo no existe en BD|notifySmsReception
19:51:32 - BD|H=524425601998|Guardando equipo en BD en BD|notifySmsReception
19:51:32 - BD|OK|PTN=524425601998|Guardando equipo en base de datos|saveHandsetSC
19:51:32 - BD|OK|H=3473|PTN=524425601998|Equipo guardado correctamente|saveHandsetSC
19:51:32 - BD|OK|H=3473|PTN=524425601998|Guardando en dat_estatuspayment|saveHandsetSC
19:51:32 - BD|OK|H=3473|PTN=524425601998|Guardado en dat_estatuspayment correctamente|saveHandsetSC
19:51:32 - BD|H=524425601998|ID=3473|Equipo guardado correctamente en BD|notifySmsReception
19:51:32 - OP|H=|Client=201.175.130.92-------------------------------------------------------|notifySCReception
19:51:32 - 19/06/2015 19:51:32: |Correlator: 425276_ | message: mensaje de iAlarm | senderAddress: 524425601998 | smsServiceActivationNumber: 425276
19:51:32 - BD|H=524425601998|El equipo ya existe en BD|notifySmsReception
19:51:32 - BD|H=524425601998|Contrato por evento|Procesando cobro|notifySmsReception
20:04:46 - OP|H=|Client=201.175.130.92-------------------------------------------------------|notifySCReception
20:04:46 - 19/06/2015 20:04:46: |Correlator: 425276_ | message: mensaje de iAlarm | senderAddress: 525570112868 | smsServiceActivationNumber: 425276
20:04:46 - BD|H=525570112868|El equipo no existe en BD|notifySmsReception
20:04:46 - BD|H=525570112868|Guardando equipo en BD en BD|notifySmsReception
20:04:46 - BD|OK|PTN=525570112868|Guardando equipo en base de datos|saveHandsetSC
20:04:46 - BD|OK|H=3474|PTN=525570112868|Equipo guardado correctamente|saveHandsetSC
20:04:46 - BD|OK|H=3474|PTN=525570112868|Guardando en dat_estatuspayment|saveHandsetSC
20:04:46 - BD|OK|H=3474|PTN=525570112868|Guardado en dat_estatuspayment correctamente|saveHandsetSC
20:04:46 - BD|H=525570112868|ID=3474|Equipo guardado correctamente en BD|notifySmsReception
20:04:46 - OP|H=|Client=201.175.130.92-------------------------------------------------------|notifySCReception
20:04:46 - 19/06/2015 20:04:46: |Correlator: 425276_ | message: mensaje de iAlarm | senderAddress: 525570112868 | smsServiceActivationNumber: 425276
20:04:46 - BD|H=525570112868|El equipo ya existe en BD|notifySmsReception
20:04:46 - BD|H=525570112868|Contrato por evento|Procesando cobro|notifySmsReception
20:09:37 - OP|H=|Client=201.175.130.92-------------------------------------------------------|notifySCReception
20:09:37 - 19/06/2015 20:09:37: |Correlator: 425276_ | message: mensaje de iAlarm | senderAddress: 525510903377 | smsServiceActivationNumber: 425276
20:09:37 - BD|H=525510903377|El equipo no existe en BD|notifySmsReception
20:09:37 - BD|H=525510903377|Guardando equipo en BD en BD|notifySmsReception
20:09:37 - BD|OK|PTN=525510903377|Guardando equipo en base de datos|saveHandsetSC
20:09:37 - BD|OK|H=3475|PTN=525510903377|Equipo guardado correctamente|saveHandsetSC
20:09:37 - BD|OK|H=3475|PTN=525510903377|Guardando en dat_estatuspayment|saveHandsetSC
20:09:37 - BD|OK|H=3475|PTN=525510903377|Guardado en dat_estatuspayment correctamente|saveHandsetSC
20:09:37 - BD|H=525510903377|ID=3475|Equipo guardado correctamente en BD|notifySmsReception
20:09:37 - OP|H=|Client=201.175.130.92-------------------------------------------------------|notifySCReception
20:09:37 - 19/06/2015 20:09:37: |Correlator: 425276_ | message: mensaje de iAlarm | senderAddress: 525510903377 | smsServiceActivationNumber: 425276
20:09:37 - BD|H=525510903377|El equipo ya existe en BD|notifySmsReception
20:09:37 - BD|H=525510903377|Contrato por evento|Procesando cobro|notifySmsReception
20:31:15 - OP|H=|Client=201.175.130.92-------------------------------------------------------|notifySCReception
20:31:15 - 19/06/2015 20:31:15: |Correlator: 425276_ | message: mensaje de iAlarm | senderAddress: 525536198562 | smsServiceActivationNumber: 425276
20:31:15 - BD|H=525536198562|El equipo ya existe en BD|notifySmsReception
20:31:15 - BD|H=525536198562|Contrato por evento|Procesando cobro|notifySmsReception
20:31:15 - OP|H=|Client=201.175.130.92-------------------------------------------------------|notifySCReception
20:31:15 - 19/06/2015 20:31:15: |Correlator: 425276_ | message: mensaje de iAlarm | senderAddress: 525536198562 | smsServiceActivationNumber: 425276
20:31:15 - BD|H=525536198562|El equipo ya existe en BD|notifySmsReception
20:31:15 - BD|H=525536198562|Contrato por evento|Procesando cobro|notifySmsReception
