04:22:42 - H=3384|OP=[retrieveSubscriber]---------------------------------------------------------
04:22:42 - Target|https://sdpvas.nexteldata.com.mx:8443/SmdbWebService/subscriber?wsdl
04:22:42 - XMLSent|<?xml version="1.0" encoding="UTF-8"?>
<SOAP-ENV:Envelope xmlns:SOAP-ENV="http://schemas.xmlsoap.org/soap/envelope/" xmlns:ns1="http://ws.sig.smb.ericsson.com/" xmlns:ns2="http://docs.oasis-open.org/wss/2004/01/oasis-200401-wss-wssecurity-secext-1.0.xsd"><SOAP-ENV:Header><wsse:Security xmlns:wsse="http://docs.oasis-open.org/wss/2004/01/oasis-200401-wss-wssecurity-secext-1.0.xsd">
                                            <wsse:UsernameToken xmlns:wsu="http://docs.oasis-open.org/wss/2004/01/oasis-200401-wss-wssecurity-utility-1.0.xsd">
                                                   	<wsse:Username>WEBMAPS_MX</wsse:Username>
							<wsse:Password>pay@webmaps</wsse:Password>
							<wsu:Created>2015-04-20T18:08:49.909Z</wsu:Created>
                                            </wsse:UsernameToken>
                                            </wsse:Security></SOAP-ENV:Header><SOAP-ENV:Body><ns1:retrieveSubscriber><msisdn>525570089576</msisdn><serviceCode>CD01</serviceCode></ns1:retrieveSubscriber></SOAP-ENV:Body></SOAP-ENV:Envelope>

04:22:42 - XMLReceived|<?xml version='1.0' encoding='UTF-8'?><S:Envelope xmlns:S="http://schemas.xmlsoap.org/soap/envelope/"><S:Body><ns2:retrieveSubscriberResponse xmlns:ns2="http://ws.mcds.smb.ericsson.com/" xmlns:ns3="http://ws.sig.smb.ericsson.com/"><return><subMarketId>3G</subMarketId><paymentMethodList>2</paymentMethodList><countryId>Mexico</countryId></return></ns2:retrieveSubscriberResponse></S:Body></S:Envelope>
04:22:44 - H=3384|OP=[amountCharging]---------------------------------------------------------
04:22:44 - Target|https://sdpvas.nexteldata.com.mx:7443/parlayx-payment/services/AmountChargingService?wsdl
04:22:44 - XMLSent|
04:22:44 - XMLReceived|
04:22:46 - H=3384|OP=[retrieveSubscriber]---------------------------------------------------------
04:22:46 - Target|https://sdpvas.nexteldata.com.mx:8443/SmdbWebService/subscriber?wsdl
04:22:46 - XMLSent|<?xml version="1.0" encoding="UTF-8"?>
<SOAP-ENV:Envelope xmlns:SOAP-ENV="http://schemas.xmlsoap.org/soap/envelope/" xmlns:ns1="http://ws.sig.smb.ericsson.com/" xmlns:ns2="http://docs.oasis-open.org/wss/2004/01/oasis-200401-wss-wssecurity-secext-1.0.xsd"><SOAP-ENV:Header><wsse:Security xmlns:wsse="http://docs.oasis-open.org/wss/2004/01/oasis-200401-wss-wssecurity-secext-1.0.xsd">
                                            <wsse:UsernameToken xmlns:wsu="http://docs.oasis-open.org/wss/2004/01/oasis-200401-wss-wssecurity-utility-1.0.xsd">
                                                   	<wsse:Username>WEBMAPS_MX</wsse:Username>
							<wsse:Password>pay@webmaps</wsse:Password>
							<wsu:Created>2015-04-20T18:08:49.909Z</wsu:Created>
                                            </wsse:UsernameToken>
                                            </wsse:Security></SOAP-ENV:Header><SOAP-ENV:Body><ns1:retrieveSubscriber><msisdn>525570089576</msisdn><serviceCode>CD01</serviceCode></ns1:retrieveSubscriber></SOAP-ENV:Body></SOAP-ENV:Envelope>

04:22:46 - XMLReceived|<?xml version='1.0' encoding='UTF-8'?><S:Envelope xmlns:S="http://schemas.xmlsoap.org/soap/envelope/"><S:Body><ns2:retrieveSubscriberResponse xmlns:ns2="http://ws.mcds.smb.ericsson.com/" xmlns:ns3="http://ws.sig.smb.ericsson.com/"><return><subMarketId>3G</subMarketId><paymentMethodList>2</paymentMethodList><countryId>Mexico</countryId></return></ns2:retrieveSubscriberResponse></S:Body></S:Envelope>
04:22:48 - H=3384|OP=[amountCharging]---------------------------------------------------------
04:22:48 - Target|https://sdpvas.nexteldata.com.mx:7443/parlayx-payment/services/AmountChargingService?wsdl
04:22:48 - XMLSent|
04:22:48 - XMLReceived|
06:16:37 - H=1565|OP=[retrieveSubscriber]---------------------------------------------------------
06:16:37 - Target|https://sdpvas.nexteldata.com.mx:8443/SmdbWebService/subscriber?wsdl
06:16:37 - XMLSent|<?xml version="1.0" encoding="UTF-8"?>
<SOAP-ENV:Envelope xmlns:SOAP-ENV="http://schemas.xmlsoap.org/soap/envelope/" xmlns:ns1="http://ws.sig.smb.ericsson.com/" xmlns:ns2="http://docs.oasis-open.org/wss/2004/01/oasis-200401-wss-wssecurity-secext-1.0.xsd"><SOAP-ENV:Header><wsse:Security xmlns:wsse="http://docs.oasis-open.org/wss/2004/01/oasis-200401-wss-wssecurity-secext-1.0.xsd">
                                            <wsse:UsernameToken xmlns:wsu="http://docs.oasis-open.org/wss/2004/01/oasis-200401-wss-wssecurity-utility-1.0.xsd">
                                                   	<wsse:Username>WEBMAPS_MX</wsse:Username>
							<wsse:Password>pay@webmaps</wsse:Password>
							<wsu:Created>2015-04-20T18:08:49.909Z</wsu:Created>
                                            </wsse:UsernameToken>
                                            </wsse:Security></SOAP-ENV:Header><SOAP-ENV:Body><ns1:retrieveSubscriber><msisdn>525519934222</msisdn><serviceCode>CD01</serviceCode></ns1:retrieveSubscriber></SOAP-ENV:Body></SOAP-ENV:Envelope>

06:16:37 - XMLReceived|<?xml version='1.0' encoding='UTF-8'?><S:Envelope xmlns:S="http://schemas.xmlsoap.org/soap/envelope/"><S:Body><ns2:retrieveSubscriberResponse xmlns:ns2="http://ws.mcds.smb.ericsson.com/" xmlns:ns3="http://ws.sig.smb.ericsson.com/"><return><subMarketId>IDEN</subMarketId><paymentMethodList>1</paymentMethodList><countryId>Mexico</countryId></return></ns2:retrieveSubscriberResponse></S:Body></S:Envelope>
06:16:39 - H=1565|OP=[amountCharging]---------------------------------------------------------
06:16:39 - Target|https://sdpvas.nexteldata.com.mx:7443/parlayx-payment/services/AmountChargingService?wsdl
06:16:39 - XMLSent|
06:16:39 - XMLReceived|
06:16:41 - H=1565|OP=[retrieveSubscriber]---------------------------------------------------------
06:16:41 - Target|https://sdpvas.nexteldata.com.mx:8443/SmdbWebService/subscriber?wsdl
06:16:41 - XMLSent|<?xml version="1.0" encoding="UTF-8"?>
<SOAP-ENV:Envelope xmlns:SOAP-ENV="http://schemas.xmlsoap.org/soap/envelope/" xmlns:ns1="http://ws.sig.smb.ericsson.com/" xmlns:ns2="http://docs.oasis-open.org/wss/2004/01/oasis-200401-wss-wssecurity-secext-1.0.xsd"><SOAP-ENV:Header><wsse:Security xmlns:wsse="http://docs.oasis-open.org/wss/2004/01/oasis-200401-wss-wssecurity-secext-1.0.xsd">
                                            <wsse:UsernameToken xmlns:wsu="http://docs.oasis-open.org/wss/2004/01/oasis-200401-wss-wssecurity-utility-1.0.xsd">
                                                   	<wsse:Username>WEBMAPS_MX</wsse:Username>
							<wsse:Password>pay@webmaps</wsse:Password>
							<wsu:Created>2015-04-20T18:08:49.909Z</wsu:Created>
                                            </wsse:UsernameToken>
                                            </wsse:Security></SOAP-ENV:Header><SOAP-ENV:Body><ns1:retrieveSubscriber><msisdn>525519934222</msisdn><serviceCode>CD01</serviceCode></ns1:retrieveSubscriber></SOAP-ENV:Body></SOAP-ENV:Envelope>

06:16:41 - XMLReceived|<?xml version='1.0' encoding='UTF-8'?><S:Envelope xmlns:S="http://schemas.xmlsoap.org/soap/envelope/"><S:Body><ns2:retrieveSubscriberResponse xmlns:ns2="http://ws.mcds.smb.ericsson.com/" xmlns:ns3="http://ws.sig.smb.ericsson.com/"><return><subMarketId>IDEN</subMarketId><paymentMethodList>1</paymentMethodList><countryId>Mexico</countryId></return></ns2:retrieveSubscriberResponse></S:Body></S:Envelope>
06:16:43 - H=1565|OP=[amountCharging]---------------------------------------------------------
06:16:43 - Target|https://sdpvas.nexteldata.com.mx:7443/parlayx-payment/services/AmountChargingService?wsdl
06:16:43 - XMLSent|
06:16:43 - XMLReceived|
08:34:26 - H=3264|OP=[retrieveSubscriber]---------------------------------------------------------
08:34:26 - Target|https://sdpvas.nexteldata.com.mx:8443/SmdbWebService/subscriber?wsdl
08:34:26 - XMLSent|<?xml version="1.0" encoding="UTF-8"?>
<SOAP-ENV:Envelope xmlns:SOAP-ENV="http://schemas.xmlsoap.org/soap/envelope/" xmlns:ns1="http://ws.sig.smb.ericsson.com/" xmlns:ns2="http://docs.oasis-open.org/wss/2004/01/oasis-200401-wss-wssecurity-secext-1.0.xsd"><SOAP-ENV:Header><wsse:Security xmlns:wsse="http://docs.oasis-open.org/wss/2004/01/oasis-200401-wss-wssecurity-secext-1.0.xsd">
                                            <wsse:UsernameToken xmlns:wsu="http://docs.oasis-open.org/wss/2004/01/oasis-200401-wss-wssecurity-utility-1.0.xsd">
                                                   	<wsse:Username>WEBMAPS_MX</wsse:Username>
							<wsse:Password>pay@webmaps</wsse:Password>
							<wsu:Created>2015-04-20T18:08:49.909Z</wsu:Created>
                                            </wsse:UsernameToken>
                                            </wsse:Security></SOAP-ENV:Header><SOAP-ENV:Body><ns1:retrieveSubscriber><msisdn>528116780352</msisdn><serviceCode>CD01</serviceCode></ns1:retrieveSubscriber></SOAP-ENV:Body></SOAP-ENV:Envelope>

08:34:26 - XMLReceived|<?xml version='1.0' encoding='UTF-8'?><S:Envelope xmlns:S="http://schemas.xmlsoap.org/soap/envelope/"><S:Body><ns2:retrieveSubscriberResponse xmlns:ns2="http://ws.mcds.smb.ericsson.com/" xmlns:ns3="http://ws.sig.smb.ericsson.com/"><return><subMarketId>3G</subMarketId><paymentMethodList>1</paymentMethodList><countryId>Mexico</countryId></return></ns2:retrieveSubscriberResponse></S:Body></S:Envelope>
08:34:28 - H=3264|OP=[amountCharging]---------------------------------------------------------
08:34:28 - Target|https://sdpvas.nexteldata.com.mx:7443/parlayx-payment/services/AmountChargingService?wsdl
08:34:28 - XMLSent|
08:34:28 - XMLReceived|
08:34:30 - H=3264|OP=[retrieveSubscriber]---------------------------------------------------------
08:34:30 - Target|https://sdpvas.nexteldata.com.mx:8443/SmdbWebService/subscriber?wsdl
08:34:30 - XMLSent|<?xml version="1.0" encoding="UTF-8"?>
<SOAP-ENV:Envelope xmlns:SOAP-ENV="http://schemas.xmlsoap.org/soap/envelope/" xmlns:ns1="http://ws.sig.smb.ericsson.com/" xmlns:ns2="http://docs.oasis-open.org/wss/2004/01/oasis-200401-wss-wssecurity-secext-1.0.xsd"><SOAP-ENV:Header><wsse:Security xmlns:wsse="http://docs.oasis-open.org/wss/2004/01/oasis-200401-wss-wssecurity-secext-1.0.xsd">
                                            <wsse:UsernameToken xmlns:wsu="http://docs.oasis-open.org/wss/2004/01/oasis-200401-wss-wssecurity-utility-1.0.xsd">
                                                   	<wsse:Username>WEBMAPS_MX</wsse:Username>
							<wsse:Password>pay@webmaps</wsse:Password>
							<wsu:Created>2015-04-20T18:08:49.909Z</wsu:Created>
                                            </wsse:UsernameToken>
                                            </wsse:Security></SOAP-ENV:Header><SOAP-ENV:Body><ns1:retrieveSubscriber><msisdn>528116780352</msisdn><serviceCode>CD01</serviceCode></ns1:retrieveSubscriber></SOAP-ENV:Body></SOAP-ENV:Envelope>

08:34:30 - XMLReceived|<?xml version='1.0' encoding='UTF-8'?><S:Envelope xmlns:S="http://schemas.xmlsoap.org/soap/envelope/"><S:Body><ns2:retrieveSubscriberResponse xmlns:ns2="http://ws.mcds.smb.ericsson.com/" xmlns:ns3="http://ws.sig.smb.ericsson.com/"><return><subMarketId>3G</subMarketId><paymentMethodList>1</paymentMethodList><countryId>Mexico</countryId></return></ns2:retrieveSubscriberResponse></S:Body></S:Envelope>
08:34:33 - H=3264|OP=[amountCharging]---------------------------------------------------------
08:34:33 - Target|https://sdpvas.nexteldata.com.mx:7443/parlayx-payment/services/AmountChargingService?wsdl
08:34:33 - XMLSent|
08:34:33 - XMLReceived|
09:52:47 - H=3367|OP=[retrieveSubscriber]---------------------------------------------------------
09:52:47 - Target|https://sdpvas.nexteldata.com.mx:8443/SmdbWebService/subscriber?wsdl
09:52:47 - XMLSent|<?xml version="1.0" encoding="UTF-8"?>
<SOAP-ENV:Envelope xmlns:SOAP-ENV="http://schemas.xmlsoap.org/soap/envelope/" xmlns:ns1="http://ws.sig.smb.ericsson.com/" xmlns:ns2="http://docs.oasis-open.org/wss/2004/01/oasis-200401-wss-wssecurity-secext-1.0.xsd"><SOAP-ENV:Header><wsse:Security xmlns:wsse="http://docs.oasis-open.org/wss/2004/01/oasis-200401-wss-wssecurity-secext-1.0.xsd">
                                            <wsse:UsernameToken xmlns:wsu="http://docs.oasis-open.org/wss/2004/01/oasis-200401-wss-wssecurity-utility-1.0.xsd">
                                                   	<wsse:Username>WEBMAPS_MX</wsse:Username>
							<wsse:Password>pay@webmaps</wsse:Password>
							<wsu:Created>2015-04-20T18:08:49.909Z</wsu:Created>
                                            </wsse:UsernameToken>
                                            </wsse:Security></SOAP-ENV:Header><SOAP-ENV:Body><ns1:retrieveSubscriber><msisdn>524612121058</msisdn><serviceCode>CD01</serviceCode></ns1:retrieveSubscriber></SOAP-ENV:Body></SOAP-ENV:Envelope>

09:52:47 - XMLReceived|<?xml version='1.0' encoding='UTF-8'?><S:Envelope xmlns:S="http://schemas.xmlsoap.org/soap/envelope/"><S:Body><ns2:retrieveSubscriberResponse xmlns:ns2="http://ws.mcds.smb.ericsson.com/" xmlns:ns3="http://ws.sig.smb.ericsson.com/"><return><subMarketId>IDEN</subMarketId><paymentMethodList>1</paymentMethodList><countryId>Mexico</countryId></return></ns2:retrieveSubscriberResponse></S:Body></S:Envelope>
09:52:49 - H=3367|OP=[amountCharging]---------------------------------------------------------
09:52:49 - Target|https://sdpvas.nexteldata.com.mx:7443/parlayx-payment/services/AmountChargingService?wsdl
09:52:49 - XMLSent|
09:52:49 - XMLReceived|
09:52:52 - H=3367|OP=[retrieveSubscriber]---------------------------------------------------------
09:52:52 - Target|https://sdpvas.nexteldata.com.mx:8443/SmdbWebService/subscriber?wsdl
09:52:52 - XMLSent|<?xml version="1.0" encoding="UTF-8"?>
<SOAP-ENV:Envelope xmlns:SOAP-ENV="http://schemas.xmlsoap.org/soap/envelope/" xmlns:ns1="http://ws.sig.smb.ericsson.com/" xmlns:ns2="http://docs.oasis-open.org/wss/2004/01/oasis-200401-wss-wssecurity-secext-1.0.xsd"><SOAP-ENV:Header><wsse:Security xmlns:wsse="http://docs.oasis-open.org/wss/2004/01/oasis-200401-wss-wssecurity-secext-1.0.xsd">
                                            <wsse:UsernameToken xmlns:wsu="http://docs.oasis-open.org/wss/2004/01/oasis-200401-wss-wssecurity-utility-1.0.xsd">
                                                   	<wsse:Username>WEBMAPS_MX</wsse:Username>
							<wsse:Password>pay@webmaps</wsse:Password>
							<wsu:Created>2015-04-20T18:08:49.909Z</wsu:Created>
                                            </wsse:UsernameToken>
                                            </wsse:Security></SOAP-ENV:Header><SOAP-ENV:Body><ns1:retrieveSubscriber><msisdn>524612121058</msisdn><serviceCode>CD01</serviceCode></ns1:retrieveSubscriber></SOAP-ENV:Body></SOAP-ENV:Envelope>

09:52:52 - XMLReceived|<?xml version='1.0' encoding='UTF-8'?><S:Envelope xmlns:S="http://schemas.xmlsoap.org/soap/envelope/"><S:Body><ns2:retrieveSubscriberResponse xmlns:ns2="http://ws.mcds.smb.ericsson.com/" xmlns:ns3="http://ws.sig.smb.ericsson.com/"><return><subMarketId>IDEN</subMarketId><paymentMethodList>1</paymentMethodList><countryId>Mexico</countryId></return></ns2:retrieveSubscriberResponse></S:Body></S:Envelope>
09:52:54 - H=3367|OP=[amountCharging]---------------------------------------------------------
09:52:54 - Target|https://sdpvas.nexteldata.com.mx:7443/parlayx-payment/services/AmountChargingService?wsdl
09:52:54 - XMLSent|
09:52:54 - XMLReceived|
