00:00:31 - OP|H=|Client=201.175.130.92-------------------------------------------------------|notifySCReception
00:00:31 - 06/07/2015 00:00:31: |Correlator: 425276_ | message: mensaje de iAlarm | senderAddress: 524721180568 | smsServiceActivationNumber: 425276
00:00:31 - BD|H=524721180568|El equipo ya existe en BD|notifySmsReception
00:00:31 - BD|H=524721180568|Contrato por evento|Procesando cobro|notifySmsReception
00:00:31 - OP|H=|Client=201.175.130.92-------------------------------------------------------|notifySCReception
00:00:31 - 06/07/2015 00:00:31: |Correlator: 425276_ | message: mensaje de iAlarm | senderAddress: 524721180568 | smsServiceActivationNumber: 425276
00:00:31 - BD|H=524721180568|El equipo ya existe en BD|notifySmsReception
00:00:31 - BD|H=524721180568|Contrato por evento|Procesando cobro|notifySmsReception
00:11:11 - OP|H=|Client=201.175.130.92-------------------------------------------------------|notifySCReception
00:11:11 - 06/07/2015 00:11:11: |Correlator: 425276_ | message: mensaje de iAlarm | senderAddress: 525570081350 | smsServiceActivationNumber: 425276
00:11:11 - BD|H=525570081350|El equipo no existe en BD|notifySmsReception
00:11:11 - BD|H=525570081350|Guardando equipo en BD en BD|notifySmsReception
00:11:11 - BD|OK|PTN=525570081350|Guardando equipo en base de datos|saveHandsetSC
00:11:11 - BD|OK|H=3790|PTN=525570081350|Equipo guardado correctamente|saveHandsetSC
00:11:11 - BD|OK|H=3790|PTN=525570081350|Guardando en dat_estatuspayment|saveHandsetSC
00:11:11 - BD|OK|H=3790|PTN=525570081350|Guardado en dat_estatuspayment correctamente|saveHandsetSC
00:11:11 - BD|H=525570081350|ID=3790|Equipo guardado correctamente en BD|notifySmsReception
00:11:11 - OP|H=|Client=201.175.130.92-------------------------------------------------------|notifySCReception
00:11:11 - 06/07/2015 00:11:11: |Correlator: 425276_ | message: mensaje de iAlarm | senderAddress: 525570081350 | smsServiceActivationNumber: 425276
00:11:11 - BD|H=525570081350|El equipo ya existe en BD|notifySmsReception
00:11:11 - BD|H=525570081350|Contrato por evento|Procesando cobro|notifySmsReception
00:34:46 - OP|H=|Client=201.175.130.92-------------------------------------------------------|notifySCReception
00:34:46 - 06/07/2015 00:34:46: |Correlator: 425276_ | message: mensaje de iAlarm | senderAddress: 527772387521 | smsServiceActivationNumber: 425276
00:34:46 - BD|H=527772387521|El equipo ya existe en BD|notifySmsReception
00:34:46 - BD|H=527772387521|Contrato por evento|Procesando cobro|notifySmsReception
00:34:46 - OP|H=|Client=201.175.130.92-------------------------------------------------------|notifySCReception
00:34:46 - 06/07/2015 00:34:46: |Correlator: 425276_ | message: mensaje de iAlarm | senderAddress: 527772387521 | smsServiceActivationNumber: 425276
00:34:46 - BD|H=527772387521|El equipo ya existe en BD|notifySmsReception
00:34:46 - BD|H=527772387521|Contrato por evento|Procesando cobro|notifySmsReception
05:37:26 - OP|H=|Client=201.175.130.92-------------------------------------------------------|notifySCReception
05:37:26 - 06/07/2015 05:37:26: |Correlator: 425276_ | message: mensaje de iAlarm | senderAddress: 524621390954 | smsServiceActivationNumber: 425276
05:37:26 - BD|H=524621390954|El equipo ya existe en BD|notifySmsReception
05:37:26 - BD|H=524621390954|Contrato por evento|Procesando cobro|notifySmsReception
05:37:27 - OP|H=|Client=201.175.130.92-------------------------------------------------------|notifySCReception
05:37:27 - 06/07/2015 05:37:27: |Correlator: 425276_ | message: mensaje de iAlarm | senderAddress: 524621390954 | smsServiceActivationNumber: 425276
05:37:27 - BD|H=524621390954|El equipo ya existe en BD|notifySmsReception
05:37:27 - BD|H=524621390954|Contrato por evento|Procesando cobro|notifySmsReception
08:00:58 - OP|H=|Client=201.175.130.92-------------------------------------------------------|notifySCReception
08:00:58 - 06/07/2015 08:00:58: |Correlator: 425276_ | message: mensaje de iAlarm | senderAddress: 525542028313 | smsServiceActivationNumber: 425276
08:00:58 - BD|H=525542028313|El equipo ya existe en BD|notifySmsReception
08:00:58 - BD|H=525542028313|Contrato por evento|Procesando cobro|notifySmsReception
08:00:58 - OP|H=|Client=201.175.130.92-------------------------------------------------------|notifySCReception
08:00:58 - 06/07/2015 08:00:58: |Correlator: 425276_ | message: mensaje de iAlarm | senderAddress: 525542028313 | smsServiceActivationNumber: 425276
08:00:58 - BD|H=525542028313|El equipo ya existe en BD|notifySmsReception
08:00:58 - BD|H=525542028313|Contrato por evento|Procesando cobro|notifySmsReception
08:20:01 - OP|H=|Client=201.175.130.92-------------------------------------------------------|notifySCReception
08:20:01 - 06/07/2015 08:20:01: |Correlator: 425276_ | message: mensaje de iAlarm | senderAddress: 525546193762 | smsServiceActivationNumber: 425276
08:20:01 - BD|H=525546193762|El equipo no existe en BD|notifySmsReception
08:20:01 - BD|H=525546193762|Guardando equipo en BD en BD|notifySmsReception
08:20:01 - BD|OK|PTN=525546193762|Guardando equipo en base de datos|saveHandsetSC
08:20:01 - BD|OK|H=3791|PTN=525546193762|Equipo guardado correctamente|saveHandsetSC
08:20:01 - BD|OK|H=3791|PTN=525546193762|Guardando en dat_estatuspayment|saveHandsetSC
08:20:01 - BD|OK|H=3791|PTN=525546193762|Guardado en dat_estatuspayment correctamente|saveHandsetSC
08:20:01 - BD|H=525546193762|ID=3791|Equipo guardado correctamente en BD|notifySmsReception
08:20:01 - OP|H=|Client=201.175.130.92-------------------------------------------------------|notifySCReception
08:20:01 - 06/07/2015 08:20:01: |Correlator: 425276_ | message: mensaje de iAlarm | senderAddress: 525546193762 | smsServiceActivationNumber: 425276
08:20:01 - BD|H=525546193762|El equipo ya existe en BD|notifySmsReception
08:20:01 - BD|H=525546193762|Contrato por evento|Procesando cobro|notifySmsReception
08:23:13 - OP|H=|Client=201.175.130.92-------------------------------------------------------|notifySCReception
08:23:13 - 06/07/2015 08:23:13: |Correlator: 425276_ | message: mensaje de iAlarm | senderAddress: 523314786718 | smsServiceActivationNumber: 425276
08:23:13 - BD|H=523314786718|El equipo no existe en BD|notifySmsReception
08:23:13 - BD|H=523314786718|Guardando equipo en BD en BD|notifySmsReception
08:23:13 - BD|OK|PTN=523314786718|Guardando equipo en base de datos|saveHandsetSC
08:23:13 - BD|OK|H=3792|PTN=523314786718|Equipo guardado correctamente|saveHandsetSC
08:23:13 - BD|OK|H=3792|PTN=523314786718|Guardando en dat_estatuspayment|saveHandsetSC
08:23:13 - BD|OK|H=3792|PTN=523314786718|Guardado en dat_estatuspayment correctamente|saveHandsetSC
08:23:13 - BD|H=523314786718|ID=3792|Equipo guardado correctamente en BD|notifySmsReception
08:23:13 - OP|H=|Client=201.175.130.92-------------------------------------------------------|notifySCReception
08:23:13 - 06/07/2015 08:23:13: |Correlator: 425276_ | message: mensaje de iAlarm | senderAddress: 523314786718 | smsServiceActivationNumber: 425276
08:23:13 - BD|H=523314786718|El equipo ya existe en BD|notifySmsReception
08:23:13 - BD|H=523314786718|Contrato por evento|Procesando cobro|notifySmsReception
08:53:55 - OP|H=|Client=201.175.130.92-------------------------------------------------------|notifySCReception
08:53:55 - 06/07/2015 08:53:55: |Correlator: 425276_ | message: mensaje de iAlarm | senderAddress: 527771690873 | smsServiceActivationNumber: 425276
08:53:55 - BD|H=527771690873|El equipo ya existe en BD|notifySmsReception
08:53:55 - BD|H=527771690873|Contrato por evento|Procesando cobro|notifySmsReception
08:53:55 - OP|H=|Client=201.175.130.92-------------------------------------------------------|notifySCReception
08:53:55 - 06/07/2015 08:53:55: |Correlator: 425276_ | message: mensaje de iAlarm | senderAddress: 527771690873 | smsServiceActivationNumber: 425276
08:53:55 - BD|H=527771690873|El equipo ya existe en BD|notifySmsReception
08:53:55 - BD|H=527771690873|Contrato por evento|Procesando cobro|notifySmsReception
08:59:18 - OP|H=|Client=201.175.130.92-------------------------------------------------------|notifySCReception
08:59:18 - 06/07/2015 08:59:18: |Correlator: 425276_ | message: mensaje de iAlarm | senderAddress: 524773065345 | smsServiceActivationNumber: 425276
08:59:18 - BD|H=524773065345|El equipo ya existe en BD|notifySmsReception
08:59:18 - BD|H=524773065345|Contrato por evento|Procesando cobro|notifySmsReception
08:59:18 - OP|H=|Client=201.175.130.92-------------------------------------------------------|notifySCReception
08:59:18 - 06/07/2015 08:59:18: |Correlator: 425276_ | message: mensaje de iAlarm | senderAddress: 524773065345 | smsServiceActivationNumber: 425276
08:59:18 - BD|H=524773065345|El equipo ya existe en BD|notifySmsReception
08:59:18 - BD|H=524773065345|Contrato por evento|Procesando cobro|notifySmsReception
09:03:09 - OP|H=|Client=201.175.130.92-------------------------------------------------------|notifySCReception
09:03:09 - 06/07/2015 09:03:09: |Correlator: 425276_ | message: mensaje de iAlarm | senderAddress: 524521471190 | smsServiceActivationNumber: 425276
09:03:09 - BD|H=524521471190|El equipo ya existe en BD|notifySmsReception
09:03:09 - BD|H=524521471190|Contrato por evento|Procesando cobro|notifySmsReception
09:03:10 - OP|H=|Client=201.175.130.92-------------------------------------------------------|notifySCReception
09:03:10 - 06/07/2015 09:03:10: |Correlator: 425276_ | message: mensaje de iAlarm | senderAddress: 524521471190 | smsServiceActivationNumber: 425276
09:03:10 - BD|H=524521471190|El equipo ya existe en BD|notifySmsReception
09:03:10 - BD|H=524521471190|Contrato por evento|Procesando cobro|notifySmsReception
09:08:22 - OP|H=|Client=201.175.130.92-------------------------------------------------------|notifySCReception
09:08:22 - 06/07/2015 09:08:22: |Correlator: 425276_ | message: mensaje de iAlarm | senderAddress: 525527356532 | smsServiceActivationNumber: 425276
09:08:22 - BD|H=525527356532|El equipo ya existe en BD|notifySmsReception
09:08:22 - BD|H=525527356532|Contrato por evento|Procesando cobro|notifySmsReception
09:08:22 - OP|H=|Client=201.175.130.92-------------------------------------------------------|notifySCReception
09:08:22 - 06/07/2015 09:08:22: |Correlator: 425276_ | message: mensaje de iAlarm | senderAddress: 525527356532 | smsServiceActivationNumber: 425276
09:08:22 - BD|H=525527356532|El equipo ya existe en BD|notifySmsReception
09:08:22 - BD|H=525527356532|Contrato por evento|Procesando cobro|notifySmsReception
10:27:18 - OP|H=|Client=201.175.130.92-------------------------------------------------------|notifySCReception
10:27:18 - 06/07/2015 10:27:18: |Correlator: 425276_ | message: mensaje de iAlarm | senderAddress: 522321220432 | smsServiceActivationNumber: 425276
10:27:18 - BD|H=522321220432|El equipo no existe en BD|notifySmsReception
10:27:18 - BD|H=522321220432|Guardando equipo en BD en BD|notifySmsReception
10:27:18 - BD|OK|PTN=522321220432|Guardando equipo en base de datos|saveHandsetSC
10:27:18 - BD|OK|H=3793|PTN=522321220432|Equipo guardado correctamente|saveHandsetSC
10:27:18 - BD|OK|H=3793|PTN=522321220432|Guardando en dat_estatuspayment|saveHandsetSC
10:27:18 - BD|OK|H=3793|PTN=522321220432|Guardado en dat_estatuspayment correctamente|saveHandsetSC
10:27:18 - BD|H=522321220432|ID=3793|Equipo guardado correctamente en BD|notifySmsReception
10:27:19 - OP|H=|Client=201.175.130.92-------------------------------------------------------|notifySCReception
10:27:19 - 06/07/2015 10:27:19: |Correlator: 425276_ | message: mensaje de iAlarm | senderAddress: 522321220432 | smsServiceActivationNumber: 425276
10:27:19 - BD|H=522321220432|El equipo ya existe en BD|notifySmsReception
10:27:19 - BD|H=522321220432|Contrato por evento|Procesando cobro|notifySmsReception
10:32:10 - OP|H=|Client=201.175.130.92-------------------------------------------------------|notifySCReception
10:32:10 - 06/07/2015 10:32:10: |Correlator: 425276_ | message: mensaje de iAlarm | senderAddress: 524491225801 | smsServiceActivationNumber: 425276
10:32:10 - BD|H=524491225801|El equipo ya existe en BD|notifySmsReception
10:32:10 - BD|H=524491225801|Contrato por evento|Procesando cobro|notifySmsReception
10:32:10 - OP|H=|Client=201.175.130.92-------------------------------------------------------|notifySCReception
10:32:10 - 06/07/2015 10:32:10: |Correlator: 425276_ | message: mensaje de iAlarm | senderAddress: 524491225801 | smsServiceActivationNumber: 425276
10:32:10 - BD|H=524491225801|El equipo ya existe en BD|notifySmsReception
10:32:10 - BD|H=524491225801|Contrato por evento|Procesando cobro|notifySmsReception
11:01:00 - OP|H=|Client=201.175.130.92-------------------------------------------------------|notifySCReception
11:01:00 - 06/07/2015 11:01:00: |Correlator: 425276_ | message: mensaje de iAlarm | senderAddress: 524611876135 | smsServiceActivationNumber: 425276
11:01:00 - BD|H=524611876135|El equipo ya existe en BD|notifySmsReception
11:01:00 - BD|H=524611876135|Contrato por evento|Procesando cobro|notifySmsReception
11:01:00 - OP|H=|Client=201.175.130.92-------------------------------------------------------|notifySCReception
11:01:00 - 06/07/2015 11:01:00: |Correlator: 425276_ | message: mensaje de iAlarm | senderAddress: 524611876135 | smsServiceActivationNumber: 425276
11:01:00 - BD|H=524611876135|El equipo ya existe en BD|notifySmsReception
11:01:00 - BD|H=524611876135|Contrato por evento|Procesando cobro|notifySmsReception
11:16:16 - OP|H=|Client=201.175.130.92-------------------------------------------------------|notifySCReception
11:16:16 - 06/07/2015 11:16:16: |Correlator: 425276_ | message: mensaje de iAlarm | senderAddress: 527731422675 | smsServiceActivationNumber: 425276
11:16:16 - BD|H=527731422675|El equipo no existe en BD|notifySmsReception
11:16:16 - BD|H=527731422675|Guardando equipo en BD en BD|notifySmsReception
11:16:16 - BD|OK|PTN=527731422675|Guardando equipo en base de datos|saveHandsetSC
11:16:16 - BD|OK|H=3794|PTN=527731422675|Equipo guardado correctamente|saveHandsetSC
11:16:16 - BD|OK|H=3794|PTN=527731422675|Guardando en dat_estatuspayment|saveHandsetSC
11:16:16 - BD|OK|H=3794|PTN=527731422675|Guardado en dat_estatuspayment correctamente|saveHandsetSC
11:16:16 - BD|H=527731422675|ID=3794|Equipo guardado correctamente en BD|notifySmsReception
11:16:17 - OP|H=|Client=201.175.130.92-------------------------------------------------------|notifySCReception
11:16:17 - 06/07/2015 11:16:17: |Correlator: 425276_ | message: mensaje de iAlarm | senderAddress: 527731422675 | smsServiceActivationNumber: 425276
11:16:17 - BD|H=527731422675|El equipo ya existe en BD|notifySmsReception
11:16:17 - BD|H=527731422675|Contrato por evento|Procesando cobro|notifySmsReception
11:32:31 - OP|H=|Client=201.175.130.92-------------------------------------------------------|notifySCReception
11:32:31 - 06/07/2015 11:32:31: |Correlator: 425276_ | message: mensaje de iAlarm | senderAddress: 524773065345 | smsServiceActivationNumber: 425276
11:32:31 - BD|H=524773065345|El equipo ya existe en BD|notifySmsReception
11:32:31 - BD|H=524773065345|Contrato por evento|Procesando cobro|notifySmsReception
11:32:31 - OP|H=|Client=201.175.130.92-------------------------------------------------------|notifySCReception
11:32:31 - 06/07/2015 11:32:31: |Correlator: 425276_ | message: mensaje de iAlarm | senderAddress: 524773065345 | smsServiceActivationNumber: 425276
11:32:31 - BD|H=524773065345|El equipo ya existe en BD|notifySmsReception
11:32:31 - BD|H=524773065345|Contrato por evento|Procesando cobro|notifySmsReception
11:35:51 - OP|H=|Client=201.175.130.92-------------------------------------------------------|notifySCReception
11:35:51 - 06/07/2015 11:35:51: |Correlator: 425276_ | message: mensaje de iAlarm | senderAddress: 525544395461 | smsServiceActivationNumber: 425276
11:35:51 - BD|H=525544395461|El equipo no existe en BD|notifySmsReception
11:35:51 - BD|H=525544395461|Guardando equipo en BD en BD|notifySmsReception
11:35:51 - BD|OK|PTN=525544395461|Guardando equipo en base de datos|saveHandsetSC
11:35:51 - BD|OK|H=3795|PTN=525544395461|Equipo guardado correctamente|saveHandsetSC
11:35:51 - BD|OK|H=3795|PTN=525544395461|Guardando en dat_estatuspayment|saveHandsetSC
11:35:51 - BD|OK|H=3795|PTN=525544395461|Guardado en dat_estatuspayment correctamente|saveHandsetSC
11:35:51 - BD|H=525544395461|ID=3795|Equipo guardado correctamente en BD|notifySmsReception
11:35:51 - OP|H=|Client=201.175.130.92-------------------------------------------------------|notifySCReception
11:35:51 - 06/07/2015 11:35:51: |Correlator: 425276_ | message: mensaje de iAlarm | senderAddress: 525544395461 | smsServiceActivationNumber: 425276
11:35:51 - BD|H=525544395461|El equipo ya existe en BD|notifySmsReception
11:35:51 - BD|H=525544395461|Contrato por evento|Procesando cobro|notifySmsReception
11:42:04 - OP|H=|Client=201.175.130.92-------------------------------------------------------|notifySCReception
11:42:04 - 06/07/2015 11:42:04: |Correlator: 425276_ | message: mensaje de iAlarm | senderAddress: 524494417462 | smsServiceActivationNumber: 425276
11:42:04 - BD|H=524494417462|El equipo ya existe en BD|notifySmsReception
11:42:04 - BD|H=524494417462|Contrato por evento|Procesando cobro|notifySmsReception
11:42:06 - OP|H=|Client=201.175.130.92-------------------------------------------------------|notifySCReception
11:42:06 - 06/07/2015 11:42:06: |Correlator: 425276_ | message: mensaje de iAlarm | senderAddress: 524494417462 | smsServiceActivationNumber: 425276
11:42:06 - BD|H=524494417462|El equipo ya existe en BD|notifySmsReception
11:42:06 - BD|H=524494417462|Contrato por evento|Procesando cobro|notifySmsReception
12:49:26 - OP|H=|Client=201.175.130.92-------------------------------------------------------|notifySCReception
12:49:26 - 06/07/2015 12:49:26: |Correlator: 425276_ | message: mensaje de iAlarm | senderAddress: 525536179040 | smsServiceActivationNumber: 425276
12:49:26 - BD|H=525536179040|El equipo no existe en BD|notifySmsReception
12:49:26 - BD|H=525536179040|Guardando equipo en BD en BD|notifySmsReception
12:49:26 - BD|OK|PTN=525536179040|Guardando equipo en base de datos|saveHandsetSC
12:49:26 - BD|OK|H=3796|PTN=525536179040|Equipo guardado correctamente|saveHandsetSC
12:49:26 - BD|OK|H=3796|PTN=525536179040|Guardando en dat_estatuspayment|saveHandsetSC
12:49:26 - BD|OK|H=3796|PTN=525536179040|Guardado en dat_estatuspayment correctamente|saveHandsetSC
12:49:26 - BD|H=525536179040|ID=3796|Equipo guardado correctamente en BD|notifySmsReception
12:49:26 - OP|H=|Client=201.175.130.92-------------------------------------------------------|notifySCReception
12:49:26 - 06/07/2015 12:49:26: |Correlator: 425276_ | message: mensaje de iAlarm | senderAddress: 525536179040 | smsServiceActivationNumber: 425276
12:49:26 - BD|H=525536179040|El equipo ya existe en BD|notifySmsReception
12:49:26 - BD|H=525536179040|Contrato por evento|Procesando cobro|notifySmsReception
13:11:21 - OP|H=|Client=201.175.130.92-------------------------------------------------------|notifySCReception
13:11:21 - 06/07/2015 13:11:21: |Correlator: 425276_ | message: mensaje de iAlarm | senderAddress: 527773494152 | smsServiceActivationNumber: 425276
13:11:21 - BD|H=527773494152|El equipo no existe en BD|notifySmsReception
13:11:21 - BD|H=527773494152|Guardando equipo en BD en BD|notifySmsReception
13:11:21 - BD|OK|PTN=527773494152|Guardando equipo en base de datos|saveHandsetSC
13:11:21 - BD|OK|H=3797|PTN=527773494152|Equipo guardado correctamente|saveHandsetSC
13:11:21 - BD|OK|H=3797|PTN=527773494152|Guardando en dat_estatuspayment|saveHandsetSC
13:11:21 - BD|OK|H=3797|PTN=527773494152|Guardado en dat_estatuspayment correctamente|saveHandsetSC
13:11:21 - BD|H=527773494152|ID=3797|Equipo guardado correctamente en BD|notifySmsReception
13:11:21 - OP|H=|Client=201.175.130.92-------------------------------------------------------|notifySCReception
13:11:21 - 06/07/2015 13:11:21: |Correlator: 425276_ | message: mensaje de iAlarm | senderAddress: 527773494152 | smsServiceActivationNumber: 425276
13:11:21 - BD|H=527773494152|El equipo ya existe en BD|notifySmsReception
13:11:21 - BD|H=527773494152|Contrato por evento|Procesando cobro|notifySmsReception
13:11:44 - OP|H=|Client=201.175.130.92-------------------------------------------------------|notifySCReception
13:11:44 - 06/07/2015 13:11:44: |Correlator: 425276_ | message: mensaje de iAlarm | senderAddress: 529993144439 | smsServiceActivationNumber: 425276
13:11:44 - BD|H=529993144439|El equipo no existe en BD|notifySmsReception
13:11:44 - BD|H=529993144439|Guardando equipo en BD en BD|notifySmsReception
13:11:44 - BD|OK|PTN=529993144439|Guardando equipo en base de datos|saveHandsetSC
13:11:44 - BD|OK|H=3798|PTN=529993144439|Equipo guardado correctamente|saveHandsetSC
13:11:44 - BD|OK|H=3798|PTN=529993144439|Guardando en dat_estatuspayment|saveHandsetSC
13:11:44 - BD|OK|H=3798|PTN=529993144439|Guardado en dat_estatuspayment correctamente|saveHandsetSC
13:11:44 - BD|H=529993144439|ID=3798|Equipo guardado correctamente en BD|notifySmsReception
13:11:46 - OP|H=|Client=201.175.130.92-------------------------------------------------------|notifySCReception
13:11:46 - 06/07/2015 13:11:46: |Correlator: 425276_ | message: mensaje de iAlarm | senderAddress: 529993144439 | smsServiceActivationNumber: 425276
13:11:46 - BD|H=529993144439|El equipo ya existe en BD|notifySmsReception
13:11:46 - BD|H=529993144439|Contrato por evento|Procesando cobro|notifySmsReception
13:16:57 - OP|H=|Client=201.175.130.92-------------------------------------------------------|notifySCReception
13:16:57 - 06/07/2015 13:16:57: |Correlator: 425276_ | message: mensaje de iAlarm | senderAddress: 524921659228 | smsServiceActivationNumber: 425276
13:16:57 - BD|H=524921659228|El equipo no existe en BD|notifySmsReception
13:16:57 - BD|H=524921659228|Guardando equipo en BD en BD|notifySmsReception
13:16:57 - BD|OK|PTN=524921659228|Guardando equipo en base de datos|saveHandsetSC
13:16:57 - BD|OK|H=3799|PTN=524921659228|Equipo guardado correctamente|saveHandsetSC
13:16:57 - BD|OK|H=3799|PTN=524921659228|Guardando en dat_estatuspayment|saveHandsetSC
13:16:57 - BD|OK|H=3799|PTN=524921659228|Guardado en dat_estatuspayment correctamente|saveHandsetSC
13:16:57 - BD|H=524921659228|ID=3799|Equipo guardado correctamente en BD|notifySmsReception
13:16:57 - OP|H=|Client=201.175.130.92-------------------------------------------------------|notifySCReception
13:16:57 - 06/07/2015 13:16:57: |Correlator: 425276_ | message: mensaje de iAlarm | senderAddress: 524921659228 | smsServiceActivationNumber: 425276
13:16:57 - BD|H=524921659228|El equipo ya existe en BD|notifySmsReception
13:16:57 - BD|H=524921659228|Contrato por evento|Procesando cobro|notifySmsReception
13:49:52 - OP|H=|Client=201.175.130.92-------------------------------------------------------|notifySCReception
13:49:52 - 06/07/2015 13:49:52: |Correlator: 425276_ | message: mensaje de iAlarm | senderAddress: 529993084993 | smsServiceActivationNumber: 425276
13:49:52 - BD|H=529993084993|El equipo ya existe en BD|notifySmsReception
13:49:52 - BD|H=529993084993|Contrato por evento|Procesando cobro|notifySmsReception
13:49:52 - OP|H=|Client=201.175.130.92-------------------------------------------------------|notifySCReception
13:49:52 - 06/07/2015 13:49:52: |Correlator: 425276_ | message: mensaje de iAlarm | senderAddress: 529993084993 | smsServiceActivationNumber: 425276
13:49:52 - BD|H=529993084993|El equipo ya existe en BD|notifySmsReception
13:49:52 - BD|H=529993084993|Contrato por evento|Procesando cobro|notifySmsReception
14:06:03 - OP|H=|Client=201.175.130.92-------------------------------------------------------|notifySCReception
14:06:03 - 06/07/2015 14:06:03: |Correlator: 425276_ | message: mensaje de iAlarm | senderAddress: 524921881113 | smsServiceActivationNumber: 425276
14:06:03 - BD|H=524921881113|El equipo no existe en BD|notifySmsReception
14:06:03 - BD|H=524921881113|Guardando equipo en BD en BD|notifySmsReception
14:06:03 - BD|OK|PTN=524921881113|Guardando equipo en base de datos|saveHandsetSC
14:06:03 - BD|OK|H=3800|PTN=524921881113|Equipo guardado correctamente|saveHandsetSC
14:06:03 - BD|OK|H=3800|PTN=524921881113|Guardando en dat_estatuspayment|saveHandsetSC
14:06:03 - BD|OK|H=3800|PTN=524921881113|Guardado en dat_estatuspayment correctamente|saveHandsetSC
14:06:03 - BD|H=524921881113|ID=3800|Equipo guardado correctamente en BD|notifySmsReception
14:06:03 - OP|H=|Client=201.175.130.92-------------------------------------------------------|notifySCReception
14:06:03 - 06/07/2015 14:06:03: |Correlator: 425276_ | message: mensaje de iAlarm | senderAddress: 524921881113 | smsServiceActivationNumber: 425276
14:06:03 - BD|H=524921881113|El equipo ya existe en BD|notifySmsReception
14:06:03 - BD|H=524921881113|Contrato por evento|Procesando cobro|notifySmsReception
14:07:26 - OP|H=|Client=201.175.130.92-------------------------------------------------------|notifySCReception
14:07:26 - 06/07/2015 14:07:26: |Correlator: 425276_ | message: mensaje de iAlarm | senderAddress: 525570196470 | smsServiceActivationNumber: 425276
14:07:26 - BD|H=525570196470|El equipo no existe en BD|notifySmsReception
14:07:26 - BD|H=525570196470|Guardando equipo en BD en BD|notifySmsReception
14:07:26 - BD|OK|PTN=525570196470|Guardando equipo en base de datos|saveHandsetSC
14:07:26 - BD|OK|H=3801|PTN=525570196470|Equipo guardado correctamente|saveHandsetSC
14:07:26 - BD|OK|H=3801|PTN=525570196470|Guardando en dat_estatuspayment|saveHandsetSC
14:07:26 - BD|OK|H=3801|PTN=525570196470|Guardado en dat_estatuspayment correctamente|saveHandsetSC
14:07:26 - BD|H=525570196470|ID=3801|Equipo guardado correctamente en BD|notifySmsReception
14:07:26 - OP|H=|Client=201.175.130.92-------------------------------------------------------|notifySCReception
14:07:26 - 06/07/2015 14:07:26: |Correlator: 425276_ | message: mensaje de iAlarm | senderAddress: 525570196470 | smsServiceActivationNumber: 425276
14:07:26 - BD|H=525570196470|El equipo ya existe en BD|notifySmsReception
14:07:26 - BD|H=525570196470|Contrato por evento|Procesando cobro|notifySmsReception
14:16:45 - OP|H=|Client=201.175.130.92-------------------------------------------------------|notifySCReception
14:16:45 - 06/07/2015 14:16:45: |Correlator: 425276_ | message: mensaje de iAlarm | senderAddress: 523315832516 | smsServiceActivationNumber: 425276
14:16:45 - BD|H=523315832516|El equipo ya existe en BD|notifySmsReception
14:16:45 - BD|H=523315832516|Contrato por evento|Procesando cobro|notifySmsReception
14:16:45 - OP|H=|Client=201.175.130.92-------------------------------------------------------|notifySCReception
14:16:45 - 06/07/2015 14:16:45: |Correlator: 425276_ | message: mensaje de iAlarm | senderAddress: 523315832516 | smsServiceActivationNumber: 425276
14:16:45 - BD|H=523315832516|El equipo ya existe en BD|notifySmsReception
14:16:45 - BD|H=523315832516|Contrato por evento|Procesando cobro|notifySmsReception
14:33:39 - OP|H=|Client=201.175.130.92-------------------------------------------------------|notifySCReception
14:33:39 - 06/07/2015 14:33:39: |Correlator: 425276_ | message: mensaje de iAlarm | senderAddress: 523338701149 | smsServiceActivationNumber: 425276
14:33:39 - BD|H=523338701149|El equipo ya existe en BD|notifySmsReception
14:33:39 - BD|H=523338701149|Contrato por evento|Procesando cobro|notifySmsReception
14:33:39 - OP|H=|Client=201.175.130.92-------------------------------------------------------|notifySCReception
14:33:39 - 06/07/2015 14:33:39: |Correlator: 425276_ | message: mensaje de iAlarm | senderAddress: 523338701149 | smsServiceActivationNumber: 425276
14:33:39 - BD|H=523338701149|El equipo ya existe en BD|notifySmsReception
14:33:39 - BD|H=523338701149|Contrato por evento|Procesando cobro|notifySmsReception
14:35:07 - OP|H=|Client=201.175.130.92-------------------------------------------------------|notifySCReception
14:35:07 - 06/07/2015 14:35:07: |Correlator: 425276_ | message: mensaje de iAlarm | senderAddress: 528117587877 | smsServiceActivationNumber: 425276
14:35:07 - BD|H=528117587877|El equipo no existe en BD|notifySmsReception
14:35:07 - BD|H=528117587877|Guardando equipo en BD en BD|notifySmsReception
14:35:07 - BD|OK|PTN=528117587877|Guardando equipo en base de datos|saveHandsetSC
14:35:07 - BD|OK|H=3802|PTN=528117587877|Equipo guardado correctamente|saveHandsetSC
14:35:07 - BD|OK|H=3802|PTN=528117587877|Guardando en dat_estatuspayment|saveHandsetSC
14:35:07 - BD|OK|H=3802|PTN=528117587877|Guardado en dat_estatuspayment correctamente|saveHandsetSC
14:35:07 - BD|H=528117587877|ID=3802|Equipo guardado correctamente en BD|notifySmsReception
14:35:07 - OP|H=|Client=201.175.130.92-------------------------------------------------------|notifySCReception
14:35:07 - 06/07/2015 14:35:07: |Correlator: 425276_ | message: mensaje de iAlarm | senderAddress: 528117587877 | smsServiceActivationNumber: 425276
14:35:07 - BD|H=528117587877|El equipo ya existe en BD|notifySmsReception
14:35:07 - BD|H=528117587877|Contrato por evento|Procesando cobro|notifySmsReception
14:43:44 - OP|H=|Client=201.175.130.92-------------------------------------------------------|notifySCReception
14:43:44 - 06/07/2015 14:43:44: |Correlator: 425276_ | message: mensaje de iAlarm | senderAddress: 523315864991 | smsServiceActivationNumber: 425276
14:43:44 - BD|H=523315864991|El equipo no existe en BD|notifySmsReception
14:43:44 - BD|H=523315864991|Guardando equipo en BD en BD|notifySmsReception
14:43:44 - BD|OK|PTN=523315864991|Guardando equipo en base de datos|saveHandsetSC
14:43:44 - BD|OK|H=3803|PTN=523315864991|Equipo guardado correctamente|saveHandsetSC
14:43:44 - BD|OK|H=3803|PTN=523315864991|Guardando en dat_estatuspayment|saveHandsetSC
14:43:44 - BD|OK|H=3803|PTN=523315864991|Guardado en dat_estatuspayment correctamente|saveHandsetSC
14:43:44 - BD|H=523315864991|ID=3803|Equipo guardado correctamente en BD|notifySmsReception
14:43:44 - OP|H=|Client=201.175.130.92-------------------------------------------------------|notifySCReception
14:43:44 - 06/07/2015 14:43:44: |Correlator: 425276_ | message: mensaje de iAlarm | senderAddress: 523315864991 | smsServiceActivationNumber: 425276
14:43:44 - BD|H=523315864991|El equipo ya existe en BD|notifySmsReception
14:43:44 - BD|H=523315864991|Contrato por evento|Procesando cobro|notifySmsReception
16:02:57 - OP|H=|Client=201.175.130.92-------------------------------------------------------|notifySCReception
16:02:57 - 06/07/2015 16:02:57: |Correlator: 425276_ | message: mensaje de iAlarm | senderAddress: 525524885852 | smsServiceActivationNumber: 425276
16:02:57 - BD|H=525524885852|El equipo ya existe en BD|notifySmsReception
16:02:57 - BD|H=525524885852|Contrato por evento|Procesando cobro|notifySmsReception
16:02:57 - OP|H=|Client=201.175.130.92-------------------------------------------------------|notifySCReception
16:02:57 - 06/07/2015 16:02:57: |Correlator: 425276_ | message: mensaje de iAlarm | senderAddress: 525524885852 | smsServiceActivationNumber: 425276
16:02:57 - BD|H=525524885852|El equipo ya existe en BD|notifySmsReception
16:02:57 - BD|H=525524885852|Contrato por evento|Procesando cobro|notifySmsReception
16:09:50 - OP|H=|Client=201.175.130.92-------------------------------------------------------|notifySCReception
16:09:50 - 06/07/2015 16:09:50: |Correlator: 425276_ | message: mensaje de iAlarm | senderAddress: 528712910527 | smsServiceActivationNumber: 425276
16:09:50 - BD|H=528712910527|El equipo no existe en BD|notifySmsReception
16:09:50 - BD|H=528712910527|Guardando equipo en BD en BD|notifySmsReception
16:09:50 - BD|OK|PTN=528712910527|Guardando equipo en base de datos|saveHandsetSC
16:09:50 - BD|OK|H=3804|PTN=528712910527|Equipo guardado correctamente|saveHandsetSC
16:09:50 - BD|OK|H=3804|PTN=528712910527|Guardando en dat_estatuspayment|saveHandsetSC
16:09:50 - BD|OK|H=3804|PTN=528712910527|Guardado en dat_estatuspayment correctamente|saveHandsetSC
16:09:50 - BD|H=528712910527|ID=3804|Equipo guardado correctamente en BD|notifySmsReception
16:09:50 - OP|H=|Client=201.175.130.92-------------------------------------------------------|notifySCReception
16:09:50 - 06/07/2015 16:09:50: |Correlator: 425276_ | message: mensaje de iAlarm | senderAddress: 528712910527 | smsServiceActivationNumber: 425276
16:09:50 - BD|H=528712910527|El equipo ya existe en BD|notifySmsReception
16:09:50 - BD|H=528712910527|Contrato por evento|Procesando cobro|notifySmsReception
16:38:50 - OP|H=|Client=201.175.130.92-------------------------------------------------------|notifySCReception
16:38:50 - 06/07/2015 16:38:50: |Correlator: 425276_ | message: mensaje de iAlarm | senderAddress: 523141279765 | smsServiceActivationNumber: 425276
16:38:50 - BD|H=523141279765|El equipo no existe en BD|notifySmsReception
16:38:50 - BD|H=523141279765|Guardando equipo en BD en BD|notifySmsReception
16:38:50 - BD|OK|PTN=523141279765|Guardando equipo en base de datos|saveHandsetSC
16:38:50 - BD|OK|H=3805|PTN=523141279765|Equipo guardado correctamente|saveHandsetSC
16:38:50 - BD|OK|H=3805|PTN=523141279765|Guardando en dat_estatuspayment|saveHandsetSC
16:38:50 - BD|OK|H=3805|PTN=523141279765|Guardado en dat_estatuspayment correctamente|saveHandsetSC
16:38:50 - BD|H=523141279765|ID=3805|Equipo guardado correctamente en BD|notifySmsReception
16:38:52 - OP|H=|Client=201.175.130.92-------------------------------------------------------|notifySCReception
16:38:52 - 06/07/2015 16:38:52: |Correlator: 425276_ | message: mensaje de iAlarm | senderAddress: 523141279765 | smsServiceActivationNumber: 425276
16:38:52 - BD|H=523141279765|El equipo ya existe en BD|notifySmsReception
16:38:52 - BD|H=523141279765|Contrato por evento|Procesando cobro|notifySmsReception
16:52:07 - OP|H=|Client=201.175.130.92-------------------------------------------------------|notifySCReception
16:52:07 - 06/07/2015 16:52:07: |Correlator: 425276_ | message: mensaje de iAlarm | senderAddress: 524773065345 | smsServiceActivationNumber: 425276
16:52:07 - BD|H=524773065345|El equipo ya existe en BD|notifySmsReception
16:52:07 - BD|H=524773065345|Contrato por evento|Procesando cobro|notifySmsReception
16:52:07 - OP|H=|Client=201.175.130.92-------------------------------------------------------|notifySCReception
16:52:07 - 06/07/2015 16:52:07: |Correlator: 425276_ | message: mensaje de iAlarm | senderAddress: 524773065345 | smsServiceActivationNumber: 425276
16:52:07 - BD|H=524773065345|El equipo ya existe en BD|notifySmsReception
16:52:07 - BD|H=524773065345|Contrato por evento|Procesando cobro|notifySmsReception
16:56:08 - OP|H=|Client=201.175.130.92-------------------------------------------------------|notifySCReception
16:56:08 - 06/07/2015 16:56:08: |Correlator: 425276_ | message: mensaje de iAlarm | senderAddress: 528333599308 | smsServiceActivationNumber: 425276
16:56:08 - BD|H=528333599308|El equipo no existe en BD|notifySmsReception
16:56:08 - BD|H=528333599308|Guardando equipo en BD en BD|notifySmsReception
16:56:08 - BD|OK|PTN=528333599308|Guardando equipo en base de datos|saveHandsetSC
16:56:08 - BD|OK|H=3806|PTN=528333599308|Equipo guardado correctamente|saveHandsetSC
16:56:09 - BD|OK|H=3806|PTN=528333599308|Guardando en dat_estatuspayment|saveHandsetSC
16:56:09 - BD|OK|H=3806|PTN=528333599308|Guardado en dat_estatuspayment correctamente|saveHandsetSC
16:56:09 - BD|H=528333599308|ID=3806|Equipo guardado correctamente en BD|notifySmsReception
16:56:09 - OP|H=|Client=201.175.130.92-------------------------------------------------------|notifySCReception
16:56:09 - 06/07/2015 16:56:09: |Correlator: 425276_ | message: mensaje de iAlarm | senderAddress: 528333599308 | smsServiceActivationNumber: 425276
16:56:09 - BD|H=528333599308|El equipo ya existe en BD|notifySmsReception
16:56:09 - BD|H=528333599308|Contrato por evento|Procesando cobro|notifySmsReception
17:04:54 - OP|H=|Client=201.175.130.92-------------------------------------------------------|notifySCReception
17:04:54 - 06/07/2015 17:04:54: |Correlator: 425276_ | message: mensaje de iAlarm | senderAddress: 525563016457 | smsServiceActivationNumber: 425276
17:04:54 - BD|H=525563016457|El equipo no existe en BD|notifySmsReception
17:04:54 - BD|H=525563016457|Guardando equipo en BD en BD|notifySmsReception
17:04:54 - BD|OK|PTN=525563016457|Guardando equipo en base de datos|saveHandsetSC
17:04:54 - BD|OK|H=3807|PTN=525563016457|Equipo guardado correctamente|saveHandsetSC
17:04:54 - BD|OK|H=3807|PTN=525563016457|Guardando en dat_estatuspayment|saveHandsetSC
17:04:54 - BD|OK|H=3807|PTN=525563016457|Guardado en dat_estatuspayment correctamente|saveHandsetSC
17:04:54 - BD|H=525563016457|ID=3807|Equipo guardado correctamente en BD|notifySmsReception
17:04:55 - OP|H=|Client=201.175.130.92-------------------------------------------------------|notifySCReception
17:04:55 - 06/07/2015 17:04:55: |Correlator: 425276_ | message: mensaje de iAlarm | senderAddress: 525563016457 | smsServiceActivationNumber: 425276
17:04:55 - BD|H=525563016457|El equipo ya existe en BD|notifySmsReception
17:04:55 - BD|H=525563016457|Contrato por evento|Procesando cobro|notifySmsReception
17:13:55 - OP|H=|Client=201.175.130.92-------------------------------------------------------|notifySCReception
17:13:55 - 06/07/2015 17:13:55: |Correlator: 425276_ | message: mensaje de iAlarm | senderAddress: 522711063724 | smsServiceActivationNumber: 425276
17:13:55 - BD|H=522711063724|El equipo ya existe en BD|notifySmsReception
17:13:55 - BD|H=522711063724|Contrato por evento|Procesando cobro|notifySmsReception
17:13:55 - OP|H=|Client=201.175.130.92-------------------------------------------------------|notifySCReception
17:13:55 - 06/07/2015 17:13:55: |Correlator: 425276_ | message: mensaje de iAlarm | senderAddress: 522711063724 | smsServiceActivationNumber: 425276
17:13:55 - BD|H=522711063724|El equipo ya existe en BD|notifySmsReception
17:13:55 - BD|H=522711063724|Contrato por evento|Procesando cobro|notifySmsReception
17:28:38 - OP|H=|Client=201.175.130.92-------------------------------------------------------|notifySCReception
17:28:38 - 06/07/2015 17:28:38: |Correlator: 425276_ | message: mensaje de iAlarm | senderAddress: 526563825108 | smsServiceActivationNumber: 425276
17:28:38 - BD|H=526563825108|El equipo ya existe en BD|notifySmsReception
17:28:38 - BD|H=526563825108|Contrato por evento|Procesando cobro|notifySmsReception
17:28:39 - OP|H=|Client=201.175.130.92-------------------------------------------------------|notifySCReception
17:28:39 - 06/07/2015 17:28:39: |Correlator: 425276_ | message: mensaje de iAlarm | senderAddress: 526563825108 | smsServiceActivationNumber: 425276
17:28:39 - BD|H=526563825108|El equipo ya existe en BD|notifySmsReception
17:28:39 - BD|H=526563825108|Contrato por evento|Procesando cobro|notifySmsReception
17:43:14 - OP|H=|Client=201.175.130.92-------------------------------------------------------|notifySCReception
17:43:14 - 06/07/2015 17:43:14: |Correlator: 425276_ | message: mensaje de iAlarm | senderAddress: 525535382407 | smsServiceActivationNumber: 425276
17:43:14 - BD|H=525535382407|El equipo ya existe en BD|notifySmsReception
17:43:14 - BD|H=525535382407|Contrato por evento|Procesando cobro|notifySmsReception
17:43:15 - OP|H=|Client=201.175.130.92-------------------------------------------------------|notifySCReception
17:43:15 - 06/07/2015 17:43:15: |Correlator: 425276_ | message: mensaje de iAlarm | senderAddress: 525535382407 | smsServiceActivationNumber: 425276
17:43:15 - BD|H=525535382407|El equipo ya existe en BD|notifySmsReception
17:43:15 - BD|H=525535382407|Contrato por evento|Procesando cobro|notifySmsReception
18:38:04 - OP|H=|Client=201.175.130.92-------------------------------------------------------|notifySCReception
18:38:04 - 06/07/2015 18:38:04: |Correlator: 425276_ | message: mensaje de iAlarm | senderAddress: 524621390954 | smsServiceActivationNumber: 425276
18:38:04 - BD|H=524621390954|El equipo ya existe en BD|notifySmsReception
18:38:04 - BD|H=524621390954|Contrato por evento|Procesando cobro|notifySmsReception
18:38:04 - OP|H=|Client=201.175.130.92-------------------------------------------------------|notifySCReception
18:38:04 - 06/07/2015 18:38:04: |Correlator: 425276_ | message: mensaje de iAlarm | senderAddress: 524621390954 | smsServiceActivationNumber: 425276
18:38:04 - BD|H=524621390954|El equipo ya existe en BD|notifySmsReception
18:38:04 - BD|H=524621390954|Contrato por evento|Procesando cobro|notifySmsReception
19:42:18 - OP|H=|Client=201.175.130.92-------------------------------------------------------|notifySCReception
19:42:18 - 06/07/2015 19:42:18: |Correlator: 425276_ | message: mensaje de iAlarm | senderAddress: 525544003394 | smsServiceActivationNumber: 425276
19:42:18 - BD|H=525544003394|El equipo ya existe en BD|notifySmsReception
19:42:18 - BD|H=525544003394|Contrato por evento|Procesando cobro|notifySmsReception
19:42:18 - OP|H=|Client=201.175.130.92-------------------------------------------------------|notifySCReception
19:42:18 - 06/07/2015 19:42:18: |Correlator: 425276_ | message: mensaje de iAlarm | senderAddress: 525544003394 | smsServiceActivationNumber: 425276
19:42:18 - BD|H=525544003394|El equipo ya existe en BD|notifySmsReception
19:42:18 - BD|H=525544003394|Contrato por evento|Procesando cobro|notifySmsReception
19:43:04 - OP|H=|Client=201.175.130.92-------------------------------------------------------|notifySCReception
19:43:04 - 06/07/2015 19:43:04: |Correlator: 425276_ | message: mensaje de iAlarm | senderAddress: 528441625700 | smsServiceActivationNumber: 425276
19:43:04 - BD|H=528441625700|El equipo ya existe en BD|notifySmsReception
19:43:04 - BD|H=528441625700|Contrato por evento|Procesando cobro|notifySmsReception
19:43:04 - OP|H=|Client=201.175.130.92-------------------------------------------------------|notifySCReception
19:43:04 - 06/07/2015 19:43:04: |Correlator: 425276_ | message: mensaje de iAlarm | senderAddress: 528441625700 | smsServiceActivationNumber: 425276
19:43:04 - BD|H=528441625700|El equipo ya existe en BD|notifySmsReception
19:43:04 - BD|H=528441625700|Contrato por evento|Procesando cobro|notifySmsReception
19:54:13 - OP|H=|Client=201.175.130.92-------------------------------------------------------|notifySCReception
19:54:13 - 06/07/2015 19:54:13: |Correlator: 425276_ | message: mensaje de iAlarm | senderAddress: 524611871145 | smsServiceActivationNumber: 425276
19:54:13 - BD|H=524611871145|El equipo no existe en BD|notifySmsReception
19:54:13 - BD|H=524611871145|Guardando equipo en BD en BD|notifySmsReception
19:54:13 - BD|OK|PTN=524611871145|Guardando equipo en base de datos|saveHandsetSC
19:54:13 - BD|OK|H=3808|PTN=524611871145|Equipo guardado correctamente|saveHandsetSC
19:54:13 - BD|OK|H=3808|PTN=524611871145|Guardando en dat_estatuspayment|saveHandsetSC
19:54:13 - BD|OK|H=3808|PTN=524611871145|Guardado en dat_estatuspayment correctamente|saveHandsetSC
19:54:13 - BD|H=524611871145|ID=3808|Equipo guardado correctamente en BD|notifySmsReception
19:54:13 - OP|H=|Client=201.175.130.92-------------------------------------------------------|notifySCReception
19:54:13 - 06/07/2015 19:54:13: |Correlator: 425276_ | message: mensaje de iAlarm | senderAddress: 524611871145 | smsServiceActivationNumber: 425276
19:54:13 - BD|H=524611871145|El equipo ya existe en BD|notifySmsReception
19:54:13 - BD|H=524611871145|Contrato por evento|Procesando cobro|notifySmsReception
19:55:25 - OP|H=|Client=201.175.130.92-------------------------------------------------------|notifySCReception
19:55:25 - 06/07/2015 19:55:25: |Correlator: 425276_ | message: mensaje de iAlarm | senderAddress: 524432623122 | smsServiceActivationNumber: 425276
19:55:25 - BD|H=524432623122|El equipo ya existe en BD|notifySmsReception
19:55:25 - BD|H=524432623122|Contrato por evento|Procesando cobro|notifySmsReception
19:55:25 - OP|H=|Client=201.175.130.92-------------------------------------------------------|notifySCReception
19:55:25 - 06/07/2015 19:55:25: |Correlator: 425276_ | message: mensaje de iAlarm | senderAddress: 524432623122 | smsServiceActivationNumber: 425276
19:55:25 - BD|H=524432623122|El equipo ya existe en BD|notifySmsReception
19:55:25 - BD|H=524432623122|Contrato por evento|Procesando cobro|notifySmsReception
20:04:52 - OP|H=|Client=201.175.130.92-------------------------------------------------------|notifySCReception
20:04:52 - 06/07/2015 20:04:52: |Correlator: 425276_ | message: mensaje de iAlarm | senderAddress: 522711063724 | smsServiceActivationNumber: 425276
20:04:52 - BD|H=522711063724|El equipo ya existe en BD|notifySmsReception
20:04:52 - BD|H=522711063724|Contrato por evento|Procesando cobro|notifySmsReception
20:04:52 - OP|H=|Client=201.175.130.92-------------------------------------------------------|notifySCReception
20:04:52 - 06/07/2015 20:04:52: |Correlator: 425276_ | message: mensaje de iAlarm | senderAddress: 522711063724 | smsServiceActivationNumber: 425276
20:04:52 - BD|H=522711063724|El equipo ya existe en BD|notifySmsReception
20:04:52 - BD|H=522711063724|Contrato por evento|Procesando cobro|notifySmsReception
20:15:25 - OP|H=|Client=201.175.130.92-------------------------------------------------------|notifySCReception
20:15:25 - 06/07/2015 20:15:25: |Correlator: 425276_ | message: mensaje de iAlarm | senderAddress: 524776381861 | smsServiceActivationNumber: 425276
20:15:25 - BD|H=524776381861|El equipo no existe en BD|notifySmsReception
20:15:25 - BD|H=524776381861|Guardando equipo en BD en BD|notifySmsReception
20:15:25 - BD|OK|PTN=524776381861|Guardando equipo en base de datos|saveHandsetSC
20:15:25 - BD|OK|H=3809|PTN=524776381861|Equipo guardado correctamente|saveHandsetSC
20:15:25 - BD|OK|H=3809|PTN=524776381861|Guardando en dat_estatuspayment|saveHandsetSC
20:15:25 - BD|OK|H=3809|PTN=524776381861|Guardado en dat_estatuspayment correctamente|saveHandsetSC
20:15:25 - BD|H=524776381861|ID=3809|Equipo guardado correctamente en BD|notifySmsReception
20:15:25 - OP|H=|Client=201.175.130.92-------------------------------------------------------|notifySCReception
20:15:25 - 06/07/2015 20:15:25: |Correlator: 425276_ | message: mensaje de iAlarm | senderAddress: 524776381861 | smsServiceActivationNumber: 425276
20:15:25 - BD|H=524776381861|El equipo ya existe en BD|notifySmsReception
20:15:25 - BD|H=524776381861|Contrato por evento|Procesando cobro|notifySmsReception
20:55:34 - OP|H=|Client=201.175.130.92-------------------------------------------------------|notifySCReception
20:55:34 - 06/07/2015 20:55:34: |Correlator: 425276_ | message: mensaje de iAlarm | senderAddress: 526462181455 | smsServiceActivationNumber: 425276
20:55:34 - BD|H=526462181455|El equipo no existe en BD|notifySmsReception
20:55:34 - BD|H=526462181455|Guardando equipo en BD en BD|notifySmsReception
20:55:34 - BD|OK|PTN=526462181455|Guardando equipo en base de datos|saveHandsetSC
20:55:34 - BD|OK|H=3810|PTN=526462181455|Equipo guardado correctamente|saveHandsetSC
20:55:34 - BD|OK|H=3810|PTN=526462181455|Guardando en dat_estatuspayment|saveHandsetSC
20:55:34 - BD|OK|H=3810|PTN=526462181455|Guardado en dat_estatuspayment correctamente|saveHandsetSC
20:55:34 - BD|H=526462181455|ID=3810|Equipo guardado correctamente en BD|notifySmsReception
20:55:34 - OP|H=|Client=201.175.130.92-------------------------------------------------------|notifySCReception
20:55:34 - 06/07/2015 20:55:34: |Correlator: 425276_ | message: mensaje de iAlarm | senderAddress: 526462181455 | smsServiceActivationNumber: 425276
20:55:34 - BD|H=526462181455|El equipo ya existe en BD|notifySmsReception
20:55:34 - BD|H=526462181455|Contrato por evento|Procesando cobro|notifySmsReception
21:58:07 - OP|H=|Client=201.175.130.92-------------------------------------------------------|notifySCReception
21:58:07 - 06/07/2015 21:58:07: |Correlator: 425276_ | message: mensaje de iAlarm | senderAddress: 525549861681 | smsServiceActivationNumber: 425276
21:58:07 - BD|H=525549861681|El equipo ya existe en BD|notifySmsReception
21:58:07 - BD|H=525549861681|Contrato por evento|Procesando cobro|notifySmsReception
21:58:07 - OP|H=|Client=201.175.130.92-------------------------------------------------------|notifySCReception
21:58:07 - 06/07/2015 21:58:07: |Correlator: 425276_ | message: mensaje de iAlarm | senderAddress: 525549861681 | smsServiceActivationNumber: 425276
21:58:07 - BD|H=525549861681|El equipo ya existe en BD|notifySmsReception
21:58:07 - BD|H=525549861681|Contrato por evento|Procesando cobro|notifySmsReception
23:27:23 - OP|H=|Client=201.175.130.92-------------------------------------------------------|notifySCReception
23:27:23 - 06/07/2015 23:27:23: |Correlator: 425276_ | message: mensaje de iAlarm | senderAddress: 525569592577 | smsServiceActivationNumber: 425276
23:27:23 - BD|H=525569592577|El equipo no existe en BD|notifySmsReception
23:27:23 - BD|H=525569592577|Guardando equipo en BD en BD|notifySmsReception
23:27:23 - BD|OK|PTN=525569592577|Guardando equipo en base de datos|saveHandsetSC
23:27:23 - BD|OK|H=3811|PTN=525569592577|Equipo guardado correctamente|saveHandsetSC
23:27:23 - BD|OK|H=3811|PTN=525569592577|Guardando en dat_estatuspayment|saveHandsetSC
23:27:23 - BD|OK|H=3811|PTN=525569592577|Guardado en dat_estatuspayment correctamente|saveHandsetSC
23:27:23 - BD|H=525569592577|ID=3811|Equipo guardado correctamente en BD|notifySmsReception
23:27:23 - OP|H=|Client=201.175.130.92-------------------------------------------------------|notifySCReception
23:27:23 - 06/07/2015 23:27:23: |Correlator: 425276_ | message: mensaje de iAlarm | senderAddress: 525569592577 | smsServiceActivationNumber: 425276
23:27:23 - BD|H=525569592577|El equipo ya existe en BD|notifySmsReception
23:27:23 - BD|H=525569592577|Contrato por evento|Procesando cobro|notifySmsReception
23:39:57 - OP|H=|Client=201.175.130.92-------------------------------------------------------|notifySCReception
23:39:57 - 06/07/2015 23:39:57: |Correlator: 425276_ | message: mensaje de iAlarm | senderAddress: 525545984826 | smsServiceActivationNumber: 425276
23:39:57 - BD|H=525545984826|El equipo ya existe en BD|notifySmsReception
23:39:57 - BD|H=525545984826|Contrato por evento|Procesando cobro|notifySmsReception
23:39:57 - OP|H=|Client=201.175.130.92-------------------------------------------------------|notifySCReception
23:39:57 - 06/07/2015 23:39:57: |Correlator: 425276_ | message: mensaje de iAlarm | senderAddress: 525545984826 | smsServiceActivationNumber: 425276
23:39:57 - BD|H=525545984826|El equipo ya existe en BD|notifySmsReception
23:39:57 - BD|H=525545984826|Contrato por evento|Procesando cobro|notifySmsReception
