03:24:58 - OP|H=|Client=201.175.130.92-------------------------------------------------------|notifySCReception
03:24:58 - 02/07/2015 03:24:58: |Correlator: 425276_ | message: mensaje de iAlarm | senderAddress: 525519967235 | smsServiceActivationNumber: 425276
03:24:58 - BD|H=525519967235|El equipo ya existe en BD|notifySmsReception
03:24:58 - BD|H=525519967235|Contrato por evento|Procesando cobro|notifySmsReception
03:24:58 - OP|H=|Client=201.175.130.92-------------------------------------------------------|notifySCReception
03:24:58 - 02/07/2015 03:24:58: |Correlator: 425276_ | message: mensaje de iAlarm | senderAddress: 525519967235 | smsServiceActivationNumber: 425276
03:24:58 - BD|H=525519967235|El equipo ya existe en BD|notifySmsReception
03:24:58 - BD|H=525519967235|Contrato por evento|Procesando cobro|notifySmsReception
04:32:26 - OP|H=|Client=201.175.130.92-------------------------------------------------------|notifySCReception
04:32:26 - 02/07/2015 04:32:26: |Correlator: 425276_ | message: mensaje de iAlarm | senderAddress: 525569595499 | smsServiceActivationNumber: 425276
04:32:26 - BD|H=525569595499|El equipo no existe en BD|notifySmsReception
04:32:26 - BD|H=525569595499|Guardando equipo en BD en BD|notifySmsReception
04:32:26 - BD|OK|PTN=525569595499|Guardando equipo en base de datos|saveHandsetSC
04:32:26 - BD|OK|H=3708|PTN=525569595499|Equipo guardado correctamente|saveHandsetSC
04:32:26 - BD|OK|H=3708|PTN=525569595499|Guardando en dat_estatuspayment|saveHandsetSC
04:32:26 - BD|OK|H=3708|PTN=525569595499|Guardado en dat_estatuspayment correctamente|saveHandsetSC
04:32:26 - BD|H=525569595499|ID=3708|Equipo guardado correctamente en BD|notifySmsReception
04:32:26 - OP|H=|Client=201.175.130.92-------------------------------------------------------|notifySCReception
04:32:26 - 02/07/2015 04:32:26: |Correlator: 425276_ | message: mensaje de iAlarm | senderAddress: 525569595499 | smsServiceActivationNumber: 425276
04:32:26 - BD|H=525569595499|El equipo ya existe en BD|notifySmsReception
04:32:26 - BD|H=525569595499|Contrato por evento|Procesando cobro|notifySmsReception
04:39:30 - OP|H=|Client=201.175.130.92-------------------------------------------------------|notifySCReception
04:39:30 - 02/07/2015 04:39:30: |Correlator: 425276_ | message: mensaje de iAlarm | senderAddress: 525569598761 | smsServiceActivationNumber: 425276
04:39:30 - BD|H=525569598761|El equipo no existe en BD|notifySmsReception
04:39:30 - BD|H=525569598761|Guardando equipo en BD en BD|notifySmsReception
04:39:30 - BD|OK|PTN=525569598761|Guardando equipo en base de datos|saveHandsetSC
04:39:30 - BD|OK|H=3709|PTN=525569598761|Equipo guardado correctamente|saveHandsetSC
04:39:30 - BD|OK|H=3709|PTN=525569598761|Guardando en dat_estatuspayment|saveHandsetSC
04:39:30 - BD|OK|H=3709|PTN=525569598761|Guardado en dat_estatuspayment correctamente|saveHandsetSC
04:39:30 - BD|H=525569598761|ID=3709|Equipo guardado correctamente en BD|notifySmsReception
04:39:30 - OP|H=|Client=201.175.130.92-------------------------------------------------------|notifySCReception
04:39:30 - 02/07/2015 04:39:30: |Correlator: 425276_ | message: mensaje de iAlarm | senderAddress: 525569598761 | smsServiceActivationNumber: 425276
04:39:30 - BD|H=525569598761|El equipo ya existe en BD|notifySmsReception
04:39:30 - BD|H=525569598761|Contrato por evento|Procesando cobro|notifySmsReception
07:02:31 - OP|H=|Client=201.175.130.92-------------------------------------------------------|notifySCReception
07:02:31 - 02/07/2015 07:02:31: |Correlator: 425276_ | message: mensaje de iAlarm | senderAddress: 525510407676 | smsServiceActivationNumber: 425276
07:02:31 - BD|H=525510407676|El equipo ya existe en BD|notifySmsReception
07:02:31 - BD|H=525510407676|Contrato por evento|Procesando cobro|notifySmsReception
07:02:31 - OP|H=|Client=201.175.130.92-------------------------------------------------------|notifySCReception
07:02:31 - 02/07/2015 07:02:31: |Correlator: 425276_ | message: mensaje de iAlarm | senderAddress: 525510407676 | smsServiceActivationNumber: 425276
07:02:31 - BD|H=525510407676|El equipo ya existe en BD|notifySmsReception
07:02:31 - BD|H=525510407676|Contrato por evento|Procesando cobro|notifySmsReception
08:15:27 - OP|H=|Client=201.175.130.92-------------------------------------------------------|notifySCReception
08:15:27 - 02/07/2015 08:15:27: |Correlator: 425276_ | message: mensaje de iAlarm | senderAddress: 524621690668 | smsServiceActivationNumber: 425276
08:15:27 - BD|H=524621690668|El equipo no existe en BD|notifySmsReception
08:15:27 - BD|H=524621690668|Guardando equipo en BD en BD|notifySmsReception
08:15:27 - BD|OK|PTN=524621690668|Guardando equipo en base de datos|saveHandsetSC
08:15:27 - BD|OK|H=3710|PTN=524621690668|Equipo guardado correctamente|saveHandsetSC
08:15:27 - BD|OK|H=3710|PTN=524621690668|Guardando en dat_estatuspayment|saveHandsetSC
08:15:27 - BD|OK|H=3710|PTN=524621690668|Guardado en dat_estatuspayment correctamente|saveHandsetSC
08:15:27 - BD|H=524621690668|ID=3710|Equipo guardado correctamente en BD|notifySmsReception
08:15:27 - OP|H=|Client=201.175.130.92-------------------------------------------------------|notifySCReception
08:15:27 - 02/07/2015 08:15:27: |Correlator: 425276_ | message: mensaje de iAlarm | senderAddress: 524621690668 | smsServiceActivationNumber: 425276
08:15:27 - BD|H=524621690668|El equipo ya existe en BD|notifySmsReception
08:15:27 - BD|H=524621690668|Contrato por evento|Procesando cobro|notifySmsReception
08:37:16 - OP|H=|Client=201.175.130.92-------------------------------------------------------|notifySCReception
08:37:16 - 02/07/2015 08:37:16: |Correlator: 425276_ | message: mensaje de iAlarm | senderAddress: 525569560351 | smsServiceActivationNumber: 425276
08:37:16 - BD|H=525569560351|El equipo ya existe en BD|notifySmsReception
08:37:16 - BD|H=525569560351|Contrato por evento|Procesando cobro|notifySmsReception
08:37:16 - OP|H=|Client=201.175.130.92-------------------------------------------------------|notifySCReception
08:37:16 - 02/07/2015 08:37:16: |Correlator: 425276_ | message: mensaje de iAlarm | senderAddress: 525569560351 | smsServiceActivationNumber: 425276
08:37:16 - BD|H=525569560351|El equipo ya existe en BD|notifySmsReception
08:37:16 - BD|H=525569560351|Contrato por evento|Procesando cobro|notifySmsReception
09:19:58 - OP|H=|Client=201.175.130.92-------------------------------------------------------|notifySCReception
09:19:58 - 02/07/2015 09:19:58: |Correlator: 425276_ | message: mensaje de iAlarm | senderAddress: 528118103141 | smsServiceActivationNumber: 425276
09:19:58 - BD|H=528118103141|El equipo no existe en BD|notifySmsReception
09:19:58 - BD|H=528118103141|Guardando equipo en BD en BD|notifySmsReception
09:19:58 - BD|OK|PTN=528118103141|Guardando equipo en base de datos|saveHandsetSC
09:19:58 - BD|OK|H=3711|PTN=528118103141|Equipo guardado correctamente|saveHandsetSC
09:19:58 - BD|OK|H=3711|PTN=528118103141|Guardando en dat_estatuspayment|saveHandsetSC
09:19:58 - BD|OK|H=3711|PTN=528118103141|Guardado en dat_estatuspayment correctamente|saveHandsetSC
09:19:58 - BD|H=528118103141|ID=3711|Equipo guardado correctamente en BD|notifySmsReception
09:19:58 - OP|H=|Client=201.175.130.92-------------------------------------------------------|notifySCReception
09:19:58 - 02/07/2015 09:19:58: |Correlator: 425276_ | message: mensaje de iAlarm | senderAddress: 528118103141 | smsServiceActivationNumber: 425276
09:19:58 - BD|H=528118103141|El equipo ya existe en BD|notifySmsReception
09:19:58 - BD|H=528118103141|Contrato por evento|Procesando cobro|notifySmsReception
09:53:48 - OP|H=|Client=201.175.130.92-------------------------------------------------------|notifySCReception
09:53:48 - 02/07/2015 09:53:48: |Correlator: 425276_ | message: mensaje de iAlarm | senderAddress: 525544139394 | smsServiceActivationNumber: 425276
09:53:48 - BD|H=525544139394|El equipo no existe en BD|notifySmsReception
09:53:48 - BD|H=525544139394|Guardando equipo en BD en BD|notifySmsReception
09:53:48 - BD|OK|PTN=525544139394|Guardando equipo en base de datos|saveHandsetSC
09:53:48 - BD|OK|H=3712|PTN=525544139394|Equipo guardado correctamente|saveHandsetSC
09:53:48 - BD|OK|H=3712|PTN=525544139394|Guardando en dat_estatuspayment|saveHandsetSC
09:53:48 - BD|OK|H=3712|PTN=525544139394|Guardado en dat_estatuspayment correctamente|saveHandsetSC
09:53:48 - BD|H=525544139394|ID=3712|Equipo guardado correctamente en BD|notifySmsReception
09:53:48 - OP|H=|Client=201.175.130.92-------------------------------------------------------|notifySCReception
09:53:48 - 02/07/2015 09:53:48: |Correlator: 425276_ | message: mensaje de iAlarm | senderAddress: 525544139394 | smsServiceActivationNumber: 425276
09:53:48 - BD|H=525544139394|El equipo ya existe en BD|notifySmsReception
09:53:48 - BD|H=525544139394|Contrato por evento|Procesando cobro|notifySmsReception
10:15:46 - OP|H=|Client=201.175.130.92-------------------------------------------------------|notifySCReception
10:15:46 - 02/07/2015 10:15:46: |Correlator: 425276_ | message: mensaje de iAlarm | senderAddress: 525545999776 | smsServiceActivationNumber: 425276
10:15:46 - BD|H=525545999776|El equipo no existe en BD|notifySmsReception
10:15:46 - BD|H=525545999776|Guardando equipo en BD en BD|notifySmsReception
10:15:46 - BD|OK|PTN=525545999776|Guardando equipo en base de datos|saveHandsetSC
10:15:46 - BD|OK|H=3713|PTN=525545999776|Equipo guardado correctamente|saveHandsetSC
10:15:46 - BD|OK|H=3713|PTN=525545999776|Guardando en dat_estatuspayment|saveHandsetSC
10:15:46 - BD|OK|H=3713|PTN=525545999776|Guardado en dat_estatuspayment correctamente|saveHandsetSC
10:15:46 - BD|H=525545999776|ID=3713|Equipo guardado correctamente en BD|notifySmsReception
10:15:46 - OP|H=|Client=201.175.130.92-------------------------------------------------------|notifySCReception
10:15:46 - 02/07/2015 10:15:46: |Correlator: 425276_ | message: mensaje de iAlarm | senderAddress: 525545999776 | smsServiceActivationNumber: 425276
10:15:46 - BD|H=525545999776|El equipo ya existe en BD|notifySmsReception
10:15:46 - BD|H=525545999776|Contrato por evento|Procesando cobro|notifySmsReception
10:46:05 - OP|H=|Client=201.175.130.92-------------------------------------------------------|notifySCReception
10:46:05 - 02/07/2015 10:46:05: |Correlator: 425276_ | message: mensaje de iAlarm | senderAddress: 523316125637 | smsServiceActivationNumber: 425276
10:46:05 - BD|H=523316125637|El equipo no existe en BD|notifySmsReception
10:46:05 - BD|H=523316125637|Guardando equipo en BD en BD|notifySmsReception
10:46:05 - BD|OK|PTN=523316125637|Guardando equipo en base de datos|saveHandsetSC
10:46:05 - BD|OK|H=3714|PTN=523316125637|Equipo guardado correctamente|saveHandsetSC
10:46:05 - BD|OK|H=3714|PTN=523316125637|Guardando en dat_estatuspayment|saveHandsetSC
10:46:05 - BD|OK|H=3714|PTN=523316125637|Guardado en dat_estatuspayment correctamente|saveHandsetSC
10:46:05 - BD|H=523316125637|ID=3714|Equipo guardado correctamente en BD|notifySmsReception
10:46:05 - OP|H=|Client=201.175.130.92-------------------------------------------------------|notifySCReception
10:46:05 - 02/07/2015 10:46:05: |Correlator: 425276_ | message: mensaje de iAlarm | senderAddress: 523316125637 | smsServiceActivationNumber: 425276
10:46:05 - BD|H=523316125637|El equipo ya existe en BD|notifySmsReception
10:46:05 - BD|H=523316125637|Contrato por evento|Procesando cobro|notifySmsReception
11:37:39 - OP|H=|Client=201.175.130.92-------------------------------------------------------|notifySCReception
11:37:39 - 02/07/2015 11:37:39: |Correlator: 425276_ | message: mensaje de iAlarm | senderAddress: 525546117339 | smsServiceActivationNumber: 425276
11:37:39 - BD|H=525546117339|El equipo no existe en BD|notifySmsReception
11:37:39 - BD|H=525546117339|Guardando equipo en BD en BD|notifySmsReception
11:37:39 - BD|OK|PTN=525546117339|Guardando equipo en base de datos|saveHandsetSC
11:37:39 - BD|OK|H=3715|PTN=525546117339|Equipo guardado correctamente|saveHandsetSC
11:37:39 - BD|OK|H=3715|PTN=525546117339|Guardando en dat_estatuspayment|saveHandsetSC
11:37:39 - BD|OK|H=3715|PTN=525546117339|Guardado en dat_estatuspayment correctamente|saveHandsetSC
11:37:39 - BD|H=525546117339|ID=3715|Equipo guardado correctamente en BD|notifySmsReception
11:37:39 - OP|H=|Client=201.175.130.92-------------------------------------------------------|notifySCReception
11:37:39 - 02/07/2015 11:37:39: |Correlator: 425276_ | message: mensaje de iAlarm | senderAddress: 525546117339 | smsServiceActivationNumber: 425276
11:37:39 - BD|H=525546117339|El equipo ya existe en BD|notifySmsReception
11:37:39 - BD|H=525546117339|Contrato por evento|Procesando cobro|notifySmsReception
12:22:16 - OP|H=|Client=201.175.130.92-------------------------------------------------------|notifySCReception
12:22:16 - 02/07/2015 12:22:16: |Correlator: 425276_ | message: mensaje de iAlarm | senderAddress: 525546025636 | smsServiceActivationNumber: 425276
12:22:16 - BD|H=525546025636|El equipo no existe en BD|notifySmsReception
12:22:16 - BD|H=525546025636|Guardando equipo en BD en BD|notifySmsReception
12:22:16 - BD|OK|PTN=525546025636|Guardando equipo en base de datos|saveHandsetSC
12:22:17 - BD|OK|H=3716|PTN=525546025636|Equipo guardado correctamente|saveHandsetSC
12:22:17 - BD|OK|H=3716|PTN=525546025636|Guardando en dat_estatuspayment|saveHandsetSC
12:22:17 - BD|OK|H=3716|PTN=525546025636|Guardado en dat_estatuspayment correctamente|saveHandsetSC
12:22:17 - BD|H=525546025636|ID=3716|Equipo guardado correctamente en BD|notifySmsReception
12:22:17 - OP|H=|Client=201.175.130.92-------------------------------------------------------|notifySCReception
12:22:17 - 02/07/2015 12:22:17: |Correlator: 425276_ | message: mensaje de iAlarm | senderAddress: 525546025636 | smsServiceActivationNumber: 425276
12:22:17 - BD|H=525546025636|El equipo ya existe en BD|notifySmsReception
12:22:17 - BD|H=525546025636|Contrato por evento|Procesando cobro|notifySmsReception
12:24:07 - OP|H=|Client=201.175.130.92-------------------------------------------------------|notifySCReception
12:24:07 - 02/07/2015 12:24:07: |Correlator: 425276_ | message: mensaje de iAlarm | senderAddress: 525544115026 | smsServiceActivationNumber: 425276
12:24:07 - BD|H=525544115026|El equipo ya existe en BD|notifySmsReception
12:24:07 - BD|H=525544115026|Contrato por evento|Procesando cobro|notifySmsReception
12:24:07 - OP|H=|Client=201.175.130.92-------------------------------------------------------|notifySCReception
12:24:07 - 02/07/2015 12:24:07: |Correlator: 425276_ | message: mensaje de iAlarm | senderAddress: 525544115026 | smsServiceActivationNumber: 425276
12:24:07 - BD|H=525544115026|El equipo ya existe en BD|notifySmsReception
12:24:07 - BD|H=525544115026|Contrato por evento|Procesando cobro|notifySmsReception
12:37:40 - OP|H=|Client=201.175.130.92-------------------------------------------------------|notifySCReception
12:37:40 - 02/07/2015 12:37:40: |Correlator: 425276_ | message: mensaje de iAlarm | senderAddress: 525524885852 | smsServiceActivationNumber: 425276
12:37:40 - BD|H=525524885852|El equipo ya existe en BD|notifySmsReception
12:37:40 - BD|H=525524885852|Contrato por evento|Procesando cobro|notifySmsReception
12:37:40 - OP|H=|Client=201.175.130.92-------------------------------------------------------|notifySCReception
12:37:40 - 02/07/2015 12:37:40: |Correlator: 425276_ | message: mensaje de iAlarm | senderAddress: 525524885852 | smsServiceActivationNumber: 425276
12:37:40 - BD|H=525524885852|El equipo ya existe en BD|notifySmsReception
12:37:40 - BD|H=525524885852|Contrato por evento|Procesando cobro|notifySmsReception
12:37:48 - OP|H=|Client=201.175.130.92-------------------------------------------------------|notifySCReception
12:37:48 - 02/07/2015 12:37:48: |Correlator: 425276_ | message: mensaje de iAlarm | senderAddress: 525519934222 | smsServiceActivationNumber: 425276
12:37:48 - BD|H=525519934222|El equipo ya existe en BD|notifySmsReception
12:37:48 - BD|H=525519934222|Contrato por evento|Procesando cobro|notifySmsReception
12:37:48 - OP|H=|Client=201.175.130.92-------------------------------------------------------|notifySCReception
12:37:48 - 02/07/2015 12:37:48: |Correlator: 425276_ | message: mensaje de iAlarm | senderAddress: 525519934222 | smsServiceActivationNumber: 425276
12:37:48 - BD|H=525519934222|El equipo ya existe en BD|notifySmsReception
12:37:48 - BD|H=525519934222|Contrato por evento|Procesando cobro|notifySmsReception
12:50:02 - OP|H=|Client=201.175.130.92-------------------------------------------------------|notifySCReception
12:50:02 - 02/07/2015 12:50:02: |Correlator: 425276_ | message: mensaje de iAlarm | senderAddress: 524621390954 | smsServiceActivationNumber: 425276
12:50:02 - BD|H=524621390954|El equipo ya existe en BD|notifySmsReception
12:50:02 - BD|H=524621390954|Contrato por evento|Procesando cobro|notifySmsReception
12:50:02 - OP|H=|Client=201.175.130.92-------------------------------------------------------|notifySCReception
12:50:02 - 02/07/2015 12:50:02: |Correlator: 425276_ | message: mensaje de iAlarm | senderAddress: 524621390954 | smsServiceActivationNumber: 425276
12:50:02 - BD|H=524621390954|El equipo ya existe en BD|notifySmsReception
12:50:02 - BD|H=524621390954|Contrato por evento|Procesando cobro|notifySmsReception
12:51:08 - OP|H=|Client=201.175.130.92-------------------------------------------------------|notifySCReception
12:51:08 - 02/07/2015 12:51:08: |Correlator: 425276_ | message: mensaje de iAlarm | senderAddress: 528189994790 | smsServiceActivationNumber: 425276
12:51:08 - BD|H=528189994790|El equipo ya existe en BD|notifySmsReception
12:51:08 - BD|H=528189994790|Contrato por evento|Procesando cobro|notifySmsReception
12:51:08 - OP|H=|Client=201.175.130.92-------------------------------------------------------|notifySCReception
12:51:08 - 02/07/2015 12:51:08: |Correlator: 425276_ | message: mensaje de iAlarm | senderAddress: 528189994790 | smsServiceActivationNumber: 425276
12:51:08 - BD|H=528189994790|El equipo ya existe en BD|notifySmsReception
12:51:08 - BD|H=528189994790|Contrato por evento|Procesando cobro|notifySmsReception
13:03:19 - OP|H=|Client=201.175.130.92-------------------------------------------------------|notifySCReception
13:03:19 - 02/07/2015 13:03:19: |Correlator: 425276_ | message: mensaje de iAlarm | senderAddress: 525549802558 | smsServiceActivationNumber: 425276
13:03:19 - BD|H=525549802558|El equipo ya existe en BD|notifySmsReception
13:03:19 - BD|H=525549802558|Contrato por evento|Procesando cobro|notifySmsReception
13:03:20 - OP|H=|Client=201.175.130.92-------------------------------------------------------|notifySCReception
13:03:20 - 02/07/2015 13:03:20: |Correlator: 425276_ | message: mensaje de iAlarm | senderAddress: 525549802558 | smsServiceActivationNumber: 425276
13:03:20 - BD|H=525549802558|El equipo ya existe en BD|notifySmsReception
13:03:20 - BD|H=525549802558|Contrato por evento|Procesando cobro|notifySmsReception
13:44:54 - OP|H=|Client=201.175.130.92-------------------------------------------------------|notifySCReception
13:44:54 - 02/07/2015 13:44:54: |Correlator: 425276_ | message: mensaje de iAlarm | senderAddress: 527224855032 | smsServiceActivationNumber: 425276
13:44:54 - BD|H=527224855032|El equipo ya existe en BD|notifySmsReception
13:44:54 - BD|H=527224855032|Contrato por evento|Procesando cobro|notifySmsReception
13:44:54 - OP|H=|Client=201.175.130.92-------------------------------------------------------|notifySCReception
13:44:54 - 02/07/2015 13:44:54: |Correlator: 425276_ | message: mensaje de iAlarm | senderAddress: 527224855032 | smsServiceActivationNumber: 425276
13:44:54 - BD|H=527224855032|El equipo ya existe en BD|notifySmsReception
13:44:54 - BD|H=527224855032|Contrato por evento|Procesando cobro|notifySmsReception
13:49:39 - OP|H=|Client=201.175.130.92-------------------------------------------------------|notifySCReception
13:49:39 - 02/07/2015 13:49:39: |Correlator: 425276_ | message: mensaje de iAlarm | senderAddress: 524274882028 | smsServiceActivationNumber: 425276
13:49:39 - BD|H=524274882028|El equipo ya existe en BD|notifySmsReception
13:49:39 - BD|H=524274882028|Contrato por evento|Procesando cobro|notifySmsReception
13:49:39 - OP|H=|Client=201.175.130.92-------------------------------------------------------|notifySCReception
13:49:39 - 02/07/2015 13:49:39: |Correlator: 425276_ | message: mensaje de iAlarm | senderAddress: 524274882028 | smsServiceActivationNumber: 425276
13:49:39 - BD|H=524274882028|El equipo ya existe en BD|notifySmsReception
13:49:39 - BD|H=524274882028|Contrato por evento|Procesando cobro|notifySmsReception
13:53:08 - OP|H=|Client=201.175.130.92-------------------------------------------------------|notifySCReception
13:53:08 - 02/07/2015 13:53:08: |Correlator: 425276_ | message: mensaje de iAlarm | senderAddress: 524521471190 | smsServiceActivationNumber: 425276
13:53:08 - BD|H=524521471190|El equipo no existe en BD|notifySmsReception
13:53:08 - BD|H=524521471190|Guardando equipo en BD en BD|notifySmsReception
13:53:08 - BD|OK|PTN=524521471190|Guardando equipo en base de datos|saveHandsetSC
13:53:08 - BD|OK|H=3717|PTN=524521471190|Equipo guardado correctamente|saveHandsetSC
13:53:08 - BD|OK|H=3717|PTN=524521471190|Guardando en dat_estatuspayment|saveHandsetSC
13:53:08 - BD|OK|H=3717|PTN=524521471190|Guardado en dat_estatuspayment correctamente|saveHandsetSC
13:53:08 - BD|H=524521471190|ID=3717|Equipo guardado correctamente en BD|notifySmsReception
13:53:08 - OP|H=|Client=201.175.130.92-------------------------------------------------------|notifySCReception
13:53:08 - 02/07/2015 13:53:08: |Correlator: 425276_ | message: mensaje de iAlarm | senderAddress: 524521471190 | smsServiceActivationNumber: 425276
13:53:08 - BD|H=524521471190|El equipo ya existe en BD|notifySmsReception
13:53:08 - BD|H=524521471190|Contrato por evento|Procesando cobro|notifySmsReception
13:57:24 - OP|H=|Client=201.175.130.92-------------------------------------------------------|notifySCReception
13:57:24 - 02/07/2015 13:57:24: |Correlator: 425276_ | message: mensaje de iAlarm | senderAddress: 525520997656 | smsServiceActivationNumber: 425276
13:57:24 - BD|H=525520997656|El equipo ya existe en BD|notifySmsReception
13:57:24 - BD|H=525520997656|Contrato por evento|Procesando cobro|notifySmsReception
13:57:24 - OP|H=|Client=201.175.130.92-------------------------------------------------------|notifySCReception
13:57:24 - 02/07/2015 13:57:24: |Correlator: 425276_ | message: mensaje de iAlarm | senderAddress: 525520997656 | smsServiceActivationNumber: 425276
13:57:24 - BD|H=525520997656|El equipo ya existe en BD|notifySmsReception
13:57:24 - BD|H=525520997656|Contrato por evento|Procesando cobro|notifySmsReception
14:00:28 - OP|H=|Client=201.175.130.92-------------------------------------------------------|notifySCReception
14:00:28 - 02/07/2015 14:00:28: |Correlator: 425276_ | message: mensaje de iAlarm | senderAddress: 524774761218 | smsServiceActivationNumber: 425276
14:00:28 - BD|H=524774761218|El equipo no existe en BD|notifySmsReception
14:00:28 - BD|H=524774761218|Guardando equipo en BD en BD|notifySmsReception
14:00:28 - BD|OK|PTN=524774761218|Guardando equipo en base de datos|saveHandsetSC
14:00:28 - BD|OK|H=3718|PTN=524774761218|Equipo guardado correctamente|saveHandsetSC
14:00:28 - BD|OK|H=3718|PTN=524774761218|Guardando en dat_estatuspayment|saveHandsetSC
14:00:28 - BD|OK|H=3718|PTN=524774761218|Guardado en dat_estatuspayment correctamente|saveHandsetSC
14:00:28 - BD|H=524774761218|ID=3718|Equipo guardado correctamente en BD|notifySmsReception
14:00:29 - OP|H=|Client=201.175.130.92-------------------------------------------------------|notifySCReception
14:00:29 - 02/07/2015 14:00:29: |Correlator: 425276_ | message: mensaje de iAlarm | senderAddress: 524774761218 | smsServiceActivationNumber: 425276
14:00:29 - BD|H=524774761218|El equipo ya existe en BD|notifySmsReception
14:00:29 - BD|H=524774761218|Contrato por evento|Procesando cobro|notifySmsReception
14:25:54 - OP|H=|Client=201.175.130.92-------------------------------------------------------|notifySCReception
14:25:54 - 02/07/2015 14:25:54: |Correlator: 425276_ | message: mensaje de iAlarm | senderAddress: 525544131527 | smsServiceActivationNumber: 425276
14:25:54 - BD|H=525544131527|El equipo no existe en BD|notifySmsReception
14:25:54 - BD|H=525544131527|Guardando equipo en BD en BD|notifySmsReception
14:25:54 - BD|OK|PTN=525544131527|Guardando equipo en base de datos|saveHandsetSC
14:25:54 - BD|OK|H=3719|PTN=525544131527|Equipo guardado correctamente|saveHandsetSC
14:25:54 - BD|OK|H=3719|PTN=525544131527|Guardando en dat_estatuspayment|saveHandsetSC
14:25:54 - BD|OK|H=3719|PTN=525544131527|Guardado en dat_estatuspayment correctamente|saveHandsetSC
14:25:54 - BD|H=525544131527|ID=3719|Equipo guardado correctamente en BD|notifySmsReception
14:25:54 - OP|H=|Client=201.175.130.92-------------------------------------------------------|notifySCReception
14:25:54 - 02/07/2015 14:25:54: |Correlator: 425276_ | message: mensaje de iAlarm | senderAddress: 525544131527 | smsServiceActivationNumber: 425276
14:25:54 - BD|H=525544131527|El equipo ya existe en BD|notifySmsReception
14:25:54 - BD|H=525544131527|Contrato por evento|Procesando cobro|notifySmsReception
14:47:54 - OP|H=|Client=201.175.130.92-------------------------------------------------------|notifySCReception
14:47:54 - 02/07/2015 14:47:54: |Correlator: 425276_ | message: mensaje de iAlarm | senderAddress: 528116257674 | smsServiceActivationNumber: 425276
14:47:54 - BD|H=528116257674|El equipo no existe en BD|notifySmsReception
14:47:54 - BD|H=528116257674|Guardando equipo en BD en BD|notifySmsReception
14:47:54 - BD|OK|PTN=528116257674|Guardando equipo en base de datos|saveHandsetSC
14:47:54 - BD|OK|H=3720|PTN=528116257674|Equipo guardado correctamente|saveHandsetSC
14:47:54 - BD|OK|H=3720|PTN=528116257674|Guardando en dat_estatuspayment|saveHandsetSC
14:47:54 - BD|OK|H=3720|PTN=528116257674|Guardado en dat_estatuspayment correctamente|saveHandsetSC
14:47:54 - BD|H=528116257674|ID=3720|Equipo guardado correctamente en BD|notifySmsReception
14:47:54 - OP|H=|Client=201.175.130.92-------------------------------------------------------|notifySCReception
14:47:54 - 02/07/2015 14:47:54: |Correlator: 425276_ | message: mensaje de iAlarm | senderAddress: 528116257674 | smsServiceActivationNumber: 425276
14:47:54 - BD|H=528116257674|El equipo ya existe en BD|notifySmsReception
14:47:54 - BD|H=528116257674|Contrato por evento|Procesando cobro|notifySmsReception
14:58:09 - OP|H=|Client=201.175.130.92-------------------------------------------------------|notifySCReception
14:58:09 - 02/07/2015 14:58:09: |Correlator: 425276_ | message: mensaje de iAlarm | senderAddress: 524744351509 | smsServiceActivationNumber: 425276
14:58:09 - BD|H=524744351509|El equipo ya existe en BD|notifySmsReception
14:58:09 - BD|H=524744351509|Contrato por evento|Procesando cobro|notifySmsReception
14:58:09 - OP|H=|Client=201.175.130.92-------------------------------------------------------|notifySCReception
14:58:09 - 02/07/2015 14:58:09: |Correlator: 425276_ | message: mensaje de iAlarm | senderAddress: 524744351509 | smsServiceActivationNumber: 425276
14:58:09 - BD|H=524744351509|El equipo ya existe en BD|notifySmsReception
14:58:09 - BD|H=524744351509|Contrato por evento|Procesando cobro|notifySmsReception
15:06:06 - OP|H=|Client=201.175.130.92-------------------------------------------------------|notifySCReception
15:06:06 - 02/07/2015 15:06:06: |Correlator: 425276_ | message: mensaje de iAlarm | senderAddress: 528180641807 | smsServiceActivationNumber: 425276
15:06:06 - BD|H=528180641807|El equipo ya existe en BD|notifySmsReception
15:06:06 - BD|H=528180641807|Contrato por evento|Procesando cobro|notifySmsReception
15:06:06 - OP|H=|Client=201.175.130.92-------------------------------------------------------|notifySCReception
15:06:06 - 02/07/2015 15:06:06: |Correlator: 425276_ | message: mensaje de iAlarm | senderAddress: 528180641807 | smsServiceActivationNumber: 425276
15:06:06 - BD|H=528180641807|El equipo ya existe en BD|notifySmsReception
15:06:06 - BD|H=528180641807|Contrato por evento|Procesando cobro|notifySmsReception
15:22:56 - OP|H=|Client=201.175.130.92-------------------------------------------------------|notifySCReception
15:22:56 - 02/07/2015 15:22:56: |Correlator: 425276_ | message: mensaje de iAlarm | senderAddress: 524441851862 | smsServiceActivationNumber: 425276
15:22:56 - BD|H=524441851862|El equipo no existe en BD|notifySmsReception
15:22:56 - BD|H=524441851862|Guardando equipo en BD en BD|notifySmsReception
15:22:56 - BD|OK|PTN=524441851862|Guardando equipo en base de datos|saveHandsetSC
15:22:56 - BD|OK|H=3721|PTN=524441851862|Equipo guardado correctamente|saveHandsetSC
15:22:56 - BD|OK|H=3721|PTN=524441851862|Guardando en dat_estatuspayment|saveHandsetSC
15:22:56 - BD|OK|H=3721|PTN=524441851862|Guardado en dat_estatuspayment correctamente|saveHandsetSC
15:22:56 - BD|H=524441851862|ID=3721|Equipo guardado correctamente en BD|notifySmsReception
15:22:56 - OP|H=|Client=201.175.130.92-------------------------------------------------------|notifySCReception
15:22:56 - 02/07/2015 15:22:56: |Correlator: 425276_ | message: mensaje de iAlarm | senderAddress: 524441851862 | smsServiceActivationNumber: 425276
15:22:56 - BD|H=524441851862|El equipo ya existe en BD|notifySmsReception
15:22:56 - BD|H=524441851862|Contrato por evento|Procesando cobro|notifySmsReception
15:56:04 - OP|H=|Client=201.175.130.92-------------------------------------------------------|notifySCReception
15:56:04 - 02/07/2015 15:56:04: |Correlator: 425276_ | message: mensaje de iAlarm | senderAddress: 522711063724 | smsServiceActivationNumber: 425276
15:56:04 - BD|H=522711063724|El equipo ya existe en BD|notifySmsReception
15:56:04 - BD|H=522711063724|Contrato por evento|Procesando cobro|notifySmsReception
15:56:04 - OP|H=|Client=201.175.130.92-------------------------------------------------------|notifySCReception
15:56:04 - 02/07/2015 15:56:04: |Correlator: 425276_ | message: mensaje de iAlarm | senderAddress: 522711063724 | smsServiceActivationNumber: 425276
15:56:04 - BD|H=522711063724|El equipo ya existe en BD|notifySmsReception
15:56:04 - BD|H=522711063724|Contrato por evento|Procesando cobro|notifySmsReception
16:17:47 - OP|H=|Client=201.175.130.92-------------------------------------------------------|notifySCReception
16:17:47 - 02/07/2015 16:17:47: |Correlator: 425276_ | message: mensaje de iAlarm | senderAddress: 529811540464 | smsServiceActivationNumber: 425276
16:17:47 - BD|H=529811540464|El equipo no existe en BD|notifySmsReception
16:17:47 - BD|H=529811540464|Guardando equipo en BD en BD|notifySmsReception
16:17:47 - BD|OK|PTN=529811540464|Guardando equipo en base de datos|saveHandsetSC
16:17:47 - BD|OK|H=3722|PTN=529811540464|Equipo guardado correctamente|saveHandsetSC
16:17:47 - BD|OK|H=3722|PTN=529811540464|Guardando en dat_estatuspayment|saveHandsetSC
16:17:47 - BD|OK|H=3722|PTN=529811540464|Guardado en dat_estatuspayment correctamente|saveHandsetSC
16:17:47 - BD|H=529811540464|ID=3722|Equipo guardado correctamente en BD|notifySmsReception
16:17:48 - OP|H=|Client=201.175.130.92-------------------------------------------------------|notifySCReception
16:17:48 - 02/07/2015 16:17:48: |Correlator: 425276_ | message: mensaje de iAlarm | senderAddress: 529811540464 | smsServiceActivationNumber: 425276
16:17:48 - BD|H=529811540464|El equipo ya existe en BD|notifySmsReception
16:17:48 - BD|H=529811540464|Contrato por evento|Procesando cobro|notifySmsReception
16:45:12 - OP|H=|Client=201.175.130.92-------------------------------------------------------|notifySCReception
16:45:12 - 02/07/2015 16:45:12: |Correlator: 425276_ | message: mensaje de iAlarm | senderAddress: 528118069420 | smsServiceActivationNumber: 425276
16:45:12 - BD|H=528118069420|El equipo no existe en BD|notifySmsReception
16:45:12 - BD|H=528118069420|Guardando equipo en BD en BD|notifySmsReception
16:45:12 - BD|OK|PTN=528118069420|Guardando equipo en base de datos|saveHandsetSC
16:45:12 - BD|OK|H=3723|PTN=528118069420|Equipo guardado correctamente|saveHandsetSC
16:45:12 - BD|OK|H=3723|PTN=528118069420|Guardando en dat_estatuspayment|saveHandsetSC
16:45:12 - BD|OK|H=3723|PTN=528118069420|Guardado en dat_estatuspayment correctamente|saveHandsetSC
16:45:12 - BD|H=528118069420|ID=3723|Equipo guardado correctamente en BD|notifySmsReception
16:45:12 - OP|H=|Client=201.175.130.92-------------------------------------------------------|notifySCReception
16:45:12 - 02/07/2015 16:45:12: |Correlator: 425276_ | message: mensaje de iAlarm | senderAddress: 528118069420 | smsServiceActivationNumber: 425276
16:45:12 - BD|H=528118069420|El equipo ya existe en BD|notifySmsReception
16:45:12 - BD|H=528118069420|Contrato por evento|Procesando cobro|notifySmsReception
16:55:22 - OP|H=|Client=201.175.130.92-------------------------------------------------------|notifySCReception
16:55:22 - 02/07/2015 16:55:22: |Correlator: 425276_ | message: mensaje de iAlarm | senderAddress: 524731414760 | smsServiceActivationNumber: 425276
16:55:22 - BD|H=524731414760|El equipo no existe en BD|notifySmsReception
16:55:22 - BD|H=524731414760|Guardando equipo en BD en BD|notifySmsReception
16:55:22 - BD|OK|PTN=524731414760|Guardando equipo en base de datos|saveHandsetSC
16:55:22 - BD|OK|H=3724|PTN=524731414760|Equipo guardado correctamente|saveHandsetSC
16:55:22 - BD|OK|H=3724|PTN=524731414760|Guardando en dat_estatuspayment|saveHandsetSC
16:55:22 - BD|OK|H=3724|PTN=524731414760|Guardado en dat_estatuspayment correctamente|saveHandsetSC
16:55:22 - BD|H=524731414760|ID=3724|Equipo guardado correctamente en BD|notifySmsReception
16:55:22 - OP|H=|Client=201.175.130.92-------------------------------------------------------|notifySCReception
16:55:22 - 02/07/2015 16:55:22: |Correlator: 425276_ | message: mensaje de iAlarm | senderAddress: 524731414760 | smsServiceActivationNumber: 425276
16:55:22 - BD|H=524731414760|El equipo ya existe en BD|notifySmsReception
16:55:22 - BD|H=524731414760|Contrato por evento|Procesando cobro|notifySmsReception
17:01:36 - OP|H=|Client=201.175.130.92-------------------------------------------------------|notifySCReception
17:01:36 - 02/07/2015 17:01:36: |Correlator: 425276_ | message: mensaje de iAlarm | senderAddress: 525521235716 | smsServiceActivationNumber: 425276
17:01:36 - BD|H=525521235716|El equipo ya existe en BD|notifySmsReception
17:01:36 - BD|H=525521235716|Contrato por evento|Procesando cobro|notifySmsReception
17:01:36 - OP|H=|Client=201.175.130.92-------------------------------------------------------|notifySCReception
17:01:36 - 02/07/2015 17:01:36: |Correlator: 425276_ | message: mensaje de iAlarm | senderAddress: 525521235716 | smsServiceActivationNumber: 425276
17:01:36 - BD|H=525521235716|El equipo ya existe en BD|notifySmsReception
17:01:36 - BD|H=525521235716|Contrato por evento|Procesando cobro|notifySmsReception
17:04:52 - OP|H=|Client=201.175.130.92-------------------------------------------------------|notifySCReception
17:04:52 - 02/07/2015 17:04:52: |Correlator: 425276_ | message: mensaje de iAlarm | senderAddress: 523320791330 | smsServiceActivationNumber: 425276
17:04:52 - BD|H=523320791330|El equipo no existe en BD|notifySmsReception
17:04:52 - BD|H=523320791330|Guardando equipo en BD en BD|notifySmsReception
17:04:52 - BD|OK|PTN=523320791330|Guardando equipo en base de datos|saveHandsetSC
17:04:52 - BD|OK|H=3725|PTN=523320791330|Equipo guardado correctamente|saveHandsetSC
17:04:52 - BD|OK|H=3725|PTN=523320791330|Guardando en dat_estatuspayment|saveHandsetSC
17:04:52 - BD|OK|H=3725|PTN=523320791330|Guardado en dat_estatuspayment correctamente|saveHandsetSC
17:04:52 - BD|H=523320791330|ID=3725|Equipo guardado correctamente en BD|notifySmsReception
17:04:52 - OP|H=|Client=201.175.130.92-------------------------------------------------------|notifySCReception
17:04:52 - 02/07/2015 17:04:52: |Correlator: 425276_ | message: mensaje de iAlarm | senderAddress: 523320791330 | smsServiceActivationNumber: 425276
17:04:52 - BD|H=523320791330|El equipo ya existe en BD|notifySmsReception
17:04:52 - BD|H=523320791330|Contrato por evento|Procesando cobro|notifySmsReception
17:15:39 - OP|H=|Client=201.175.130.92-------------------------------------------------------|notifySCReception
17:15:39 - 02/07/2015 17:15:39: |Correlator: 425276_ | message: mensaje de iAlarm | senderAddress: 525569242763 | smsServiceActivationNumber: 425276
17:15:39 - BD|H=525569242763|El equipo no existe en BD|notifySmsReception
17:15:39 - BD|H=525569242763|Guardando equipo en BD en BD|notifySmsReception
17:15:39 - BD|OK|PTN=525569242763|Guardando equipo en base de datos|saveHandsetSC
17:15:39 - BD|OK|H=3726|PTN=525569242763|Equipo guardado correctamente|saveHandsetSC
17:15:39 - BD|OK|H=3726|PTN=525569242763|Guardando en dat_estatuspayment|saveHandsetSC
17:15:39 - BD|OK|H=3726|PTN=525569242763|Guardado en dat_estatuspayment correctamente|saveHandsetSC
17:15:39 - BD|H=525569242763|ID=3726|Equipo guardado correctamente en BD|notifySmsReception
17:15:40 - OP|H=|Client=201.175.130.92-------------------------------------------------------|notifySCReception
17:15:40 - 02/07/2015 17:15:40: |Correlator: 425276_ | message: mensaje de iAlarm | senderAddress: 525569242763 | smsServiceActivationNumber: 425276
17:15:40 - BD|H=525569242763|El equipo ya existe en BD|notifySmsReception
17:15:40 - BD|H=525569242763|Contrato por evento|Procesando cobro|notifySmsReception
17:32:06 - OP|H=|Client=201.175.130.92-------------------------------------------------------|notifySCReception
17:32:06 - 02/07/2015 17:32:06: |Correlator: 425276_ | message: mensaje de iAlarm | senderAddress: 528121515594 | smsServiceActivationNumber: 425276
17:32:06 - BD|H=528121515594|El equipo no existe en BD|notifySmsReception
17:32:06 - BD|H=528121515594|Guardando equipo en BD en BD|notifySmsReception
17:32:06 - BD|OK|PTN=528121515594|Guardando equipo en base de datos|saveHandsetSC
17:32:06 - BD|OK|H=3727|PTN=528121515594|Equipo guardado correctamente|saveHandsetSC
17:32:06 - BD|OK|H=3727|PTN=528121515594|Guardando en dat_estatuspayment|saveHandsetSC
17:32:06 - BD|OK|H=3727|PTN=528121515594|Guardado en dat_estatuspayment correctamente|saveHandsetSC
17:32:06 - BD|H=528121515594|ID=3727|Equipo guardado correctamente en BD|notifySmsReception
17:32:06 - OP|H=|Client=201.175.130.92-------------------------------------------------------|notifySCReception
17:32:06 - 02/07/2015 17:32:06: |Correlator: 425276_ | message: mensaje de iAlarm | senderAddress: 528121515594 | smsServiceActivationNumber: 425276
17:32:06 - BD|H=528121515594|El equipo ya existe en BD|notifySmsReception
17:32:06 - BD|H=528121515594|Contrato por evento|Procesando cobro|notifySmsReception
17:35:50 - OP|H=|Client=201.175.130.92-------------------------------------------------------|notifySCReception
17:35:50 - 02/07/2015 17:35:50: |Correlator: 425276_ | message: mensaje de iAlarm | senderAddress: 526643215366 | smsServiceActivationNumber: 425276
17:35:50 - BD|H=526643215366|El equipo ya existe en BD|notifySmsReception
17:35:50 - BD|H=526643215366|Contrato por evento|Procesando cobro|notifySmsReception
17:35:50 - OP|H=|Client=201.175.130.92-------------------------------------------------------|notifySCReception
17:35:50 - 02/07/2015 17:35:50: |Correlator: 425276_ | message: mensaje de iAlarm | senderAddress: 526643215366 | smsServiceActivationNumber: 425276
17:35:50 - BD|H=526643215366|El equipo ya existe en BD|notifySmsReception
17:35:50 - BD|H=526643215366|Contrato por evento|Procesando cobro|notifySmsReception
17:38:24 - OP|H=|Client=201.175.130.92-------------------------------------------------------|notifySCReception
17:38:24 - 02/07/2015 17:38:24: |Correlator: 425276_ | message: mensaje de iAlarm | senderAddress: 528671321792 | smsServiceActivationNumber: 425276
17:38:24 - BD|H=528671321792|El equipo ya existe en BD|notifySmsReception
17:38:24 - BD|H=528671321792|Contrato por evento|Procesando cobro|notifySmsReception
17:38:24 - OP|H=|Client=201.175.130.92-------------------------------------------------------|notifySCReception
17:38:24 - 02/07/2015 17:38:24: |Correlator: 425276_ | message: mensaje de iAlarm | senderAddress: 528671321792 | smsServiceActivationNumber: 425276
17:38:24 - BD|H=528671321792|El equipo ya existe en BD|notifySmsReception
17:38:24 - BD|H=528671321792|Contrato por evento|Procesando cobro|notifySmsReception
17:46:34 - OP|H=|Client=201.175.130.92-------------------------------------------------------|notifySCReception
17:46:34 - 02/07/2015 17:46:34: |Correlator: 425276_ | message: mensaje de iAlarm | senderAddress: 529993146048 | smsServiceActivationNumber: 425276
17:46:34 - BD|H=529993146048|El equipo no existe en BD|notifySmsReception
17:46:34 - BD|H=529993146048|Guardando equipo en BD en BD|notifySmsReception
17:46:34 - BD|OK|PTN=529993146048|Guardando equipo en base de datos|saveHandsetSC
17:46:34 - BD|OK|H=3728|PTN=529993146048|Equipo guardado correctamente|saveHandsetSC
17:46:34 - BD|OK|H=3728|PTN=529993146048|Guardando en dat_estatuspayment|saveHandsetSC
17:46:34 - BD|OK|H=3728|PTN=529993146048|Guardado en dat_estatuspayment correctamente|saveHandsetSC
17:46:34 - BD|H=529993146048|ID=3728|Equipo guardado correctamente en BD|notifySmsReception
17:46:34 - OP|H=|Client=201.175.130.92-------------------------------------------------------|notifySCReception
17:46:34 - 02/07/2015 17:46:34: |Correlator: 425276_ | message: mensaje de iAlarm | senderAddress: 529993146048 | smsServiceActivationNumber: 425276
17:46:34 - BD|H=529993146048|El equipo ya existe en BD|notifySmsReception
17:46:34 - BD|H=529993146048|Contrato por evento|Procesando cobro|notifySmsReception
18:06:23 - OP|H=|Client=201.175.130.92-------------------------------------------------------|notifySCReception
18:06:23 - 02/07/2015 18:06:23: |Correlator: 425276_ | message: mensaje de iAlarm | senderAddress: 524612112313 | smsServiceActivationNumber: 425276
18:06:23 - BD|H=524612112313|El equipo ya existe en BD|notifySmsReception
18:06:23 - BD|H=524612112313|Contrato por evento|Procesando cobro|notifySmsReception
18:06:23 - OP|H=|Client=201.175.130.92-------------------------------------------------------|notifySCReception
18:06:23 - 02/07/2015 18:06:23: |Correlator: 425276_ | message: mensaje de iAlarm | senderAddress: 524612112313 | smsServiceActivationNumber: 425276
18:06:23 - BD|H=524612112313|El equipo ya existe en BD|notifySmsReception
18:06:23 - BD|H=524612112313|Contrato por evento|Procesando cobro|notifySmsReception
18:06:48 - OP|H=|Client=201.175.130.92-------------------------------------------------------|notifySCReception
18:06:48 - 02/07/2015 18:06:48: |Correlator: 425276_ | message: mensaje de iAlarm | senderAddress: 526643971733 | smsServiceActivationNumber: 425276
18:06:48 - BD|H=526643971733|El equipo ya existe en BD|notifySmsReception
18:06:48 - BD|H=526643971733|Contrato por evento|Procesando cobro|notifySmsReception
18:06:48 - OP|H=|Client=201.175.130.92-------------------------------------------------------|notifySCReception
18:06:48 - 02/07/2015 18:06:48: |Correlator: 425276_ | message: mensaje de iAlarm | senderAddress: 526643971733 | smsServiceActivationNumber: 425276
18:06:48 - BD|H=526643971733|El equipo ya existe en BD|notifySmsReception
18:06:48 - BD|H=526643971733|Contrato por evento|Procesando cobro|notifySmsReception
18:30:23 - OP|H=|Client=201.175.130.92-------------------------------------------------------|notifySCReception
18:30:23 - 02/07/2015 18:30:23: |Correlator: 425276_ | message: mensaje de iAlarm | senderAddress: 522321194302 | smsServiceActivationNumber: 425276
18:30:23 - BD|H=522321194302|El equipo no existe en BD|notifySmsReception
18:30:23 - BD|H=522321194302|Guardando equipo en BD en BD|notifySmsReception
18:30:23 - BD|OK|PTN=522321194302|Guardando equipo en base de datos|saveHandsetSC
18:30:23 - BD|OK|H=3729|PTN=522321194302|Equipo guardado correctamente|saveHandsetSC
18:30:23 - BD|OK|H=3729|PTN=522321194302|Guardando en dat_estatuspayment|saveHandsetSC
18:30:23 - BD|OK|H=3729|PTN=522321194302|Guardado en dat_estatuspayment correctamente|saveHandsetSC
18:30:23 - BD|H=522321194302|ID=3729|Equipo guardado correctamente en BD|notifySmsReception
18:30:23 - OP|H=|Client=201.175.130.92-------------------------------------------------------|notifySCReception
18:30:23 - 02/07/2015 18:30:23: |Correlator: 425276_ | message: mensaje de iAlarm | senderAddress: 522321194302 | smsServiceActivationNumber: 425276
18:30:23 - BD|H=522321194302|El equipo ya existe en BD|notifySmsReception
18:30:23 - BD|H=522321194302|Contrato por evento|Procesando cobro|notifySmsReception
18:30:31 - OP|H=|Client=201.175.130.92-------------------------------------------------------|notifySCReception
18:30:31 - 02/07/2015 18:30:31: |Correlator: 425276_ | message: mensaje de iAlarm | senderAddress: 526862700808 | smsServiceActivationNumber: 425276
18:30:31 - BD|H=526862700808|El equipo ya existe en BD|notifySmsReception
18:30:31 - BD|H=526862700808|Contrato por evento|Procesando cobro|notifySmsReception
18:30:31 - OP|H=|Client=201.175.130.92-------------------------------------------------------|notifySCReception
18:30:31 - 02/07/2015 18:30:31: |Correlator: 425276_ | message: mensaje de iAlarm | senderAddress: 526862700808 | smsServiceActivationNumber: 425276
18:30:31 - BD|H=526862700808|El equipo ya existe en BD|notifySmsReception
18:30:31 - BD|H=526862700808|Contrato por evento|Procesando cobro|notifySmsReception
18:37:11 - OP|H=|Client=201.175.130.92-------------------------------------------------------|notifySCReception
18:37:11 - 02/07/2015 18:37:11: |Correlator: 425276_ | message: mensaje de iAlarm | senderAddress: 525510903377 | smsServiceActivationNumber: 425276
18:37:11 - BD|H=525510903377|El equipo ya existe en BD|notifySmsReception
18:37:11 - BD|H=525510903377|Contrato por evento|Procesando cobro|notifySmsReception
18:37:11 - OP|H=|Client=201.175.130.92-------------------------------------------------------|notifySCReception
18:37:11 - 02/07/2015 18:37:11: |Correlator: 425276_ | message: mensaje de iAlarm | senderAddress: 525510903377 | smsServiceActivationNumber: 425276
18:37:11 - BD|H=525510903377|El equipo ya existe en BD|notifySmsReception
18:37:11 - BD|H=525510903377|Contrato por evento|Procesando cobro|notifySmsReception
19:58:35 - OP|H=|Client=201.175.130.92-------------------------------------------------------|notifySCReception
19:58:35 - 02/07/2015 19:58:35: |Correlator: 425276_ | message: mensaje de iAlarm | senderAddress: 526241833238 | smsServiceActivationNumber: 425276
19:58:35 - BD|H=526241833238|El equipo ya existe en BD|notifySmsReception
19:58:35 - BD|H=526241833238|Contrato por evento|Procesando cobro|notifySmsReception
19:58:35 - OP|H=|Client=201.175.130.92-------------------------------------------------------|notifySCReception
19:58:35 - 02/07/2015 19:58:35: |Correlator: 425276_ | message: mensaje de iAlarm | senderAddress: 526241833238 | smsServiceActivationNumber: 425276
19:58:35 - BD|H=526241833238|El equipo ya existe en BD|notifySmsReception
19:58:35 - BD|H=526241833238|Contrato por evento|Procesando cobro|notifySmsReception
20:11:21 - OP|H=|Client=201.175.130.92-------------------------------------------------------|notifySCReception
20:11:21 - 02/07/2015 20:11:21: |Correlator: 425276_ | message: mensaje de iAlarm | senderAddress: 522225970735 | smsServiceActivationNumber: 425276
20:11:21 - BD|H=522225970735|El equipo no existe en BD|notifySmsReception
20:11:21 - BD|H=522225970735|Guardando equipo en BD en BD|notifySmsReception
20:11:21 - BD|OK|PTN=522225970735|Guardando equipo en base de datos|saveHandsetSC
20:11:21 - BD|OK|H=3730|PTN=522225970735|Equipo guardado correctamente|saveHandsetSC
20:11:21 - BD|OK|H=3730|PTN=522225970735|Guardando en dat_estatuspayment|saveHandsetSC
20:11:21 - BD|OK|H=3730|PTN=522225970735|Guardado en dat_estatuspayment correctamente|saveHandsetSC
20:11:21 - BD|H=522225970735|ID=3730|Equipo guardado correctamente en BD|notifySmsReception
20:11:21 - OP|H=|Client=201.175.130.92-------------------------------------------------------|notifySCReception
20:11:21 - 02/07/2015 20:11:21: |Correlator: 425276_ | message: mensaje de iAlarm | senderAddress: 522225970735 | smsServiceActivationNumber: 425276
20:11:21 - BD|H=522225970735|El equipo ya existe en BD|notifySmsReception
20:11:21 - BD|H=522225970735|Contrato por evento|Procesando cobro|notifySmsReception
21:43:50 - OP|H=|Client=201.175.130.92-------------------------------------------------------|notifySCReception
21:43:50 - 02/07/2015 21:43:50: |Correlator: 425276_ | message: mensaje de iAlarm | senderAddress: 525544188690 | smsServiceActivationNumber: 425276
21:43:50 - BD|H=525544188690|El equipo no existe en BD|notifySmsReception
21:43:50 - BD|H=525544188690|Guardando equipo en BD en BD|notifySmsReception
21:43:50 - BD|OK|PTN=525544188690|Guardando equipo en base de datos|saveHandsetSC
21:43:50 - BD|OK|H=3731|PTN=525544188690|Equipo guardado correctamente|saveHandsetSC
21:43:50 - BD|OK|H=3731|PTN=525544188690|Guardando en dat_estatuspayment|saveHandsetSC
21:43:50 - BD|OK|H=3731|PTN=525544188690|Guardado en dat_estatuspayment correctamente|saveHandsetSC
21:43:50 - BD|H=525544188690|ID=3731|Equipo guardado correctamente en BD|notifySmsReception
21:43:50 - OP|H=|Client=201.175.130.92-------------------------------------------------------|notifySCReception
21:43:50 - 02/07/2015 21:43:50: |Correlator: 425276_ | message: mensaje de iAlarm | senderAddress: 525544188690 | smsServiceActivationNumber: 425276
21:43:50 - BD|H=525544188690|El equipo ya existe en BD|notifySmsReception
21:43:50 - BD|H=525544188690|Contrato por evento|Procesando cobro|notifySmsReception
22:58:06 - OP|H=|Client=201.175.130.92-------------------------------------------------------|notifySCReception
22:58:06 - 02/07/2015 22:58:06: |Correlator: 425276_ | message: mensaje de iAlarm | senderAddress: 524744351509 | smsServiceActivationNumber: 425276
22:58:06 - BD|H=524744351509|El equipo ya existe en BD|notifySmsReception
22:58:06 - BD|H=524744351509|Contrato por evento|Procesando cobro|notifySmsReception
22:58:06 - OP|H=|Client=201.175.130.92-------------------------------------------------------|notifySCReception
22:58:06 - 02/07/2015 22:58:06: |Correlator: 425276_ | message: mensaje de iAlarm | senderAddress: 524744351509 | smsServiceActivationNumber: 425276
22:58:06 - BD|H=524744351509|El equipo ya existe en BD|notifySmsReception
22:58:06 - BD|H=524744351509|Contrato por evento|Procesando cobro|notifySmsReception
23:00:13 - OP|H=|Client=201.175.130.92-------------------------------------------------------|notifySCReception
23:00:13 - 02/07/2015 23:00:13: |Correlator: 425276_ | message: mensaje de iAlarm | senderAddress: 523315832516 | smsServiceActivationNumber: 425276
23:00:13 - BD|H=523315832516|El equipo no existe en BD|notifySmsReception
23:00:13 - BD|H=523315832516|Guardando equipo en BD en BD|notifySmsReception
23:00:13 - BD|OK|PTN=523315832516|Guardando equipo en base de datos|saveHandsetSC
23:00:13 - BD|OK|H=3732|PTN=523315832516|Equipo guardado correctamente|saveHandsetSC
23:00:13 - BD|OK|H=3732|PTN=523315832516|Guardando en dat_estatuspayment|saveHandsetSC
23:00:13 - BD|OK|H=3732|PTN=523315832516|Guardado en dat_estatuspayment correctamente|saveHandsetSC
23:00:13 - BD|H=523315832516|ID=3732|Equipo guardado correctamente en BD|notifySmsReception
23:00:13 - OP|H=|Client=201.175.130.92-------------------------------------------------------|notifySCReception
23:00:13 - 02/07/2015 23:00:13: |Correlator: 425276_ | message: mensaje de iAlarm | senderAddress: 523315832516 | smsServiceActivationNumber: 425276
23:00:13 - BD|H=523315832516|El equipo ya existe en BD|notifySmsReception
23:00:13 - BD|H=523315832516|Contrato por evento|Procesando cobro|notifySmsReception
