00:29:36 - OP|H=|Client=201.175.130.92-------------------------------------------------------|notifySCReception
00:29:36 - 24/07/2015 00:29:36: |Correlator: 425276_ | message: mensaje de iAlarm | senderAddress: 525544053711 | smsServiceActivationNumber: 425276
00:29:36 - BD|H=525544053711|El equipo ya existe en BD|notifySmsReception
00:29:36 - BD|H=525544053711|Contrato por evento|Procesando cobro|notifySmsReception
00:29:37 - OP|H=|Client=201.175.130.92-------------------------------------------------------|notifySCReception
00:29:37 - 24/07/2015 00:29:37: |Correlator: 425276_ | message: mensaje de iAlarm | senderAddress: 525544053711 | smsServiceActivationNumber: 425276
00:29:37 - BD|H=525544053711|El equipo ya existe en BD|notifySmsReception
00:29:37 - BD|H=525544053711|Contrato por evento|Procesando cobro|notifySmsReception
06:35:54 - OP|H=|Client=201.175.130.92-------------------------------------------------------|notifySCReception
06:35:54 - 24/07/2015 06:35:54: |Correlator: 425276_ | message: mensaje de iAlarm | senderAddress: 527731590265 | smsServiceActivationNumber: 425276
06:35:54 - BD|H=527731590265|El equipo ya existe en BD|notifySmsReception
06:35:54 - BD|H=527731590265|Contrato por evento|Procesando cobro|notifySmsReception
06:35:54 - OP|H=|Client=201.175.130.92-------------------------------------------------------|notifySCReception
06:35:54 - 24/07/2015 06:35:54: |Correlator: 425276_ | message: mensaje de iAlarm | senderAddress: 527731590265 | smsServiceActivationNumber: 425276
06:35:54 - BD|H=527731590265|El equipo ya existe en BD|notifySmsReception
06:35:54 - BD|H=527731590265|Contrato por evento|Procesando cobro|notifySmsReception
07:35:53 - OP|H=|Client=201.175.130.92-------------------------------------------------------|notifySCReception
07:35:53 - 24/07/2015 07:35:53: |Correlator: 425276_ | message: mensaje de iAlarm | senderAddress: 528441810533 | smsServiceActivationNumber: 425276
07:35:53 - BD|H=528441810533|El equipo no existe en BD|notifySmsReception
07:35:53 - BD|H=528441810533|Guardando equipo en BD en BD|notifySmsReception
07:35:53 - BD|OK|PTN=528441810533|Guardando equipo en base de datos|saveHandsetSC
07:35:53 - BD|OK|H=4097|PTN=528441810533|Equipo guardado correctamente|saveHandsetSC
07:35:53 - BD|OK|H=4097|PTN=528441810533|Guardando en dat_estatuspayment|saveHandsetSC
07:35:53 - BD|OK|H=4097|PTN=528441810533|Guardado en dat_estatuspayment correctamente|saveHandsetSC
07:35:53 - BD|H=528441810533|ID=4097|Equipo guardado correctamente en BD|notifySmsReception
07:35:53 - OP|H=|Client=201.175.130.92-------------------------------------------------------|notifySCReception
07:35:53 - 24/07/2015 07:35:53: |Correlator: 425276_ | message: mensaje de iAlarm | senderAddress: 528441810533 | smsServiceActivationNumber: 425276
07:35:53 - BD|H=528441810533|El equipo ya existe en BD|notifySmsReception
07:35:53 - BD|H=528441810533|Contrato por evento|Procesando cobro|notifySmsReception
08:13:00 - OP|H=|Client=201.175.130.92-------------------------------------------------------|notifySCReception
08:13:00 - 24/07/2015 08:13:00: |Correlator: 425276_ | message: mensaje de iAlarm | senderAddress: 527224380174 | smsServiceActivationNumber: 425276
08:13:00 - BD|H=527224380174|El equipo ya existe en BD|notifySmsReception
08:13:00 - BD|H=527224380174|Contrato por evento|Procesando cobro|notifySmsReception
08:13:01 - OP|H=|Client=201.175.130.92-------------------------------------------------------|notifySCReception
08:13:01 - 24/07/2015 08:13:01: |Correlator: 425276_ | message: mensaje de iAlarm | senderAddress: 527224380174 | smsServiceActivationNumber: 425276
08:13:01 - BD|H=527224380174|El equipo ya existe en BD|notifySmsReception
08:13:01 - BD|H=527224380174|Contrato por evento|Procesando cobro|notifySmsReception
08:18:19 - OP|H=|Client=201.175.130.92-------------------------------------------------------|notifySCReception
08:18:19 - 24/07/2015 08:18:19: |Correlator: 425276_ | message: mensaje de iAlarm | senderAddress: 523141205521 | smsServiceActivationNumber: 425276
08:18:19 - BD|H=523141205521|El equipo ya existe en BD|notifySmsReception
08:18:19 - BD|H=523141205521|Contrato por evento|Procesando cobro|notifySmsReception
08:18:19 - OP|H=|Client=201.175.130.92-------------------------------------------------------|notifySCReception
08:18:19 - 24/07/2015 08:18:19: |Correlator: 425276_ | message: mensaje de iAlarm | senderAddress: 523141205521 | smsServiceActivationNumber: 425276
08:18:19 - BD|H=523141205521|El equipo ya existe en BD|notifySmsReception
08:18:19 - BD|H=523141205521|Contrato por evento|Procesando cobro|notifySmsReception
08:31:47 - OP|H=|Client=201.175.130.92-------------------------------------------------------|notifySCReception
08:31:47 - 24/07/2015 08:31:47: |Correlator: 425276_ | message: mensaje de iAlarm | senderAddress: 525535390762 | smsServiceActivationNumber: 425276
08:31:47 - BD|H=525535390762|El equipo ya existe en BD|notifySmsReception
08:31:47 - BD|H=525535390762|Contrato por evento|Procesando cobro|notifySmsReception
08:31:47 - OP|H=|Client=201.175.130.92-------------------------------------------------------|notifySCReception
08:31:47 - 24/07/2015 08:31:47: |Correlator: 425276_ | message: mensaje de iAlarm | senderAddress: 525535390762 | smsServiceActivationNumber: 425276
08:31:47 - BD|H=525535390762|El equipo ya existe en BD|notifySmsReception
08:31:47 - BD|H=525535390762|Contrato por evento|Procesando cobro|notifySmsReception
08:36:50 - OP|H=|Client=201.175.130.92-------------------------------------------------------|notifySCReception
08:36:50 - 24/07/2015 08:36:50: |Correlator: 425276_ | message: mensaje de iAlarm | senderAddress: 525569595068 | smsServiceActivationNumber: 425276
08:36:50 - BD|H=525569595068|El equipo no existe en BD|notifySmsReception
08:36:50 - BD|H=525569595068|Guardando equipo en BD en BD|notifySmsReception
08:36:50 - BD|OK|PTN=525569595068|Guardando equipo en base de datos|saveHandsetSC
08:36:50 - BD|OK|H=4098|PTN=525569595068|Equipo guardado correctamente|saveHandsetSC
08:36:50 - BD|OK|H=4098|PTN=525569595068|Guardando en dat_estatuspayment|saveHandsetSC
08:36:50 - BD|OK|H=4098|PTN=525569595068|Guardado en dat_estatuspayment correctamente|saveHandsetSC
08:36:50 - BD|H=525569595068|ID=4098|Equipo guardado correctamente en BD|notifySmsReception
08:36:50 - OP|H=|Client=201.175.130.92-------------------------------------------------------|notifySCReception
08:36:50 - 24/07/2015 08:36:50: |Correlator: 425276_ | message: mensaje de iAlarm | senderAddress: 525569595068 | smsServiceActivationNumber: 425276
08:36:50 - BD|H=525569595068|El equipo ya existe en BD|notifySmsReception
08:36:50 - BD|H=525569595068|Contrato por evento|Procesando cobro|notifySmsReception
08:50:27 - OP|H=|Client=201.175.130.92-------------------------------------------------------|notifySCReception
08:50:27 - 24/07/2015 08:50:27: |Correlator: 425276_ | message: mensaje de iAlarm | senderAddress: 528712492060 | smsServiceActivationNumber: 425276
08:50:27 - BD|H=528712492060|El equipo ya existe en BD|notifySmsReception
08:50:27 - BD|H=528712492060|Contrato por evento|Procesando cobro|notifySmsReception
08:50:29 - OP|H=|Client=201.175.130.92-------------------------------------------------------|notifySCReception
08:50:29 - 24/07/2015 08:50:29: |Correlator: 425276_ | message: mensaje de iAlarm | senderAddress: 528712492060 | smsServiceActivationNumber: 425276
08:50:29 - BD|H=528712492060|El equipo ya existe en BD|notifySmsReception
08:50:29 - BD|H=528712492060|Contrato por evento|Procesando cobro|notifySmsReception
08:50:31 - OP|H=|Client=201.175.130.92-------------------------------------------------------|notifySCReception
08:50:31 - 24/07/2015 08:50:31: |Correlator: 425276_ | message: mensaje de iAlarm | senderAddress: 525570561223 | smsServiceActivationNumber: 425276
08:50:31 - BD|H=525570561223|El equipo no existe en BD|notifySmsReception
08:50:31 - BD|H=525570561223|Guardando equipo en BD en BD|notifySmsReception
08:50:31 - BD|OK|PTN=525570561223|Guardando equipo en base de datos|saveHandsetSC
08:50:31 - BD|OK|H=4099|PTN=525570561223|Equipo guardado correctamente|saveHandsetSC
08:50:31 - BD|OK|H=4099|PTN=525570561223|Guardando en dat_estatuspayment|saveHandsetSC
08:50:31 - BD|OK|H=4099|PTN=525570561223|Guardado en dat_estatuspayment correctamente|saveHandsetSC
08:50:31 - BD|H=525570561223|ID=4099|Equipo guardado correctamente en BD|notifySmsReception
08:50:33 - OP|H=|Client=201.175.130.92-------------------------------------------------------|notifySCReception
08:50:33 - 24/07/2015 08:50:33: |Correlator: 425276_ | message: mensaje de iAlarm | senderAddress: 525570561223 | smsServiceActivationNumber: 425276
08:50:33 - BD|H=525570561223|El equipo ya existe en BD|notifySmsReception
08:50:33 - BD|H=525570561223|Contrato por evento|Procesando cobro|notifySmsReception
09:04:26 - OP|H=|Client=201.175.130.92-------------------------------------------------------|notifySCReception
09:04:26 - 24/07/2015 09:04:26: |Correlator: 425276_ | message: mensaje de iAlarm | senderAddress: 524494417462 | smsServiceActivationNumber: 425276
09:04:26 - BD|H=524494417462|El equipo ya existe en BD|notifySmsReception
09:04:26 - BD|H=524494417462|Contrato por evento|Procesando cobro|notifySmsReception
09:04:27 - OP|H=|Client=201.175.130.92-------------------------------------------------------|notifySCReception
09:04:27 - 24/07/2015 09:04:27: |Correlator: 425276_ | message: mensaje de iAlarm | senderAddress: 524494417462 | smsServiceActivationNumber: 425276
09:04:27 - BD|H=524494417462|El equipo ya existe en BD|notifySmsReception
09:04:27 - BD|H=524494417462|Contrato por evento|Procesando cobro|notifySmsReception
09:10:37 - OP|H=|Client=201.175.130.92-------------------------------------------------------|notifySCReception
09:10:37 - 24/07/2015 09:10:37: |Correlator: 425276_ | message: mensaje de iAlarm | senderAddress: 525550084293 | smsServiceActivationNumber: 425276
09:10:37 - BD|H=525550084293|El equipo no existe en BD|notifySmsReception
09:10:37 - BD|H=525550084293|Guardando equipo en BD en BD|notifySmsReception
09:10:37 - BD|OK|PTN=525550084293|Guardando equipo en base de datos|saveHandsetSC
09:10:37 - BD|OK|H=4100|PTN=525550084293|Equipo guardado correctamente|saveHandsetSC
09:10:37 - BD|OK|H=4100|PTN=525550084293|Guardando en dat_estatuspayment|saveHandsetSC
09:10:37 - BD|OK|H=4100|PTN=525550084293|Guardado en dat_estatuspayment correctamente|saveHandsetSC
09:10:37 - BD|H=525550084293|ID=4100|Equipo guardado correctamente en BD|notifySmsReception
09:10:38 - OP|H=|Client=201.175.130.92-------------------------------------------------------|notifySCReception
09:10:38 - 24/07/2015 09:10:38: |Correlator: 425276_ | message: mensaje de iAlarm | senderAddress: 525550084293 | smsServiceActivationNumber: 425276
09:10:38 - BD|H=525550084293|El equipo ya existe en BD|notifySmsReception
09:10:38 - BD|H=525550084293|Contrato por evento|Procesando cobro|notifySmsReception
09:43:09 - OP|H=|Client=201.175.130.92-------------------------------------------------------|notifySCReception
09:43:09 - 24/07/2015 09:43:09: |Correlator: 425276_ | message: mensaje de iAlarm | senderAddress: 525521235716 | smsServiceActivationNumber: 425276
09:43:09 - BD|H=525521235716|El equipo ya existe en BD|notifySmsReception
09:43:09 - BD|H=525521235716|Contrato por evento|Procesando cobro|notifySmsReception
09:43:10 - OP|H=|Client=201.175.130.92-------------------------------------------------------|notifySCReception
09:43:10 - 24/07/2015 09:43:10: |Correlator: 425276_ | message: mensaje de iAlarm | senderAddress: 525521235716 | smsServiceActivationNumber: 425276
09:43:10 - BD|H=525521235716|El equipo ya existe en BD|notifySmsReception
09:43:10 - BD|H=525521235716|Contrato por evento|Procesando cobro|notifySmsReception
10:06:06 - OP|H=|Client=201.175.130.92-------------------------------------------------------|notifySCReception
10:06:06 - 24/07/2015 10:06:06: |Correlator: 425276_ | message: mensaje de iAlarm | senderAddress: 522711560411 | smsServiceActivationNumber: 425276
10:06:06 - BD|H=522711560411|El equipo no existe en BD|notifySmsReception
10:06:06 - BD|H=522711560411|Guardando equipo en BD en BD|notifySmsReception
10:06:06 - BD|OK|PTN=522711560411|Guardando equipo en base de datos|saveHandsetSC
10:06:06 - BD|OK|H=4101|PTN=522711560411|Equipo guardado correctamente|saveHandsetSC
10:06:06 - BD|OK|H=4101|PTN=522711560411|Guardando en dat_estatuspayment|saveHandsetSC
10:06:06 - BD|OK|H=4101|PTN=522711560411|Guardado en dat_estatuspayment correctamente|saveHandsetSC
10:06:06 - BD|H=522711560411|ID=4101|Equipo guardado correctamente en BD|notifySmsReception
10:06:08 - OP|H=|Client=201.175.130.92-------------------------------------------------------|notifySCReception
10:06:08 - 24/07/2015 10:06:08: |Correlator: 425276_ | message: mensaje de iAlarm | senderAddress: 522711560411 | smsServiceActivationNumber: 425276
10:06:08 - BD|H=522711560411|El equipo ya existe en BD|notifySmsReception
10:06:08 - BD|H=522711560411|Contrato por evento|Procesando cobro|notifySmsReception
10:09:38 - OP|H=|Client=201.175.130.92-------------------------------------------------------|notifySCReception
10:09:38 - 24/07/2015 10:09:38: |Correlator: 425276_ | message: mensaje de iAlarm | senderAddress: 525569150240 | smsServiceActivationNumber: 425276
10:09:38 - BD|H=525569150240|El equipo no existe en BD|notifySmsReception
10:09:38 - BD|H=525569150240|Guardando equipo en BD en BD|notifySmsReception
10:09:38 - BD|OK|PTN=525569150240|Guardando equipo en base de datos|saveHandsetSC
10:09:38 - BD|OK|H=4102|PTN=525569150240|Equipo guardado correctamente|saveHandsetSC
10:09:38 - BD|OK|H=4102|PTN=525569150240|Guardando en dat_estatuspayment|saveHandsetSC
10:09:38 - BD|OK|H=4102|PTN=525569150240|Guardado en dat_estatuspayment correctamente|saveHandsetSC
10:09:38 - BD|H=525569150240|ID=4102|Equipo guardado correctamente en BD|notifySmsReception
10:09:40 - OP|H=|Client=201.175.130.92-------------------------------------------------------|notifySCReception
10:09:40 - 24/07/2015 10:09:40: |Correlator: 425276_ | message: mensaje de iAlarm | senderAddress: 525569150240 | smsServiceActivationNumber: 425276
10:09:40 - BD|H=525569150240|El equipo ya existe en BD|notifySmsReception
10:09:40 - BD|H=525569150240|Contrato por evento|Procesando cobro|notifySmsReception
10:41:10 - OP|H=|Client=201.175.130.92-------------------------------------------------------|notifySCReception
10:41:10 - 24/07/2015 10:41:10: |Correlator: 425276_ | message: mensaje de iAlarm | senderAddress: 523316144110 | smsServiceActivationNumber: 425276
10:41:10 - BD|H=523316144110|El equipo ya existe en BD|notifySmsReception
10:41:10 - BD|H=523316144110|Contrato por evento|Procesando cobro|notifySmsReception
10:41:12 - OP|H=|Client=201.175.130.92-------------------------------------------------------|notifySCReception
10:41:12 - 24/07/2015 10:41:12: |Correlator: 425276_ | message: mensaje de iAlarm | senderAddress: 523316144110 | smsServiceActivationNumber: 425276
10:41:12 - BD|H=523316144110|El equipo ya existe en BD|notifySmsReception
10:41:12 - BD|H=523316144110|Contrato por evento|Procesando cobro|notifySmsReception
11:13:04 - OP|H=|Client=201.175.130.92-------------------------------------------------------|notifySCReception
11:13:04 - 24/07/2015 11:13:04: |Correlator: 425276_ | message: mensaje de iAlarm | senderAddress: 523121474338 | smsServiceActivationNumber: 425276
11:13:04 - BD|H=523121474338|El equipo no existe en BD|notifySmsReception
11:13:04 - BD|H=523121474338|Guardando equipo en BD en BD|notifySmsReception
11:13:04 - BD|OK|PTN=523121474338|Guardando equipo en base de datos|saveHandsetSC
11:13:04 - BD|OK|H=4103|PTN=523121474338|Equipo guardado correctamente|saveHandsetSC
11:13:04 - BD|OK|H=4103|PTN=523121474338|Guardando en dat_estatuspayment|saveHandsetSC
11:13:04 - BD|OK|H=4103|PTN=523121474338|Guardado en dat_estatuspayment correctamente|saveHandsetSC
11:13:04 - BD|H=523121474338|ID=4103|Equipo guardado correctamente en BD|notifySmsReception
11:13:06 - OP|H=|Client=201.175.130.92-------------------------------------------------------|notifySCReception
11:13:06 - 24/07/2015 11:13:06: |Correlator: 425276_ | message: mensaje de iAlarm | senderAddress: 523121474338 | smsServiceActivationNumber: 425276
11:13:06 - BD|H=523121474338|El equipo ya existe en BD|notifySmsReception
11:13:06 - BD|H=523121474338|Contrato por evento|Procesando cobro|notifySmsReception
11:17:55 - OP|H=|Client=201.175.130.92-------------------------------------------------------|notifySCReception
11:17:55 - 24/07/2015 11:17:55: |Correlator: 425276_ | message: mensaje de iAlarm | senderAddress: 525563593035 | smsServiceActivationNumber: 425276
11:17:55 - BD|H=525563593035|El equipo ya existe en BD|notifySmsReception
11:17:55 - BD|H=525563593035|Contrato por evento|Procesando cobro|notifySmsReception
11:17:57 - OP|H=|Client=201.175.130.92-------------------------------------------------------|notifySCReception
11:17:57 - 24/07/2015 11:17:57: |Correlator: 425276_ | message: mensaje de iAlarm | senderAddress: 525563593035 | smsServiceActivationNumber: 425276
11:17:57 - BD|H=525563593035|El equipo ya existe en BD|notifySmsReception
11:17:57 - BD|H=525563593035|Contrato por evento|Procesando cobro|notifySmsReception
11:57:53 - OP|H=|Client=201.175.130.92-------------------------------------------------------|notifySCReception
11:57:53 - 24/07/2015 11:57:53: |Correlator: 425276_ | message: mensaje de iAlarm | senderAddress: 528441623219 | smsServiceActivationNumber: 425276
11:57:53 - BD|H=528441623219|El equipo ya existe en BD|notifySmsReception
11:57:53 - BD|H=528441623219|Contrato por evento|Procesando cobro|notifySmsReception
11:57:55 - OP|H=|Client=201.175.130.92-------------------------------------------------------|notifySCReception
11:57:55 - 24/07/2015 11:57:55: |Correlator: 425276_ | message: mensaje de iAlarm | senderAddress: 528441623219 | smsServiceActivationNumber: 425276
11:57:55 - BD|H=528441623219|El equipo ya existe en BD|notifySmsReception
11:57:55 - BD|H=528441623219|Contrato por evento|Procesando cobro|notifySmsReception
12:12:27 - OP|H=|Client=201.175.130.92-------------------------------------------------------|notifySCReception
12:12:27 - 24/07/2015 12:12:27: |Correlator: 425276_ | message: mensaje de iAlarm | senderAddress: 525544180610 | smsServiceActivationNumber: 425276
12:12:27 - BD|H=525544180610|El equipo no existe en BD|notifySmsReception
12:12:27 - BD|H=525544180610|Guardando equipo en BD en BD|notifySmsReception
12:12:27 - BD|OK|PTN=525544180610|Guardando equipo en base de datos|saveHandsetSC
12:12:27 - BD|OK|H=4104|PTN=525544180610|Equipo guardado correctamente|saveHandsetSC
12:12:27 - BD|OK|H=4104|PTN=525544180610|Guardando en dat_estatuspayment|saveHandsetSC
12:12:27 - BD|OK|H=4104|PTN=525544180610|Guardado en dat_estatuspayment correctamente|saveHandsetSC
12:12:27 - BD|H=525544180610|ID=4104|Equipo guardado correctamente en BD|notifySmsReception
12:12:27 - OP|H=|Client=201.175.130.92-------------------------------------------------------|notifySCReception
12:12:27 - 24/07/2015 12:12:27: |Correlator: 425276_ | message: mensaje de iAlarm | senderAddress: 525544180610 | smsServiceActivationNumber: 425276
12:12:27 - BD|H=525544180610|El equipo ya existe en BD|notifySmsReception
12:12:27 - BD|H=525544180610|Contrato por evento|Procesando cobro|notifySmsReception
13:08:04 - OP|H=|Client=201.175.130.92-------------------------------------------------------|notifySCReception
13:08:04 - 24/07/2015 13:08:04: |Correlator: 425276_ | message: mensaje de iAlarm | senderAddress: 525543293407 | smsServiceActivationNumber: 425276
13:08:04 - BD|H=525543293407|El equipo ya existe en BD|notifySmsReception
13:08:04 - BD|H=525543293407|Contrato por evento|Procesando cobro|notifySmsReception
13:08:04 - OP|H=|Client=201.175.130.92-------------------------------------------------------|notifySCReception
13:08:04 - 24/07/2015 13:08:04: |Correlator: 425276_ | message: mensaje de iAlarm | senderAddress: 525543293407 | smsServiceActivationNumber: 425276
13:08:04 - BD|H=525543293407|El equipo ya existe en BD|notifySmsReception
13:08:04 - BD|H=525543293407|Contrato por evento|Procesando cobro|notifySmsReception
13:23:07 - OP|H=|Client=201.175.130.92-------------------------------------------------------|notifySCReception
13:23:07 - 24/07/2015 13:23:07: |Correlator: 425276_ | message: mensaje de iAlarm | senderAddress: 525544136756 | smsServiceActivationNumber: 425276
13:23:07 - BD|H=525544136756|El equipo no existe en BD|notifySmsReception
13:23:07 - BD|H=525544136756|Guardando equipo en BD en BD|notifySmsReception
13:23:07 - BD|OK|PTN=525544136756|Guardando equipo en base de datos|saveHandsetSC
13:23:07 - BD|OK|H=4105|PTN=525544136756|Equipo guardado correctamente|saveHandsetSC
13:23:07 - BD|OK|H=4105|PTN=525544136756|Guardando en dat_estatuspayment|saveHandsetSC
13:23:07 - BD|OK|H=4105|PTN=525544136756|Guardado en dat_estatuspayment correctamente|saveHandsetSC
13:23:07 - BD|H=525544136756|ID=4105|Equipo guardado correctamente en BD|notifySmsReception
13:23:07 - OP|H=|Client=201.175.130.92-------------------------------------------------------|notifySCReception
13:23:07 - 24/07/2015 13:23:07: |Correlator: 425276_ | message: mensaje de iAlarm | senderAddress: 525544136756 | smsServiceActivationNumber: 425276
13:23:07 - BD|H=525544136756|El equipo ya existe en BD|notifySmsReception
13:23:07 - BD|H=525544136756|Contrato por evento|Procesando cobro|notifySmsReception
13:46:49 - OP|H=|Client=201.175.130.92-------------------------------------------------------|notifySCReception
13:46:49 - 24/07/2015 13:46:49: |Correlator: 425276_ | message: mensaje de iAlarm | senderAddress: 524432492272 | smsServiceActivationNumber: 425276
13:46:49 - BD|H=524432492272|El equipo no existe en BD|notifySmsReception
13:46:49 - BD|H=524432492272|Guardando equipo en BD en BD|notifySmsReception
13:46:49 - BD|OK|PTN=524432492272|Guardando equipo en base de datos|saveHandsetSC
13:46:49 - BD|OK|H=4106|PTN=524432492272|Equipo guardado correctamente|saveHandsetSC
13:46:49 - BD|OK|H=4106|PTN=524432492272|Guardando en dat_estatuspayment|saveHandsetSC
13:46:49 - BD|OK|H=4106|PTN=524432492272|Guardado en dat_estatuspayment correctamente|saveHandsetSC
13:46:49 - BD|H=524432492272|ID=4106|Equipo guardado correctamente en BD|notifySmsReception
13:46:49 - OP|H=|Client=201.175.130.92-------------------------------------------------------|notifySCReception
13:46:49 - 24/07/2015 13:46:49: |Correlator: 425276_ | message: mensaje de iAlarm | senderAddress: 524432492272 | smsServiceActivationNumber: 425276
13:46:49 - BD|H=524432492272|El equipo ya existe en BD|notifySmsReception
13:46:49 - BD|H=524432492272|Contrato por evento|Procesando cobro|notifySmsReception
14:19:11 - OP|H=|Client=201.175.130.92-------------------------------------------------------|notifySCReception
14:19:11 - 24/07/2015 14:19:11: |Correlator: 425276_ | message: mensaje de iAlarm | senderAddress: 527225912235 | smsServiceActivationNumber: 425276
14:19:11 - BD|H=527225912235|El equipo no existe en BD|notifySmsReception
14:19:11 - BD|H=527225912235|Guardando equipo en BD en BD|notifySmsReception
14:19:11 - BD|OK|PTN=527225912235|Guardando equipo en base de datos|saveHandsetSC
14:19:11 - BD|OK|H=4107|PTN=527225912235|Equipo guardado correctamente|saveHandsetSC
14:19:11 - BD|OK|H=4107|PTN=527225912235|Guardando en dat_estatuspayment|saveHandsetSC
14:19:11 - BD|OK|H=4107|PTN=527225912235|Guardado en dat_estatuspayment correctamente|saveHandsetSC
14:19:11 - BD|H=527225912235|ID=4107|Equipo guardado correctamente en BD|notifySmsReception
14:19:11 - OP|H=|Client=201.175.130.92-------------------------------------------------------|notifySCReception
14:19:11 - 24/07/2015 14:19:11: |Correlator: 425276_ | message: mensaje de iAlarm | senderAddress: 527225912235 | smsServiceActivationNumber: 425276
14:19:11 - BD|H=527225912235|El equipo ya existe en BD|notifySmsReception
14:19:11 - BD|H=527225912235|Contrato por evento|Procesando cobro|notifySmsReception
14:23:01 - OP|H=|Client=201.175.130.92-------------------------------------------------------|notifySCReception
14:23:01 - 24/07/2015 14:23:01: |Correlator: 425276_ | message: mensaje de iAlarm | senderAddress: 527223791055 | smsServiceActivationNumber: 425276
14:23:01 - BD|H=527223791055|El equipo ya existe en BD|notifySmsReception
14:23:01 - BD|H=527223791055|Contrato por evento|Procesando cobro|notifySmsReception
14:23:01 - OP|H=|Client=201.175.130.92-------------------------------------------------------|notifySCReception
14:23:01 - 24/07/2015 14:23:01: |Correlator: 425276_ | message: mensaje de iAlarm | senderAddress: 527223791055 | smsServiceActivationNumber: 425276
14:23:01 - BD|H=527223791055|El equipo ya existe en BD|notifySmsReception
14:23:01 - BD|H=527223791055|Contrato por evento|Procesando cobro|notifySmsReception
14:33:08 - OP|H=|Client=201.175.130.92-------------------------------------------------------|notifySCReception
14:33:08 - 24/07/2015 14:33:08: |Correlator: 425276_ | message: mensaje de iAlarm | senderAddress: 528180311386 | smsServiceActivationNumber: 425276
14:33:08 - BD|H=528180311386|El equipo ya existe en BD|notifySmsReception
14:33:08 - BD|H=528180311386|Contrato por evento|Procesando cobro|notifySmsReception
14:33:08 - OP|H=|Client=201.175.130.92-------------------------------------------------------|notifySCReception
14:33:08 - 24/07/2015 14:33:08: |Correlator: 425276_ | message: mensaje de iAlarm | senderAddress: 528180311386 | smsServiceActivationNumber: 425276
14:33:08 - BD|H=528180311386|El equipo ya existe en BD|notifySmsReception
14:33:08 - BD|H=528180311386|Contrato por evento|Procesando cobro|notifySmsReception
14:53:06 - OP|H=|Client=201.175.130.92-------------------------------------------------------|notifySCReception
14:53:06 - 24/07/2015 14:53:06: |Correlator: 425276_ | message: mensaje de iAlarm | senderAddress: 526462165450 | smsServiceActivationNumber: 425276
14:53:06 - BD|H=526462165450|El equipo ya existe en BD|notifySmsReception
14:53:06 - BD|H=526462165450|Contrato por evento|Procesando cobro|notifySmsReception
14:53:06 - OP|H=|Client=201.175.130.92-------------------------------------------------------|notifySCReception
14:53:06 - 24/07/2015 14:53:06: |Correlator: 425276_ | message: mensaje de iAlarm | senderAddress: 526462165450 | smsServiceActivationNumber: 425276
14:53:06 - BD|H=526462165450|El equipo ya existe en BD|notifySmsReception
14:53:06 - BD|H=526462165450|Contrato por evento|Procesando cobro|notifySmsReception
15:14:38 - OP|H=|Client=201.175.130.92-------------------------------------------------------|notifySCReception
15:14:38 - 24/07/2015 15:14:38: |Correlator: 425276_ | message: mensaje de iAlarm | senderAddress: 525546007109 | smsServiceActivationNumber: 425276
15:14:38 - BD|H=525546007109|El equipo ya existe en BD|notifySmsReception
15:14:38 - BD|H=525546007109|Contrato por evento|Procesando cobro|notifySmsReception
15:14:38 - OP|H=|Client=201.175.130.92-------------------------------------------------------|notifySCReception
15:14:38 - 24/07/2015 15:14:38: |Correlator: 425276_ | message: mensaje de iAlarm | senderAddress: 525546007109 | smsServiceActivationNumber: 425276
15:14:38 - BD|H=525546007109|El equipo ya existe en BD|notifySmsReception
15:14:38 - BD|H=525546007109|Contrato por evento|Procesando cobro|notifySmsReception
15:25:23 - OP|H=|Client=201.175.130.92-------------------------------------------------------|notifySCReception
15:25:23 - 24/07/2015 15:25:23: |Correlator: 425276_ | message: mensaje de iAlarm | senderAddress: 525569226368 | smsServiceActivationNumber: 425276
15:25:23 - BD|H=525569226368|El equipo no existe en BD|notifySmsReception
15:25:23 - BD|H=525569226368|Guardando equipo en BD en BD|notifySmsReception
15:25:23 - BD|OK|PTN=525569226368|Guardando equipo en base de datos|saveHandsetSC
15:25:23 - BD|OK|H=4108|PTN=525569226368|Equipo guardado correctamente|saveHandsetSC
15:25:23 - BD|OK|H=4108|PTN=525569226368|Guardando en dat_estatuspayment|saveHandsetSC
15:25:23 - BD|OK|H=4108|PTN=525569226368|Guardado en dat_estatuspayment correctamente|saveHandsetSC
15:25:23 - BD|H=525569226368|ID=4108|Equipo guardado correctamente en BD|notifySmsReception
15:25:23 - OP|H=|Client=201.175.130.92-------------------------------------------------------|notifySCReception
15:25:23 - 24/07/2015 15:25:23: |Correlator: 425276_ | message: mensaje de iAlarm | senderAddress: 525569226368 | smsServiceActivationNumber: 425276
15:25:23 - BD|H=525569226368|El equipo ya existe en BD|notifySmsReception
15:25:23 - BD|H=525569226368|Contrato por evento|Procesando cobro|notifySmsReception
15:26:18 - OP|H=|Client=201.175.130.92-------------------------------------------------------|notifySCReception
15:26:18 - 24/07/2015 15:26:18: |Correlator: 425276_ | message: mensaje de iAlarm | senderAddress: 528117601353 | smsServiceActivationNumber: 425276
15:26:18 - BD|H=528117601353|El equipo no existe en BD|notifySmsReception
15:26:18 - BD|H=528117601353|Guardando equipo en BD en BD|notifySmsReception
15:26:18 - BD|OK|PTN=528117601353|Guardando equipo en base de datos|saveHandsetSC
15:26:18 - BD|OK|H=4109|PTN=528117601353|Equipo guardado correctamente|saveHandsetSC
15:26:18 - BD|OK|H=4109|PTN=528117601353|Guardando en dat_estatuspayment|saveHandsetSC
15:26:18 - BD|OK|H=4109|PTN=528117601353|Guardado en dat_estatuspayment correctamente|saveHandsetSC
15:26:18 - BD|H=528117601353|ID=4109|Equipo guardado correctamente en BD|notifySmsReception
15:26:18 - OP|H=|Client=201.175.130.92-------------------------------------------------------|notifySCReception
15:26:18 - 24/07/2015 15:26:18: |Correlator: 425276_ | message: mensaje de iAlarm | senderAddress: 528117601353 | smsServiceActivationNumber: 425276
15:26:18 - BD|H=528117601353|El equipo ya existe en BD|notifySmsReception
15:26:18 - BD|H=528117601353|Contrato por evento|Procesando cobro|notifySmsReception
15:33:01 - OP|H=|Client=201.175.130.92-------------------------------------------------------|notifySCReception
15:33:01 - 24/07/2015 15:33:01: |Correlator: 425276_ | message: mensaje de iAlarm | senderAddress: 525519955161 | smsServiceActivationNumber: 425276
15:33:01 - BD|H=525519955161|El equipo ya existe en BD|notifySmsReception
15:33:01 - BD|H=525519955161|Contrato por evento|Procesando cobro|notifySmsReception
15:33:01 - OP|H=|Client=201.175.130.92-------------------------------------------------------|notifySCReception
15:33:01 - 24/07/2015 15:33:01: |Correlator: 425276_ | message: mensaje de iAlarm | senderAddress: 525519955161 | smsServiceActivationNumber: 425276
15:33:01 - BD|H=525519955161|El equipo ya existe en BD|notifySmsReception
15:33:01 - BD|H=525519955161|Contrato por evento|Procesando cobro|notifySmsReception
16:08:31 - OP|H=|Client=201.175.130.92-------------------------------------------------------|notifySCReception
16:08:31 - 24/07/2015 16:08:31: |Correlator: 425276_ | message: mensaje de iAlarm | senderAddress: 529811540740 | smsServiceActivationNumber: 425276
16:08:31 - BD|H=529811540740|El equipo no existe en BD|notifySmsReception
16:08:31 - BD|H=529811540740|Guardando equipo en BD en BD|notifySmsReception
16:08:31 - BD|OK|PTN=529811540740|Guardando equipo en base de datos|saveHandsetSC
16:08:31 - BD|OK|H=4110|PTN=529811540740|Equipo guardado correctamente|saveHandsetSC
16:08:31 - BD|OK|H=4110|PTN=529811540740|Guardando en dat_estatuspayment|saveHandsetSC
16:08:31 - BD|OK|H=4110|PTN=529811540740|Guardado en dat_estatuspayment correctamente|saveHandsetSC
16:08:31 - BD|H=529811540740|ID=4110|Equipo guardado correctamente en BD|notifySmsReception
16:08:31 - OP|H=|Client=201.175.130.92-------------------------------------------------------|notifySCReception
16:08:31 - 24/07/2015 16:08:31: |Correlator: 425276_ | message: mensaje de iAlarm | senderAddress: 529811540740 | smsServiceActivationNumber: 425276
16:08:31 - BD|H=529811540740|El equipo ya existe en BD|notifySmsReception
16:08:31 - BD|H=529811540740|Contrato por evento|Procesando cobro|notifySmsReception
16:38:52 - OP|H=|Client=201.175.130.92-------------------------------------------------------|notifySCReception
16:38:52 - 24/07/2015 16:38:52: |Correlator: 425276_ | message: mensaje de iAlarm | senderAddress: 524442661153 | smsServiceActivationNumber: 425276
16:38:52 - BD|H=524442661153|El equipo ya existe en BD|notifySmsReception
16:38:52 - BD|H=524442661153|Contrato por evento|Procesando cobro|notifySmsReception
16:38:52 - OP|H=|Client=201.175.130.92-------------------------------------------------------|notifySCReception
16:38:52 - 24/07/2015 16:38:52: |Correlator: 425276_ | message: mensaje de iAlarm | senderAddress: 524442661153 | smsServiceActivationNumber: 425276
16:38:52 - BD|H=524442661153|El equipo ya existe en BD|notifySmsReception
16:38:52 - BD|H=524442661153|Contrato por evento|Procesando cobro|notifySmsReception
16:39:53 - OP|H=|Client=201.175.130.92-------------------------------------------------------|notifySCReception
16:39:53 - 24/07/2015 16:39:53: |Correlator: 425276_ | message: mensaje de iAlarm | senderAddress: 526142336160 | smsServiceActivationNumber: 425276
16:39:53 - BD|H=526142336160|El equipo ya existe en BD|notifySmsReception
16:39:53 - BD|H=526142336160|Contrato por evento|Procesando cobro|notifySmsReception
16:39:54 - OP|H=|Client=201.175.130.92-------------------------------------------------------|notifySCReception
16:39:54 - 24/07/2015 16:39:54: |Correlator: 425276_ | message: mensaje de iAlarm | senderAddress: 526142336160 | smsServiceActivationNumber: 425276
16:39:54 - BD|H=526142336160|El equipo ya existe en BD|notifySmsReception
16:39:54 - BD|H=526142336160|Contrato por evento|Procesando cobro|notifySmsReception
16:42:27 - OP|H=|Client=201.175.130.92-------------------------------------------------------|notifySCReception
16:42:27 - 24/07/2015 16:42:27: |Correlator: 425276_ | message: mensaje de iAlarm | senderAddress: 524621555700 | smsServiceActivationNumber: 425276
16:42:27 - BD|H=524621555700|El equipo no existe en BD|notifySmsReception
16:42:27 - BD|H=524621555700|Guardando equipo en BD en BD|notifySmsReception
16:42:27 - BD|OK|PTN=524621555700|Guardando equipo en base de datos|saveHandsetSC
16:42:27 - BD|OK|H=4111|PTN=524621555700|Equipo guardado correctamente|saveHandsetSC
16:42:27 - BD|OK|H=4111|PTN=524621555700|Guardando en dat_estatuspayment|saveHandsetSC
16:42:27 - BD|OK|H=4111|PTN=524621555700|Guardado en dat_estatuspayment correctamente|saveHandsetSC
16:42:27 - BD|H=524621555700|ID=4111|Equipo guardado correctamente en BD|notifySmsReception
16:42:27 - OP|H=|Client=201.175.130.92-------------------------------------------------------|notifySCReception
16:42:27 - 24/07/2015 16:42:27: |Correlator: 425276_ | message: mensaje de iAlarm | senderAddress: 524621555700 | smsServiceActivationNumber: 425276
16:42:27 - BD|H=524621555700|El equipo ya existe en BD|notifySmsReception
16:42:27 - BD|H=524621555700|Contrato por evento|Procesando cobro|notifySmsReception
17:22:24 - OP|H=|Client=201.175.130.92-------------------------------------------------------|notifySCReception
17:22:24 - 24/07/2015 17:22:24: |Correlator: 425276_ | message: mensaje de iAlarm | senderAddress: 523316687762 | smsServiceActivationNumber: 425276
17:22:24 - BD|H=523316687762|El equipo ya existe en BD|notifySmsReception
17:22:24 - BD|H=523316687762|Contrato por evento|Procesando cobro|notifySmsReception
17:22:24 - OP|H=|Client=201.175.130.92-------------------------------------------------------|notifySCReception
17:22:24 - 24/07/2015 17:22:24: |Correlator: 425276_ | message: mensaje de iAlarm | senderAddress: 523316687762 | smsServiceActivationNumber: 425276
17:22:24 - BD|H=523316687762|El equipo ya existe en BD|notifySmsReception
17:22:24 - BD|H=523316687762|Contrato por evento|Procesando cobro|notifySmsReception
17:48:44 - OP|H=|Client=201.175.130.92-------------------------------------------------------|notifySCReception
17:48:44 - 24/07/2015 17:48:44: |Correlator: 425276_ | message: mensaje de iAlarm | senderAddress: 525569625371 | smsServiceActivationNumber: 425276
17:48:44 - BD|H=525569625371|El equipo no existe en BD|notifySmsReception
17:48:44 - BD|H=525569625371|Guardando equipo en BD en BD|notifySmsReception
17:48:44 - BD|OK|PTN=525569625371|Guardando equipo en base de datos|saveHandsetSC
17:48:44 - BD|OK|H=4112|PTN=525569625371|Equipo guardado correctamente|saveHandsetSC
17:48:44 - BD|OK|H=4112|PTN=525569625371|Guardando en dat_estatuspayment|saveHandsetSC
17:48:44 - BD|OK|H=4112|PTN=525569625371|Guardado en dat_estatuspayment correctamente|saveHandsetSC
17:48:44 - BD|H=525569625371|ID=4112|Equipo guardado correctamente en BD|notifySmsReception
17:48:44 - OP|H=|Client=201.175.130.92-------------------------------------------------------|notifySCReception
17:48:44 - 24/07/2015 17:48:44: |Correlator: 425276_ | message: mensaje de iAlarm | senderAddress: 525569625371 | smsServiceActivationNumber: 425276
17:48:44 - BD|H=525569625371|El equipo ya existe en BD|notifySmsReception
17:48:44 - BD|H=525569625371|Contrato por evento|Procesando cobro|notifySmsReception
18:50:02 - OP|H=|Client=201.175.130.92-------------------------------------------------------|notifySCReception
18:50:02 - 24/07/2015 18:50:02: |Correlator: 425276_ | message: mensaje de iAlarm | senderAddress: 529993055223 | smsServiceActivationNumber: 425276
18:50:02 - BD|H=529993055223|El equipo ya existe en BD|notifySmsReception
18:50:02 - BD|H=529993055223|Contrato por evento|Procesando cobro|notifySmsReception
18:50:02 - OP|H=|Client=201.175.130.92-------------------------------------------------------|notifySCReception
18:50:02 - 24/07/2015 18:50:02: |Correlator: 425276_ | message: mensaje de iAlarm | senderAddress: 529993055223 | smsServiceActivationNumber: 425276
18:50:02 - BD|H=529993055223|El equipo ya existe en BD|notifySmsReception
18:50:02 - BD|H=529993055223|Contrato por evento|Procesando cobro|notifySmsReception
19:23:27 - OP|H=|Client=201.175.130.92-------------------------------------------------------|notifySCReception
19:23:27 - 24/07/2015 19:23:27: |Correlator: 425276_ | message: mensaje de iAlarm | senderAddress: 525546200048 | smsServiceActivationNumber: 425276
19:23:27 - BD|H=525546200048|El equipo ya existe en BD|notifySmsReception
19:23:27 - BD|H=525546200048|Contrato por evento|Procesando cobro|notifySmsReception
19:23:27 - OP|H=|Client=201.175.130.92-------------------------------------------------------|notifySCReception
19:23:27 - 24/07/2015 19:23:27: |Correlator: 425276_ | message: mensaje de iAlarm | senderAddress: 525546200048 | smsServiceActivationNumber: 425276
19:23:27 - BD|H=525546200048|El equipo ya existe en BD|notifySmsReception
19:23:27 - BD|H=525546200048|Contrato por evento|Procesando cobro|notifySmsReception
20:00:44 - OP|H=|Client=201.175.130.92-------------------------------------------------------|notifySCReception
20:00:44 - 24/07/2015 20:00:44: |Correlator: 425276_ | message: mensaje de iAlarm | senderAddress: 525570173834 | smsServiceActivationNumber: 425276
20:00:44 - BD|H=525570173834|El equipo no existe en BD|notifySmsReception
20:00:44 - BD|H=525570173834|Guardando equipo en BD en BD|notifySmsReception
20:00:44 - BD|OK|PTN=525570173834|Guardando equipo en base de datos|saveHandsetSC
20:00:44 - BD|OK|H=4113|PTN=525570173834|Equipo guardado correctamente|saveHandsetSC
20:00:44 - BD|OK|H=4113|PTN=525570173834|Guardando en dat_estatuspayment|saveHandsetSC
20:00:44 - BD|OK|H=4113|PTN=525570173834|Guardado en dat_estatuspayment correctamente|saveHandsetSC
20:00:44 - BD|H=525570173834|ID=4113|Equipo guardado correctamente en BD|notifySmsReception
20:00:44 - OP|H=|Client=201.175.130.92-------------------------------------------------------|notifySCReception
20:00:44 - 24/07/2015 20:00:44: |Correlator: 425276_ | message: mensaje de iAlarm | senderAddress: 525570173834 | smsServiceActivationNumber: 425276
20:00:44 - BD|H=525570173834|El equipo ya existe en BD|notifySmsReception
20:00:44 - BD|H=525570173834|Contrato por evento|Procesando cobro|notifySmsReception
20:17:25 - OP|H=|Client=201.175.130.92-------------------------------------------------------|notifySCReception
20:17:25 - 24/07/2015 20:17:25: |Correlator: 425276_ | message: mensaje de iAlarm | senderAddress: 525535390762 | smsServiceActivationNumber: 425276
20:17:25 - BD|H=525535390762|El equipo ya existe en BD|notifySmsReception
20:17:25 - BD|H=525535390762|Contrato por evento|Procesando cobro|notifySmsReception
20:17:25 - OP|H=|Client=201.175.130.92-------------------------------------------------------|notifySCReception
20:17:25 - 24/07/2015 20:17:25: |Correlator: 425276_ | message: mensaje de iAlarm | senderAddress: 525535390762 | smsServiceActivationNumber: 425276
20:17:25 - BD|H=525535390762|El equipo ya existe en BD|notifySmsReception
20:17:25 - BD|H=525535390762|Contrato por evento|Procesando cobro|notifySmsReception
20:19:16 - OP|H=|Client=201.175.130.92-------------------------------------------------------|notifySCReception
20:19:16 - 24/07/2015 20:19:16: |Correlator: 425276_ | message: mensaje de iAlarm | senderAddress: 525535390762 | smsServiceActivationNumber: 425276
20:19:16 - BD|H=525535390762|El equipo ya existe en BD|notifySmsReception
20:19:16 - BD|H=525535390762|Contrato por evento|Procesando cobro|notifySmsReception
20:19:16 - OP|H=|Client=201.175.130.92-------------------------------------------------------|notifySCReception
20:19:16 - 24/07/2015 20:19:16: |Correlator: 425276_ | message: mensaje de iAlarm | senderAddress: 525535390762 | smsServiceActivationNumber: 425276
20:19:16 - BD|H=525535390762|El equipo ya existe en BD|notifySmsReception
20:19:16 - BD|H=525535390762|Contrato por evento|Procesando cobro|notifySmsReception
20:19:56 - OP|H=|Client=201.175.130.92-------------------------------------------------------|notifySCReception
20:19:56 - 24/07/2015 20:19:56: |Correlator: 425276_ | message: mensaje de iAlarm | senderAddress: 525535390762 | smsServiceActivationNumber: 425276
20:19:56 - BD|H=525535390762|El equipo ya existe en BD|notifySmsReception
20:19:56 - BD|H=525535390762|Contrato por evento|Procesando cobro|notifySmsReception
20:19:56 - OP|H=|Client=201.175.130.92-------------------------------------------------------|notifySCReception
20:19:56 - 24/07/2015 20:19:56: |Correlator: 425276_ | message: mensaje de iAlarm | senderAddress: 525535390762 | smsServiceActivationNumber: 425276
20:19:56 - BD|H=525535390762|El equipo ya existe en BD|notifySmsReception
20:19:56 - BD|H=525535390762|Contrato por evento|Procesando cobro|notifySmsReception
20:20:05 - OP|H=|Client=201.175.130.92-------------------------------------------------------|notifySCReception
20:20:05 - 24/07/2015 20:20:05: |Correlator: 425276_ | message: mensaje de iAlarm | senderAddress: 525535390762 | smsServiceActivationNumber: 425276
20:20:05 - BD|H=525535390762|El equipo ya existe en BD|notifySmsReception
20:20:05 - BD|H=525535390762|Contrato por evento|Procesando cobro|notifySmsReception
20:20:05 - OP|H=|Client=201.175.130.92-------------------------------------------------------|notifySCReception
20:20:05 - 24/07/2015 20:20:05: |Correlator: 425276_ | message: mensaje de iAlarm | senderAddress: 525535390762 | smsServiceActivationNumber: 425276
20:20:05 - BD|H=525535390762|El equipo ya existe en BD|notifySmsReception
20:20:05 - BD|H=525535390762|Contrato por evento|Procesando cobro|notifySmsReception
20:22:48 - OP|H=|Client=201.175.130.92-------------------------------------------------------|notifySCReception
20:22:48 - 24/07/2015 20:22:48: |Correlator: 425276_ | message: mensaje de iAlarm | senderAddress: 524612121058 | smsServiceActivationNumber: 425276
20:22:48 - BD|H=524612121058|El equipo ya existe en BD|notifySmsReception
20:22:48 - BD|H=524612121058|Contrato por evento|Procesando cobro|notifySmsReception
20:22:48 - OP|H=|Client=201.175.130.92-------------------------------------------------------|notifySCReception
20:22:48 - 24/07/2015 20:22:48: |Correlator: 425276_ | message: mensaje de iAlarm | senderAddress: 524612121058 | smsServiceActivationNumber: 425276
20:22:48 - BD|H=524612121058|El equipo ya existe en BD|notifySmsReception
20:22:48 - BD|H=524612121058|Contrato por evento|Procesando cobro|notifySmsReception
21:32:50 - OP|H=|Client=201.175.130.92-------------------------------------------------------|notifySCReception
21:32:50 - 24/07/2015 21:32:50: |Correlator: 425276_ | message: mensaje de iAlarm | senderAddress: 525544015202 | smsServiceActivationNumber: 425276
21:32:50 - BD|H=525544015202|El equipo no existe en BD|notifySmsReception
21:32:50 - BD|H=525544015202|Guardando equipo en BD en BD|notifySmsReception
21:32:50 - BD|OK|PTN=525544015202|Guardando equipo en base de datos|saveHandsetSC
21:32:50 - BD|OK|H=4114|PTN=525544015202|Equipo guardado correctamente|saveHandsetSC
21:32:50 - BD|OK|H=4114|PTN=525544015202|Guardando en dat_estatuspayment|saveHandsetSC
21:32:50 - BD|OK|H=4114|PTN=525544015202|Guardado en dat_estatuspayment correctamente|saveHandsetSC
21:32:50 - BD|H=525544015202|ID=4114|Equipo guardado correctamente en BD|notifySmsReception
21:32:50 - OP|H=|Client=201.175.130.92-------------------------------------------------------|notifySCReception
21:32:50 - 24/07/2015 21:32:50: |Correlator: 425276_ | message: mensaje de iAlarm | senderAddress: 525544015202 | smsServiceActivationNumber: 425276
21:32:50 - BD|H=525544015202|El equipo ya existe en BD|notifySmsReception
21:32:50 - BD|H=525544015202|Contrato por evento|Procesando cobro|notifySmsReception
22:02:12 - OP|H=|Client=201.175.130.92-------------------------------------------------------|notifySCReception
22:02:12 - 24/07/2015 22:02:12: |Correlator: 425276_ | message: mensaje de iAlarm | senderAddress: 526462165450 | smsServiceActivationNumber: 425276
22:02:12 - BD|H=526462165450|El equipo ya existe en BD|notifySmsReception
22:02:12 - BD|H=526462165450|Contrato por evento|Procesando cobro|notifySmsReception
22:02:13 - OP|H=|Client=201.175.130.92-------------------------------------------------------|notifySCReception
22:02:13 - 24/07/2015 22:02:13: |Correlator: 425276_ | message: mensaje de iAlarm | senderAddress: 526462165450 | smsServiceActivationNumber: 425276
22:02:13 - BD|H=526462165450|El equipo ya existe en BD|notifySmsReception
22:02:13 - BD|H=526462165450|Contrato por evento|Procesando cobro|notifySmsReception
23:08:36 - OP|H=|Client=201.175.130.92-------------------------------------------------------|notifySCReception
23:08:36 - 24/07/2015 23:08:36: |Correlator: 425276_ | message: mensaje de iAlarm | senderAddress: 528671091721 | smsServiceActivationNumber: 425276
23:08:36 - BD|H=528671091721|El equipo ya existe en BD|notifySmsReception
23:08:36 - BD|H=528671091721|Contrato por evento|Procesando cobro|notifySmsReception
23:08:36 - OP|H=|Client=201.175.130.92-------------------------------------------------------|notifySCReception
23:08:36 - 24/07/2015 23:08:36: |Correlator: 425276_ | message: mensaje de iAlarm | senderAddress: 528671091721 | smsServiceActivationNumber: 425276
23:08:36 - BD|H=528671091721|El equipo ya existe en BD|notifySmsReception
23:08:36 - BD|H=528671091721|Contrato por evento|Procesando cobro|notifySmsReception
