17:43:16 - H=3|OP=[retrieveSubscriber]---------------------------------------------------------
17:43:16 - Target|https://sdpvas.nexteldata.com.mx:8443/SmdbWebService/subscriber?wsdl
17:43:16 - XMLSent|<?xml version="1.0" encoding="UTF-8"?>
<SOAP-ENV:Envelope xmlns:SOAP-ENV="http://schemas.xmlsoap.org/soap/envelope/" xmlns:ns1="http://ws.sig.smb.ericsson.com/" xmlns:ns2="http://docs.oasis-open.org/wss/2004/01/oasis-200401-wss-wssecurity-secext-1.0.xsd"><SOAP-ENV:Header><wsse:Security xmlns:wsse="http://docs.oasis-open.org/wss/2004/01/oasis-200401-wss-wssecurity-secext-1.0.xsd">
                                            <wsse:UsernameToken xmlns:wsu="http://docs.oasis-open.org/wss/2004/01/oasis-200401-wss-wssecurity-utility-1.0.xsd">
                                                   	<wsse:Username>WEBMAPS_MX</wsse:Username>
							<wsse:Password>pay@webmaps</wsse:Password>
							<wsu:Created>2015-04-20T18:08:49.909Z</wsu:Created>
                                            </wsse:UsernameToken>
                                            </wsse:Security></SOAP-ENV:Header><SOAP-ENV:Body><ns1:retrieveSubscriber><msisdn>525563022778</msisdn><serviceCode>CD01</serviceCode></ns1:retrieveSubscriber></SOAP-ENV:Body></SOAP-ENV:Envelope>

17:43:16 - XMLReceived|<?xml version='1.0' encoding='UTF-8'?><S:Envelope xmlns:S="http://schemas.xmlsoap.org/soap/envelope/"><S:Body><ns2:retrieveSubscriberResponse xmlns:ns2="http://ws.mcds.smb.ericsson.com/" xmlns:ns3="http://ws.sig.smb.ericsson.com/"><return><subMarketId>3G</subMarketId><paymentMethodList>2</paymentMethodList><countryId>Mexico</countryId></return></ns2:retrieveSubscriberResponse></S:Body></S:Envelope>
17:43:18 - H=3|OP=[amountCharging]---------------------------------------------------------
17:43:18 - Target|https://sdpvas.nexteldata.com.mx:7443/parlayx-payment/services/AmountChargingService?wsdl
17:43:18 - XMLSent|
17:43:18 - XMLReceived|
18:24:50 - H=3363|OP=[retrieveSubscriber]---------------------------------------------------------
18:24:50 - Target|https://sdpvas.nexteldata.com.mx:8443/SmdbWebService/subscriber?wsdl
18:24:50 - XMLSent|<?xml version="1.0" encoding="UTF-8"?>
<SOAP-ENV:Envelope xmlns:SOAP-ENV="http://schemas.xmlsoap.org/soap/envelope/" xmlns:ns1="http://ws.sig.smb.ericsson.com/" xmlns:ns2="http://docs.oasis-open.org/wss/2004/01/oasis-200401-wss-wssecurity-secext-1.0.xsd"><SOAP-ENV:Header><wsse:Security xmlns:wsse="http://docs.oasis-open.org/wss/2004/01/oasis-200401-wss-wssecurity-secext-1.0.xsd">
                                            <wsse:UsernameToken xmlns:wsu="http://docs.oasis-open.org/wss/2004/01/oasis-200401-wss-wssecurity-utility-1.0.xsd">
                                                   	<wsse:Username>WEBMAPS_MX</wsse:Username>
							<wsse:Password>pay@webmaps</wsse:Password>
							<wsu:Created>2015-04-20T18:08:49.909Z</wsu:Created>
                                            </wsse:UsernameToken>
                                            </wsse:Security></SOAP-ENV:Header><SOAP-ENV:Body><ns1:retrieveSubscriber><msisdn>529982752701</msisdn><serviceCode>CD01</serviceCode></ns1:retrieveSubscriber></SOAP-ENV:Body></SOAP-ENV:Envelope>

18:24:50 - XMLReceived|<?xml version='1.0' encoding='UTF-8'?><S:Envelope xmlns:S="http://schemas.xmlsoap.org/soap/envelope/"><S:Body><ns2:retrieveSubscriberResponse xmlns:ns2="http://ws.mcds.smb.ericsson.com/" xmlns:ns3="http://ws.sig.smb.ericsson.com/"><return><subMarketId>IDEN</subMarketId><countryId>Mexico</countryId></return></ns2:retrieveSubscriberResponse></S:Body></S:Envelope>
18:36:08 - H=3364|OP=[retrieveSubscriber]---------------------------------------------------------
18:36:08 - Target|https://sdpvas.nexteldata.com.mx:8443/SmdbWebService/subscriber?wsdl
18:36:08 - XMLSent|<?xml version="1.0" encoding="UTF-8"?>
<SOAP-ENV:Envelope xmlns:SOAP-ENV="http://schemas.xmlsoap.org/soap/envelope/" xmlns:ns1="http://ws.sig.smb.ericsson.com/" xmlns:ns2="http://docs.oasis-open.org/wss/2004/01/oasis-200401-wss-wssecurity-secext-1.0.xsd"><SOAP-ENV:Header><wsse:Security xmlns:wsse="http://docs.oasis-open.org/wss/2004/01/oasis-200401-wss-wssecurity-secext-1.0.xsd">
                                            <wsse:UsernameToken xmlns:wsu="http://docs.oasis-open.org/wss/2004/01/oasis-200401-wss-wssecurity-utility-1.0.xsd">
                                                   	<wsse:Username>WEBMAPS_MX</wsse:Username>
							<wsse:Password>pay@webmaps</wsse:Password>
							<wsu:Created>2015-04-20T18:08:49.909Z</wsu:Created>
                                            </wsse:UsernameToken>
                                            </wsse:Security></SOAP-ENV:Header><SOAP-ENV:Body><ns1:retrieveSubscriber><msisdn>524774753079</msisdn><serviceCode>CD01</serviceCode></ns1:retrieveSubscriber></SOAP-ENV:Body></SOAP-ENV:Envelope>

18:36:08 - XMLReceived|<?xml version='1.0' encoding='UTF-8'?><S:Envelope xmlns:S="http://schemas.xmlsoap.org/soap/envelope/"><S:Body><ns2:retrieveSubscriberResponse xmlns:ns2="http://ws.mcds.smb.ericsson.com/" xmlns:ns3="http://ws.sig.smb.ericsson.com/"><return><subMarketId>3G</subMarketId><paymentMethodList>2</paymentMethodList><countryId>Mexico</countryId></return></ns2:retrieveSubscriberResponse></S:Body></S:Envelope>
18:36:11 - H=3364|OP=[amountCharging]---------------------------------------------------------
18:36:11 - Target|https://sdpvas.nexteldata.com.mx:7443/parlayx-payment/services/AmountChargingService?wsdl
18:36:11 - XMLSent|
18:36:11 - XMLReceived|
18:50:40 - H=1532|OP=[retrieveSubscriber]---------------------------------------------------------
18:50:40 - Target|https://sdpvas.nexteldata.com.mx:8443/SmdbWebService/subscriber?wsdl
18:50:40 - XMLSent|<?xml version="1.0" encoding="UTF-8"?>
<SOAP-ENV:Envelope xmlns:SOAP-ENV="http://schemas.xmlsoap.org/soap/envelope/" xmlns:ns1="http://ws.sig.smb.ericsson.com/" xmlns:ns2="http://docs.oasis-open.org/wss/2004/01/oasis-200401-wss-wssecurity-secext-1.0.xsd"><SOAP-ENV:Header><wsse:Security xmlns:wsse="http://docs.oasis-open.org/wss/2004/01/oasis-200401-wss-wssecurity-secext-1.0.xsd">
                                            <wsse:UsernameToken xmlns:wsu="http://docs.oasis-open.org/wss/2004/01/oasis-200401-wss-wssecurity-utility-1.0.xsd">
                                                   	<wsse:Username>WEBMAPS_MX</wsse:Username>
							<wsse:Password>pay@webmaps</wsse:Password>
							<wsu:Created>2015-04-20T18:08:49.909Z</wsu:Created>
                                            </wsse:UsernameToken>
                                            </wsse:Security></SOAP-ENV:Header><SOAP-ENV:Body><ns1:retrieveSubscriber><msisdn>524432623122</msisdn><serviceCode>CD01</serviceCode></ns1:retrieveSubscriber></SOAP-ENV:Body></SOAP-ENV:Envelope>

18:50:40 - XMLReceived|<?xml version='1.0' encoding='UTF-8'?><S:Envelope xmlns:S="http://schemas.xmlsoap.org/soap/envelope/"><S:Body><ns2:retrieveSubscriberResponse xmlns:ns2="http://ws.mcds.smb.ericsson.com/" xmlns:ns3="http://ws.sig.smb.ericsson.com/"><return><subMarketId>IDEN</subMarketId><paymentMethodList>1</paymentMethodList><countryId>Mexico</countryId></return></ns2:retrieveSubscriberResponse></S:Body></S:Envelope>
18:50:42 - H=1532|OP=[amountCharging]---------------------------------------------------------
18:50:42 - Target|https://sdpvas.nexteldata.com.mx:7443/parlayx-payment/services/AmountChargingService?wsdl
18:50:42 - XMLSent|
18:50:42 - XMLReceived|
18:50:46 - H=1532|OP=[retrieveSubscriber]---------------------------------------------------------
18:50:46 - Target|https://sdpvas.nexteldata.com.mx:8443/SmdbWebService/subscriber?wsdl
18:50:46 - XMLSent|<?xml version="1.0" encoding="UTF-8"?>
<SOAP-ENV:Envelope xmlns:SOAP-ENV="http://schemas.xmlsoap.org/soap/envelope/" xmlns:ns1="http://ws.sig.smb.ericsson.com/" xmlns:ns2="http://docs.oasis-open.org/wss/2004/01/oasis-200401-wss-wssecurity-secext-1.0.xsd"><SOAP-ENV:Header><wsse:Security xmlns:wsse="http://docs.oasis-open.org/wss/2004/01/oasis-200401-wss-wssecurity-secext-1.0.xsd">
                                            <wsse:UsernameToken xmlns:wsu="http://docs.oasis-open.org/wss/2004/01/oasis-200401-wss-wssecurity-utility-1.0.xsd">
                                                   	<wsse:Username>WEBMAPS_MX</wsse:Username>
							<wsse:Password>pay@webmaps</wsse:Password>
							<wsu:Created>2015-04-20T18:08:49.909Z</wsu:Created>
                                            </wsse:UsernameToken>
                                            </wsse:Security></SOAP-ENV:Header><SOAP-ENV:Body><ns1:retrieveSubscriber><msisdn>524432623122</msisdn><serviceCode>CD01</serviceCode></ns1:retrieveSubscriber></SOAP-ENV:Body></SOAP-ENV:Envelope>

18:50:46 - XMLReceived|<?xml version='1.0' encoding='UTF-8'?><S:Envelope xmlns:S="http://schemas.xmlsoap.org/soap/envelope/"><S:Body><ns2:retrieveSubscriberResponse xmlns:ns2="http://ws.mcds.smb.ericsson.com/" xmlns:ns3="http://ws.sig.smb.ericsson.com/"><return><subMarketId>IDEN</subMarketId><paymentMethodList>1</paymentMethodList><countryId>Mexico</countryId></return></ns2:retrieveSubscriberResponse></S:Body></S:Envelope>
18:50:49 - H=1532|OP=[amountCharging]---------------------------------------------------------
18:50:49 - Target|https://sdpvas.nexteldata.com.mx:7443/parlayx-payment/services/AmountChargingService?wsdl
18:50:49 - XMLSent|
18:50:49 - XMLReceived|
19:30:34 - H=3365|OP=[retrieveSubscriber]---------------------------------------------------------
19:30:34 - Target|https://sdpvas.nexteldata.com.mx:8443/SmdbWebService/subscriber?wsdl
19:30:34 - XMLSent|<?xml version="1.0" encoding="UTF-8"?>
<SOAP-ENV:Envelope xmlns:SOAP-ENV="http://schemas.xmlsoap.org/soap/envelope/" xmlns:ns1="http://ws.sig.smb.ericsson.com/" xmlns:ns2="http://docs.oasis-open.org/wss/2004/01/oasis-200401-wss-wssecurity-secext-1.0.xsd"><SOAP-ENV:Header><wsse:Security xmlns:wsse="http://docs.oasis-open.org/wss/2004/01/oasis-200401-wss-wssecurity-secext-1.0.xsd">
                                            <wsse:UsernameToken xmlns:wsu="http://docs.oasis-open.org/wss/2004/01/oasis-200401-wss-wssecurity-utility-1.0.xsd">
                                                   	<wsse:Username>WEBMAPS_MX</wsse:Username>
							<wsse:Password>pay@webmaps</wsse:Password>
							<wsu:Created>2015-04-20T18:08:49.909Z</wsu:Created>
                                            </wsse:UsernameToken>
                                            </wsse:Security></SOAP-ENV:Header><SOAP-ENV:Body><ns1:retrieveSubscriber><msisdn>529932727666</msisdn><serviceCode>CD01</serviceCode></ns1:retrieveSubscriber></SOAP-ENV:Body></SOAP-ENV:Envelope>

19:30:34 - XMLReceived|<?xml version='1.0' encoding='UTF-8'?><S:Envelope xmlns:S="http://schemas.xmlsoap.org/soap/envelope/"><S:Body><ns2:retrieveSubscriberResponse xmlns:ns2="http://ws.mcds.smb.ericsson.com/" xmlns:ns3="http://ws.sig.smb.ericsson.com/"><return><subMarketId>3G</subMarketId><paymentMethodList>1</paymentMethodList><countryId>Mexico</countryId></return></ns2:retrieveSubscriberResponse></S:Body></S:Envelope>
19:30:36 - H=3365|OP=[amountCharging]---------------------------------------------------------
19:30:36 - Target|https://sdpvas.nexteldata.com.mx:7443/parlayx-payment/services/AmountChargingService?wsdl
19:30:36 - XMLSent|
19:30:36 - XMLReceived|
20:08:33 - H=3366|OP=[retrieveSubscriber]---------------------------------------------------------
20:08:33 - Target|https://sdpvas.nexteldata.com.mx:8443/SmdbWebService/subscriber?wsdl
20:08:33 - XMLSent|<?xml version="1.0" encoding="UTF-8"?>
<SOAP-ENV:Envelope xmlns:SOAP-ENV="http://schemas.xmlsoap.org/soap/envelope/" xmlns:ns1="http://ws.sig.smb.ericsson.com/" xmlns:ns2="http://docs.oasis-open.org/wss/2004/01/oasis-200401-wss-wssecurity-secext-1.0.xsd"><SOAP-ENV:Header><wsse:Security xmlns:wsse="http://docs.oasis-open.org/wss/2004/01/oasis-200401-wss-wssecurity-secext-1.0.xsd">
                                            <wsse:UsernameToken xmlns:wsu="http://docs.oasis-open.org/wss/2004/01/oasis-200401-wss-wssecurity-utility-1.0.xsd">
                                                   	<wsse:Username>WEBMAPS_MX</wsse:Username>
							<wsse:Password>pay@webmaps</wsse:Password>
							<wsu:Created>2015-04-20T18:08:49.909Z</wsu:Created>
                                            </wsse:UsernameToken>
                                            </wsse:Security></SOAP-ENV:Header><SOAP-ENV:Body><ns1:retrieveSubscriber><msisdn>522292406569</msisdn><serviceCode>CD01</serviceCode></ns1:retrieveSubscriber></SOAP-ENV:Body></SOAP-ENV:Envelope>

20:08:33 - XMLReceived|<?xml version='1.0' encoding='UTF-8'?><S:Envelope xmlns:S="http://schemas.xmlsoap.org/soap/envelope/"><S:Body><ns2:retrieveSubscriberResponse xmlns:ns2="http://ws.mcds.smb.ericsson.com/" xmlns:ns3="http://ws.sig.smb.ericsson.com/"><return><subMarketId>IDEN</subMarketId><countryId>Mexico</countryId></return></ns2:retrieveSubscriberResponse></S:Body></S:Envelope>
21:54:19 - H=3367|OP=[retrieveSubscriber]---------------------------------------------------------
21:54:19 - Target|https://sdpvas.nexteldata.com.mx:8443/SmdbWebService/subscriber?wsdl
21:54:19 - XMLSent|<?xml version="1.0" encoding="UTF-8"?>
<SOAP-ENV:Envelope xmlns:SOAP-ENV="http://schemas.xmlsoap.org/soap/envelope/" xmlns:ns1="http://ws.sig.smb.ericsson.com/" xmlns:ns2="http://docs.oasis-open.org/wss/2004/01/oasis-200401-wss-wssecurity-secext-1.0.xsd"><SOAP-ENV:Header><wsse:Security xmlns:wsse="http://docs.oasis-open.org/wss/2004/01/oasis-200401-wss-wssecurity-secext-1.0.xsd">
                                            <wsse:UsernameToken xmlns:wsu="http://docs.oasis-open.org/wss/2004/01/oasis-200401-wss-wssecurity-utility-1.0.xsd">
                                                   	<wsse:Username>WEBMAPS_MX</wsse:Username>
							<wsse:Password>pay@webmaps</wsse:Password>
							<wsu:Created>2015-04-20T18:08:49.909Z</wsu:Created>
                                            </wsse:UsernameToken>
                                            </wsse:Security></SOAP-ENV:Header><SOAP-ENV:Body><ns1:retrieveSubscriber><msisdn>524612121058</msisdn><serviceCode>CD01</serviceCode></ns1:retrieveSubscriber></SOAP-ENV:Body></SOAP-ENV:Envelope>

21:54:19 - XMLReceived|<?xml version='1.0' encoding='UTF-8'?><S:Envelope xmlns:S="http://schemas.xmlsoap.org/soap/envelope/"><S:Body><ns2:retrieveSubscriberResponse xmlns:ns2="http://ws.mcds.smb.ericsson.com/" xmlns:ns3="http://ws.sig.smb.ericsson.com/"><return><subMarketId>IDEN</subMarketId><paymentMethodList>1</paymentMethodList><countryId>Mexico</countryId></return></ns2:retrieveSubscriberResponse></S:Body></S:Envelope>
21:54:21 - H=3367|OP=[amountCharging]---------------------------------------------------------
21:54:21 - Target|https://sdpvas.nexteldata.com.mx:7443/parlayx-payment/services/AmountChargingService?wsdl
21:54:21 - XMLSent|
21:54:21 - XMLReceived|
21:55:38 - H=3368|OP=[retrieveSubscriber]---------------------------------------------------------
21:55:38 - Target|https://sdpvas.nexteldata.com.mx:8443/SmdbWebService/subscriber?wsdl
21:55:38 - XMLSent|<?xml version="1.0" encoding="UTF-8"?>
<SOAP-ENV:Envelope xmlns:SOAP-ENV="http://schemas.xmlsoap.org/soap/envelope/" xmlns:ns1="http://ws.sig.smb.ericsson.com/" xmlns:ns2="http://docs.oasis-open.org/wss/2004/01/oasis-200401-wss-wssecurity-secext-1.0.xsd"><SOAP-ENV:Header><wsse:Security xmlns:wsse="http://docs.oasis-open.org/wss/2004/01/oasis-200401-wss-wssecurity-secext-1.0.xsd">
                                            <wsse:UsernameToken xmlns:wsu="http://docs.oasis-open.org/wss/2004/01/oasis-200401-wss-wssecurity-utility-1.0.xsd">
                                                   	<wsse:Username>WEBMAPS_MX</wsse:Username>
							<wsse:Password>pay@webmaps</wsse:Password>
							<wsu:Created>2015-04-20T18:08:49.909Z</wsu:Created>
                                            </wsse:UsernameToken>
                                            </wsse:Security></SOAP-ENV:Header><SOAP-ENV:Body><ns1:retrieveSubscriber><msisdn>528682144485</msisdn><serviceCode>CD01</serviceCode></ns1:retrieveSubscriber></SOAP-ENV:Body></SOAP-ENV:Envelope>

21:55:38 - XMLReceived|<?xml version='1.0' encoding='UTF-8'?><S:Envelope xmlns:S="http://schemas.xmlsoap.org/soap/envelope/"><S:Body><ns2:retrieveSubscriberResponse xmlns:ns2="http://ws.mcds.smb.ericsson.com/" xmlns:ns3="http://ws.sig.smb.ericsson.com/"><return><subMarketId>IDEN</subMarketId><countryId>Mexico</countryId></return></ns2:retrieveSubscriberResponse></S:Body></S:Envelope>
22:13:05 - H=1553|OP=[retrieveSubscriber]---------------------------------------------------------
22:13:05 - Target|https://sdpvas.nexteldata.com.mx:8443/SmdbWebService/subscriber?wsdl
22:13:05 - XMLSent|<?xml version="1.0" encoding="UTF-8"?>
<SOAP-ENV:Envelope xmlns:SOAP-ENV="http://schemas.xmlsoap.org/soap/envelope/" xmlns:ns1="http://ws.sig.smb.ericsson.com/" xmlns:ns2="http://docs.oasis-open.org/wss/2004/01/oasis-200401-wss-wssecurity-secext-1.0.xsd"><SOAP-ENV:Header><wsse:Security xmlns:wsse="http://docs.oasis-open.org/wss/2004/01/oasis-200401-wss-wssecurity-secext-1.0.xsd">
                                            <wsse:UsernameToken xmlns:wsu="http://docs.oasis-open.org/wss/2004/01/oasis-200401-wss-wssecurity-utility-1.0.xsd">
                                                   	<wsse:Username>WEBMAPS_MX</wsse:Username>
							<wsse:Password>pay@webmaps</wsse:Password>
							<wsu:Created>2015-04-20T18:08:49.909Z</wsu:Created>
                                            </wsse:UsernameToken>
                                            </wsse:Security></SOAP-ENV:Header><SOAP-ENV:Body><ns1:retrieveSubscriber><msisdn>528118065372</msisdn><serviceCode>CD01</serviceCode></ns1:retrieveSubscriber></SOAP-ENV:Body></SOAP-ENV:Envelope>

22:13:05 - XMLReceived|<?xml version='1.0' encoding='UTF-8'?><S:Envelope xmlns:S="http://schemas.xmlsoap.org/soap/envelope/"><S:Body><ns2:retrieveSubscriberResponse xmlns:ns2="http://ws.mcds.smb.ericsson.com/" xmlns:ns3="http://ws.sig.smb.ericsson.com/"><return><subMarketId>IDEN</subMarketId><paymentMethodList>1</paymentMethodList><countryId>Mexico</countryId></return></ns2:retrieveSubscriberResponse></S:Body></S:Envelope>
22:13:07 - H=1553|OP=[amountCharging]---------------------------------------------------------
22:13:07 - Target|https://sdpvas.nexteldata.com.mx:7443/parlayx-payment/services/AmountChargingService?wsdl
22:13:07 - XMLSent|
22:13:07 - XMLReceived|
22:13:09 - H=1553|OP=[retrieveSubscriber]---------------------------------------------------------
22:13:09 - Target|https://sdpvas.nexteldata.com.mx:8443/SmdbWebService/subscriber?wsdl
22:13:09 - XMLSent|<?xml version="1.0" encoding="UTF-8"?>
<SOAP-ENV:Envelope xmlns:SOAP-ENV="http://schemas.xmlsoap.org/soap/envelope/" xmlns:ns1="http://ws.sig.smb.ericsson.com/" xmlns:ns2="http://docs.oasis-open.org/wss/2004/01/oasis-200401-wss-wssecurity-secext-1.0.xsd"><SOAP-ENV:Header><wsse:Security xmlns:wsse="http://docs.oasis-open.org/wss/2004/01/oasis-200401-wss-wssecurity-secext-1.0.xsd">
                                            <wsse:UsernameToken xmlns:wsu="http://docs.oasis-open.org/wss/2004/01/oasis-200401-wss-wssecurity-utility-1.0.xsd">
                                                   	<wsse:Username>WEBMAPS_MX</wsse:Username>
							<wsse:Password>pay@webmaps</wsse:Password>
							<wsu:Created>2015-04-20T18:08:49.909Z</wsu:Created>
                                            </wsse:UsernameToken>
                                            </wsse:Security></SOAP-ENV:Header><SOAP-ENV:Body><ns1:retrieveSubscriber><msisdn>528118065372</msisdn><serviceCode>CD01</serviceCode></ns1:retrieveSubscriber></SOAP-ENV:Body></SOAP-ENV:Envelope>

22:13:09 - XMLReceived|<?xml version='1.0' encoding='UTF-8'?><S:Envelope xmlns:S="http://schemas.xmlsoap.org/soap/envelope/"><S:Body><ns2:retrieveSubscriberResponse xmlns:ns2="http://ws.mcds.smb.ericsson.com/" xmlns:ns3="http://ws.sig.smb.ericsson.com/"><return><subMarketId>IDEN</subMarketId><paymentMethodList>1</paymentMethodList><countryId>Mexico</countryId></return></ns2:retrieveSubscriberResponse></S:Body></S:Envelope>
22:13:11 - H=1553|OP=[amountCharging]---------------------------------------------------------
22:13:11 - Target|https://sdpvas.nexteldata.com.mx:7443/parlayx-payment/services/AmountChargingService?wsdl
22:13:11 - XMLSent|
22:13:11 - XMLReceived|
22:20:19 - H=3369|OP=[retrieveSubscriber]---------------------------------------------------------
22:20:19 - Target|https://sdpvas.nexteldata.com.mx:8443/SmdbWebService/subscriber?wsdl
22:20:19 - XMLSent|<?xml version="1.0" encoding="UTF-8"?>
<SOAP-ENV:Envelope xmlns:SOAP-ENV="http://schemas.xmlsoap.org/soap/envelope/" xmlns:ns1="http://ws.sig.smb.ericsson.com/" xmlns:ns2="http://docs.oasis-open.org/wss/2004/01/oasis-200401-wss-wssecurity-secext-1.0.xsd"><SOAP-ENV:Header><wsse:Security xmlns:wsse="http://docs.oasis-open.org/wss/2004/01/oasis-200401-wss-wssecurity-secext-1.0.xsd">
                                            <wsse:UsernameToken xmlns:wsu="http://docs.oasis-open.org/wss/2004/01/oasis-200401-wss-wssecurity-utility-1.0.xsd">
                                                   	<wsse:Username>WEBMAPS_MX</wsse:Username>
							<wsse:Password>pay@webmaps</wsse:Password>
							<wsu:Created>2015-04-20T18:08:49.909Z</wsu:Created>
                                            </wsse:UsernameToken>
                                            </wsse:Security></SOAP-ENV:Header><SOAP-ENV:Body><ns1:retrieveSubscriber><msisdn>528671091721</msisdn><serviceCode>CD01</serviceCode></ns1:retrieveSubscriber></SOAP-ENV:Body></SOAP-ENV:Envelope>

22:20:19 - XMLReceived|<?xml version='1.0' encoding='UTF-8'?><S:Envelope xmlns:S="http://schemas.xmlsoap.org/soap/envelope/"><S:Body><ns2:retrieveSubscriberResponse xmlns:ns2="http://ws.mcds.smb.ericsson.com/" xmlns:ns3="http://ws.sig.smb.ericsson.com/"><return><subMarketId>IDEN</subMarketId><paymentMethodList>1</paymentMethodList><countryId>Mexico</countryId></return></ns2:retrieveSubscriberResponse></S:Body></S:Envelope>
22:20:21 - H=3369|OP=[amountCharging]---------------------------------------------------------
22:20:21 - Target|https://sdpvas.nexteldata.com.mx:7443/parlayx-payment/services/AmountChargingService?wsdl
22:20:21 - XMLSent|
22:20:21 - XMLReceived|
22:57:26 - H=3370|OP=[retrieveSubscriber]---------------------------------------------------------
22:57:26 - Target|https://sdpvas.nexteldata.com.mx:8443/SmdbWebService/subscriber?wsdl
22:57:26 - XMLSent|<?xml version="1.0" encoding="UTF-8"?>
<SOAP-ENV:Envelope xmlns:SOAP-ENV="http://schemas.xmlsoap.org/soap/envelope/" xmlns:ns1="http://ws.sig.smb.ericsson.com/" xmlns:ns2="http://docs.oasis-open.org/wss/2004/01/oasis-200401-wss-wssecurity-secext-1.0.xsd"><SOAP-ENV:Header><wsse:Security xmlns:wsse="http://docs.oasis-open.org/wss/2004/01/oasis-200401-wss-wssecurity-secext-1.0.xsd">
                                            <wsse:UsernameToken xmlns:wsu="http://docs.oasis-open.org/wss/2004/01/oasis-200401-wss-wssecurity-utility-1.0.xsd">
                                                   	<wsse:Username>WEBMAPS_MX</wsse:Username>
							<wsse:Password>pay@webmaps</wsse:Password>
							<wsu:Created>2015-04-20T18:08:49.909Z</wsu:Created>
                                            </wsse:UsernameToken>
                                            </wsse:Security></SOAP-ENV:Header><SOAP-ENV:Body><ns1:retrieveSubscriber><msisdn>524621883972</msisdn><serviceCode>CD01</serviceCode></ns1:retrieveSubscriber></SOAP-ENV:Body></SOAP-ENV:Envelope>

22:57:26 - XMLReceived|<?xml version='1.0' encoding='UTF-8'?><S:Envelope xmlns:S="http://schemas.xmlsoap.org/soap/envelope/"><S:Body><ns2:retrieveSubscriberResponse xmlns:ns2="http://ws.mcds.smb.ericsson.com/" xmlns:ns3="http://ws.sig.smb.ericsson.com/"><return><subMarketId>3G</subMarketId><paymentMethodList>2</paymentMethodList><countryId>Mexico</countryId></return></ns2:retrieveSubscriberResponse></S:Body></S:Envelope>
22:57:28 - H=3370|OP=[amountCharging]---------------------------------------------------------
22:57:28 - Target|https://sdpvas.nexteldata.com.mx:7443/parlayx-payment/services/AmountChargingService?wsdl
22:57:28 - XMLSent|
22:57:28 - XMLReceived|
