02:26:47 - OP|H=|Client=201.175.130.92-------------------------------------------------------|notifySCReception
02:26:47 - 17/06/2015 02:26:47: |Correlator: 425276_ | message: mensaje de iAlarm | senderAddress: 528118041459 | smsServiceActivationNumber: 425276
02:26:47 - BD|H=528118041459|El equipo ya existe en BD|notifySmsReception
02:26:47 - BD|H=528118041459|Contrato por evento|Procesando cobro|notifySmsReception
02:26:48 - OP|H=|Client=201.175.130.92-------------------------------------------------------|notifySCReception
02:26:48 - 17/06/2015 02:26:48: |Correlator: 425276_ | message: mensaje de iAlarm | senderAddress: 528118041459 | smsServiceActivationNumber: 425276
02:26:48 - BD|H=528118041459|El equipo ya existe en BD|notifySmsReception
02:26:48 - BD|H=528118041459|Contrato por evento|Procesando cobro|notifySmsReception
08:48:51 - OP|H=|Client=201.175.130.92-------------------------------------------------------|notifySCReception
08:48:51 - 17/06/2015 08:48:51: |Correlator: 425276_ | message: mensaje de iAlarm | senderAddress: 525544160600 | smsServiceActivationNumber: 425276
08:48:51 - BD|H=525544160600|El equipo no existe en BD|notifySmsReception
08:48:51 - BD|H=525544160600|Guardando equipo en BD en BD|notifySmsReception
08:48:51 - BD|OK|PTN=525544160600|Guardando equipo en base de datos|saveHandsetSC
08:48:51 - BD|OK|H=3442|PTN=525544160600|Equipo guardado correctamente|saveHandsetSC
08:48:51 - BD|OK|H=3442|PTN=525544160600|Guardando en dat_estatuspayment|saveHandsetSC
08:48:51 - BD|OK|H=3442|PTN=525544160600|Guardado en dat_estatuspayment correctamente|saveHandsetSC
08:48:51 - BD|H=525544160600|ID=3442|Equipo guardado correctamente en BD|notifySmsReception
08:48:51 - OP|H=|Client=201.175.130.92-------------------------------------------------------|notifySCReception
08:48:51 - 17/06/2015 08:48:51: |Correlator: 425276_ | message: mensaje de iAlarm | senderAddress: 525544160600 | smsServiceActivationNumber: 425276
08:48:51 - BD|H=525544160600|El equipo ya existe en BD|notifySmsReception
08:48:51 - BD|H=525544160600|Contrato por evento|Procesando cobro|notifySmsReception
09:16:22 - OP|H=|Client=201.175.130.92-------------------------------------------------------|notifySCReception
09:16:22 - 17/06/2015 09:16:22: |Correlator: 425276_ | message: mensaje de iAlarm | senderAddress: 525510407676 | smsServiceActivationNumber: 425276
09:16:22 - BD|H=525510407676|El equipo no existe en BD|notifySmsReception
09:16:22 - BD|H=525510407676|Guardando equipo en BD en BD|notifySmsReception
09:16:22 - BD|OK|PTN=525510407676|Guardando equipo en base de datos|saveHandsetSC
09:16:22 - BD|OK|H=3443|PTN=525510407676|Equipo guardado correctamente|saveHandsetSC
09:16:22 - BD|OK|H=3443|PTN=525510407676|Guardando en dat_estatuspayment|saveHandsetSC
09:16:22 - BD|OK|H=3443|PTN=525510407676|Guardado en dat_estatuspayment correctamente|saveHandsetSC
09:16:22 - BD|H=525510407676|ID=3443|Equipo guardado correctamente en BD|notifySmsReception
09:16:22 - OP|H=|Client=201.175.130.92-------------------------------------------------------|notifySCReception
09:16:22 - 17/06/2015 09:16:22: |Correlator: 425276_ | message: mensaje de iAlarm | senderAddress: 525510407676 | smsServiceActivationNumber: 425276
09:16:22 - BD|H=525510407676|El equipo ya existe en BD|notifySmsReception
09:16:22 - BD|H=525510407676|Contrato por evento|Procesando cobro|notifySmsReception
09:22:00 - OP|H=|Client=201.175.130.92-------------------------------------------------------|notifySCReception
09:22:00 - 17/06/2015 09:22:00: |Correlator: 425276_ | message: mensaje de iAlarm | senderAddress: 525546198365 | smsServiceActivationNumber: 425276
09:22:00 - BD|H=525546198365|El equipo no existe en BD|notifySmsReception
09:22:00 - BD|H=525546198365|Guardando equipo en BD en BD|notifySmsReception
09:22:00 - BD|OK|PTN=525546198365|Guardando equipo en base de datos|saveHandsetSC
09:22:00 - BD|OK|H=3444|PTN=525546198365|Equipo guardado correctamente|saveHandsetSC
09:22:00 - BD|OK|H=3444|PTN=525546198365|Guardando en dat_estatuspayment|saveHandsetSC
09:22:00 - BD|OK|H=3444|PTN=525546198365|Guardado en dat_estatuspayment correctamente|saveHandsetSC
09:22:00 - BD|H=525546198365|ID=3444|Equipo guardado correctamente en BD|notifySmsReception
09:22:00 - OP|H=|Client=201.175.130.92-------------------------------------------------------|notifySCReception
09:22:00 - 17/06/2015 09:22:00: |Correlator: 425276_ | message: mensaje de iAlarm | senderAddress: 525546198365 | smsServiceActivationNumber: 425276
09:22:00 - BD|H=525546198365|El equipo ya existe en BD|notifySmsReception
09:22:00 - BD|H=525546198365|Contrato por evento|Procesando cobro|notifySmsReception
09:23:36 - OP|H=|Client=201.175.130.92-------------------------------------------------------|notifySCReception
09:23:36 - 17/06/2015 09:23:36: |Correlator: 425276_ | message: mensaje de iAlarm | senderAddress: 524423914846 | smsServiceActivationNumber: 425276
09:23:36 - BD|H=524423914846|El equipo no existe en BD|notifySmsReception
09:23:36 - BD|H=524423914846|Guardando equipo en BD en BD|notifySmsReception
09:23:36 - BD|OK|PTN=524423914846|Guardando equipo en base de datos|saveHandsetSC
09:23:36 - BD|OK|H=3445|PTN=524423914846|Equipo guardado correctamente|saveHandsetSC
09:23:36 - BD|OK|H=3445|PTN=524423914846|Guardando en dat_estatuspayment|saveHandsetSC
09:23:36 - BD|OK|H=3445|PTN=524423914846|Guardado en dat_estatuspayment correctamente|saveHandsetSC
09:23:36 - BD|H=524423914846|ID=3445|Equipo guardado correctamente en BD|notifySmsReception
09:23:36 - OP|H=|Client=201.175.130.92-------------------------------------------------------|notifySCReception
09:23:36 - 17/06/2015 09:23:36: |Correlator: 425276_ | message: mensaje de iAlarm | senderAddress: 524423914846 | smsServiceActivationNumber: 425276
09:23:36 - BD|H=524423914846|El equipo ya existe en BD|notifySmsReception
09:23:36 - BD|H=524423914846|Contrato por evento|Procesando cobro|notifySmsReception
10:03:40 - OP|H=|Client=201.175.130.92-------------------------------------------------------|notifySCReception
10:03:40 - 17/06/2015 10:03:40: |Correlator: 425276_ | message: mensaje de iAlarm | senderAddress: 528672045912 | smsServiceActivationNumber: 425276
10:03:40 - BD|H=528672045912|El equipo ya existe en BD|notifySmsReception
10:03:40 - BD|H=528672045912|Contrato por evento|Procesando cobro|notifySmsReception
10:03:40 - OP|H=|Client=201.175.130.92-------------------------------------------------------|notifySCReception
10:03:40 - 17/06/2015 10:03:40: |Correlator: 425276_ | message: mensaje de iAlarm | senderAddress: 528672045912 | smsServiceActivationNumber: 425276
10:03:40 - BD|H=528672045912|El equipo ya existe en BD|notifySmsReception
10:03:40 - BD|H=528672045912|Contrato por evento|Procesando cobro|notifySmsReception
10:15:02 - OP|H=|Client=201.175.130.92-------------------------------------------------------|notifySCReception
10:15:02 - 17/06/2015 10:15:02: |Correlator: 425276_ | message: mensaje de iAlarm | senderAddress: 525545969431 | smsServiceActivationNumber: 425276
10:15:02 - BD|H=525545969431|El equipo no existe en BD|notifySmsReception
10:15:02 - BD|H=525545969431|Guardando equipo en BD en BD|notifySmsReception
10:15:02 - BD|OK|PTN=525545969431|Guardando equipo en base de datos|saveHandsetSC
10:15:02 - BD|OK|H=3446|PTN=525545969431|Equipo guardado correctamente|saveHandsetSC
10:15:02 - BD|OK|H=3446|PTN=525545969431|Guardando en dat_estatuspayment|saveHandsetSC
10:15:02 - BD|OK|H=3446|PTN=525545969431|Guardado en dat_estatuspayment correctamente|saveHandsetSC
10:15:02 - BD|H=525545969431|ID=3446|Equipo guardado correctamente en BD|notifySmsReception
10:15:03 - OP|H=|Client=201.175.130.92-------------------------------------------------------|notifySCReception
10:15:03 - 17/06/2015 10:15:03: |Correlator: 425276_ | message: mensaje de iAlarm | senderAddress: 525545969431 | smsServiceActivationNumber: 425276
10:15:03 - BD|H=525545969431|El equipo ya existe en BD|notifySmsReception
10:15:03 - BD|H=525545969431|Contrato por evento|Procesando cobro|notifySmsReception
10:51:52 - OP|H=|Client=201.175.130.92-------------------------------------------------------|notifySCReception
10:51:52 - 17/06/2015 10:51:52: |Correlator: 425276_ | message: mensaje de iAlarm | senderAddress: 525510891093 | smsServiceActivationNumber: 425276
10:51:52 - BD|H=525510891093|El equipo ya existe en BD|notifySmsReception
10:51:52 - BD|H=525510891093|Contrato por evento|Procesando cobro|notifySmsReception
10:51:53 - OP|H=|Client=201.175.130.92-------------------------------------------------------|notifySCReception
10:51:53 - 17/06/2015 10:51:53: |Correlator: 425276_ | message: mensaje de iAlarm | senderAddress: 525510891093 | smsServiceActivationNumber: 425276
10:51:53 - BD|H=525510891093|El equipo ya existe en BD|notifySmsReception
10:51:53 - BD|H=525510891093|Contrato por evento|Procesando cobro|notifySmsReception
11:10:48 - OP|H=|Client=201.175.130.92-------------------------------------------------------|notifySCReception
11:10:48 - 17/06/2015 11:10:48: |Correlator: 425276_ | message: mensaje de iAlarm | senderAddress: 525545969431 | smsServiceActivationNumber: 425276
11:10:48 - BD|H=525545969431|El equipo ya existe en BD|notifySmsReception
11:10:48 - BD|H=525545969431|Contrato por evento|Procesando cobro|notifySmsReception
11:10:48 - OP|H=|Client=201.175.130.92-------------------------------------------------------|notifySCReception
11:10:48 - 17/06/2015 11:10:48: |Correlator: 425276_ | message: mensaje de iAlarm | senderAddress: 525545969431 | smsServiceActivationNumber: 425276
11:10:48 - BD|H=525545969431|El equipo ya existe en BD|notifySmsReception
11:10:48 - BD|H=525545969431|Contrato por evento|Procesando cobro|notifySmsReception
11:32:53 - OP|H=|Client=201.175.130.92-------------------------------------------------------|notifySCReception
11:32:53 - 17/06/2015 11:32:53: |Correlator: 425276_ | message: mensaje de iAlarm | senderAddress: 528118065372 | smsServiceActivationNumber: 425276
11:32:53 - BD|H=528118065372|El equipo ya existe en BD|notifySmsReception
11:32:53 - BD|H=528118065372|Contrato por evento|Procesando cobro|notifySmsReception
11:32:53 - OP|H=|Client=201.175.130.92-------------------------------------------------------|notifySCReception
11:32:53 - 17/06/2015 11:32:53: |Correlator: 425276_ | message: mensaje de iAlarm | senderAddress: 528118065372 | smsServiceActivationNumber: 425276
11:32:53 - BD|H=528118065372|El equipo ya existe en BD|notifySmsReception
11:32:53 - BD|H=528118065372|Contrato por evento|Procesando cobro|notifySmsReception
12:38:37 - OP|H=|Client=201.175.130.92-------------------------------------------------------|notifySCReception
12:38:37 - 17/06/2015 12:38:37: |Correlator: 425276_ | message: mensaje de iAlarm | senderAddress: 528121495130 | smsServiceActivationNumber: 425276
12:38:37 - BD|H=528121495130|El equipo no existe en BD|notifySmsReception
12:38:37 - BD|H=528121495130|Guardando equipo en BD en BD|notifySmsReception
12:38:37 - BD|OK|PTN=528121495130|Guardando equipo en base de datos|saveHandsetSC
12:38:37 - BD|OK|H=3447|PTN=528121495130|Equipo guardado correctamente|saveHandsetSC
12:38:37 - BD|OK|H=3447|PTN=528121495130|Guardando en dat_estatuspayment|saveHandsetSC
12:38:37 - BD|OK|H=3447|PTN=528121495130|Guardado en dat_estatuspayment correctamente|saveHandsetSC
12:38:37 - BD|H=528121495130|ID=3447|Equipo guardado correctamente en BD|notifySmsReception
12:38:37 - OP|H=|Client=201.175.130.92-------------------------------------------------------|notifySCReception
12:38:37 - 17/06/2015 12:38:37: |Correlator: 425276_ | message: mensaje de iAlarm | senderAddress: 528121495130 | smsServiceActivationNumber: 425276
12:38:37 - BD|H=528121495130|El equipo ya existe en BD|notifySmsReception
12:38:37 - BD|H=528121495130|Contrato por evento|Procesando cobro|notifySmsReception
13:15:55 - OP|H=|Client=201.175.130.92-------------------------------------------------------|notifySCReception
13:15:55 - 17/06/2015 13:15:55: |Correlator: 425276_ | message: mensaje de iAlarm | senderAddress: 523316682050 | smsServiceActivationNumber: 425276
13:15:55 - BD|H=523316682050|El equipo no existe en BD|notifySmsReception
13:15:55 - BD|H=523316682050|Guardando equipo en BD en BD|notifySmsReception
13:15:55 - BD|OK|PTN=523316682050|Guardando equipo en base de datos|saveHandsetSC
13:15:55 - BD|OK|H=3448|PTN=523316682050|Equipo guardado correctamente|saveHandsetSC
13:15:55 - BD|OK|H=3448|PTN=523316682050|Guardando en dat_estatuspayment|saveHandsetSC
13:15:55 - BD|OK|H=3448|PTN=523316682050|Guardado en dat_estatuspayment correctamente|saveHandsetSC
13:15:55 - BD|H=523316682050|ID=3448|Equipo guardado correctamente en BD|notifySmsReception
13:15:55 - OP|H=|Client=201.175.130.92-------------------------------------------------------|notifySCReception
13:15:55 - 17/06/2015 13:15:55: |Correlator: 425276_ | message: mensaje de iAlarm | senderAddress: 523316682050 | smsServiceActivationNumber: 425276
13:15:55 - BD|H=523316682050|El equipo ya existe en BD|notifySmsReception
13:15:55 - BD|H=523316682050|Contrato por evento|Procesando cobro|notifySmsReception
15:09:22 - OP|H=|Client=201.175.130.92-------------------------------------------------------|notifySCReception
15:09:22 - 17/06/2015 15:09:22: |Correlator: 425276_ | message: mensaje de iAlarm | senderAddress: 525544203396 | smsServiceActivationNumber: 425276
15:09:22 - BD|H=525544203396|El equipo no existe en BD|notifySmsReception
15:09:22 - BD|H=525544203396|Guardando equipo en BD en BD|notifySmsReception
15:09:22 - BD|OK|PTN=525544203396|Guardando equipo en base de datos|saveHandsetSC
15:09:22 - BD|OK|H=3449|PTN=525544203396|Equipo guardado correctamente|saveHandsetSC
15:09:22 - BD|OK|H=3449|PTN=525544203396|Guardando en dat_estatuspayment|saveHandsetSC
15:09:22 - BD|OK|H=3449|PTN=525544203396|Guardado en dat_estatuspayment correctamente|saveHandsetSC
15:09:22 - BD|H=525544203396|ID=3449|Equipo guardado correctamente en BD|notifySmsReception
15:09:22 - OP|H=|Client=201.175.130.92-------------------------------------------------------|notifySCReception
15:09:22 - 17/06/2015 15:09:22: |Correlator: 425276_ | message: mensaje de iAlarm | senderAddress: 525544203396 | smsServiceActivationNumber: 425276
15:09:22 - BD|H=525544203396|El equipo ya existe en BD|notifySmsReception
15:09:22 - BD|H=525544203396|Contrato por evento|Procesando cobro|notifySmsReception
16:26:31 - OP|H=|Client=201.175.130.92-------------------------------------------------------|notifySCReception
16:26:31 - 17/06/2015 16:26:31: |Correlator: 425276_ | message: mensaje de iAlarm | senderAddress: 528189994790 | smsServiceActivationNumber: 425276
16:26:31 - BD|H=528189994790|El equipo no existe en BD|notifySmsReception
16:26:31 - BD|H=528189994790|Guardando equipo en BD en BD|notifySmsReception
16:26:31 - BD|OK|PTN=528189994790|Guardando equipo en base de datos|saveHandsetSC
16:26:31 - BD|OK|H=3450|PTN=528189994790|Equipo guardado correctamente|saveHandsetSC
16:26:31 - BD|OK|H=3450|PTN=528189994790|Guardando en dat_estatuspayment|saveHandsetSC
16:26:31 - BD|OK|H=3450|PTN=528189994790|Guardado en dat_estatuspayment correctamente|saveHandsetSC
16:26:31 - BD|H=528189994790|ID=3450|Equipo guardado correctamente en BD|notifySmsReception
16:26:31 - OP|H=|Client=201.175.130.92-------------------------------------------------------|notifySCReception
16:26:31 - 17/06/2015 16:26:31: |Correlator: 425276_ | message: mensaje de iAlarm | senderAddress: 528189994790 | smsServiceActivationNumber: 425276
16:26:31 - BD|H=528189994790|El equipo ya existe en BD|notifySmsReception
16:26:31 - BD|H=528189994790|Contrato por evento|Procesando cobro|notifySmsReception
16:50:49 - OP|H=|Client=201.175.130.92-------------------------------------------------------|notifySCReception
16:50:49 - 17/06/2015 16:50:49: |Correlator: 425276_ | message: mensaje de iAlarm | senderAddress: 524641211201 | smsServiceActivationNumber: 425276
16:50:49 - BD|H=524641211201|El equipo ya existe en BD|notifySmsReception
16:50:49 - BD|H=524641211201|Contrato por evento|Procesando cobro|notifySmsReception
16:50:49 - OP|H=|Client=201.175.130.92-------------------------------------------------------|notifySCReception
16:50:49 - 17/06/2015 16:50:49: |Correlator: 425276_ | message: mensaje de iAlarm | senderAddress: 524641211201 | smsServiceActivationNumber: 425276
16:50:49 - BD|H=524641211201|El equipo ya existe en BD|notifySmsReception
16:50:49 - BD|H=524641211201|Contrato por evento|Procesando cobro|notifySmsReception
17:21:44 - OP|H=|Client=201.175.130.92-------------------------------------------------------|notifySCReception
17:21:44 - 17/06/2015 17:21:44: |Correlator: 425276_ | message: mensaje de iAlarm | senderAddress: 524432797290 | smsServiceActivationNumber: 425276
17:21:44 - BD|H=524432797290|El equipo no existe en BD|notifySmsReception
17:21:44 - BD|H=524432797290|Guardando equipo en BD en BD|notifySmsReception
17:21:44 - BD|OK|PTN=524432797290|Guardando equipo en base de datos|saveHandsetSC
17:21:44 - BD|OK|H=3451|PTN=524432797290|Equipo guardado correctamente|saveHandsetSC
17:21:44 - BD|OK|H=3451|PTN=524432797290|Guardando en dat_estatuspayment|saveHandsetSC
17:21:44 - BD|OK|H=3451|PTN=524432797290|Guardado en dat_estatuspayment correctamente|saveHandsetSC
17:21:44 - BD|H=524432797290|ID=3451|Equipo guardado correctamente en BD|notifySmsReception
17:21:45 - OP|H=|Client=201.175.130.92-------------------------------------------------------|notifySCReception
17:21:45 - 17/06/2015 17:21:45: |Correlator: 425276_ | message: mensaje de iAlarm | senderAddress: 524432797290 | smsServiceActivationNumber: 425276
17:21:45 - BD|H=524432797290|El equipo ya existe en BD|notifySmsReception
17:21:45 - BD|H=524432797290|Contrato por evento|Procesando cobro|notifySmsReception
20:14:51 - OP|H=|Client=201.175.130.92-------------------------------------------------------|notifySCReception
20:14:51 - 17/06/2015 20:14:51: |Correlator: 425276_ | message: mensaje de iAlarm | senderAddress: 526644402879 | smsServiceActivationNumber: 425276
20:14:51 - BD|H=526644402879|El equipo no existe en BD|notifySmsReception
20:14:51 - BD|H=526644402879|Guardando equipo en BD en BD|notifySmsReception
20:14:51 - BD|OK|PTN=526644402879|Guardando equipo en base de datos|saveHandsetSC
20:14:51 - BD|OK|H=3452|PTN=526644402879|Equipo guardado correctamente|saveHandsetSC
20:14:51 - BD|OK|H=3452|PTN=526644402879|Guardando en dat_estatuspayment|saveHandsetSC
20:14:51 - BD|OK|H=3452|PTN=526644402879|Guardado en dat_estatuspayment correctamente|saveHandsetSC
20:14:51 - BD|H=526644402879|ID=3452|Equipo guardado correctamente en BD|notifySmsReception
20:14:51 - OP|H=|Client=201.175.130.92-------------------------------------------------------|notifySCReception
20:14:51 - 17/06/2015 20:14:51: |Correlator: 425276_ | message: mensaje de iAlarm | senderAddress: 526644402879 | smsServiceActivationNumber: 425276
20:14:51 - BD|H=526644402879|El equipo ya existe en BD|notifySmsReception
20:14:51 - BD|H=526644402879|Contrato por evento|Procesando cobro|notifySmsReception
22:00:24 - OP|H=|Client=201.175.130.92-------------------------------------------------------|notifySCReception
22:00:24 - 17/06/2015 22:00:24: |Correlator: 425276_ | message: mensaje de iAlarm | senderAddress: 529993052331 | smsServiceActivationNumber: 425276
22:00:24 - BD|H=529993052331|El equipo no existe en BD|notifySmsReception
22:00:24 - BD|H=529993052331|Guardando equipo en BD en BD|notifySmsReception
22:00:24 - BD|OK|PTN=529993052331|Guardando equipo en base de datos|saveHandsetSC
22:00:24 - BD|OK|H=3453|PTN=529993052331|Equipo guardado correctamente|saveHandsetSC
22:00:24 - BD|OK|H=3453|PTN=529993052331|Guardando en dat_estatuspayment|saveHandsetSC
22:00:24 - BD|OK|H=3453|PTN=529993052331|Guardado en dat_estatuspayment correctamente|saveHandsetSC
22:00:24 - BD|H=529993052331|ID=3453|Equipo guardado correctamente en BD|notifySmsReception
22:00:24 - OP|H=|Client=201.175.130.92-------------------------------------------------------|notifySCReception
22:00:24 - 17/06/2015 22:00:24: |Correlator: 425276_ | message: mensaje de iAlarm | senderAddress: 529993052331 | smsServiceActivationNumber: 425276
22:00:24 - BD|H=529993052331|El equipo ya existe en BD|notifySmsReception
22:00:24 - BD|H=529993052331|Contrato por evento|Procesando cobro|notifySmsReception
22:31:14 - OP|H=|Client=201.175.130.92-------------------------------------------------------|notifySCReception
22:31:14 - 17/06/2015 22:31:14: |Correlator: 425276_ | message: mensaje de iAlarm | senderAddress: 528114762277 | smsServiceActivationNumber: 425276
22:31:14 - BD|H=528114762277|El equipo no existe en BD|notifySmsReception
22:31:14 - BD|H=528114762277|Guardando equipo en BD en BD|notifySmsReception
22:31:14 - BD|OK|PTN=528114762277|Guardando equipo en base de datos|saveHandsetSC
22:31:14 - BD|OK|H=3454|PTN=528114762277|Equipo guardado correctamente|saveHandsetSC
22:31:14 - BD|OK|H=3454|PTN=528114762277|Guardando en dat_estatuspayment|saveHandsetSC
22:31:14 - BD|OK|H=3454|PTN=528114762277|Guardado en dat_estatuspayment correctamente|saveHandsetSC
22:31:14 - BD|H=528114762277|ID=3454|Equipo guardado correctamente en BD|notifySmsReception
22:31:14 - OP|H=|Client=201.175.130.92-------------------------------------------------------|notifySCReception
22:31:14 - 17/06/2015 22:31:14: |Correlator: 425276_ | message: mensaje de iAlarm | senderAddress: 528114762277 | smsServiceActivationNumber: 425276
22:31:14 - BD|H=528114762277|El equipo ya existe en BD|notifySmsReception
22:31:14 - BD|H=528114762277|Contrato por evento|Procesando cobro|notifySmsReception
