08:04:39 - OP|H=|Client=201.175.130.92-------------------------------------------------------|notifySCReception
08:04:39 - 14/06/2015 08:04:39: |Correlator: 425276_ | message: mensaje de iAlarm | senderAddress: 525562933274 | smsServiceActivationNumber: 425276
08:04:39 - BD|H=525562933274|El equipo no existe en BD|notifySmsReception
08:04:39 - BD|H=525562933274|Guardando equipo en BD en BD|notifySmsReception
08:04:39 - BD|OK|PTN=525562933274|Guardando equipo en base de datos|saveHandsetSC
08:04:39 - BD|OK|H=3394|PTN=525562933274|Equipo guardado correctamente|saveHandsetSC
08:04:39 - BD|OK|H=3394|PTN=525562933274|Guardando en dat_estatuspayment|saveHandsetSC
08:04:39 - BD|OK|H=3394|PTN=525562933274|Guardado en dat_estatuspayment correctamente|saveHandsetSC
08:04:39 - BD|H=525562933274|ID=3394|Equipo guardado correctamente en BD|notifySmsReception
08:04:40 - OP|H=|Client=201.175.130.92-------------------------------------------------------|notifySCReception
08:04:40 - 14/06/2015 08:04:40: |Correlator: 425276_ | message: mensaje de iAlarm | senderAddress: 525562933274 | smsServiceActivationNumber: 425276
08:04:40 - BD|H=525562933274|El equipo ya existe en BD|notifySmsReception
08:04:40 - BD|H=525562933274|Contrato por evento|Procesando cobro|notifySmsReception
08:04:40 - OP|H=3394|PTN=525562933274|Aplicando cargo|aplyCharge
08:04:40 - H=3394|PTN=525562933274|CD01-Obteniendo informacion [retrieveSubscriber]|sendChargeMount
08:04:41 - H=3394|PTN=525562933274|CD01-Informacion [retrieveSubscriber] obtenida correctamente|paymentMethod=1,submarket=IDEN|sendChargeMount
08:04:41 - H=3394|PTN=525562933274|3GLTE-CD01-Ejecutando operacion [amountCharging] con CD01|_3GLTEFlow
08:04:44 - H=3394|PTN=525562933274|3GLTE-CD01-Operacion [amountCharging] efectuada correctamente|_3GLTEFlow
08:04:44 - H=3394|Actualizando contador de transacciones|transactionId=84|sendChargeMount
08:04:44 - H=3394|PTN=525562933274|BD|Contador de transacciones actualizado correctamente|transactionId=84|sendChargeMount
08:04:44 - BD|H=3394|PTN=525562933274|Actualizando estatus de cobro EXITOSO|_charge|SubmarketType=IDEN,PaymentMethod=
08:04:44 - BD|H=3394|PTN=525562933274|Estatus de cobro actualizado correctamente|_charge
08:04:44 - WS|H=3394|PTN=525562933274|Cobro [POR EVENTO] efectuado|_charge
08:04:44 - H=3394|PTN=525562933274|Guardando cobro en historico|_charge
08:04:44 - H=3394|PTN=525562933274|Cobro guardado en historico correctamente|_charge
08:04:44 - H=3394|PTN=525562933274|Actualizando SubmarketType y PaymentMethod|_charge
08:04:44 - ERR|BD|H=3394|PTN=525562933274|Actualizando SubmarketType y PaymentMethod|_charge
08:04:44 - OP|OK|H=3394|PTN=525562933274|Cargo aplicado correctamente|aplyCharge
08:31:46 - OP|H=|Client=201.175.130.92-------------------------------------------------------|notifySCReception
08:31:46 - 14/06/2015 08:31:46: |Correlator: 425276_ | message: mensaje de iAlarm | senderAddress: 527225826069 | smsServiceActivationNumber: 425276
08:31:46 - BD|H=527225826069|El equipo no existe en BD|notifySmsReception
08:31:46 - BD|H=527225826069|Guardando equipo en BD en BD|notifySmsReception
08:31:46 - BD|OK|PTN=527225826069|Guardando equipo en base de datos|saveHandsetSC
08:31:46 - BD|OK|H=3395|PTN=527225826069|Equipo guardado correctamente|saveHandsetSC
08:31:46 - BD|OK|H=3395|PTN=527225826069|Guardando en dat_estatuspayment|saveHandsetSC
08:31:46 - BD|OK|H=3395|PTN=527225826069|Guardado en dat_estatuspayment correctamente|saveHandsetSC
08:31:46 - BD|H=527225826069|ID=3395|Equipo guardado correctamente en BD|notifySmsReception
08:31:46 - OP|H=|Client=201.175.130.92-------------------------------------------------------|notifySCReception
08:31:46 - 14/06/2015 08:31:46: |Correlator: 425276_ | message: mensaje de iAlarm | senderAddress: 527225826069 | smsServiceActivationNumber: 425276
08:31:46 - BD|H=527225826069|El equipo ya existe en BD|notifySmsReception
08:31:46 - BD|H=527225826069|Contrato por evento|Procesando cobro|notifySmsReception
08:31:46 - OP|H=3395|PTN=527225826069|Aplicando cargo|aplyCharge
08:31:46 - H=3395|PTN=527225826069|CD01-Obteniendo informacion [retrieveSubscriber]|sendChargeMount
08:31:52 - H=3395|PTN=527225826069|CD01-Informacion [retrieveSubscriber] obtenida correctamente|paymentMethod=2,submarket=3G|sendChargeMount
08:31:52 - H=3395|PTN=527225826069|3GLTE-CD01-Ejecutando operacion [amountCharging] con CD01|_3GLTEFlow
08:31:54 - H=3395|PTN=527225826069|3GLTE-CD01-Operacion [amountCharging] efectuada correctamente|_3GLTEFlow
08:31:54 - H=3395|Actualizando contador de transacciones|transactionId=85|sendChargeMount
08:31:54 - H=3395|PTN=527225826069|BD|Contador de transacciones actualizado correctamente|transactionId=85|sendChargeMount
08:31:54 - BD|H=3395|PTN=527225826069|Actualizando estatus de cobro EXITOSO|_charge|SubmarketType=3G,PaymentMethod=
08:31:54 - BD|H=3395|PTN=527225826069|Estatus de cobro actualizado correctamente|_charge
08:31:54 - WS|H=3395|PTN=527225826069|Cobro [POR EVENTO] efectuado|_charge
08:31:54 - H=3395|PTN=527225826069|Guardando cobro en historico|_charge
08:31:54 - H=3395|PTN=527225826069|Cobro guardado en historico correctamente|_charge
08:31:54 - H=3395|PTN=527225826069|Actualizando SubmarketType y PaymentMethod|_charge
08:31:54 - ERR|BD|H=3395|PTN=527225826069|Actualizando SubmarketType y PaymentMethod|_charge
08:31:54 - OP|OK|H=3395|PTN=527225826069|Cargo aplicado correctamente|aplyCharge
09:57:09 - OP|H=|Client=201.175.130.92-------------------------------------------------------|notifySCReception
09:57:09 - 14/06/2015 09:57:09: |Correlator: 425276_ | message: mensaje de iAlarm | senderAddress: 525544165969 | smsServiceActivationNumber: 425276
09:57:09 - BD|H=525544165969|El equipo no existe en BD|notifySmsReception
09:57:09 - BD|H=525544165969|Guardando equipo en BD en BD|notifySmsReception
09:57:09 - BD|OK|PTN=525544165969|Guardando equipo en base de datos|saveHandsetSC
09:57:09 - BD|OK|H=3396|PTN=525544165969|Equipo guardado correctamente|saveHandsetSC
09:57:09 - BD|OK|H=3396|PTN=525544165969|Guardando en dat_estatuspayment|saveHandsetSC
09:57:09 - BD|OK|H=3396|PTN=525544165969|Guardado en dat_estatuspayment correctamente|saveHandsetSC
09:57:09 - BD|H=525544165969|ID=3396|Equipo guardado correctamente en BD|notifySmsReception
09:57:09 - OP|H=|Client=201.175.130.92-------------------------------------------------------|notifySCReception
09:57:09 - 14/06/2015 09:57:09: |Correlator: 425276_ | message: mensaje de iAlarm | senderAddress: 525544165969 | smsServiceActivationNumber: 425276
09:57:09 - BD|H=525544165969|El equipo ya existe en BD|notifySmsReception
09:57:09 - BD|H=525544165969|Contrato por evento|Procesando cobro|notifySmsReception
09:57:09 - OP|H=3396|PTN=525544165969|Aplicando cargo|aplyCharge
09:57:09 - H=3396|PTN=525544165969|CD01-Obteniendo informacion [retrieveSubscriber]|sendChargeMount
09:57:13 - H=3396|PTN=525544165969|CD01-Informacion [retrieveSubscriber] obtenida correctamente|paymentMethod=2,submarket=3G|sendChargeMount
09:57:13 - H=3396|PTN=525544165969|3GLTE-CD01-Ejecutando operacion [amountCharging] con CD01|_3GLTEFlow
09:57:15 - H=3396|PTN=525544165969|3GLTE-CD01-Operacion [amountCharging] efectuada correctamente|_3GLTEFlow
09:57:15 - H=3396|Actualizando contador de transacciones|transactionId=86|sendChargeMount
09:57:15 - H=3396|PTN=525544165969|BD|Contador de transacciones actualizado correctamente|transactionId=86|sendChargeMount
09:57:15 - BD|H=3396|PTN=525544165969|Actualizando estatus de cobro EXITOSO|_charge|SubmarketType=3G,PaymentMethod=
09:57:15 - BD|H=3396|PTN=525544165969|Estatus de cobro actualizado correctamente|_charge
09:57:15 - WS|H=3396|PTN=525544165969|Cobro [POR EVENTO] efectuado|_charge
09:57:15 - H=3396|PTN=525544165969|Guardando cobro en historico|_charge
09:57:15 - H=3396|PTN=525544165969|Cobro guardado en historico correctamente|_charge
09:57:15 - H=3396|PTN=525544165969|Actualizando SubmarketType y PaymentMethod|_charge
09:57:15 - ERR|BD|H=3396|PTN=525544165969|Actualizando SubmarketType y PaymentMethod|_charge
09:57:15 - OP|OK|H=3396|PTN=525544165969|Cargo aplicado correctamente|aplyCharge
11:11:05 - OP|H=|Client=201.175.130.92-------------------------------------------------------|notifySCReception
11:11:05 - 14/06/2015 11:11:05: |Correlator: 425276_ | message: mensaje de iAlarm | senderAddress: 525563526105 | smsServiceActivationNumber: 425276
11:11:05 - BD|H=525563526105|El equipo no existe en BD|notifySmsReception
11:11:05 - BD|H=525563526105|Guardando equipo en BD en BD|notifySmsReception
11:11:05 - BD|OK|PTN=525563526105|Guardando equipo en base de datos|saveHandsetSC
11:11:05 - BD|OK|H=3397|PTN=525563526105|Equipo guardado correctamente|saveHandsetSC
11:11:05 - BD|OK|H=3397|PTN=525563526105|Guardando en dat_estatuspayment|saveHandsetSC
11:11:05 - BD|OK|H=3397|PTN=525563526105|Guardado en dat_estatuspayment correctamente|saveHandsetSC
11:11:05 - BD|H=525563526105|ID=3397|Equipo guardado correctamente en BD|notifySmsReception
11:11:05 - OP|H=|Client=201.175.130.92-------------------------------------------------------|notifySCReception
11:11:05 - 14/06/2015 11:11:05: |Correlator: 425276_ | message: mensaje de iAlarm | senderAddress: 525563526105 | smsServiceActivationNumber: 425276
11:11:05 - BD|H=525563526105|El equipo ya existe en BD|notifySmsReception
11:11:05 - BD|H=525563526105|Contrato por evento|Procesando cobro|notifySmsReception
11:11:05 - OP|H=3397|PTN=525563526105|Aplicando cargo|aplyCharge
11:11:05 - H=3397|PTN=525563526105|CD01-Obteniendo informacion [retrieveSubscriber]|sendChargeMount
11:11:13 - H=3397|PTN=525563526105|CD01-Informacion [retrieveSubscriber] obtenida correctamente|paymentMethod=1,submarket=IDEN|sendChargeMount
11:11:13 - H=3397|PTN=525563526105|3GLTE-CD01-Ejecutando operacion [amountCharging] con CD01|_3GLTEFlow
11:11:15 - H=3397|PTN=525563526105|3GLTE-CD01-Operacion [amountCharging] efectuada correctamente|_3GLTEFlow
11:11:15 - H=3397|Actualizando contador de transacciones|transactionId=87|sendChargeMount
11:11:15 - H=3397|PTN=525563526105|BD|Contador de transacciones actualizado correctamente|transactionId=87|sendChargeMount
11:11:15 - BD|H=3397|PTN=525563526105|Actualizando estatus de cobro EXITOSO|_charge|SubmarketType=IDEN,PaymentMethod=
11:11:15 - BD|H=3397|PTN=525563526105|Estatus de cobro actualizado correctamente|_charge
11:11:15 - WS|H=3397|PTN=525563526105|Cobro [POR EVENTO] efectuado|_charge
11:11:15 - H=3397|PTN=525563526105|Guardando cobro en historico|_charge
11:11:15 - H=3397|PTN=525563526105|Cobro guardado en historico correctamente|_charge
11:11:15 - H=3397|PTN=525563526105|Actualizando SubmarketType y PaymentMethod|_charge
11:11:15 - ERR|BD|H=3397|PTN=525563526105|Actualizando SubmarketType y PaymentMethod|_charge
11:11:15 - OP|OK|H=3397|PTN=525563526105|Cargo aplicado correctamente|aplyCharge
11:21:43 - OP|H=|Client=201.175.130.92-------------------------------------------------------|notifySCReception
11:21:43 - 14/06/2015 11:21:43: |Correlator: 425276_ | message: mensaje de iAlarm | senderAddress: 524621881553 | smsServiceActivationNumber: 425276
11:21:43 - BD|H=524621881553|El equipo no existe en BD|notifySmsReception
11:21:43 - BD|H=524621881553|Guardando equipo en BD en BD|notifySmsReception
11:21:43 - BD|OK|PTN=524621881553|Guardando equipo en base de datos|saveHandsetSC
11:21:43 - BD|OK|H=3398|PTN=524621881553|Equipo guardado correctamente|saveHandsetSC
11:21:43 - BD|OK|H=3398|PTN=524621881553|Guardando en dat_estatuspayment|saveHandsetSC
11:21:43 - BD|OK|H=3398|PTN=524621881553|Guardado en dat_estatuspayment correctamente|saveHandsetSC
11:21:43 - BD|H=524621881553|ID=3398|Equipo guardado correctamente en BD|notifySmsReception
11:21:43 - OP|H=|Client=201.175.130.92-------------------------------------------------------|notifySCReception
11:21:43 - 14/06/2015 11:21:43: |Correlator: 425276_ | message: mensaje de iAlarm | senderAddress: 524621881553 | smsServiceActivationNumber: 425276
11:21:43 - BD|H=524621881553|El equipo ya existe en BD|notifySmsReception
11:21:43 - BD|H=524621881553|Contrato por evento|Procesando cobro|notifySmsReception
11:21:43 - OP|H=3398|PTN=524621881553|Aplicando cargo|aplyCharge
11:21:43 - H=3398|PTN=524621881553|CD01-Obteniendo informacion [retrieveSubscriber]|sendChargeMount
11:21:49 - H=3398|PTN=524621881553|CD01-Informacion [retrieveSubscriber] obtenida correctamente|paymentMethod=2,submarket=3G|sendChargeMount
11:21:49 - H=3398|PTN=524621881553|3GLTE-CD01-Ejecutando operacion [amountCharging] con CD01|_3GLTEFlow
11:21:51 - H=3398|PTN=524621881553|3GLTE-CD01-Operacion [amountCharging] efectuada correctamente|_3GLTEFlow
11:21:51 - H=3398|Actualizando contador de transacciones|transactionId=88|sendChargeMount
11:21:51 - H=3398|PTN=524621881553|BD|Contador de transacciones actualizado correctamente|transactionId=88|sendChargeMount
11:21:51 - BD|H=3398|PTN=524621881553|Actualizando estatus de cobro EXITOSO|_charge|SubmarketType=3G,PaymentMethod=
11:21:51 - BD|H=3398|PTN=524621881553|Estatus de cobro actualizado correctamente|_charge
11:21:51 - WS|H=3398|PTN=524621881553|Cobro [POR EVENTO] efectuado|_charge
11:21:51 - H=3398|PTN=524621881553|Guardando cobro en historico|_charge
11:21:51 - H=3398|PTN=524621881553|Cobro guardado en historico correctamente|_charge
11:21:51 - H=3398|PTN=524621881553|Actualizando SubmarketType y PaymentMethod|_charge
11:21:51 - ERR|BD|H=3398|PTN=524621881553|Actualizando SubmarketType y PaymentMethod|_charge
11:21:51 - OP|OK|H=3398|PTN=524621881553|Cargo aplicado correctamente|aplyCharge
11:49:44 - OP|H=|Client=201.175.130.92-------------------------------------------------------|notifySCReception
11:49:44 - 14/06/2015 11:49:44: |Correlator: 425276_ | message: mensaje de iAlarm | senderAddress: 525546051605 | smsServiceActivationNumber: 425276
11:49:44 - BD|H=525546051605|El equipo no existe en BD|notifySmsReception
11:49:44 - BD|H=525546051605|Guardando equipo en BD en BD|notifySmsReception
11:49:44 - BD|OK|PTN=525546051605|Guardando equipo en base de datos|saveHandsetSC
11:49:44 - BD|OK|H=3399|PTN=525546051605|Equipo guardado correctamente|saveHandsetSC
11:49:44 - BD|OK|H=3399|PTN=525546051605|Guardando en dat_estatuspayment|saveHandsetSC
11:49:44 - BD|OK|H=3399|PTN=525546051605|Guardado en dat_estatuspayment correctamente|saveHandsetSC
11:49:44 - BD|H=525546051605|ID=3399|Equipo guardado correctamente en BD|notifySmsReception
11:49:44 - OP|H=|Client=201.175.130.92-------------------------------------------------------|notifySCReception
11:49:44 - 14/06/2015 11:49:44: |Correlator: 425276_ | message: mensaje de iAlarm | senderAddress: 525546051605 | smsServiceActivationNumber: 425276
11:49:44 - BD|H=525546051605|El equipo ya existe en BD|notifySmsReception
11:49:44 - BD|H=525546051605|Contrato por evento|Procesando cobro|notifySmsReception
11:49:44 - OP|H=3399|PTN=525546051605|Aplicando cargo|aplyCharge
11:49:44 - H=3399|PTN=525546051605|CD01-Obteniendo informacion [retrieveSubscriber]|sendChargeMount
11:49:50 - H=3399|PTN=525546051605|CD01-Informacion [retrieveSubscriber] obtenida correctamente|paymentMethod=,submarket=IDEN|sendChargeMount
11:49:50 - ERR|H=3399|PTN=525546051605|3GLTE-CD01-Obteniendo informacion [retrieveSubscriber]|paymentMethodList no devuelto-CD01|_3GLTEFlow
11:49:50 - H=3399|Actualizando contador de transacciones|transactionId=89|sendChargeMount
11:49:50 - H=3399|PTN=525546051605|BD|Contador de transacciones actualizado correctamente|transactionId=89|sendChargeMount
11:49:50 - H=3399|P=|PTN=525546051605|ERROR AL OBTENER INFORMACION|Parametros no disponibles!!|_charge
11:49:50 - H=3399|P=|PTN=525546051605|Actualizando informacion del reintento de cobro|_charge
11:49:50 - ERR|OP|H=3399|PTN=525546051605|Error al aplicar cargo|aplyCharge
11:49:50 - BD|H=3399|PTN=525546051605|Almacenando reintento de cobro|aplyCharge
11:49:50 - BD|OK|H=3399|PTN=525546051605|Reintento de cobro almacenando|idReintento=61|aplyCharge
11:51:50 - OP|H=|Client=201.175.130.92-------------------------------------------------------|notifySCReception
11:51:50 - 14/06/2015 11:51:50: |Correlator: 425276_ | message: mensaje de iAlarm | senderAddress: 524771617627 | smsServiceActivationNumber: 425276
11:51:50 - BD|H=524771617627|El equipo ya existe en BD|notifySmsReception
11:51:50 - BD|H=524771617627|Contrato ilimitado|notifySmsReception
11:51:50 - OP|H=|Client=201.175.130.92-------------------------------------------------------|notifySCReception
11:51:50 - 14/06/2015 11:51:50: |Correlator: 425276_ | message: mensaje de iAlarm | senderAddress: 524771617627 | smsServiceActivationNumber: 425276
11:51:50 - BD|H=524771617627|El equipo ya existe en BD|notifySmsReception
11:51:50 - BD|H=524771617627|Contrato ilimitado|notifySmsReception
11:59:31 - OP|H=|Client=201.175.130.92-------------------------------------------------------|notifySCReception
11:59:31 - 14/06/2015 11:59:31: |Correlator: 425276_ | message: mensaje de iAlarm | senderAddress: 524612121058 | smsServiceActivationNumber: 425276
11:59:31 - BD|H=524612121058|El equipo ya existe en BD|notifySmsReception
11:59:31 - BD|H=524612121058|Contrato por evento|Procesando cobro|notifySmsReception
11:59:31 - OP|H=3367|PTN=524612121058|Aplicando cargo|aplyCharge
11:59:31 - H=3367|PTN=524612121058|CD01-Obteniendo informacion [retrieveSubscriber]|sendChargeMount
11:59:33 - H=3367|PTN=524612121058|CD01-Informacion [retrieveSubscriber] obtenida correctamente|paymentMethod=1,submarket=IDEN|sendChargeMount
11:59:33 - H=3367|PTN=524612121058|3GLTE-CD01-Ejecutando operacion [amountCharging] con CD01|_3GLTEFlow
11:59:35 - H=3367|PTN=524612121058|3GLTE-CD01-Operacion [amountCharging] efectuada correctamente|_3GLTEFlow
11:59:35 - H=3367|Actualizando contador de transacciones|transactionId=90|sendChargeMount
11:59:35 - H=3367|PTN=524612121058|BD|Contador de transacciones actualizado correctamente|transactionId=90|sendChargeMount
11:59:35 - BD|H=3367|PTN=524612121058|Actualizando estatus de cobro EXITOSO|_charge|SubmarketType=IDEN,PaymentMethod=
11:59:35 - BD|H=3367|PTN=524612121058|Estatus de cobro actualizado correctamente|_charge
11:59:35 - WS|H=3367|PTN=524612121058|Cobro [POR EVENTO] efectuado|_charge
11:59:35 - H=3367|PTN=524612121058|Guardando cobro en historico|_charge
11:59:35 - H=3367|PTN=524612121058|Cobro guardado en historico correctamente|_charge
11:59:35 - H=3367|PTN=524612121058|Actualizando SubmarketType y PaymentMethod|_charge
11:59:35 - ERR|BD|H=3367|PTN=524612121058|Actualizando SubmarketType y PaymentMethod|_charge
11:59:35 - OP|OK|H=3367|PTN=524612121058|Cargo aplicado correctamente|aplyCharge
11:59:35 - OP|H=|Client=201.175.130.92-------------------------------------------------------|notifySCReception
11:59:35 - 14/06/2015 11:59:35: |Correlator: 425276_ | message: mensaje de iAlarm | senderAddress: 524612121058 | smsServiceActivationNumber: 425276
11:59:35 - BD|H=524612121058|El equipo ya existe en BD|notifySmsReception
11:59:35 - BD|H=524612121058|Contrato por evento|Procesando cobro|notifySmsReception
11:59:35 - OP|H=3367|PTN=524612121058|Aplicando cargo|aplyCharge
11:59:35 - H=3367|PTN=524612121058|CD01-Obteniendo informacion [retrieveSubscriber]|sendChargeMount
11:59:37 - H=3367|PTN=524612121058|CD01-Informacion [retrieveSubscriber] obtenida correctamente|paymentMethod=1,submarket=IDEN|sendChargeMount
11:59:37 - H=3367|PTN=524612121058|3GLTE-CD01-Ejecutando operacion [amountCharging] con CD01|_3GLTEFlow
11:59:39 - H=3367|PTN=524612121058|3GLTE-CD01-Operacion [amountCharging] efectuada correctamente|_3GLTEFlow
11:59:39 - H=3367|Actualizando contador de transacciones|transactionId=91|sendChargeMount
11:59:39 - H=3367|PTN=524612121058|BD|Contador de transacciones actualizado correctamente|transactionId=91|sendChargeMount
11:59:39 - BD|H=3367|PTN=524612121058|Actualizando estatus de cobro EXITOSO|_charge|SubmarketType=IDEN,PaymentMethod=
11:59:39 - BD|H=3367|PTN=524612121058|Estatus de cobro actualizado correctamente|_charge
11:59:39 - WS|H=3367|PTN=524612121058|Cobro [POR EVENTO] efectuado|_charge
11:59:39 - H=3367|PTN=524612121058|Guardando cobro en historico|_charge
11:59:39 - H=3367|PTN=524612121058|Cobro guardado en historico correctamente|_charge
11:59:39 - H=3367|PTN=524612121058|Actualizando SubmarketType y PaymentMethod|_charge
11:59:39 - ERR|BD|H=3367|PTN=524612121058|Actualizando SubmarketType y PaymentMethod|_charge
11:59:39 - OP|OK|H=3367|PTN=524612121058|Cargo aplicado correctamente|aplyCharge
12:10:01 - OP|H=|Client=201.175.130.92-------------------------------------------------------|notifySCReception
12:10:01 - 14/06/2015 12:10:01: |Correlator: 425276_ | message: mensaje de iAlarm | senderAddress: 522225392468 | smsServiceActivationNumber: 425276
12:10:01 - BD|H=522225392468|El equipo no existe en BD|notifySmsReception
12:10:01 - BD|H=522225392468|Guardando equipo en BD en BD|notifySmsReception
12:10:01 - BD|OK|PTN=522225392468|Guardando equipo en base de datos|saveHandsetSC
12:10:01 - BD|OK|H=3400|PTN=522225392468|Equipo guardado correctamente|saveHandsetSC
12:10:01 - BD|OK|H=3400|PTN=522225392468|Guardando en dat_estatuspayment|saveHandsetSC
12:10:01 - BD|OK|H=3400|PTN=522225392468|Guardado en dat_estatuspayment correctamente|saveHandsetSC
12:10:01 - BD|H=522225392468|ID=3400|Equipo guardado correctamente en BD|notifySmsReception
12:10:01 - OP|H=|Client=201.175.130.92-------------------------------------------------------|notifySCReception
12:10:01 - 14/06/2015 12:10:01: |Correlator: 425276_ | message: mensaje de iAlarm | senderAddress: 522225392468 | smsServiceActivationNumber: 425276
12:10:01 - BD|H=522225392468|El equipo ya existe en BD|notifySmsReception
12:10:01 - BD|H=522225392468|Contrato por evento|Procesando cobro|notifySmsReception
12:10:01 - OP|H=3400|PTN=522225392468|Aplicando cargo|aplyCharge
12:10:01 - H=3400|PTN=522225392468|CD01-Obteniendo informacion [retrieveSubscriber]|sendChargeMount
12:10:08 - H=3400|PTN=522225392468|CD01-Informacion [retrieveSubscriber] obtenida correctamente|paymentMethod=,submarket=IDEN|sendChargeMount
12:10:08 - ERR|H=3400|PTN=522225392468|3GLTE-CD01-Obteniendo informacion [retrieveSubscriber]|paymentMethodList no devuelto-CD01|_3GLTEFlow
12:10:08 - H=3400|Actualizando contador de transacciones|transactionId=92|sendChargeMount
12:10:08 - H=3400|PTN=522225392468|BD|Contador de transacciones actualizado correctamente|transactionId=92|sendChargeMount
12:10:08 - H=3400|P=|PTN=522225392468|ERROR AL OBTENER INFORMACION|Parametros no disponibles!!|_charge
12:10:08 - H=3400|P=|PTN=522225392468|Actualizando informacion del reintento de cobro|_charge
12:10:08 - ERR|OP|H=3400|PTN=522225392468|Error al aplicar cargo|aplyCharge
12:10:08 - BD|H=3400|PTN=522225392468|Almacenando reintento de cobro|aplyCharge
12:10:08 - BD|OK|H=3400|PTN=522225392468|Reintento de cobro almacenando|idReintento=62|aplyCharge
14:11:49 - OP|H=|Client=201.175.130.92-------------------------------------------------------|notifySCReception
14:11:49 - 14/06/2015 14:11:49: |Correlator: 425276_ | message: mensaje de iAlarm | senderAddress: 522226169780 | smsServiceActivationNumber: 425276
14:11:49 - BD|H=522226169780|El equipo no existe en BD|notifySmsReception
14:11:49 - BD|H=522226169780|Guardando equipo en BD en BD|notifySmsReception
14:11:49 - BD|OK|PTN=522226169780|Guardando equipo en base de datos|saveHandsetSC
14:11:49 - BD|OK|H=3401|PTN=522226169780|Equipo guardado correctamente|saveHandsetSC
14:11:50 - BD|OK|H=3401|PTN=522226169780|Guardando en dat_estatuspayment|saveHandsetSC
14:11:50 - BD|OK|H=3401|PTN=522226169780|Guardado en dat_estatuspayment correctamente|saveHandsetSC
14:11:50 - BD|H=522226169780|ID=3401|Equipo guardado correctamente en BD|notifySmsReception
14:11:50 - OP|H=|Client=201.175.130.92-------------------------------------------------------|notifySCReception
14:11:50 - 14/06/2015 14:11:50: |Correlator: 425276_ | message: mensaje de iAlarm | senderAddress: 522226169780 | smsServiceActivationNumber: 425276
14:11:50 - BD|H=522226169780|El equipo ya existe en BD|notifySmsReception
14:11:50 - BD|H=522226169780|Contrato por evento|Procesando cobro|notifySmsReception
14:11:50 - OP|H=3401|PTN=522226169780|Aplicando cargo|aplyCharge
14:11:50 - H=3401|PTN=522226169780|CD01-Obteniendo informacion [retrieveSubscriber]|sendChargeMount
14:11:52 - H=3401|PTN=522226169780|CD01-Informacion [retrieveSubscriber] obtenida correctamente|paymentMethod=2,submarket=3G|sendChargeMount
14:11:52 - H=3401|PTN=522226169780|3GLTE-CD01-Ejecutando operacion [amountCharging] con CD01|_3GLTEFlow
14:11:53 - H=3401|PTN=522226169780|3GLTE-CD01-Operacion [amountCharging] efectuada correctamente|_3GLTEFlow
14:11:53 - H=3401|Actualizando contador de transacciones|transactionId=93|sendChargeMount
14:11:53 - H=3401|PTN=522226169780|BD|Contador de transacciones actualizado correctamente|transactionId=93|sendChargeMount
14:11:53 - BD|H=3401|PTN=522226169780|Actualizando estatus de cobro EXITOSO|_charge|SubmarketType=3G,PaymentMethod=
14:11:53 - BD|H=3401|PTN=522226169780|Estatus de cobro actualizado correctamente|_charge
14:11:53 - WS|H=3401|PTN=522226169780|Cobro [POR EVENTO] efectuado|_charge
14:11:53 - H=3401|PTN=522226169780|Guardando cobro en historico|_charge
14:11:53 - H=3401|PTN=522226169780|Cobro guardado en historico correctamente|_charge
14:11:53 - H=3401|PTN=522226169780|Actualizando SubmarketType y PaymentMethod|_charge
14:11:53 - ERR|BD|H=3401|PTN=522226169780|Actualizando SubmarketType y PaymentMethod|_charge
14:11:53 - OP|OK|H=3401|PTN=522226169780|Cargo aplicado correctamente|aplyCharge
15:18:57 - OP|H=|Client=201.175.130.92-------------------------------------------------------|notifySCReception
15:18:57 - 14/06/2015 15:18:57: |Correlator: 425276_ | message: mensaje de iAlarm | senderAddress: 525536231014 | smsServiceActivationNumber: 425276
15:18:57 - BD|H=525536231014|El equipo no existe en BD|notifySmsReception
15:18:57 - BD|H=525536231014|Guardando equipo en BD en BD|notifySmsReception
15:18:57 - BD|OK|PTN=525536231014|Guardando equipo en base de datos|saveHandsetSC
15:18:57 - BD|OK|H=3402|PTN=525536231014|Equipo guardado correctamente|saveHandsetSC
15:18:57 - BD|OK|H=3402|PTN=525536231014|Guardando en dat_estatuspayment|saveHandsetSC
15:18:57 - BD|OK|H=3402|PTN=525536231014|Guardado en dat_estatuspayment correctamente|saveHandsetSC
15:18:57 - BD|H=525536231014|ID=3402|Equipo guardado correctamente en BD|notifySmsReception
15:18:57 - OP|H=|Client=201.175.130.92-------------------------------------------------------|notifySCReception
15:18:57 - 14/06/2015 15:18:57: |Correlator: 425276_ | message: mensaje de iAlarm | senderAddress: 525536231014 | smsServiceActivationNumber: 425276
15:18:57 - BD|H=525536231014|El equipo ya existe en BD|notifySmsReception
15:18:57 - BD|H=525536231014|Contrato por evento|Procesando cobro|notifySmsReception
15:18:57 - OP|H=3402|PTN=525536231014|Aplicando cargo|aplyCharge
15:18:57 - H=3402|PTN=525536231014|CD01-Obteniendo informacion [retrieveSubscriber]|sendChargeMount
15:18:59 - H=3402|PTN=525536231014|CD01-Informacion [retrieveSubscriber] obtenida correctamente|paymentMethod=1,submarket=3G|sendChargeMount
15:18:59 - H=3402|PTN=525536231014|3GLTE-CD01-Ejecutando operacion [amountCharging] con CD01|_3GLTEFlow
15:19:01 - H=3402|PTN=525536231014|3GLTE-CD01-Operacion [amountCharging] efectuada correctamente|_3GLTEFlow
15:19:01 - H=3402|Actualizando contador de transacciones|transactionId=94|sendChargeMount
15:19:01 - H=3402|PTN=525536231014|BD|Contador de transacciones actualizado correctamente|transactionId=94|sendChargeMount
15:19:01 - BD|H=3402|PTN=525536231014|Actualizando estatus de cobro EXITOSO|_charge|SubmarketType=3G,PaymentMethod=
15:19:01 - BD|H=3402|PTN=525536231014|Estatus de cobro actualizado correctamente|_charge
15:19:01 - WS|H=3402|PTN=525536231014|Cobro [POR EVENTO] efectuado|_charge
15:19:01 - H=3402|PTN=525536231014|Guardando cobro en historico|_charge
15:19:01 - H=3402|PTN=525536231014|Cobro guardado en historico correctamente|_charge
15:19:01 - H=3402|PTN=525536231014|Actualizando SubmarketType y PaymentMethod|_charge
15:19:01 - ERR|BD|H=3402|PTN=525536231014|Actualizando SubmarketType y PaymentMethod|_charge
15:19:01 - OP|OK|H=3402|PTN=525536231014|Cargo aplicado correctamente|aplyCharge
16:42:47 - OP|H=|Client=201.175.130.92-------------------------------------------------------|notifySCReception
16:42:47 - 14/06/2015 16:42:47: |Correlator: 425276_ | message: mensaje de iAlarm | senderAddress: 525570082089 | smsServiceActivationNumber: 425276
16:42:47 - BD|H=525570082089|El equipo no existe en BD|notifySmsReception
16:42:47 - BD|H=525570082089|Guardando equipo en BD en BD|notifySmsReception
16:42:47 - BD|OK|PTN=525570082089|Guardando equipo en base de datos|saveHandsetSC
16:42:47 - BD|OK|H=3403|PTN=525570082089|Equipo guardado correctamente|saveHandsetSC
16:42:47 - BD|OK|H=3403|PTN=525570082089|Guardando en dat_estatuspayment|saveHandsetSC
16:42:47 - BD|OK|H=3403|PTN=525570082089|Guardado en dat_estatuspayment correctamente|saveHandsetSC
16:42:47 - BD|H=525570082089|ID=3403|Equipo guardado correctamente en BD|notifySmsReception
16:42:47 - OP|H=|Client=201.175.130.92-------------------------------------------------------|notifySCReception
16:42:47 - 14/06/2015 16:42:47: |Correlator: 425276_ | message: mensaje de iAlarm | senderAddress: 525570082089 | smsServiceActivationNumber: 425276
16:42:47 - BD|H=525570082089|El equipo ya existe en BD|notifySmsReception
16:42:47 - BD|H=525570082089|Contrato por evento|Procesando cobro|notifySmsReception
16:42:47 - OP|H=3403|PTN=525570082089|Aplicando cargo|aplyCharge
16:42:47 - H=3403|PTN=525570082089|CD01-Obteniendo informacion [retrieveSubscriber]|sendChargeMount
16:42:49 - H=3403|PTN=525570082089|CD01-Informacion [retrieveSubscriber] obtenida correctamente|paymentMethod=2,submarket=3G|sendChargeMount
16:42:49 - H=3403|PTN=525570082089|3GLTE-CD01-Ejecutando operacion [amountCharging] con CD01|_3GLTEFlow
16:42:51 - H=3403|PTN=525570082089|3GLTE-CD01-Operacion [amountCharging] efectuada correctamente|_3GLTEFlow
16:42:51 - H=3403|Actualizando contador de transacciones|transactionId=95|sendChargeMount
16:42:51 - H=3403|PTN=525570082089|BD|Contador de transacciones actualizado correctamente|transactionId=95|sendChargeMount
16:42:51 - BD|H=3403|PTN=525570082089|Actualizando estatus de cobro EXITOSO|_charge|SubmarketType=3G,PaymentMethod=
16:42:51 - BD|H=3403|PTN=525570082089|Estatus de cobro actualizado correctamente|_charge
16:42:51 - WS|H=3403|PTN=525570082089|Cobro [POR EVENTO] efectuado|_charge
16:42:51 - H=3403|PTN=525570082089|Guardando cobro en historico|_charge
16:42:51 - H=3403|PTN=525570082089|Cobro guardado en historico correctamente|_charge
16:42:51 - H=3403|PTN=525570082089|Actualizando SubmarketType y PaymentMethod|_charge
16:42:51 - ERR|BD|H=3403|PTN=525570082089|Actualizando SubmarketType y PaymentMethod|_charge
16:42:51 - OP|OK|H=3403|PTN=525570082089|Cargo aplicado correctamente|aplyCharge
17:02:57 - OP|H=|Client=201.175.130.92-------------------------------------------------------|notifySCReception
17:02:57 - 14/06/2015 17:02:57: |Correlator: 425276_ | message: mensaje de iAlarm | senderAddress: 528121493000 | smsServiceActivationNumber: 425276
17:02:57 - BD|H=528121493000|El equipo no existe en BD|notifySmsReception
17:02:57 - BD|H=528121493000|Guardando equipo en BD en BD|notifySmsReception
17:02:57 - BD|OK|PTN=528121493000|Guardando equipo en base de datos|saveHandsetSC
17:02:57 - BD|OK|H=3404|PTN=528121493000|Equipo guardado correctamente|saveHandsetSC
17:02:57 - BD|OK|H=3404|PTN=528121493000|Guardando en dat_estatuspayment|saveHandsetSC
17:02:57 - BD|OK|H=3404|PTN=528121493000|Guardado en dat_estatuspayment correctamente|saveHandsetSC
17:02:57 - BD|H=528121493000|ID=3404|Equipo guardado correctamente en BD|notifySmsReception
17:02:57 - OP|H=|Client=201.175.130.92-------------------------------------------------------|notifySCReception
17:02:57 - 14/06/2015 17:02:57: |Correlator: 425276_ | message: mensaje de iAlarm | senderAddress: 528121493000 | smsServiceActivationNumber: 425276
17:02:57 - BD|H=528121493000|El equipo ya existe en BD|notifySmsReception
17:02:57 - BD|H=528121493000|Contrato por evento|Procesando cobro|notifySmsReception
17:02:57 - OP|H=3404|PTN=528121493000|Aplicando cargo|aplyCharge
17:02:57 - H=3404|PTN=528121493000|CD01-Obteniendo informacion [retrieveSubscriber]|sendChargeMount
17:03:03 - H=3404|PTN=528121493000|CD01-Informacion [retrieveSubscriber] obtenida correctamente|paymentMethod=,submarket=IDEN|sendChargeMount
17:03:03 - ERR|H=3404|PTN=528121493000|3GLTE-CD01-Obteniendo informacion [retrieveSubscriber]|paymentMethodList no devuelto-CD01|_3GLTEFlow
17:03:03 - H=3404|Actualizando contador de transacciones|transactionId=96|sendChargeMount
17:03:03 - H=3404|PTN=528121493000|BD|Contador de transacciones actualizado correctamente|transactionId=96|sendChargeMount
17:03:03 - H=3404|P=|PTN=528121493000|ERROR AL OBTENER INFORMACION|Parametros no disponibles!!|_charge
17:03:03 - H=3404|P=|PTN=528121493000|Actualizando informacion del reintento de cobro|_charge
17:03:03 - ERR|OP|H=3404|PTN=528121493000|Error al aplicar cargo|aplyCharge
17:03:03 - BD|H=3404|PTN=528121493000|Almacenando reintento de cobro|aplyCharge
17:03:03 - BD|OK|H=3404|PTN=528121493000|Reintento de cobro almacenando|idReintento=63|aplyCharge
17:37:55 - OP|H=|Client=201.175.130.92-------------------------------------------------------|notifySCReception
17:37:55 - 14/06/2015 17:37:55: |Correlator: 425276_ | message: mensaje de iAlarm | senderAddress: 525562956049 | smsServiceActivationNumber: 425276
17:37:55 - BD|H=525562956049|El equipo no existe en BD|notifySmsReception
17:37:55 - BD|H=525562956049|Guardando equipo en BD en BD|notifySmsReception
17:37:55 - BD|OK|PTN=525562956049|Guardando equipo en base de datos|saveHandsetSC
17:37:55 - BD|OK|H=3405|PTN=525562956049|Equipo guardado correctamente|saveHandsetSC
17:37:55 - BD|OK|H=3405|PTN=525562956049|Guardando en dat_estatuspayment|saveHandsetSC
17:37:55 - BD|OK|H=3405|PTN=525562956049|Guardado en dat_estatuspayment correctamente|saveHandsetSC
17:37:55 - BD|H=525562956049|ID=3405|Equipo guardado correctamente en BD|notifySmsReception
17:37:55 - OP|H=|Client=201.175.130.92-------------------------------------------------------|notifySCReception
17:37:55 - 14/06/2015 17:37:55: |Correlator: 425276_ | message: mensaje de iAlarm | senderAddress: 525562956049 | smsServiceActivationNumber: 425276
17:37:55 - BD|H=525562956049|El equipo ya existe en BD|notifySmsReception
17:37:55 - BD|H=525562956049|Contrato por evento|Procesando cobro|notifySmsReception
17:37:55 - OP|H=3405|PTN=525562956049|Aplicando cargo|aplyCharge
17:37:55 - H=3405|PTN=525562956049|CD01-Obteniendo informacion [retrieveSubscriber]|sendChargeMount
17:38:01 - H=3405|PTN=525562956049|CD01-Informacion [retrieveSubscriber] obtenida correctamente|paymentMethod=2,submarket=3G|sendChargeMount
17:38:01 - H=3405|PTN=525562956049|3GLTE-CD01-Ejecutando operacion [amountCharging] con CD01|_3GLTEFlow
17:38:03 - H=3405|PTN=525562956049|3GLTE-CD01-Operacion [amountCharging] efectuada correctamente|_3GLTEFlow
17:38:03 - H=3405|Actualizando contador de transacciones|transactionId=97|sendChargeMount
17:38:03 - H=3405|PTN=525562956049|BD|Contador de transacciones actualizado correctamente|transactionId=97|sendChargeMount
17:38:03 - BD|H=3405|PTN=525562956049|Actualizando estatus de cobro EXITOSO|_charge|SubmarketType=3G,PaymentMethod=
17:38:03 - BD|H=3405|PTN=525562956049|Estatus de cobro actualizado correctamente|_charge
17:38:03 - WS|H=3405|PTN=525562956049|Cobro [POR EVENTO] efectuado|_charge
17:38:03 - H=3405|PTN=525562956049|Guardando cobro en historico|_charge
17:38:03 - H=3405|PTN=525562956049|Cobro guardado en historico correctamente|_charge
17:38:03 - H=3405|PTN=525562956049|Actualizando SubmarketType y PaymentMethod|_charge
17:38:03 - ERR|BD|H=3405|PTN=525562956049|Actualizando SubmarketType y PaymentMethod|_charge
17:38:03 - OP|OK|H=3405|PTN=525562956049|Cargo aplicado correctamente|aplyCharge
18:00:06 - OP|H=|Client=201.175.130.92-------------------------------------------------------|notifySCReception
18:00:06 - 14/06/2015 18:00:06: |Correlator: 425276_ | message: mensaje de iAlarm | senderAddress: 525549940285 | smsServiceActivationNumber: 425276
18:00:06 - BD|H=525549940285|El equipo no existe en BD|notifySmsReception
18:00:06 - BD|H=525549940285|Guardando equipo en BD en BD|notifySmsReception
18:00:06 - BD|OK|PTN=525549940285|Guardando equipo en base de datos|saveHandsetSC
18:00:06 - BD|OK|H=3406|PTN=525549940285|Equipo guardado correctamente|saveHandsetSC
18:00:06 - BD|OK|H=3406|PTN=525549940285|Guardando en dat_estatuspayment|saveHandsetSC
18:00:06 - BD|OK|H=3406|PTN=525549940285|Guardado en dat_estatuspayment correctamente|saveHandsetSC
18:00:06 - BD|H=525549940285|ID=3406|Equipo guardado correctamente en BD|notifySmsReception
18:00:06 - OP|H=|Client=201.175.130.92-------------------------------------------------------|notifySCReception
18:00:06 - 14/06/2015 18:00:06: |Correlator: 425276_ | message: mensaje de iAlarm | senderAddress: 525549940285 | smsServiceActivationNumber: 425276
18:00:06 - BD|H=525549940285|El equipo ya existe en BD|notifySmsReception
18:00:06 - BD|H=525549940285|Contrato por evento|Procesando cobro|notifySmsReception
18:00:06 - OP|H=3406|PTN=525549940285|Aplicando cargo|aplyCharge
18:00:06 - H=3406|PTN=525549940285|CD01-Obteniendo informacion [retrieveSubscriber]|sendChargeMount
18:00:09 - H=3406|PTN=525549940285|CD01-Informacion [retrieveSubscriber] obtenida correctamente|paymentMethod=1,submarket=IDEN|sendChargeMount
18:00:09 - H=3406|PTN=525549940285|3GLTE-CD01-Ejecutando operacion [amountCharging] con CD01|_3GLTEFlow
18:00:10 - H=3406|PTN=525549940285|3GLTE-CD01-Operacion [amountCharging] efectuada correctamente|_3GLTEFlow
18:00:10 - H=3406|Actualizando contador de transacciones|transactionId=98|sendChargeMount
18:00:10 - H=3406|PTN=525549940285|BD|Contador de transacciones actualizado correctamente|transactionId=98|sendChargeMount
18:00:10 - BD|H=3406|PTN=525549940285|Actualizando estatus de cobro EXITOSO|_charge|SubmarketType=IDEN,PaymentMethod=
18:00:10 - BD|H=3406|PTN=525549940285|Estatus de cobro actualizado correctamente|_charge
18:00:10 - WS|H=3406|PTN=525549940285|Cobro [POR EVENTO] efectuado|_charge
18:00:10 - H=3406|PTN=525549940285|Guardando cobro en historico|_charge
18:00:11 - H=3406|PTN=525549940285|Cobro guardado en historico correctamente|_charge
18:00:11 - H=3406|PTN=525549940285|Actualizando SubmarketType y PaymentMethod|_charge
18:00:11 - ERR|BD|H=3406|PTN=525549940285|Actualizando SubmarketType y PaymentMethod|_charge
18:00:11 - OP|OK|H=3406|PTN=525549940285|Cargo aplicado correctamente|aplyCharge
18:33:45 - OP|H=|Client=201.175.130.92-------------------------------------------------------|notifySCReception
18:33:45 - 14/06/2015 18:33:45: |Correlator: 425276_ | message: mensaje de iAlarm | senderAddress: 524611180601 | smsServiceActivationNumber: 425276
18:33:45 - BD|H=524611180601|El equipo ya existe en BD|notifySmsReception
18:33:45 - BD|H=524611180601|Contrato ilimitado|notifySmsReception
18:33:45 - OP|H=|Client=201.175.130.92-------------------------------------------------------|notifySCReception
18:33:45 - 14/06/2015 18:33:45: |Correlator: 425276_ | message: mensaje de iAlarm | senderAddress: 524611180601 | smsServiceActivationNumber: 425276
18:33:45 - BD|H=524611180601|El equipo ya existe en BD|notifySmsReception
18:33:45 - BD|H=524611180601|Contrato ilimitado|notifySmsReception
19:59:11 - OP|H=|Client=201.175.130.92-------------------------------------------------------|notifySCReception
19:59:11 - 14/06/2015 19:59:11: |Correlator: 425276_ | message: mensaje de iAlarm | senderAddress: 522225396004 | smsServiceActivationNumber: 425276
19:59:11 - BD|H=522225396004|El equipo no existe en BD|notifySmsReception
19:59:11 - BD|H=522225396004|Guardando equipo en BD en BD|notifySmsReception
19:59:11 - BD|OK|PTN=522225396004|Guardando equipo en base de datos|saveHandsetSC
19:59:11 - BD|OK|H=3407|PTN=522225396004|Equipo guardado correctamente|saveHandsetSC
19:59:11 - BD|OK|H=3407|PTN=522225396004|Guardando en dat_estatuspayment|saveHandsetSC
19:59:11 - BD|OK|H=3407|PTN=522225396004|Guardado en dat_estatuspayment correctamente|saveHandsetSC
19:59:11 - BD|H=522225396004|ID=3407|Equipo guardado correctamente en BD|notifySmsReception
19:59:11 - OP|H=|Client=201.175.130.92-------------------------------------------------------|notifySCReception
19:59:11 - 14/06/2015 19:59:11: |Correlator: 425276_ | message: mensaje de iAlarm | senderAddress: 522225396004 | smsServiceActivationNumber: 425276
19:59:11 - BD|H=522225396004|El equipo ya existe en BD|notifySmsReception
19:59:11 - BD|H=522225396004|Contrato por evento|Procesando cobro|notifySmsReception
19:59:11 - OP|H=3407|PTN=522225396004|Aplicando cargo|aplyCharge
19:59:11 - H=3407|PTN=522225396004|CD01-Obteniendo informacion [retrieveSubscriber]|sendChargeMount
20:09:17 - OP|H=|Client=201.175.130.92-------------------------------------------------------|notifySCReception
20:09:17 - 14/06/2015 20:09:17: |Correlator: 425276_ | message: mensaje de iAlarm | senderAddress: 528117748562 | smsServiceActivationNumber: 425276
20:09:17 - BD|H=528117748562|El equipo no existe en BD|notifySmsReception
20:09:17 - BD|H=528117748562|Guardando equipo en BD en BD|notifySmsReception
20:09:17 - BD|OK|PTN=528117748562|Guardando equipo en base de datos|saveHandsetSC
20:09:17 - BD|OK|H=3408|PTN=528117748562|Equipo guardado correctamente|saveHandsetSC
20:09:17 - BD|OK|H=3408|PTN=528117748562|Guardando en dat_estatuspayment|saveHandsetSC
20:09:17 - BD|OK|H=3408|PTN=528117748562|Guardado en dat_estatuspayment correctamente|saveHandsetSC
20:09:17 - BD|H=528117748562|ID=3408|Equipo guardado correctamente en BD|notifySmsReception
20:09:17 - OP|H=|Client=201.175.130.92-------------------------------------------------------|notifySCReception
20:09:17 - 14/06/2015 20:09:17: |Correlator: 425276_ | message: mensaje de iAlarm | senderAddress: 528117748562 | smsServiceActivationNumber: 425276
20:09:17 - BD|H=528117748562|El equipo ya existe en BD|notifySmsReception
20:09:17 - BD|H=528117748562|Contrato por evento|Procesando cobro|notifySmsReception
20:09:17 - OP|H=3408|PTN=528117748562|Aplicando cargo|aplyCharge
20:09:17 - H=3408|PTN=528117748562|CD01-Obteniendo informacion [retrieveSubscriber]|sendChargeMount
20:09:23 - H=3408|PTN=528117748562|CD01-Informacion [retrieveSubscriber] obtenida correctamente|paymentMethod=1,submarket=IDEN|sendChargeMount
20:09:23 - H=3408|PTN=528117748562|3GLTE-CD01-Ejecutando operacion [amountCharging] con CD01|_3GLTEFlow
20:09:25 - H=3408|PTN=528117748562|3GLTE-CD01-Operacion [amountCharging] efectuada correctamente|_3GLTEFlow
20:09:25 - H=3408|Actualizando contador de transacciones|transactionId=99|sendChargeMount
20:09:25 - H=3408|PTN=528117748562|BD|Contador de transacciones actualizado correctamente|transactionId=99|sendChargeMount
20:09:25 - BD|H=3408|PTN=528117748562|Actualizando estatus de cobro EXITOSO|_charge|SubmarketType=IDEN,PaymentMethod=
20:09:25 - BD|H=3408|PTN=528117748562|Estatus de cobro actualizado correctamente|_charge
20:09:25 - WS|H=3408|PTN=528117748562|Cobro [POR EVENTO] efectuado|_charge
20:09:25 - H=3408|PTN=528117748562|Guardando cobro en historico|_charge
20:09:25 - H=3408|PTN=528117748562|Cobro guardado en historico correctamente|_charge
20:09:25 - H=3408|PTN=528117748562|Actualizando SubmarketType y PaymentMethod|_charge
20:09:25 - ERR|BD|H=3408|PTN=528117748562|Actualizando SubmarketType y PaymentMethod|_charge
20:09:25 - OP|OK|H=3408|PTN=528117748562|Cargo aplicado correctamente|aplyCharge
21:06:31 - OP|H=|Client=201.175.130.92-------------------------------------------------------|notifySCReception
21:06:31 - 14/06/2015 21:06:31: |Correlator: 425276_ | message: mensaje de iAlarm | senderAddress: 525544108986 | smsServiceActivationNumber: 425276
21:06:31 - BD|H=525544108986|El equipo no existe en BD|notifySmsReception
21:06:31 - BD|H=525544108986|Guardando equipo en BD en BD|notifySmsReception
21:06:31 - BD|OK|PTN=525544108986|Guardando equipo en base de datos|saveHandsetSC
21:06:31 - BD|OK|H=3409|PTN=525544108986|Equipo guardado correctamente|saveHandsetSC
21:06:31 - BD|OK|H=3409|PTN=525544108986|Guardando en dat_estatuspayment|saveHandsetSC
21:06:31 - BD|OK|H=3409|PTN=525544108986|Guardado en dat_estatuspayment correctamente|saveHandsetSC
21:06:31 - BD|H=525544108986|ID=3409|Equipo guardado correctamente en BD|notifySmsReception
21:06:31 - OP|H=|Client=201.175.130.92-------------------------------------------------------|notifySCReception
21:06:31 - 14/06/2015 21:06:31: |Correlator: 425276_ | message: mensaje de iAlarm | senderAddress: 525544108986 | smsServiceActivationNumber: 425276
21:06:31 - BD|H=525544108986|El equipo ya existe en BD|notifySmsReception
21:06:31 - BD|H=525544108986|Contrato por evento|Procesando cobro|notifySmsReception
21:06:31 - OP|H=3409|PTN=525544108986|Aplicando cargo|aplyCharge
21:06:31 - H=3409|PTN=525544108986|CD01-Obteniendo informacion [retrieveSubscriber]|sendChargeMount
21:06:36 - H=3409|PTN=525544108986|CD01-Informacion [retrieveSubscriber] obtenida correctamente|paymentMethod=,submarket=IDEN|sendChargeMount
21:06:36 - ERR|H=3409|PTN=525544108986|3GLTE-CD01-Obteniendo informacion [retrieveSubscriber]|paymentMethodList no devuelto-CD01|_3GLTEFlow
21:06:36 - H=3409|Actualizando contador de transacciones|transactionId=100|sendChargeMount
21:06:36 - H=3409|PTN=525544108986|BD|Contador de transacciones actualizado correctamente|transactionId=100|sendChargeMount
21:06:36 - H=3409|P=|PTN=525544108986|ERROR AL OBTENER INFORMACION|Parametros no disponibles!!|_charge
21:06:36 - H=3409|P=|PTN=525544108986|Actualizando informacion del reintento de cobro|_charge
21:06:36 - ERR|OP|H=3409|PTN=525544108986|Error al aplicar cargo|aplyCharge
21:06:36 - BD|H=3409|PTN=525544108986|Almacenando reintento de cobro|aplyCharge
21:06:36 - BD|OK|H=3409|PTN=525544108986|Reintento de cobro almacenando|idReintento=64|aplyCharge
21:13:24 - OP|H=|Client=201.175.130.92-------------------------------------------------------|notifySCReception
21:13:24 - 14/06/2015 21:13:24: |Correlator: 425276_ | message: mensaje de iAlarm | senderAddress: 527772380079 | smsServiceActivationNumber: 425276
21:13:24 - BD|H=527772380079|El equipo no existe en BD|notifySmsReception
21:13:24 - BD|H=527772380079|Guardando equipo en BD en BD|notifySmsReception
21:13:24 - BD|OK|PTN=527772380079|Guardando equipo en base de datos|saveHandsetSC
21:13:24 - BD|OK|H=3410|PTN=527772380079|Equipo guardado correctamente|saveHandsetSC
21:13:24 - BD|OK|H=3410|PTN=527772380079|Guardando en dat_estatuspayment|saveHandsetSC
21:13:25 - BD|OK|H=3410|PTN=527772380079|Guardado en dat_estatuspayment correctamente|saveHandsetSC
21:13:25 - BD|H=527772380079|ID=3410|Equipo guardado correctamente en BD|notifySmsReception
21:13:25 - OP|H=|Client=201.175.130.92-------------------------------------------------------|notifySCReception
21:13:25 - 14/06/2015 21:13:25: |Correlator: 425276_ | message: mensaje de iAlarm | senderAddress: 527772380079 | smsServiceActivationNumber: 425276
21:13:25 - BD|H=527772380079|El equipo ya existe en BD|notifySmsReception
21:13:25 - BD|H=527772380079|Contrato por evento|Procesando cobro|notifySmsReception
21:13:25 - OP|H=3410|PTN=527772380079|Aplicando cargo|aplyCharge
21:13:25 - H=3410|PTN=527772380079|CD01-Obteniendo informacion [retrieveSubscriber]|sendChargeMount
21:13:26 - H=3410|PTN=527772380079|CD01-Informacion [retrieveSubscriber] obtenida correctamente|paymentMethod=,submarket=IDEN|sendChargeMount
21:13:26 - ERR|H=3410|PTN=527772380079|3GLTE-CD01-Obteniendo informacion [retrieveSubscriber]|paymentMethodList no devuelto-CD01|_3GLTEFlow
21:13:26 - H=3410|Actualizando contador de transacciones|transactionId=101|sendChargeMount
21:13:26 - H=3410|PTN=527772380079|BD|Contador de transacciones actualizado correctamente|transactionId=101|sendChargeMount
21:13:26 - H=3410|P=|PTN=527772380079|ERROR AL OBTENER INFORMACION|Parametros no disponibles!!|_charge
21:13:26 - H=3410|P=|PTN=527772380079|Actualizando informacion del reintento de cobro|_charge
21:13:26 - ERR|OP|H=3410|PTN=527772380079|Error al aplicar cargo|aplyCharge
21:13:26 - BD|H=3410|PTN=527772380079|Almacenando reintento de cobro|aplyCharge
21:13:27 - BD|OK|H=3410|PTN=527772380079|Reintento de cobro almacenando|idReintento=65|aplyCharge
21:40:10 - OP|H=|Client=201.175.130.92-------------------------------------------------------|notifySCReception
21:40:10 - 14/06/2015 21:40:10: |Correlator: 425276_ | message: mensaje de iAlarm | senderAddress: 525569232414 | smsServiceActivationNumber: 425276
21:40:10 - BD|H=525569232414|El equipo no existe en BD|notifySmsReception
21:40:10 - BD|H=525569232414|Guardando equipo en BD en BD|notifySmsReception
21:40:10 - BD|OK|PTN=525569232414|Guardando equipo en base de datos|saveHandsetSC
21:40:10 - BD|OK|H=3411|PTN=525569232414|Equipo guardado correctamente|saveHandsetSC
21:40:10 - BD|OK|H=3411|PTN=525569232414|Guardando en dat_estatuspayment|saveHandsetSC
21:40:10 - BD|OK|H=3411|PTN=525569232414|Guardado en dat_estatuspayment correctamente|saveHandsetSC
21:40:10 - BD|H=525569232414|ID=3411|Equipo guardado correctamente en BD|notifySmsReception
21:40:10 - OP|H=|Client=201.175.130.92-------------------------------------------------------|notifySCReception
21:40:10 - 14/06/2015 21:40:10: |Correlator: 425276_ | message: mensaje de iAlarm | senderAddress: 525569232414 | smsServiceActivationNumber: 425276
21:40:10 - BD|H=525569232414|El equipo ya existe en BD|notifySmsReception
21:40:10 - BD|H=525569232414|Contrato por evento|Procesando cobro|notifySmsReception
21:40:10 - OP|H=3411|PTN=525569232414|Aplicando cargo|aplyCharge
21:40:10 - H=3411|PTN=525569232414|CD01-Obteniendo informacion [retrieveSubscriber]|sendChargeMount
21:40:16 - H=3411|PTN=525569232414|CD01-Informacion [retrieveSubscriber] obtenida correctamente|paymentMethod=,submarket=IDEN|sendChargeMount
21:40:16 - ERR|H=3411|PTN=525569232414|3GLTE-CD01-Obteniendo informacion [retrieveSubscriber]|paymentMethodList no devuelto-CD01|_3GLTEFlow
21:40:16 - H=3411|Actualizando contador de transacciones|transactionId=102|sendChargeMount
21:40:16 - H=3411|PTN=525569232414|BD|Contador de transacciones actualizado correctamente|transactionId=102|sendChargeMount
21:40:16 - H=3411|P=|PTN=525569232414|ERROR AL OBTENER INFORMACION|Parametros no disponibles!!|_charge
21:40:16 - H=3411|P=|PTN=525569232414|Actualizando informacion del reintento de cobro|_charge
21:40:16 - ERR|OP|H=3411|PTN=525569232414|Error al aplicar cargo|aplyCharge
21:40:16 - BD|H=3411|PTN=525569232414|Almacenando reintento de cobro|aplyCharge
21:40:16 - BD|OK|H=3411|PTN=525569232414|Reintento de cobro almacenando|idReintento=66|aplyCharge
21:52:54 - OP|H=|Client=201.175.130.92-------------------------------------------------------|notifySCReception
21:52:54 - 14/06/2015 21:52:54: |Correlator: 425276_ | message: mensaje de iAlarm | senderAddress: 525569576393 | smsServiceActivationNumber: 425276
21:52:54 - BD|H=525569576393|El equipo no existe en BD|notifySmsReception
21:52:54 - BD|H=525569576393|Guardando equipo en BD en BD|notifySmsReception
21:52:54 - BD|OK|PTN=525569576393|Guardando equipo en base de datos|saveHandsetSC
21:52:54 - BD|OK|H=3412|PTN=525569576393|Equipo guardado correctamente|saveHandsetSC
21:52:54 - BD|OK|H=3412|PTN=525569576393|Guardando en dat_estatuspayment|saveHandsetSC
21:52:54 - BD|OK|H=3412|PTN=525569576393|Guardado en dat_estatuspayment correctamente|saveHandsetSC
21:52:54 - BD|H=525569576393|ID=3412|Equipo guardado correctamente en BD|notifySmsReception
21:52:54 - OP|H=|Client=201.175.130.92-------------------------------------------------------|notifySCReception
21:52:54 - 14/06/2015 21:52:54: |Correlator: 425276_ | message: mensaje de iAlarm | senderAddress: 525569576393 | smsServiceActivationNumber: 425276
21:52:54 - BD|H=525569576393|El equipo ya existe en BD|notifySmsReception
21:52:54 - BD|H=525569576393|Contrato por evento|Procesando cobro|notifySmsReception
21:52:54 - OP|H=3412|PTN=525569576393|Aplicando cargo|aplyCharge
21:52:54 - H=3412|PTN=525569576393|CD01-Obteniendo informacion [retrieveSubscriber]|sendChargeMount
21:53:00 - H=3412|PTN=525569576393|CD01-Informacion [retrieveSubscriber] obtenida correctamente|paymentMethod=,submarket=IDEN|sendChargeMount
21:53:00 - ERR|H=3412|PTN=525569576393|3GLTE-CD01-Obteniendo informacion [retrieveSubscriber]|paymentMethodList no devuelto-CD01|_3GLTEFlow
21:53:00 - H=3412|Actualizando contador de transacciones|transactionId=103|sendChargeMount
21:53:00 - H=3412|PTN=525569576393|BD|Contador de transacciones actualizado correctamente|transactionId=103|sendChargeMount
21:53:00 - H=3412|P=|PTN=525569576393|ERROR AL OBTENER INFORMACION|Parametros no disponibles!!|_charge
21:53:00 - H=3412|P=|PTN=525569576393|Actualizando informacion del reintento de cobro|_charge
21:53:00 - ERR|OP|H=3412|PTN=525569576393|Error al aplicar cargo|aplyCharge
21:53:00 - BD|H=3412|PTN=525569576393|Almacenando reintento de cobro|aplyCharge
21:53:00 - BD|OK|H=3412|PTN=525569576393|Reintento de cobro almacenando|idReintento=67|aplyCharge
