04:39:03 - OP|H=|Client=201.175.130.92-------------------------------------------------------|notifySCReception
04:39:03 - 16/07/2015 04:39:03: |Correlator: 425276_ | message: mensaje de iAlarm | senderAddress: 525544095272 | smsServiceActivationNumber: 425276
04:39:03 - BD|H=525544095272|El equipo no existe en BD|notifySmsReception
04:39:03 - BD|H=525544095272|Guardando equipo en BD en BD|notifySmsReception
04:39:03 - BD|OK|PTN=525544095272|Guardando equipo en base de datos|saveHandsetSC
04:39:03 - BD|OK|H=3964|PTN=525544095272|Equipo guardado correctamente|saveHandsetSC
04:39:03 - BD|OK|H=3964|PTN=525544095272|Guardando en dat_estatuspayment|saveHandsetSC
04:39:03 - BD|OK|H=3964|PTN=525544095272|Guardado en dat_estatuspayment correctamente|saveHandsetSC
04:39:03 - BD|H=525544095272|ID=3964|Equipo guardado correctamente en BD|notifySmsReception
04:39:03 - OP|H=|Client=201.175.130.92-------------------------------------------------------|notifySCReception
04:39:03 - 16/07/2015 04:39:03: |Correlator: 425276_ | message: mensaje de iAlarm | senderAddress: 525544095272 | smsServiceActivationNumber: 425276
04:39:03 - BD|H=525544095272|El equipo ya existe en BD|notifySmsReception
04:39:03 - BD|H=525544095272|Contrato por evento|Procesando cobro|notifySmsReception
08:53:36 - OP|H=|Client=201.175.130.92-------------------------------------------------------|notifySCReception
08:53:36 - 16/07/2015 08:53:36: |Correlator: 425276_ | message: mensaje de iAlarm | senderAddress: 524612068833 | smsServiceActivationNumber: 425276
08:53:36 - BD|H=524612068833|El equipo no existe en BD|notifySmsReception
08:53:36 - BD|H=524612068833|Guardando equipo en BD en BD|notifySmsReception
08:53:36 - BD|OK|PTN=524612068833|Guardando equipo en base de datos|saveHandsetSC
08:53:36 - BD|OK|H=3965|PTN=524612068833|Equipo guardado correctamente|saveHandsetSC
08:53:36 - BD|OK|H=3965|PTN=524612068833|Guardando en dat_estatuspayment|saveHandsetSC
08:53:36 - BD|OK|H=3965|PTN=524612068833|Guardado en dat_estatuspayment correctamente|saveHandsetSC
08:53:36 - BD|H=524612068833|ID=3965|Equipo guardado correctamente en BD|notifySmsReception
08:53:36 - OP|H=|Client=201.175.130.92-------------------------------------------------------|notifySCReception
08:53:36 - 16/07/2015 08:53:36: |Correlator: 425276_ | message: mensaje de iAlarm | senderAddress: 524612068833 | smsServiceActivationNumber: 425276
08:53:36 - BD|H=524612068833|El equipo ya existe en BD|notifySmsReception
08:53:36 - BD|H=524612068833|Contrato por evento|Procesando cobro|notifySmsReception
08:58:34 - OP|H=|Client=201.175.130.92-------------------------------------------------------|notifySCReception
08:58:34 - 16/07/2015 08:58:34: |Correlator: 425276_ | message: mensaje de iAlarm | senderAddress: 524731414623 | smsServiceActivationNumber: 425276
08:58:34 - BD|H=524731414623|El equipo ya existe en BD|notifySmsReception
08:58:34 - BD|H=524731414623|Contrato por evento|Procesando cobro|notifySmsReception
08:58:34 - OP|H=|Client=201.175.130.92-------------------------------------------------------|notifySCReception
08:58:34 - 16/07/2015 08:58:34: |Correlator: 425276_ | message: mensaje de iAlarm | senderAddress: 524731414623 | smsServiceActivationNumber: 425276
08:58:34 - BD|H=524731414623|El equipo ya existe en BD|notifySmsReception
08:58:34 - BD|H=524731414623|Contrato por evento|Procesando cobro|notifySmsReception
09:44:02 - OP|H=|Client=201.175.130.92-------------------------------------------------------|notifySCReception
09:44:02 - 16/07/2015 09:44:02: |Correlator: 425276_ | message: mensaje de iAlarm | senderAddress: 524434348728 | smsServiceActivationNumber: 425276
09:44:02 - BD|H=524434348728|El equipo ya existe en BD|notifySmsReception
09:44:02 - BD|H=524434348728|Contrato por evento|Procesando cobro|notifySmsReception
09:44:02 - OP|H=|Client=201.175.130.92-------------------------------------------------------|notifySCReception
09:44:02 - 16/07/2015 09:44:02: |Correlator: 425276_ | message: mensaje de iAlarm | senderAddress: 524434348728 | smsServiceActivationNumber: 425276
09:44:02 - BD|H=524434348728|El equipo ya existe en BD|notifySmsReception
09:44:02 - BD|H=524434348728|Contrato por evento|Procesando cobro|notifySmsReception
10:46:06 - OP|H=|Client=201.175.130.92-------------------------------------------------------|notifySCReception
10:46:06 - 16/07/2015 10:46:06: |Correlator: 425276_ | message: mensaje de iAlarm | senderAddress: 527772892256 | smsServiceActivationNumber: 425276
10:46:06 - BD|H=527772892256|El equipo no existe en BD|notifySmsReception
10:46:06 - BD|H=527772892256|Guardando equipo en BD en BD|notifySmsReception
10:46:06 - BD|OK|PTN=527772892256|Guardando equipo en base de datos|saveHandsetSC
10:46:06 - BD|OK|H=3966|PTN=527772892256|Equipo guardado correctamente|saveHandsetSC
10:46:06 - BD|OK|H=3966|PTN=527772892256|Guardando en dat_estatuspayment|saveHandsetSC
10:46:06 - BD|OK|H=3966|PTN=527772892256|Guardado en dat_estatuspayment correctamente|saveHandsetSC
10:46:06 - BD|H=527772892256|ID=3966|Equipo guardado correctamente en BD|notifySmsReception
10:46:06 - OP|H=|Client=201.175.130.92-------------------------------------------------------|notifySCReception
10:46:06 - 16/07/2015 10:46:06: |Correlator: 425276_ | message: mensaje de iAlarm | senderAddress: 527772892256 | smsServiceActivationNumber: 425276
10:46:06 - BD|H=527772892256|El equipo ya existe en BD|notifySmsReception
10:46:06 - BD|H=527772892256|Contrato por evento|Procesando cobro|notifySmsReception
12:53:34 - OP|H=|Client=201.175.130.92-------------------------------------------------------|notifySCReception
12:53:34 - 16/07/2015 12:53:34: |Correlator: 425276_ | message: mensaje de iAlarm | senderAddress: 524773246356 | smsServiceActivationNumber: 425276
12:53:34 - BD|H=524773246356|El equipo no existe en BD|notifySmsReception
12:53:34 - BD|H=524773246356|Guardando equipo en BD en BD|notifySmsReception
12:53:34 - BD|OK|PTN=524773246356|Guardando equipo en base de datos|saveHandsetSC
12:53:34 - BD|OK|H=3967|PTN=524773246356|Equipo guardado correctamente|saveHandsetSC
12:53:34 - BD|OK|H=3967|PTN=524773246356|Guardando en dat_estatuspayment|saveHandsetSC
12:53:34 - BD|OK|H=3967|PTN=524773246356|Guardado en dat_estatuspayment correctamente|saveHandsetSC
12:53:34 - BD|H=524773246356|ID=3967|Equipo guardado correctamente en BD|notifySmsReception
12:53:34 - OP|H=|Client=201.175.130.92-------------------------------------------------------|notifySCReception
12:53:34 - 16/07/2015 12:53:34: |Correlator: 425276_ | message: mensaje de iAlarm | senderAddress: 524773246356 | smsServiceActivationNumber: 425276
12:53:34 - BD|H=524773246356|El equipo ya existe en BD|notifySmsReception
12:53:34 - BD|H=524773246356|Contrato por evento|Procesando cobro|notifySmsReception
13:20:04 - OP|H=|Client=201.175.130.92-------------------------------------------------------|notifySCReception
13:20:04 - 16/07/2015 13:20:04: |Correlator: 425276_ | message: mensaje de iAlarm | senderAddress: 524442790136 | smsServiceActivationNumber: 425276
13:20:04 - BD|H=524442790136|El equipo ya existe en BD|notifySmsReception
13:20:04 - BD|H=524442790136|Contrato por evento|Procesando cobro|notifySmsReception
13:20:05 - OP|H=|Client=201.175.130.92-------------------------------------------------------|notifySCReception
13:20:05 - 16/07/2015 13:20:05: |Correlator: 425276_ | message: mensaje de iAlarm | senderAddress: 524442790136 | smsServiceActivationNumber: 425276
13:20:05 - BD|H=524442790136|El equipo ya existe en BD|notifySmsReception
13:20:05 - BD|H=524442790136|Contrato por evento|Procesando cobro|notifySmsReception
13:27:14 - OP|H=|Client=201.175.130.92-------------------------------------------------------|notifySCReception
13:27:14 - 16/07/2015 13:27:14: |Correlator: 425276_ | message: mensaje de iAlarm | senderAddress: 524442182139 | smsServiceActivationNumber: 425276
13:27:14 - BD|H=524442182139|El equipo ya existe en BD|notifySmsReception
13:27:14 - BD|H=524442182139|Contrato por evento|Procesando cobro|notifySmsReception
13:27:14 - OP|H=|Client=201.175.130.92-------------------------------------------------------|notifySCReception
13:27:14 - 16/07/2015 13:27:14: |Correlator: 425276_ | message: mensaje de iAlarm | senderAddress: 524442182139 | smsServiceActivationNumber: 425276
13:27:14 - BD|H=524442182139|El equipo ya existe en BD|notifySmsReception
13:27:14 - BD|H=524442182139|Contrato por evento|Procesando cobro|notifySmsReception
14:07:51 - OP|H=|Client=201.175.130.92-------------------------------------------------------|notifySCReception
14:07:51 - 16/07/2015 14:07:51: |Correlator: 425276_ | message: mensaje de iAlarm | senderAddress: 525519425273 | smsServiceActivationNumber: 425276
14:07:51 - BD|H=525519425273|El equipo ya existe en BD|notifySmsReception
14:07:51 - BD|H=525519425273|Contrato por evento|Procesando cobro|notifySmsReception
14:07:51 - OP|H=|Client=201.175.130.92-------------------------------------------------------|notifySCReception
14:07:51 - 16/07/2015 14:07:51: |Correlator: 425276_ | message: mensaje de iAlarm | senderAddress: 525519425273 | smsServiceActivationNumber: 425276
14:07:51 - BD|H=525519425273|El equipo ya existe en BD|notifySmsReception
14:07:51 - BD|H=525519425273|Contrato por evento|Procesando cobro|notifySmsReception
14:25:00 - OP|H=|Client=201.175.130.92-------------------------------------------------------|notifySCReception
14:25:00 - 16/07/2015 14:25:00: |Correlator: 425276_ | message: mensaje de iAlarm | senderAddress: 524151220480 | smsServiceActivationNumber: 425276
14:25:00 - BD|H=524151220480|El equipo ya existe en BD|notifySmsReception
14:25:00 - BD|H=524151220480|Contrato por evento|Procesando cobro|notifySmsReception
14:25:00 - OP|H=|Client=201.175.130.92-------------------------------------------------------|notifySCReception
14:25:00 - 16/07/2015 14:25:00: |Correlator: 425276_ | message: mensaje de iAlarm | senderAddress: 524151220480 | smsServiceActivationNumber: 425276
14:25:00 - BD|H=524151220480|El equipo ya existe en BD|notifySmsReception
14:25:00 - BD|H=524151220480|Contrato por evento|Procesando cobro|notifySmsReception
15:07:16 - OP|H=|Client=201.175.130.92-------------------------------------------------------|notifySCReception
15:07:16 - 16/07/2015 15:07:16: |Correlator: 425276_ | message: mensaje de iAlarm | senderAddress: 525510406656 | smsServiceActivationNumber: 425276
15:07:16 - BD|H=525510406656|El equipo ya existe en BD|notifySmsReception
15:07:16 - BD|H=525510406656|Contrato por evento|Procesando cobro|notifySmsReception
15:07:16 - OP|H=|Client=201.175.130.92-------------------------------------------------------|notifySCReception
15:07:16 - 16/07/2015 15:07:16: |Correlator: 425276_ | message: mensaje de iAlarm | senderAddress: 525510406656 | smsServiceActivationNumber: 425276
15:07:16 - BD|H=525510406656|El equipo ya existe en BD|notifySmsReception
15:07:16 - BD|H=525510406656|Contrato por evento|Procesando cobro|notifySmsReception
15:10:04 - OP|H=|Client=201.175.130.92-------------------------------------------------------|notifySCReception
15:10:04 - 16/07/2015 15:10:04: |Correlator: 425276_ | message: mensaje de iAlarm | senderAddress: 525570485717 | smsServiceActivationNumber: 425276
15:10:04 - BD|H=525570485717|El equipo no existe en BD|notifySmsReception
15:10:04 - BD|H=525570485717|Guardando equipo en BD en BD|notifySmsReception
15:10:04 - BD|OK|PTN=525570485717|Guardando equipo en base de datos|saveHandsetSC
15:10:04 - BD|OK|H=3968|PTN=525570485717|Equipo guardado correctamente|saveHandsetSC
15:10:04 - BD|OK|H=3968|PTN=525570485717|Guardando en dat_estatuspayment|saveHandsetSC
15:10:04 - BD|OK|H=3968|PTN=525570485717|Guardado en dat_estatuspayment correctamente|saveHandsetSC
15:10:04 - BD|H=525570485717|ID=3968|Equipo guardado correctamente en BD|notifySmsReception
15:10:04 - OP|H=|Client=201.175.130.92-------------------------------------------------------|notifySCReception
15:10:04 - 16/07/2015 15:10:04: |Correlator: 425276_ | message: mensaje de iAlarm | senderAddress: 525570485717 | smsServiceActivationNumber: 425276
15:10:04 - BD|H=525570485717|El equipo ya existe en BD|notifySmsReception
15:10:04 - BD|H=525570485717|Contrato por evento|Procesando cobro|notifySmsReception
15:23:33 - OP|H=|Client=201.175.130.92-------------------------------------------------------|notifySCReception
15:23:33 - 16/07/2015 15:23:33: |Correlator: 425276_ | message: mensaje de iAlarm | senderAddress: 525510421707 | smsServiceActivationNumber: 425276
15:23:33 - BD|H=525510421707|El equipo no existe en BD|notifySmsReception
15:23:33 - BD|H=525510421707|Guardando equipo en BD en BD|notifySmsReception
15:23:33 - BD|OK|PTN=525510421707|Guardando equipo en base de datos|saveHandsetSC
15:23:33 - BD|OK|H=3969|PTN=525510421707|Equipo guardado correctamente|saveHandsetSC
15:23:33 - BD|OK|H=3969|PTN=525510421707|Guardando en dat_estatuspayment|saveHandsetSC
15:23:33 - BD|OK|H=3969|PTN=525510421707|Guardado en dat_estatuspayment correctamente|saveHandsetSC
15:23:33 - BD|H=525510421707|ID=3969|Equipo guardado correctamente en BD|notifySmsReception
15:23:33 - OP|H=|Client=201.175.130.92-------------------------------------------------------|notifySCReception
15:23:33 - 16/07/2015 15:23:33: |Correlator: 425276_ | message: mensaje de iAlarm | senderAddress: 525510421707 | smsServiceActivationNumber: 425276
15:23:33 - BD|H=525510421707|El equipo ya existe en BD|notifySmsReception
15:23:33 - BD|H=525510421707|Contrato por evento|Procesando cobro|notifySmsReception
15:54:38 - OP|H=|Client=201.175.130.92-------------------------------------------------------|notifySCReception
15:54:38 - 16/07/2015 15:54:38: |Correlator: 425276_ | message: mensaje de iAlarm | senderAddress: 528992836199 | smsServiceActivationNumber: 425276
15:54:38 - BD|H=528992836199|El equipo ya existe en BD|notifySmsReception
15:54:38 - BD|H=528992836199|Contrato por evento|Procesando cobro|notifySmsReception
15:54:38 - OP|H=|Client=201.175.130.92-------------------------------------------------------|notifySCReception
15:54:38 - 16/07/2015 15:54:38: |Correlator: 425276_ | message: mensaje de iAlarm | senderAddress: 528992836199 | smsServiceActivationNumber: 425276
15:54:38 - BD|H=528992836199|El equipo ya existe en BD|notifySmsReception
15:54:38 - BD|H=528992836199|Contrato por evento|Procesando cobro|notifySmsReception
16:01:05 - OP|H=|Client=201.175.130.92-------------------------------------------------------|notifySCReception
16:01:05 - 16/07/2015 16:01:05: |Correlator: 425276_ | message: mensaje de iAlarm | senderAddress: 525544136432 | smsServiceActivationNumber: 425276
16:01:05 - BD|H=525544136432|El equipo no existe en BD|notifySmsReception
16:01:05 - BD|H=525544136432|Guardando equipo en BD en BD|notifySmsReception
16:01:05 - BD|OK|PTN=525544136432|Guardando equipo en base de datos|saveHandsetSC
16:01:05 - BD|OK|H=3970|PTN=525544136432|Equipo guardado correctamente|saveHandsetSC
16:01:05 - BD|OK|H=3970|PTN=525544136432|Guardando en dat_estatuspayment|saveHandsetSC
16:01:05 - BD|OK|H=3970|PTN=525544136432|Guardado en dat_estatuspayment correctamente|saveHandsetSC
16:01:05 - BD|H=525544136432|ID=3970|Equipo guardado correctamente en BD|notifySmsReception
16:01:05 - OP|H=|Client=201.175.130.92-------------------------------------------------------|notifySCReception
16:01:05 - 16/07/2015 16:01:05: |Correlator: 425276_ | message: mensaje de iAlarm | senderAddress: 525544136432 | smsServiceActivationNumber: 425276
16:01:05 - BD|H=525544136432|El equipo ya existe en BD|notifySmsReception
16:01:05 - BD|H=525544136432|Contrato por evento|Procesando cobro|notifySmsReception
16:20:19 - OP|H=|Client=201.175.130.92-------------------------------------------------------|notifySCReception
16:20:19 - 16/07/2015 16:20:19: |Correlator: 425276_ | message: mensaje de iAlarm | senderAddress: 524611878207 | smsServiceActivationNumber: 425276
16:20:19 - BD|H=524611878207|El equipo no existe en BD|notifySmsReception
16:20:19 - BD|H=524611878207|Guardando equipo en BD en BD|notifySmsReception
16:20:19 - BD|OK|PTN=524611878207|Guardando equipo en base de datos|saveHandsetSC
16:20:19 - BD|OK|H=3971|PTN=524611878207|Equipo guardado correctamente|saveHandsetSC
16:20:19 - BD|OK|H=3971|PTN=524611878207|Guardando en dat_estatuspayment|saveHandsetSC
16:20:19 - BD|OK|H=3971|PTN=524611878207|Guardado en dat_estatuspayment correctamente|saveHandsetSC
16:20:19 - BD|H=524611878207|ID=3971|Equipo guardado correctamente en BD|notifySmsReception
16:20:19 - OP|H=|Client=201.175.130.92-------------------------------------------------------|notifySCReception
16:20:19 - 16/07/2015 16:20:19: |Correlator: 425276_ | message: mensaje de iAlarm | senderAddress: 524611878207 | smsServiceActivationNumber: 425276
16:20:19 - BD|H=524611878207|El equipo ya existe en BD|notifySmsReception
16:20:19 - BD|H=524611878207|Contrato por evento|Procesando cobro|notifySmsReception
16:46:40 - OP|H=|Client=201.175.130.92-------------------------------------------------------|notifySCReception
16:46:40 - 16/07/2015 16:46:40: |Correlator: 425276_ | message: mensaje de iAlarm | senderAddress: 524611238585 | smsServiceActivationNumber: 425276
16:46:40 - BD|H=524611238585|El equipo ya existe en BD|notifySmsReception
16:46:40 - BD|H=524611238585|Contrato por evento|Procesando cobro|notifySmsReception
16:46:40 - OP|H=|Client=201.175.130.92-------------------------------------------------------|notifySCReception
16:46:40 - 16/07/2015 16:46:40: |Correlator: 425276_ | message: mensaje de iAlarm | senderAddress: 524611238585 | smsServiceActivationNumber: 425276
16:46:40 - BD|H=524611238585|El equipo ya existe en BD|notifySmsReception
16:46:40 - BD|H=524611238585|Contrato por evento|Procesando cobro|notifySmsReception
19:08:18 - OP|H=|Client=201.175.130.92-------------------------------------------------------|notifySCReception
19:08:18 - 16/07/2015 19:08:18: |Correlator: 425276_ | message: mensaje de iAlarm | senderAddress: 524773550860 | smsServiceActivationNumber: 425276
19:08:18 - BD|H=524773550860|El equipo no existe en BD|notifySmsReception
19:08:18 - BD|H=524773550860|Guardando equipo en BD en BD|notifySmsReception
19:08:18 - BD|OK|PTN=524773550860|Guardando equipo en base de datos|saveHandsetSC
19:08:18 - BD|OK|H=3972|PTN=524773550860|Equipo guardado correctamente|saveHandsetSC
19:08:18 - BD|OK|H=3972|PTN=524773550860|Guardando en dat_estatuspayment|saveHandsetSC
19:08:18 - BD|OK|H=3972|PTN=524773550860|Guardado en dat_estatuspayment correctamente|saveHandsetSC
19:08:18 - BD|H=524773550860|ID=3972|Equipo guardado correctamente en BD|notifySmsReception
19:08:18 - OP|H=|Client=201.175.130.92-------------------------------------------------------|notifySCReception
19:08:18 - 16/07/2015 19:08:18: |Correlator: 425276_ | message: mensaje de iAlarm | senderAddress: 524773550860 | smsServiceActivationNumber: 425276
19:08:18 - BD|H=524773550860|El equipo ya existe en BD|notifySmsReception
19:08:18 - BD|H=524773550860|Contrato por evento|Procesando cobro|notifySmsReception
19:10:26 - OP|H=|Client=201.175.130.92-------------------------------------------------------|notifySCReception
19:10:26 - 16/07/2015 19:10:26: |Correlator: 425276_ | message: mensaje de iAlarm | senderAddress: 524773550860 | smsServiceActivationNumber: 425276
19:10:26 - BD|H=524773550860|El equipo ya existe en BD|notifySmsReception
19:10:26 - BD|H=524773550860|Contrato por evento|Procesando cobro|notifySmsReception
19:10:26 - OP|H=|Client=201.175.130.92-------------------------------------------------------|notifySCReception
19:10:26 - 16/07/2015 19:10:26: |Correlator: 425276_ | message: mensaje de iAlarm | senderAddress: 524773550860 | smsServiceActivationNumber: 425276
19:10:26 - BD|H=524773550860|El equipo ya existe en BD|notifySmsReception
19:10:26 - BD|H=524773550860|Contrato por evento|Procesando cobro|notifySmsReception
19:13:11 - OP|H=|Client=201.175.130.92-------------------------------------------------------|notifySCReception
19:13:11 - 16/07/2015 19:13:11: |Correlator: 425276_ | message: mensaje de iAlarm | senderAddress: 524773550860 | smsServiceActivationNumber: 425276
19:13:11 - BD|H=524773550860|El equipo ya existe en BD|notifySmsReception
19:13:11 - BD|H=524773550860|Contrato por evento|Procesando cobro|notifySmsReception
19:13:11 - OP|H=|Client=201.175.130.92-------------------------------------------------------|notifySCReception
19:13:11 - 16/07/2015 19:13:11: |Correlator: 425276_ | message: mensaje de iAlarm | senderAddress: 524773550860 | smsServiceActivationNumber: 425276
19:13:11 - BD|H=524773550860|El equipo ya existe en BD|notifySmsReception
19:13:11 - BD|H=524773550860|Contrato por evento|Procesando cobro|notifySmsReception
19:13:31 - OP|H=|Client=201.175.130.92-------------------------------------------------------|notifySCReception
19:13:31 - 16/07/2015 19:13:31: |Correlator: 425276_ | message: mensaje de iAlarm | senderAddress: 524621881553 | smsServiceActivationNumber: 425276
19:13:31 - BD|H=524621881553|El equipo ya existe en BD|notifySmsReception
19:13:31 - BD|H=524621881553|Contrato por evento|Procesando cobro|notifySmsReception
19:13:31 - OP|H=|Client=201.175.130.92-------------------------------------------------------|notifySCReception
19:13:31 - 16/07/2015 19:13:31: |Correlator: 425276_ | message: mensaje de iAlarm | senderAddress: 524621881553 | smsServiceActivationNumber: 425276
19:13:31 - BD|H=524621881553|El equipo ya existe en BD|notifySmsReception
19:13:31 - BD|H=524621881553|Contrato por evento|Procesando cobro|notifySmsReception
19:25:03 - OP|H=|Client=201.175.130.92-------------------------------------------------------|notifySCReception
19:25:03 - 16/07/2015 19:25:03: |Correlator: 425276_ | message: mensaje de iAlarm | senderAddress: 525544073246 | smsServiceActivationNumber: 425276
19:25:03 - BD|H=525544073246|El equipo no existe en BD|notifySmsReception
19:25:03 - BD|H=525544073246|Guardando equipo en BD en BD|notifySmsReception
19:25:03 - BD|OK|PTN=525544073246|Guardando equipo en base de datos|saveHandsetSC
19:25:03 - BD|OK|H=3973|PTN=525544073246|Equipo guardado correctamente|saveHandsetSC
19:25:03 - BD|OK|H=3973|PTN=525544073246|Guardando en dat_estatuspayment|saveHandsetSC
19:25:03 - BD|OK|H=3973|PTN=525544073246|Guardado en dat_estatuspayment correctamente|saveHandsetSC
19:25:03 - BD|H=525544073246|ID=3973|Equipo guardado correctamente en BD|notifySmsReception
19:25:03 - OP|H=|Client=201.175.130.92-------------------------------------------------------|notifySCReception
19:25:03 - 16/07/2015 19:25:03: |Correlator: 425276_ | message: mensaje de iAlarm | senderAddress: 525544073246 | smsServiceActivationNumber: 425276
19:25:03 - BD|H=525544073246|El equipo ya existe en BD|notifySmsReception
19:25:03 - BD|H=525544073246|Contrato por evento|Procesando cobro|notifySmsReception
19:34:29 - OP|H=|Client=201.175.130.92-------------------------------------------------------|notifySCReception
19:34:29 - 16/07/2015 19:34:29: |Correlator: 425276_ | message: mensaje de iAlarm | senderAddress: 524721180568 | smsServiceActivationNumber: 425276
19:34:29 - BD|H=524721180568|El equipo ya existe en BD|notifySmsReception
19:34:29 - BD|H=524721180568|Contrato por evento|Procesando cobro|notifySmsReception
19:34:29 - OP|H=|Client=201.175.130.92-------------------------------------------------------|notifySCReception
19:34:29 - 16/07/2015 19:34:29: |Correlator: 425276_ | message: mensaje de iAlarm | senderAddress: 524721180568 | smsServiceActivationNumber: 425276
19:34:29 - BD|H=524721180568|El equipo ya existe en BD|notifySmsReception
19:34:29 - BD|H=524721180568|Contrato por evento|Procesando cobro|notifySmsReception
19:35:12 - OP|H=|Client=201.175.130.92-------------------------------------------------------|notifySCReception
19:35:12 - 16/07/2015 19:35:12: |Correlator: 425276_ | message: mensaje de iAlarm | senderAddress: 525550062139 | smsServiceActivationNumber: 425276
19:35:12 - BD|H=525550062139|El equipo no existe en BD|notifySmsReception
19:35:12 - BD|H=525550062139|Guardando equipo en BD en BD|notifySmsReception
19:35:12 - BD|OK|PTN=525550062139|Guardando equipo en base de datos|saveHandsetSC
19:35:12 - BD|OK|H=3974|PTN=525550062139|Equipo guardado correctamente|saveHandsetSC
19:35:12 - BD|OK|H=3974|PTN=525550062139|Guardando en dat_estatuspayment|saveHandsetSC
19:35:12 - BD|OK|H=3974|PTN=525550062139|Guardado en dat_estatuspayment correctamente|saveHandsetSC
19:35:12 - BD|H=525550062139|ID=3974|Equipo guardado correctamente en BD|notifySmsReception
19:35:12 - OP|H=|Client=201.175.130.92-------------------------------------------------------|notifySCReception
19:35:12 - 16/07/2015 19:35:12: |Correlator: 425276_ | message: mensaje de iAlarm | senderAddress: 525550062139 | smsServiceActivationNumber: 425276
19:35:12 - BD|H=525550062139|El equipo ya existe en BD|notifySmsReception
19:35:12 - BD|H=525550062139|Contrato por evento|Procesando cobro|notifySmsReception
19:48:43 - OP|H=|Client=201.175.130.92-------------------------------------------------------|notifySCReception
19:48:43 - 16/07/2015 19:48:43: |Correlator: 425276_ | message: mensaje de iAlarm | senderAddress: 522225987502 | smsServiceActivationNumber: 425276
19:48:43 - BD|H=522225987502|El equipo no existe en BD|notifySmsReception
19:48:43 - BD|H=522225987502|Guardando equipo en BD en BD|notifySmsReception
19:48:43 - BD|OK|PTN=522225987502|Guardando equipo en base de datos|saveHandsetSC
19:48:43 - BD|OK|H=3975|PTN=522225987502|Equipo guardado correctamente|saveHandsetSC
19:48:43 - BD|OK|H=3975|PTN=522225987502|Guardando en dat_estatuspayment|saveHandsetSC
19:48:43 - BD|OK|H=3975|PTN=522225987502|Guardado en dat_estatuspayment correctamente|saveHandsetSC
19:48:43 - BD|H=522225987502|ID=3975|Equipo guardado correctamente en BD|notifySmsReception
19:48:43 - OP|H=|Client=201.175.130.92-------------------------------------------------------|notifySCReception
19:48:43 - 16/07/2015 19:48:43: |Correlator: 425276_ | message: mensaje de iAlarm | senderAddress: 522225987502 | smsServiceActivationNumber: 425276
19:48:43 - BD|H=522225987502|El equipo ya existe en BD|notifySmsReception
19:48:43 - BD|H=522225987502|Contrato por evento|Procesando cobro|notifySmsReception
19:53:10 - OP|H=|Client=201.175.130.92-------------------------------------------------------|notifySCReception
19:53:10 - 16/07/2015 19:53:10: |Correlator: 425276_ | message: mensaje de iAlarm | senderAddress: 527224856930 | smsServiceActivationNumber: 425276
19:53:10 - BD|H=527224856930|El equipo no existe en BD|notifySmsReception
19:53:10 - BD|H=527224856930|Guardando equipo en BD en BD|notifySmsReception
19:53:10 - BD|OK|PTN=527224856930|Guardando equipo en base de datos|saveHandsetSC
19:53:10 - BD|OK|H=3976|PTN=527224856930|Equipo guardado correctamente|saveHandsetSC
19:53:10 - BD|OK|H=3976|PTN=527224856930|Guardando en dat_estatuspayment|saveHandsetSC
19:53:10 - BD|OK|H=3976|PTN=527224856930|Guardado en dat_estatuspayment correctamente|saveHandsetSC
19:53:10 - BD|H=527224856930|ID=3976|Equipo guardado correctamente en BD|notifySmsReception
19:53:10 - OP|H=|Client=201.175.130.92-------------------------------------------------------|notifySCReception
19:53:10 - 16/07/2015 19:53:10: |Correlator: 425276_ | message: mensaje de iAlarm | senderAddress: 527224856930 | smsServiceActivationNumber: 425276
19:53:10 - BD|H=527224856930|El equipo ya existe en BD|notifySmsReception
19:53:10 - BD|H=527224856930|Contrato por evento|Procesando cobro|notifySmsReception
21:19:08 - OP|H=|Client=201.175.130.92-------------------------------------------------------|notifySCReception
21:19:08 - 16/07/2015 21:19:08: |Correlator: 425276_ | message: mensaje de iAlarm | senderAddress: 524424126630 | smsServiceActivationNumber: 425276
21:19:08 - BD|H=524424126630|El equipo no existe en BD|notifySmsReception
21:19:08 - BD|H=524424126630|Guardando equipo en BD en BD|notifySmsReception
21:19:08 - BD|OK|PTN=524424126630|Guardando equipo en base de datos|saveHandsetSC
21:19:08 - BD|OK|H=3977|PTN=524424126630|Equipo guardado correctamente|saveHandsetSC
21:19:08 - BD|OK|H=3977|PTN=524424126630|Guardando en dat_estatuspayment|saveHandsetSC
21:19:08 - BD|OK|H=3977|PTN=524424126630|Guardado en dat_estatuspayment correctamente|saveHandsetSC
21:19:08 - BD|H=524424126630|ID=3977|Equipo guardado correctamente en BD|notifySmsReception
21:19:08 - OP|H=|Client=201.175.130.92-------------------------------------------------------|notifySCReception
21:19:08 - 16/07/2015 21:19:08: |Correlator: 425276_ | message: mensaje de iAlarm | senderAddress: 524424126630 | smsServiceActivationNumber: 425276
21:19:08 - BD|H=524424126630|El equipo ya existe en BD|notifySmsReception
21:19:08 - BD|H=524424126630|Contrato por evento|Procesando cobro|notifySmsReception
21:28:51 - OP|H=|Client=201.175.130.92-------------------------------------------------------|notifySCReception
21:28:51 - 16/07/2015 21:28:51: |Correlator: 425276_ | message: mensaje de iAlarm | senderAddress: 523314786718 | smsServiceActivationNumber: 425276
21:28:51 - BD|H=523314786718|El equipo ya existe en BD|notifySmsReception
21:28:51 - BD|H=523314786718|Contrato por evento|Procesando cobro|notifySmsReception
21:28:51 - OP|H=|Client=201.175.130.92-------------------------------------------------------|notifySCReception
21:28:51 - 16/07/2015 21:28:51: |Correlator: 425276_ | message: mensaje de iAlarm | senderAddress: 523314786718 | smsServiceActivationNumber: 425276
21:28:51 - BD|H=523314786718|El equipo ya existe en BD|notifySmsReception
21:28:51 - BD|H=523314786718|Contrato por evento|Procesando cobro|notifySmsReception
