15:34:02 - H=525563022778|OP=[retrieveSubscriber]---------------------------------------------------------
15:34:02 - Target|https://sdpvas.nexteldata.com.mx:8443/SmdbWebService/subscriber?wsdl
15:34:02 - XMLSent|<?xml version="1.0" encoding="UTF-8"?>
<SOAP-ENV:Envelope xmlns:SOAP-ENV="http://schemas.xmlsoap.org/soap/envelope/" xmlns:ns1="http://ws.mcds.smb.ericsson.com/" xmlns:ns2="http://docs.oasis-open.org/wss/2004/01/oasis-200401-wss-wssecurity-secext-1.0.xsd"><SOAP-ENV:Header><wsse:Security xmlns:wsse="http://docs.oasis-open.org/wss/2004/01/oasis-200401-wss-wssecurity-secext-1.0.xsd">
                                            <wsse:UsernameToken xmlns:wsu="http://docs.oasis-open.org/wss/2004/01/oasis-200401-wss-wssecurity-utility-1.0.xsd">
                                                   	<wsse:Username>WEBMAPS_MX</wsse:Username>
							<wsse:Password>pay@webmaps</wsse:Password>
							<wsu:Created>2015-04-20T18:08:49.909Z</wsu:Created>
                                            </wsse:UsernameToken>
                                            </wsse:Security></SOAP-ENV:Header><SOAP-ENV:Body><ns1:getHandsetInfo><identifierType>MSISDN</identifierType><identifierValue>525563022778</identifierValue><barredServicesType>CD01</barredServicesType></ns1:getHandsetInfo></SOAP-ENV:Body></SOAP-ENV:Envelope>

15:34:02 - XMLReceived|<?xml version='1.0' encoding='UTF-8'?><S:Envelope xmlns:S="http://schemas.xmlsoap.org/soap/envelope/"><S:Body><ns2:getHandsetInfoResponse xmlns:ns2="http://ws.mcds.smb.ericsson.com/" xmlns:ns3="http://ws.sig.smb.ericsson.com/"><return><msisdn>525563022778</msisdn><status>A</status><paymentMethods>1</paymentMethods><monthlyPurchaseLimit>99999</monthlyPurchaseLimit><serviceCodes>SC01</serviceCodes><serviceCodes>CD01</serviceCodes><serviceCodes>CD05</serviceCodes></return></ns2:getHandsetInfoResponse></S:Body></S:Envelope>
15:34:03 - H=525563022778|OP=[retrieveSubscriber]---------------------------------------------------------
15:34:03 - Target|https://sdpvas.nexteldata.com.mx:8443/SmdbWebService/subscriber?wsdl
15:34:03 - XMLSent|<?xml version="1.0" encoding="UTF-8"?>
<SOAP-ENV:Envelope xmlns:SOAP-ENV="http://schemas.xmlsoap.org/soap/envelope/" xmlns:ns1="http://ws.sig.smb.ericsson.com/" xmlns:ns2="http://docs.oasis-open.org/wss/2004/01/oasis-200401-wss-wssecurity-secext-1.0.xsd"><SOAP-ENV:Header><wsse:Security xmlns:wsse="http://docs.oasis-open.org/wss/2004/01/oasis-200401-wss-wssecurity-secext-1.0.xsd">
                                            <wsse:UsernameToken xmlns:wsu="http://docs.oasis-open.org/wss/2004/01/oasis-200401-wss-wssecurity-utility-1.0.xsd">
                                                   	<wsse:Username>WEBMAPS_MX</wsse:Username>
							<wsse:Password>pay@webmaps</wsse:Password>
							<wsu:Created>2015-04-20T18:08:49.909Z</wsu:Created>
                                            </wsse:UsernameToken>
                                            </wsse:Security></SOAP-ENV:Header><SOAP-ENV:Body><ns1:retrieveSubscriber><msisdn>525563022778</msisdn><serviceCode>CD01</serviceCode></ns1:retrieveSubscriber></SOAP-ENV:Body></SOAP-ENV:Envelope>

15:34:03 - XMLReceived|<?xml version='1.0' encoding='UTF-8'?><S:Envelope xmlns:S="http://schemas.xmlsoap.org/soap/envelope/"><S:Body><ns2:retrieveSubscriberResponse xmlns:ns2="http://ws.mcds.smb.ericsson.com/" xmlns:ns3="http://ws.sig.smb.ericsson.com/"><return><subMarketId>3G</subMarketId><paymentMethodList>2</paymentMethodList><countryId>Mexico</countryId></return></ns2:retrieveSubscriberResponse></S:Body></S:Envelope>
15:34:03 - H=525563022778|OP=[retrieveSubscriber]---------------------------------------------------------
15:34:03 - Target|https://sdpvas.nexteldata.com.mx:8443/SmdbWebService/subscriber?wsdl
15:34:03 - XMLSent|<?xml version="1.0" encoding="UTF-8"?>
<SOAP-ENV:Envelope xmlns:SOAP-ENV="http://schemas.xmlsoap.org/soap/envelope/" xmlns:ns1="http://ws.sig.smb.ericsson.com/" xmlns:ns2="http://docs.oasis-open.org/wss/2004/01/oasis-200401-wss-wssecurity-secext-1.0.xsd"><SOAP-ENV:Header><wsse:Security xmlns:wsse="http://docs.oasis-open.org/wss/2004/01/oasis-200401-wss-wssecurity-secext-1.0.xsd">
                                            <wsse:UsernameToken xmlns:wsu="http://docs.oasis-open.org/wss/2004/01/oasis-200401-wss-wssecurity-utility-1.0.xsd">
                                                   	<wsse:Username>WEBMAPS_MX</wsse:Username>
							<wsse:Password>pay@webmaps</wsse:Password>
							<wsu:Created>2015-04-20T18:08:49.909Z</wsu:Created>
                                            </wsse:UsernameToken>
                                            </wsse:Security></SOAP-ENV:Header><SOAP-ENV:Body><ns1:retrieveSubscriber><msisdn>525563022778</msisdn><serviceCode>CD05</serviceCode></ns1:retrieveSubscriber></SOAP-ENV:Body></SOAP-ENV:Envelope>

15:34:03 - XMLReceived|<?xml version='1.0' encoding='UTF-8'?><S:Envelope xmlns:S="http://schemas.xmlsoap.org/soap/envelope/"><S:Body><ns2:retrieveSubscriberResponse xmlns:ns2="http://ws.mcds.smb.ericsson.com/" xmlns:ns3="http://ws.sig.smb.ericsson.com/"><return><subMarketId>3G</subMarketId><paymentMethodList>1</paymentMethodList><countryId>Mexico</countryId></return></ns2:retrieveSubscriberResponse></S:Body></S:Envelope>
15:34:03 - H=525563022778|OP=[amountCharging]---------------------------------------------------------
15:34:03 - Target|https://sdpvas.nexteldata.com.mx:7443/parlayx-payment/services/AmountChargingService?wsdl
15:34:03 - XMLSent|
15:34:03 - XMLReceived|
