04:01:12 - OP|H=|Client=201.175.130.92-------------------------------------------------------|notifySCReception
04:01:12 - 03/07/2015 04:01:12: |Correlator: 425276_ | message: mensaje de iAlarm | senderAddress: 528992780306 | smsServiceActivationNumber: 425276
04:01:12 - BD|H=528992780306|El equipo no existe en BD|notifySmsReception
04:01:12 - BD|H=528992780306|Guardando equipo en BD en BD|notifySmsReception
04:01:12 - BD|OK|PTN=528992780306|Guardando equipo en base de datos|saveHandsetSC
04:01:12 - BD|OK|H=3733|PTN=528992780306|Equipo guardado correctamente|saveHandsetSC
04:01:12 - BD|OK|H=3733|PTN=528992780306|Guardando en dat_estatuspayment|saveHandsetSC
04:01:12 - BD|OK|H=3733|PTN=528992780306|Guardado en dat_estatuspayment correctamente|saveHandsetSC
04:01:12 - BD|H=528992780306|ID=3733|Equipo guardado correctamente en BD|notifySmsReception
04:01:12 - OP|H=|Client=201.175.130.92-------------------------------------------------------|notifySCReception
04:01:12 - 03/07/2015 04:01:12: |Correlator: 425276_ | message: mensaje de iAlarm | senderAddress: 528992780306 | smsServiceActivationNumber: 425276
04:01:12 - BD|H=528992780306|El equipo ya existe en BD|notifySmsReception
04:01:12 - BD|H=528992780306|Contrato por evento|Procesando cobro|notifySmsReception
06:09:22 - OP|H=|Client=201.175.130.92-------------------------------------------------------|notifySCReception
06:09:22 - 03/07/2015 06:09:22: |Correlator: 425276_ | message: mensaje de iAlarm | senderAddress: 525543259351 | smsServiceActivationNumber: 425276
06:09:22 - BD|H=525543259351|El equipo ya existe en BD|notifySmsReception
06:09:22 - BD|H=525543259351|Contrato por evento|Procesando cobro|notifySmsReception
06:09:22 - OP|H=|Client=201.175.130.92-------------------------------------------------------|notifySCReception
06:09:22 - 03/07/2015 06:09:22: |Correlator: 425276_ | message: mensaje de iAlarm | senderAddress: 525543259351 | smsServiceActivationNumber: 425276
06:09:22 - BD|H=525543259351|El equipo ya existe en BD|notifySmsReception
06:09:22 - BD|H=525543259351|Contrato por evento|Procesando cobro|notifySmsReception
07:29:53 - OP|H=|Client=201.175.130.92-------------------------------------------------------|notifySCReception
07:29:53 - 03/07/2015 07:29:53: |Correlator: 425276_ | message: mensaje de iAlarm | senderAddress: 528118079060 | smsServiceActivationNumber: 425276
07:29:53 - BD|H=528118079060|El equipo no existe en BD|notifySmsReception
07:29:53 - BD|H=528118079060|Guardando equipo en BD en BD|notifySmsReception
07:29:53 - BD|OK|PTN=528118079060|Guardando equipo en base de datos|saveHandsetSC
07:29:53 - BD|OK|H=3734|PTN=528118079060|Equipo guardado correctamente|saveHandsetSC
07:29:53 - BD|OK|H=3734|PTN=528118079060|Guardando en dat_estatuspayment|saveHandsetSC
07:29:53 - BD|OK|H=3734|PTN=528118079060|Guardado en dat_estatuspayment correctamente|saveHandsetSC
07:29:53 - BD|H=528118079060|ID=3734|Equipo guardado correctamente en BD|notifySmsReception
07:29:54 - OP|H=|Client=201.175.130.92-------------------------------------------------------|notifySCReception
07:29:54 - 03/07/2015 07:29:54: |Correlator: 425276_ | message: mensaje de iAlarm | senderAddress: 528118079060 | smsServiceActivationNumber: 425276
07:29:54 - BD|H=528118079060|El equipo ya existe en BD|notifySmsReception
07:29:54 - BD|H=528118079060|Contrato por evento|Procesando cobro|notifySmsReception
08:21:20 - OP|H=|Client=201.175.130.92-------------------------------------------------------|notifySCReception
08:21:20 - 03/07/2015 08:21:20: |Correlator: 425276_ | message: mensaje de iAlarm | senderAddress: 528333599288 | smsServiceActivationNumber: 425276
08:21:20 - BD|H=528333599288|El equipo no existe en BD|notifySmsReception
08:21:20 - BD|H=528333599288|Guardando equipo en BD en BD|notifySmsReception
08:21:20 - BD|OK|PTN=528333599288|Guardando equipo en base de datos|saveHandsetSC
08:21:20 - BD|OK|H=3735|PTN=528333599288|Equipo guardado correctamente|saveHandsetSC
08:21:20 - BD|OK|H=3735|PTN=528333599288|Guardando en dat_estatuspayment|saveHandsetSC
08:21:20 - BD|OK|H=3735|PTN=528333599288|Guardado en dat_estatuspayment correctamente|saveHandsetSC
08:21:20 - BD|H=528333599288|ID=3735|Equipo guardado correctamente en BD|notifySmsReception
08:21:20 - OP|H=|Client=201.175.130.92-------------------------------------------------------|notifySCReception
08:21:20 - 03/07/2015 08:21:20: |Correlator: 425276_ | message: mensaje de iAlarm | senderAddress: 528333599288 | smsServiceActivationNumber: 425276
08:21:20 - BD|H=528333599288|El equipo ya existe en BD|notifySmsReception
08:21:20 - BD|H=528333599288|Contrato por evento|Procesando cobro|notifySmsReception
08:43:13 - OP|H=|Client=201.175.130.92-------------------------------------------------------|notifySCReception
08:43:13 - 03/07/2015 08:43:13: |Correlator: 425276_ | message: mensaje de iAlarm | senderAddress: 526563274510 | smsServiceActivationNumber: 425276
08:43:13 - BD|H=526563274510|El equipo ya existe en BD|notifySmsReception
08:43:13 - BD|H=526563274510|Contrato por evento|Procesando cobro|notifySmsReception
08:43:13 - OP|H=|Client=201.175.130.92-------------------------------------------------------|notifySCReception
08:43:13 - 03/07/2015 08:43:13: |Correlator: 425276_ | message: mensaje de iAlarm | senderAddress: 526563274510 | smsServiceActivationNumber: 425276
08:43:13 - BD|H=526563274510|El equipo ya existe en BD|notifySmsReception
08:43:13 - BD|H=526563274510|Contrato por evento|Procesando cobro|notifySmsReception
09:25:08 - OP|H=|Client=201.175.130.92-------------------------------------------------------|notifySCReception
09:25:08 - 03/07/2015 09:25:08: |Correlator: 425276_ | message: mensaje de iAlarm | senderAddress: 525510407676 | smsServiceActivationNumber: 425276
09:25:08 - BD|H=525510407676|El equipo ya existe en BD|notifySmsReception
09:25:08 - BD|H=525510407676|Contrato por evento|Procesando cobro|notifySmsReception
09:25:08 - OP|H=|Client=201.175.130.92-------------------------------------------------------|notifySCReception
09:25:08 - 03/07/2015 09:25:08: |Correlator: 425276_ | message: mensaje de iAlarm | senderAddress: 525510407676 | smsServiceActivationNumber: 425276
09:25:08 - BD|H=525510407676|El equipo ya existe en BD|notifySmsReception
09:25:08 - BD|H=525510407676|Contrato por evento|Procesando cobro|notifySmsReception
09:48:30 - OP|H=|Client=201.175.130.92-------------------------------------------------------|notifySCReception
09:48:30 - 03/07/2015 09:48:30: |Correlator: 425276_ | message: mensaje de iAlarm | senderAddress: 523316161004 | smsServiceActivationNumber: 425276
09:48:30 - BD|H=523316161004|El equipo ya existe en BD|notifySmsReception
09:48:30 - BD|H=523316161004|Contrato por evento|Procesando cobro|notifySmsReception
09:48:31 - OP|H=|Client=201.175.130.92-------------------------------------------------------|notifySCReception
09:48:31 - 03/07/2015 09:48:31: |Correlator: 425276_ | message: mensaje de iAlarm | senderAddress: 523316161004 | smsServiceActivationNumber: 425276
09:48:31 - BD|H=523316161004|El equipo ya existe en BD|notifySmsReception
09:48:31 - BD|H=523316161004|Contrato por evento|Procesando cobro|notifySmsReception
10:28:44 - OP|H=|Client=201.175.130.92-------------------------------------------------------|notifySCReception
10:28:44 - 03/07/2015 10:28:44: |Correlator: 425276_ | message: mensaje de iAlarm | senderAddress: 523337009848 | smsServiceActivationNumber: 425276
10:28:44 - BD|H=523337009848|El equipo ya existe en BD|notifySmsReception
10:28:44 - BD|H=523337009848|Contrato por evento|Procesando cobro|notifySmsReception
10:28:44 - OP|H=|Client=201.175.130.92-------------------------------------------------------|notifySCReception
10:28:44 - 03/07/2015 10:28:44: |Correlator: 425276_ | message: mensaje de iAlarm | senderAddress: 523337009848 | smsServiceActivationNumber: 425276
10:28:44 - BD|H=523337009848|El equipo ya existe en BD|notifySmsReception
10:28:44 - BD|H=523337009848|Contrato por evento|Procesando cobro|notifySmsReception
10:46:16 - OP|H=|Client=201.175.130.92-------------------------------------------------------|notifySCReception
10:46:16 - 03/07/2015 10:46:16: |Correlator: 425276_ | message: mensaje de iAlarm | senderAddress: 525545984826 | smsServiceActivationNumber: 425276
10:46:16 - BD|H=525545984826|El equipo no existe en BD|notifySmsReception
10:46:16 - BD|H=525545984826|Guardando equipo en BD en BD|notifySmsReception
10:46:16 - BD|OK|PTN=525545984826|Guardando equipo en base de datos|saveHandsetSC
10:46:16 - BD|OK|H=3736|PTN=525545984826|Equipo guardado correctamente|saveHandsetSC
10:46:16 - BD|OK|H=3736|PTN=525545984826|Guardando en dat_estatuspayment|saveHandsetSC
10:46:16 - BD|OK|H=3736|PTN=525545984826|Guardado en dat_estatuspayment correctamente|saveHandsetSC
10:46:16 - BD|H=525545984826|ID=3736|Equipo guardado correctamente en BD|notifySmsReception
10:46:16 - OP|H=|Client=201.175.130.92-------------------------------------------------------|notifySCReception
10:46:16 - 03/07/2015 10:46:16: |Correlator: 425276_ | message: mensaje de iAlarm | senderAddress: 525545984826 | smsServiceActivationNumber: 425276
10:46:16 - BD|H=525545984826|El equipo ya existe en BD|notifySmsReception
10:46:16 - BD|H=525545984826|Contrato por evento|Procesando cobro|notifySmsReception
10:49:14 - OP|H=|Client=201.175.130.92-------------------------------------------------------|notifySCReception
10:49:14 - 03/07/2015 10:49:14: |Correlator: 425276_ | message: mensaje de iAlarm | senderAddress: 525544055216 | smsServiceActivationNumber: 425276
10:49:14 - BD|H=525544055216|El equipo ya existe en BD|notifySmsReception
10:49:14 - BD|H=525544055216|Contrato por evento|Procesando cobro|notifySmsReception
10:49:14 - OP|H=|Client=201.175.130.92-------------------------------------------------------|notifySCReception
10:49:14 - 03/07/2015 10:49:14: |Correlator: 425276_ | message: mensaje de iAlarm | senderAddress: 525544055216 | smsServiceActivationNumber: 425276
10:49:14 - BD|H=525544055216|El equipo ya existe en BD|notifySmsReception
10:49:14 - BD|H=525544055216|Contrato por evento|Procesando cobro|notifySmsReception
12:46:05 - OP|H=|Client=201.175.130.92-------------------------------------------------------|notifySCReception
12:46:05 - 03/07/2015 12:46:05: |Correlator: 425276_ | message: mensaje de iAlarm | senderAddress: 528118065372 | smsServiceActivationNumber: 425276
12:46:05 - BD|H=528118065372|El equipo ya existe en BD|notifySmsReception
12:46:05 - BD|H=528118065372|Contrato por evento|Procesando cobro|notifySmsReception
12:46:05 - OP|H=|Client=201.175.130.92-------------------------------------------------------|notifySCReception
12:46:05 - 03/07/2015 12:46:05: |Correlator: 425276_ | message: mensaje de iAlarm | senderAddress: 528118065372 | smsServiceActivationNumber: 425276
12:46:05 - BD|H=528118065372|El equipo ya existe en BD|notifySmsReception
12:46:05 - BD|H=528118065372|Contrato por evento|Procesando cobro|notifySmsReception
13:03:46 - OP|H=|Client=201.175.130.92-------------------------------------------------------|notifySCReception
13:03:46 - 03/07/2015 13:03:46: |Correlator: 425276_ | message: mensaje de iAlarm | senderAddress: 525544025308 | smsServiceActivationNumber: 425276
13:03:46 - BD|H=525544025308|El equipo no existe en BD|notifySmsReception
13:03:46 - BD|H=525544025308|Guardando equipo en BD en BD|notifySmsReception
13:03:46 - BD|OK|PTN=525544025308|Guardando equipo en base de datos|saveHandsetSC
13:03:46 - BD|OK|H=3737|PTN=525544025308|Equipo guardado correctamente|saveHandsetSC
13:03:46 - BD|OK|H=3737|PTN=525544025308|Guardando en dat_estatuspayment|saveHandsetSC
13:03:46 - BD|OK|H=3737|PTN=525544025308|Guardado en dat_estatuspayment correctamente|saveHandsetSC
13:03:46 - BD|H=525544025308|ID=3737|Equipo guardado correctamente en BD|notifySmsReception
13:03:46 - OP|H=|Client=201.175.130.92-------------------------------------------------------|notifySCReception
13:03:46 - 03/07/2015 13:03:46: |Correlator: 425276_ | message: mensaje de iAlarm | senderAddress: 525544025308 | smsServiceActivationNumber: 425276
13:03:46 - BD|H=525544025308|El equipo ya existe en BD|notifySmsReception
13:03:46 - BD|H=525544025308|Contrato por evento|Procesando cobro|notifySmsReception
13:20:04 - OP|H=|Client=201.175.130.92-------------------------------------------------------|notifySCReception
13:20:04 - 03/07/2015 13:20:04: |Correlator: 425276_ | message: mensaje de iAlarm | senderAddress: 526641059227 | smsServiceActivationNumber: 425276
13:20:04 - BD|H=526641059227|El equipo no existe en BD|notifySmsReception
13:20:04 - BD|H=526641059227|Guardando equipo en BD en BD|notifySmsReception
13:20:04 - BD|OK|PTN=526641059227|Guardando equipo en base de datos|saveHandsetSC
13:20:04 - BD|OK|H=3738|PTN=526641059227|Equipo guardado correctamente|saveHandsetSC
13:20:04 - BD|OK|H=3738|PTN=526641059227|Guardando en dat_estatuspayment|saveHandsetSC
13:20:04 - BD|OK|H=3738|PTN=526641059227|Guardado en dat_estatuspayment correctamente|saveHandsetSC
13:20:04 - BD|H=526641059227|ID=3738|Equipo guardado correctamente en BD|notifySmsReception
13:20:04 - OP|H=|Client=201.175.130.92-------------------------------------------------------|notifySCReception
13:20:04 - 03/07/2015 13:20:04: |Correlator: 425276_ | message: mensaje de iAlarm | senderAddress: 526641059227 | smsServiceActivationNumber: 425276
13:20:04 - BD|H=526641059227|El equipo ya existe en BD|notifySmsReception
13:20:04 - BD|H=526641059227|Contrato por evento|Procesando cobro|notifySmsReception
13:27:03 - OP|H=|Client=201.175.130.92-------------------------------------------------------|notifySCReception
13:27:03 - 03/07/2015 13:27:03: |Correlator: 425276_ | message: mensaje de iAlarm | senderAddress: 525510423866 | smsServiceActivationNumber: 425276
13:27:03 - BD|H=525510423866|El equipo ya existe en BD|notifySmsReception
13:27:03 - BD|H=525510423866|Contrato por evento|Procesando cobro|notifySmsReception
13:27:03 - OP|H=|Client=201.175.130.92-------------------------------------------------------|notifySCReception
13:27:03 - 03/07/2015 13:27:03: |Correlator: 425276_ | message: mensaje de iAlarm | senderAddress: 525510423866 | smsServiceActivationNumber: 425276
13:27:03 - BD|H=525510423866|El equipo ya existe en BD|notifySmsReception
13:27:03 - BD|H=525510423866|Contrato por evento|Procesando cobro|notifySmsReception
13:44:55 - OP|H=|Client=201.175.130.92-------------------------------------------------------|notifySCReception
13:44:55 - 03/07/2015 13:44:55: |Correlator: 425276_ | message: mensaje de iAlarm | senderAddress: 524611874214 | smsServiceActivationNumber: 425276
13:44:55 - BD|H=524611874214|El equipo no existe en BD|notifySmsReception
13:44:55 - BD|H=524611874214|Guardando equipo en BD en BD|notifySmsReception
13:44:55 - BD|OK|PTN=524611874214|Guardando equipo en base de datos|saveHandsetSC
13:44:55 - BD|OK|H=3739|PTN=524611874214|Equipo guardado correctamente|saveHandsetSC
13:44:55 - BD|OK|H=3739|PTN=524611874214|Guardando en dat_estatuspayment|saveHandsetSC
13:44:55 - BD|OK|H=3739|PTN=524611874214|Guardado en dat_estatuspayment correctamente|saveHandsetSC
13:44:55 - BD|H=524611874214|ID=3739|Equipo guardado correctamente en BD|notifySmsReception
13:44:55 - OP|H=|Client=201.175.130.92-------------------------------------------------------|notifySCReception
13:44:55 - 03/07/2015 13:44:55: |Correlator: 425276_ | message: mensaje de iAlarm | senderAddress: 524611874214 | smsServiceActivationNumber: 425276
13:44:55 - BD|H=524611874214|El equipo ya existe en BD|notifySmsReception
13:44:55 - BD|H=524611874214|Contrato por evento|Procesando cobro|notifySmsReception
13:51:42 - OP|H=|Client=201.175.130.92-------------------------------------------------------|notifySCReception
13:51:42 - 03/07/2015 13:51:42: |Correlator: 425276_ | message: mensaje de iAlarm | senderAddress: 528311230999 | smsServiceActivationNumber: 425276
13:51:42 - BD|H=528311230999|El equipo ya existe en BD|notifySmsReception
13:51:42 - BD|H=528311230999|Contrato por evento|Procesando cobro|notifySmsReception
13:51:42 - OP|H=|Client=201.175.130.92-------------------------------------------------------|notifySCReception
13:51:42 - 03/07/2015 13:51:42: |Correlator: 425276_ | message: mensaje de iAlarm | senderAddress: 528311230999 | smsServiceActivationNumber: 425276
13:51:42 - BD|H=528311230999|El equipo ya existe en BD|notifySmsReception
13:51:42 - BD|H=528311230999|Contrato por evento|Procesando cobro|notifySmsReception
13:52:51 - OP|H=|Client=201.175.130.92-------------------------------------------------------|notifySCReception
13:52:51 - 03/07/2015 13:52:51: |Correlator: 425276_ | message: mensaje de iAlarm | senderAddress: 527772894789 | smsServiceActivationNumber: 425276
13:52:51 - BD|H=527772894789|El equipo no existe en BD|notifySmsReception
13:52:51 - BD|H=527772894789|Guardando equipo en BD en BD|notifySmsReception
13:52:51 - BD|OK|PTN=527772894789|Guardando equipo en base de datos|saveHandsetSC
13:52:51 - BD|OK|H=3740|PTN=527772894789|Equipo guardado correctamente|saveHandsetSC
13:52:51 - BD|OK|H=3740|PTN=527772894789|Guardando en dat_estatuspayment|saveHandsetSC
13:52:52 - BD|OK|H=3740|PTN=527772894789|Guardado en dat_estatuspayment correctamente|saveHandsetSC
13:52:52 - BD|H=527772894789|ID=3740|Equipo guardado correctamente en BD|notifySmsReception
13:52:52 - OP|H=|Client=201.175.130.92-------------------------------------------------------|notifySCReception
13:52:52 - 03/07/2015 13:52:52: |Correlator: 425276_ | message: mensaje de iAlarm | senderAddress: 527772894789 | smsServiceActivationNumber: 425276
13:52:52 - BD|H=527772894789|El equipo ya existe en BD|notifySmsReception
13:52:52 - BD|H=527772894789|Contrato por evento|Procesando cobro|notifySmsReception
14:11:58 - OP|H=|Client=201.175.130.92-------------------------------------------------------|notifySCReception
14:11:58 - 03/07/2015 14:11:58: |Correlator: 425276_ | message: mensaje de iAlarm | senderAddress: 522282655277 | smsServiceActivationNumber: 425276
14:11:58 - BD|H=522282655277|El equipo no existe en BD|notifySmsReception
14:11:58 - BD|H=522282655277|Guardando equipo en BD en BD|notifySmsReception
14:11:58 - BD|OK|PTN=522282655277|Guardando equipo en base de datos|saveHandsetSC
14:11:58 - BD|OK|H=3741|PTN=522282655277|Equipo guardado correctamente|saveHandsetSC
14:11:58 - BD|OK|H=3741|PTN=522282655277|Guardando en dat_estatuspayment|saveHandsetSC
14:11:58 - BD|OK|H=3741|PTN=522282655277|Guardado en dat_estatuspayment correctamente|saveHandsetSC
14:11:58 - BD|H=522282655277|ID=3741|Equipo guardado correctamente en BD|notifySmsReception
14:11:59 - OP|H=|Client=201.175.130.92-------------------------------------------------------|notifySCReception
14:11:59 - 03/07/2015 14:11:59: |Correlator: 425276_ | message: mensaje de iAlarm | senderAddress: 522282655277 | smsServiceActivationNumber: 425276
14:11:59 - BD|H=522282655277|El equipo ya existe en BD|notifySmsReception
14:11:59 - BD|H=522282655277|Contrato por evento|Procesando cobro|notifySmsReception
14:40:45 - OP|H=|Client=201.175.130.92-------------------------------------------------------|notifySCReception
14:40:45 - 03/07/2015 14:40:45: |Correlator: 425276_ | message: mensaje de iAlarm | senderAddress: 522223205024 | smsServiceActivationNumber: 425276
14:40:45 - BD|H=522223205024|El equipo ya existe en BD|notifySmsReception
14:40:45 - BD|H=522223205024|Contrato por evento|Procesando cobro|notifySmsReception
14:40:45 - OP|H=|Client=201.175.130.92-------------------------------------------------------|notifySCReception
14:40:45 - 03/07/2015 14:40:45: |Correlator: 425276_ | message: mensaje de iAlarm | senderAddress: 522223205024 | smsServiceActivationNumber: 425276
14:40:45 - BD|H=522223205024|El equipo ya existe en BD|notifySmsReception
14:40:45 - BD|H=522223205024|Contrato por evento|Procesando cobro|notifySmsReception
14:43:20 - OP|H=|Client=201.175.130.92-------------------------------------------------------|notifySCReception
14:43:20 - 03/07/2015 14:43:20: |Correlator: 425276_ | message: mensaje de iAlarm | senderAddress: 524611672947 | smsServiceActivationNumber: 425276
14:43:20 - BD|H=524611672947|El equipo no existe en BD|notifySmsReception
14:43:20 - BD|H=524611672947|Guardando equipo en BD en BD|notifySmsReception
14:43:20 - BD|OK|PTN=524611672947|Guardando equipo en base de datos|saveHandsetSC
14:43:20 - BD|OK|H=3742|PTN=524611672947|Equipo guardado correctamente|saveHandsetSC
14:43:20 - BD|OK|H=3742|PTN=524611672947|Guardando en dat_estatuspayment|saveHandsetSC
14:43:20 - BD|OK|H=3742|PTN=524611672947|Guardado en dat_estatuspayment correctamente|saveHandsetSC
14:43:20 - BD|H=524611672947|ID=3742|Equipo guardado correctamente en BD|notifySmsReception
14:43:20 - OP|H=|Client=201.175.130.92-------------------------------------------------------|notifySCReception
14:43:20 - 03/07/2015 14:43:20: |Correlator: 425276_ | message: mensaje de iAlarm | senderAddress: 524611672947 | smsServiceActivationNumber: 425276
14:43:20 - BD|H=524611672947|El equipo ya existe en BD|notifySmsReception
14:43:20 - BD|H=524611672947|Contrato por evento|Procesando cobro|notifySmsReception
14:52:11 - OP|H=|Client=201.175.130.92-------------------------------------------------------|notifySCReception
14:52:11 - 03/07/2015 14:52:11: |Correlator: 425276_ | message: mensaje de iAlarm | senderAddress: 523111530859 | smsServiceActivationNumber: 425276
14:52:11 - BD|H=523111530859|El equipo no existe en BD|notifySmsReception
14:52:11 - BD|H=523111530859|Guardando equipo en BD en BD|notifySmsReception
14:52:11 - BD|OK|PTN=523111530859|Guardando equipo en base de datos|saveHandsetSC
14:52:11 - BD|OK|H=3743|PTN=523111530859|Equipo guardado correctamente|saveHandsetSC
14:52:11 - BD|OK|H=3743|PTN=523111530859|Guardando en dat_estatuspayment|saveHandsetSC
14:52:11 - BD|OK|H=3743|PTN=523111530859|Guardado en dat_estatuspayment correctamente|saveHandsetSC
14:52:11 - BD|H=523111530859|ID=3743|Equipo guardado correctamente en BD|notifySmsReception
14:52:11 - OP|H=|Client=201.175.130.92-------------------------------------------------------|notifySCReception
14:52:11 - 03/07/2015 14:52:11: |Correlator: 425276_ | message: mensaje de iAlarm | senderAddress: 523111530859 | smsServiceActivationNumber: 425276
14:52:11 - BD|H=523111530859|El equipo ya existe en BD|notifySmsReception
14:52:11 - BD|H=523111530859|Contrato por evento|Procesando cobro|notifySmsReception
15:15:05 - OP|H=|Client=201.175.130.92-------------------------------------------------------|notifySCReception
15:15:05 - 03/07/2015 15:15:05: |Correlator: 425276_ | message: mensaje de iAlarm | senderAddress: 524773289995 | smsServiceActivationNumber: 425276
15:15:05 - BD|H=524773289995|El equipo ya existe en BD|notifySmsReception
15:15:05 - BD|H=524773289995|Contrato por evento|Procesando cobro|notifySmsReception
15:15:06 - OP|H=|Client=201.175.130.92-------------------------------------------------------|notifySCReception
15:15:06 - 03/07/2015 15:15:06: |Correlator: 425276_ | message: mensaje de iAlarm | senderAddress: 524773289995 | smsServiceActivationNumber: 425276
15:15:06 - BD|H=524773289995|El equipo ya existe en BD|notifySmsReception
15:15:06 - BD|H=524773289995|Contrato por evento|Procesando cobro|notifySmsReception
15:15:51 - OP|H=|Client=201.175.130.92-------------------------------------------------------|notifySCReception
15:15:51 - 03/07/2015 15:15:51: |Correlator: 425276_ | message: mensaje de iAlarm | senderAddress: 529811541729 | smsServiceActivationNumber: 425276
15:15:51 - BD|H=529811541729|El equipo no existe en BD|notifySmsReception
15:15:51 - BD|H=529811541729|Guardando equipo en BD en BD|notifySmsReception
15:15:51 - BD|OK|PTN=529811541729|Guardando equipo en base de datos|saveHandsetSC
15:15:51 - BD|OK|H=3744|PTN=529811541729|Equipo guardado correctamente|saveHandsetSC
15:15:51 - BD|OK|H=3744|PTN=529811541729|Guardando en dat_estatuspayment|saveHandsetSC
15:15:51 - BD|OK|H=3744|PTN=529811541729|Guardado en dat_estatuspayment correctamente|saveHandsetSC
15:15:51 - BD|H=529811541729|ID=3744|Equipo guardado correctamente en BD|notifySmsReception
15:15:52 - OP|H=|Client=201.175.130.92-------------------------------------------------------|notifySCReception
15:15:52 - 03/07/2015 15:15:52: |Correlator: 425276_ | message: mensaje de iAlarm | senderAddress: 529811541729 | smsServiceActivationNumber: 425276
15:15:52 - BD|H=529811541729|El equipo ya existe en BD|notifySmsReception
15:15:52 - BD|H=529811541729|Contrato por evento|Procesando cobro|notifySmsReception
15:22:33 - OP|H=|Client=201.175.130.92-------------------------------------------------------|notifySCReception
15:22:33 - 03/07/2015 15:22:33: |Correlator: 425276_ | message: mensaje de iAlarm | senderAddress: 525565772000 | smsServiceActivationNumber: 425276
15:22:33 - BD|H=525565772000|El equipo no existe en BD|notifySmsReception
15:22:33 - BD|H=525565772000|Guardando equipo en BD en BD|notifySmsReception
15:22:33 - BD|OK|PTN=525565772000|Guardando equipo en base de datos|saveHandsetSC
15:22:33 - BD|OK|H=3745|PTN=525565772000|Equipo guardado correctamente|saveHandsetSC
15:22:33 - BD|OK|H=3745|PTN=525565772000|Guardando en dat_estatuspayment|saveHandsetSC
15:22:33 - BD|OK|H=3745|PTN=525565772000|Guardado en dat_estatuspayment correctamente|saveHandsetSC
15:22:33 - BD|H=525565772000|ID=3745|Equipo guardado correctamente en BD|notifySmsReception
15:22:33 - OP|H=|Client=201.175.130.92-------------------------------------------------------|notifySCReception
15:22:33 - 03/07/2015 15:22:33: |Correlator: 425276_ | message: mensaje de iAlarm | senderAddress: 525565772000 | smsServiceActivationNumber: 425276
15:22:33 - BD|H=525565772000|El equipo ya existe en BD|notifySmsReception
15:22:33 - BD|H=525565772000|Contrato por evento|Procesando cobro|notifySmsReception
15:26:01 - OP|H=|Client=201.175.130.92-------------------------------------------------------|notifySCReception
15:26:01 - 03/07/2015 15:26:01: |Correlator: 425276_ | message: mensaje de iAlarm | senderAddress: 525569240038 | smsServiceActivationNumber: 425276
15:26:01 - BD|H=525569240038|El equipo ya existe en BD|notifySmsReception
15:26:01 - BD|H=525569240038|Contrato por evento|Procesando cobro|notifySmsReception
15:26:01 - OP|H=|Client=201.175.130.92-------------------------------------------------------|notifySCReception
15:26:01 - 03/07/2015 15:26:01: |Correlator: 425276_ | message: mensaje de iAlarm | senderAddress: 525569240038 | smsServiceActivationNumber: 425276
15:26:01 - BD|H=525569240038|El equipo ya existe en BD|notifySmsReception
15:26:01 - BD|H=525569240038|Contrato por evento|Procesando cobro|notifySmsReception
15:33:50 - OP|H=|Client=201.175.130.92-------------------------------------------------------|notifySCReception
15:33:50 - 03/07/2015 15:33:50: |Correlator: 425276_ | message: mensaje de iAlarm | senderAddress: 524612066075 | smsServiceActivationNumber: 425276
15:33:50 - BD|H=524612066075|El equipo ya existe en BD|notifySmsReception
15:33:50 - BD|H=524612066075|Contrato por evento|Procesando cobro|notifySmsReception
15:33:51 - OP|H=|Client=201.175.130.92-------------------------------------------------------|notifySCReception
15:33:51 - 03/07/2015 15:33:51: |Correlator: 425276_ | message: mensaje de iAlarm | senderAddress: 524612066075 | smsServiceActivationNumber: 425276
15:33:51 - BD|H=524612066075|El equipo ya existe en BD|notifySmsReception
15:33:51 - BD|H=524612066075|Contrato por evento|Procesando cobro|notifySmsReception
15:33:59 - OP|H=|Client=201.175.130.92-------------------------------------------------------|notifySCReception
15:33:59 - 03/07/2015 15:33:59: |Correlator: 425276_ | message: mensaje de iAlarm | senderAddress: 525570197028 | smsServiceActivationNumber: 425276
15:33:59 - BD|H=525570197028|El equipo no existe en BD|notifySmsReception
15:33:59 - BD|H=525570197028|Guardando equipo en BD en BD|notifySmsReception
15:33:59 - BD|OK|PTN=525570197028|Guardando equipo en base de datos|saveHandsetSC
15:33:59 - BD|OK|H=3746|PTN=525570197028|Equipo guardado correctamente|saveHandsetSC
15:33:59 - BD|OK|H=3746|PTN=525570197028|Guardando en dat_estatuspayment|saveHandsetSC
15:33:59 - BD|OK|H=3746|PTN=525570197028|Guardado en dat_estatuspayment correctamente|saveHandsetSC
15:33:59 - BD|H=525570197028|ID=3746|Equipo guardado correctamente en BD|notifySmsReception
15:33:59 - OP|H=|Client=201.175.130.92-------------------------------------------------------|notifySCReception
15:33:59 - 03/07/2015 15:33:59: |Correlator: 425276_ | message: mensaje de iAlarm | senderAddress: 525570197028 | smsServiceActivationNumber: 425276
15:33:59 - BD|H=525570197028|El equipo ya existe en BD|notifySmsReception
15:33:59 - BD|H=525570197028|Contrato por evento|Procesando cobro|notifySmsReception
15:43:04 - OP|H=|Client=201.175.130.92-------------------------------------------------------|notifySCReception
15:43:04 - 03/07/2015 15:43:04: |Correlator: 425276_ | message: mensaje de iAlarm | senderAddress: 525544003321 | smsServiceActivationNumber: 425276
15:43:04 - BD|H=525544003321|El equipo ya existe en BD|notifySmsReception
15:43:04 - BD|H=525544003321|Contrato por evento|Procesando cobro|notifySmsReception
15:43:04 - OP|H=|Client=201.175.130.92-------------------------------------------------------|notifySCReception
15:43:04 - 03/07/2015 15:43:04: |Correlator: 425276_ | message: mensaje de iAlarm | senderAddress: 525544003321 | smsServiceActivationNumber: 425276
15:43:04 - BD|H=525544003321|El equipo ya existe en BD|notifySmsReception
15:43:04 - BD|H=525544003321|Contrato por evento|Procesando cobro|notifySmsReception
15:44:55 - OP|H=|Client=201.175.130.92-------------------------------------------------------|notifySCReception
15:44:55 - 03/07/2015 15:44:55: |Correlator: 425276_ | message: mensaje de iAlarm | senderAddress: 524612117147 | smsServiceActivationNumber: 425276
15:44:55 - BD|H=524612117147|El equipo no existe en BD|notifySmsReception
15:44:55 - BD|H=524612117147|Guardando equipo en BD en BD|notifySmsReception
15:44:55 - BD|OK|PTN=524612117147|Guardando equipo en base de datos|saveHandsetSC
15:44:55 - BD|OK|H=3747|PTN=524612117147|Equipo guardado correctamente|saveHandsetSC
15:44:55 - BD|OK|H=3747|PTN=524612117147|Guardando en dat_estatuspayment|saveHandsetSC
15:44:55 - BD|OK|H=3747|PTN=524612117147|Guardado en dat_estatuspayment correctamente|saveHandsetSC
15:44:55 - BD|H=524612117147|ID=3747|Equipo guardado correctamente en BD|notifySmsReception
15:44:55 - OP|H=|Client=201.175.130.92-------------------------------------------------------|notifySCReception
15:44:55 - 03/07/2015 15:44:55: |Correlator: 425276_ | message: mensaje de iAlarm | senderAddress: 524612117147 | smsServiceActivationNumber: 425276
15:44:55 - BD|H=524612117147|El equipo ya existe en BD|notifySmsReception
15:44:55 - BD|H=524612117147|Contrato por evento|Procesando cobro|notifySmsReception
15:48:11 - OP|H=|Client=201.175.130.92-------------------------------------------------------|notifySCReception
15:48:11 - 03/07/2015 15:48:11: |Correlator: 425276_ | message: mensaje de iAlarm | senderAddress: 528671940157 | smsServiceActivationNumber: 425276
15:48:11 - BD|H=528671940157|El equipo ya existe en BD|notifySmsReception
15:48:11 - BD|H=528671940157|Contrato por evento|Procesando cobro|notifySmsReception
15:48:11 - OP|H=|Client=201.175.130.92-------------------------------------------------------|notifySCReception
15:48:11 - 03/07/2015 15:48:11: |Correlator: 425276_ | message: mensaje de iAlarm | senderAddress: 528671940157 | smsServiceActivationNumber: 425276
15:48:11 - BD|H=528671940157|El equipo ya existe en BD|notifySmsReception
15:48:11 - BD|H=528671940157|Contrato por evento|Procesando cobro|notifySmsReception
16:35:09 - OP|H=|Client=201.175.130.92-------------------------------------------------------|notifySCReception
16:35:09 - 03/07/2015 16:35:09: |Correlator: 425276_ | message: mensaje de iAlarm | senderAddress: 529992404167 | smsServiceActivationNumber: 425276
16:35:09 - BD|H=529992404167|El equipo ya existe en BD|notifySmsReception
16:35:09 - BD|H=529992404167|Contrato por evento|Procesando cobro|notifySmsReception
16:35:10 - OP|H=|Client=201.175.130.92-------------------------------------------------------|notifySCReception
16:35:10 - 03/07/2015 16:35:10: |Correlator: 425276_ | message: mensaje de iAlarm | senderAddress: 529992404167 | smsServiceActivationNumber: 425276
16:35:10 - BD|H=529992404167|El equipo ya existe en BD|notifySmsReception
16:35:10 - BD|H=529992404167|Contrato por evento|Procesando cobro|notifySmsReception
16:51:44 - OP|H=|Client=201.175.130.92-------------------------------------------------------|notifySCReception
16:51:44 - 03/07/2015 16:51:44: |Correlator: 425276_ | message: mensaje de iAlarm | senderAddress: 524731414760 | smsServiceActivationNumber: 425276
16:51:44 - BD|H=524731414760|El equipo ya existe en BD|notifySmsReception
16:51:44 - BD|H=524731414760|Contrato por evento|Procesando cobro|notifySmsReception
16:51:44 - OP|H=|Client=201.175.130.92-------------------------------------------------------|notifySCReception
16:51:44 - 03/07/2015 16:51:44: |Correlator: 425276_ | message: mensaje de iAlarm | senderAddress: 524731414760 | smsServiceActivationNumber: 425276
16:51:44 - BD|H=524731414760|El equipo ya existe en BD|notifySmsReception
16:51:44 - BD|H=524731414760|Contrato por evento|Procesando cobro|notifySmsReception
17:10:38 - OP|H=|Client=201.175.130.92-------------------------------------------------------|notifySCReception
17:10:38 - 03/07/2015 17:10:38: |Correlator: 425276_ | message: mensaje de iAlarm | senderAddress: 524731290498 | smsServiceActivationNumber: 425276
17:10:38 - BD|H=524731290498|El equipo no existe en BD|notifySmsReception
17:10:38 - BD|H=524731290498|Guardando equipo en BD en BD|notifySmsReception
17:10:38 - BD|OK|PTN=524731290498|Guardando equipo en base de datos|saveHandsetSC
17:10:38 - BD|OK|H=3748|PTN=524731290498|Equipo guardado correctamente|saveHandsetSC
17:10:38 - BD|OK|H=3748|PTN=524731290498|Guardando en dat_estatuspayment|saveHandsetSC
17:10:38 - BD|OK|H=3748|PTN=524731290498|Guardado en dat_estatuspayment correctamente|saveHandsetSC
17:10:38 - BD|H=524731290498|ID=3748|Equipo guardado correctamente en BD|notifySmsReception
17:10:38 - OP|H=|Client=201.175.130.92-------------------------------------------------------|notifySCReception
17:10:38 - 03/07/2015 17:10:38: |Correlator: 425276_ | message: mensaje de iAlarm | senderAddress: 524731290498 | smsServiceActivationNumber: 425276
17:10:38 - BD|H=524731290498|El equipo ya existe en BD|notifySmsReception
17:10:38 - BD|H=524731290498|Contrato por evento|Procesando cobro|notifySmsReception
17:30:55 - OP|H=|Client=201.175.130.92-------------------------------------------------------|notifySCReception
17:30:55 - 03/07/2015 17:30:55: |Correlator: 425276_ | message: mensaje de iAlarm | senderAddress: 525562956049 | smsServiceActivationNumber: 425276
17:30:55 - BD|H=525562956049|El equipo ya existe en BD|notifySmsReception
17:30:55 - BD|H=525562956049|Contrato por evento|Procesando cobro|notifySmsReception
17:30:55 - OP|H=|Client=201.175.130.92-------------------------------------------------------|notifySCReception
17:30:55 - 03/07/2015 17:30:55: |Correlator: 425276_ | message: mensaje de iAlarm | senderAddress: 525562956049 | smsServiceActivationNumber: 425276
17:30:55 - BD|H=525562956049|El equipo ya existe en BD|notifySmsReception
17:30:55 - BD|H=525562956049|Contrato por evento|Procesando cobro|notifySmsReception
18:07:42 - OP|H=|Client=201.175.130.92-------------------------------------------------------|notifySCReception
18:07:42 - 03/07/2015 18:07:42: |Correlator: 425276_ | message: mensaje de iAlarm | senderAddress: 528180644169 | smsServiceActivationNumber: 425276
18:07:42 - BD|H=528180644169|El equipo ya existe en BD|notifySmsReception
18:07:42 - BD|H=528180644169|Contrato por evento|Procesando cobro|notifySmsReception
18:07:42 - OP|H=|Client=201.175.130.92-------------------------------------------------------|notifySCReception
18:07:42 - 03/07/2015 18:07:42: |Correlator: 425276_ | message: mensaje de iAlarm | senderAddress: 528180644169 | smsServiceActivationNumber: 425276
18:07:42 - BD|H=528180644169|El equipo ya existe en BD|notifySmsReception
18:07:42 - BD|H=528180644169|Contrato por evento|Procesando cobro|notifySmsReception
18:10:10 - OP|H=|Client=201.175.130.92-------------------------------------------------------|notifySCReception
18:10:10 - 03/07/2015 18:10:10: |Correlator: 425276_ | message: mensaje de iAlarm | senderAddress: 524773676486 | smsServiceActivationNumber: 425276
18:10:10 - BD|H=524773676486|El equipo no existe en BD|notifySmsReception
18:10:10 - BD|H=524773676486|Guardando equipo en BD en BD|notifySmsReception
18:10:10 - BD|OK|PTN=524773676486|Guardando equipo en base de datos|saveHandsetSC
18:10:10 - BD|OK|H=3749|PTN=524773676486|Equipo guardado correctamente|saveHandsetSC
18:10:10 - BD|OK|H=3749|PTN=524773676486|Guardando en dat_estatuspayment|saveHandsetSC
18:10:10 - BD|OK|H=3749|PTN=524773676486|Guardado en dat_estatuspayment correctamente|saveHandsetSC
18:10:10 - BD|H=524773676486|ID=3749|Equipo guardado correctamente en BD|notifySmsReception
18:10:11 - OP|H=|Client=201.175.130.92-------------------------------------------------------|notifySCReception
18:10:11 - 03/07/2015 18:10:11: |Correlator: 425276_ | message: mensaje de iAlarm | senderAddress: 524773676486 | smsServiceActivationNumber: 425276
18:10:11 - BD|H=524773676486|El equipo ya existe en BD|notifySmsReception
18:10:11 - BD|H=524773676486|Contrato por evento|Procesando cobro|notifySmsReception
18:12:33 - OP|H=|Client=201.175.130.92-------------------------------------------------------|notifySCReception
18:12:33 - 03/07/2015 18:12:33: |Correlator: 425276_ | message: mensaje de iAlarm | senderAddress: 525544194906 | smsServiceActivationNumber: 425276
18:12:33 - BD|H=525544194906|El equipo no existe en BD|notifySmsReception
18:12:33 - BD|H=525544194906|Guardando equipo en BD en BD|notifySmsReception
18:12:33 - BD|OK|PTN=525544194906|Guardando equipo en base de datos|saveHandsetSC
18:12:33 - BD|OK|H=3750|PTN=525544194906|Equipo guardado correctamente|saveHandsetSC
18:12:33 - BD|OK|H=3750|PTN=525544194906|Guardando en dat_estatuspayment|saveHandsetSC
18:12:33 - BD|OK|H=3750|PTN=525544194906|Guardado en dat_estatuspayment correctamente|saveHandsetSC
18:12:33 - BD|H=525544194906|ID=3750|Equipo guardado correctamente en BD|notifySmsReception
18:12:33 - OP|H=|Client=201.175.130.92-------------------------------------------------------|notifySCReception
18:12:33 - 03/07/2015 18:12:33: |Correlator: 425276_ | message: mensaje de iAlarm | senderAddress: 525544194906 | smsServiceActivationNumber: 425276
18:12:33 - BD|H=525544194906|El equipo ya existe en BD|notifySmsReception
18:12:33 - BD|H=525544194906|Contrato por evento|Procesando cobro|notifySmsReception
18:35:22 - OP|H=|Client=201.175.130.92-------------------------------------------------------|notifySCReception
18:35:22 - 03/07/2015 18:35:22: |Correlator: 425276_ | message: mensaje de iAlarm | senderAddress: 525546200655 | smsServiceActivationNumber: 425276
18:35:22 - BD|H=525546200655|El equipo ya existe en BD|notifySmsReception
18:35:22 - BD|H=525546200655|Contrato por evento|Procesando cobro|notifySmsReception
18:35:22 - OP|H=|Client=201.175.130.92-------------------------------------------------------|notifySCReception
18:35:22 - 03/07/2015 18:35:22: |Correlator: 425276_ | message: mensaje de iAlarm | senderAddress: 525546200655 | smsServiceActivationNumber: 425276
18:35:22 - BD|H=525546200655|El equipo ya existe en BD|notifySmsReception
18:35:22 - BD|H=525546200655|Contrato por evento|Procesando cobro|notifySmsReception
18:51:34 - OP|H=|Client=201.175.130.92-------------------------------------------------------|notifySCReception
18:51:34 - 03/07/2015 18:51:34: |Correlator: 425276_ | message: mensaje de iAlarm | senderAddress: 529993131573 | smsServiceActivationNumber: 425276
18:51:34 - BD|H=529993131573|El equipo no existe en BD|notifySmsReception
18:51:34 - BD|H=529993131573|Guardando equipo en BD en BD|notifySmsReception
18:51:34 - BD|OK|PTN=529993131573|Guardando equipo en base de datos|saveHandsetSC
18:51:34 - BD|OK|H=3751|PTN=529993131573|Equipo guardado correctamente|saveHandsetSC
18:51:34 - BD|OK|H=3751|PTN=529993131573|Guardando en dat_estatuspayment|saveHandsetSC
18:51:34 - BD|OK|H=3751|PTN=529993131573|Guardado en dat_estatuspayment correctamente|saveHandsetSC
18:51:34 - BD|H=529993131573|ID=3751|Equipo guardado correctamente en BD|notifySmsReception
18:51:34 - OP|H=|Client=201.175.130.92-------------------------------------------------------|notifySCReception
18:51:34 - 03/07/2015 18:51:34: |Correlator: 425276_ | message: mensaje de iAlarm | senderAddress: 529993131573 | smsServiceActivationNumber: 425276
18:51:34 - BD|H=529993131573|El equipo ya existe en BD|notifySmsReception
18:51:34 - BD|H=529993131573|Contrato por evento|Procesando cobro|notifySmsReception
18:53:08 - OP|H=|Client=201.175.130.92-------------------------------------------------------|notifySCReception
18:53:08 - 03/07/2015 18:53:08: |Correlator: 425276_ | message: mensaje de iAlarm | senderAddress: 523319351486 | smsServiceActivationNumber: 425276
18:53:08 - BD|H=523319351486|El equipo no existe en BD|notifySmsReception
18:53:08 - BD|H=523319351486|Guardando equipo en BD en BD|notifySmsReception
18:53:08 - BD|OK|PTN=523319351486|Guardando equipo en base de datos|saveHandsetSC
18:53:08 - BD|OK|H=3752|PTN=523319351486|Equipo guardado correctamente|saveHandsetSC
18:53:08 - BD|OK|H=3752|PTN=523319351486|Guardando en dat_estatuspayment|saveHandsetSC
18:53:08 - BD|OK|H=3752|PTN=523319351486|Guardado en dat_estatuspayment correctamente|saveHandsetSC
18:53:08 - BD|H=523319351486|ID=3752|Equipo guardado correctamente en BD|notifySmsReception
18:53:09 - OP|H=|Client=201.175.130.92-------------------------------------------------------|notifySCReception
18:53:09 - 03/07/2015 18:53:09: |Correlator: 425276_ | message: mensaje de iAlarm | senderAddress: 523319351486 | smsServiceActivationNumber: 425276
18:53:09 - BD|H=523319351486|El equipo ya existe en BD|notifySmsReception
18:53:09 - BD|H=523319351486|Contrato por evento|Procesando cobro|notifySmsReception
18:57:11 - OP|H=|Client=201.175.130.92-------------------------------------------------------|notifySCReception
18:57:11 - 03/07/2015 18:57:11: |Correlator: 425276_ | message: mensaje de iAlarm | senderAddress: 523316606596 | smsServiceActivationNumber: 425276
18:57:11 - BD|H=523316606596|El equipo ya existe en BD|notifySmsReception
18:57:11 - BD|H=523316606596|Contrato por evento|Procesando cobro|notifySmsReception
18:57:11 - OP|H=|Client=201.175.130.92-------------------------------------------------------|notifySCReception
18:57:11 - 03/07/2015 18:57:11: |Correlator: 425276_ | message: mensaje de iAlarm | senderAddress: 523316606596 | smsServiceActivationNumber: 425276
18:57:11 - BD|H=523316606596|El equipo ya existe en BD|notifySmsReception
18:57:11 - BD|H=523316606596|Contrato por evento|Procesando cobro|notifySmsReception
19:25:05 - OP|H=|Client=201.175.130.92-------------------------------------------------------|notifySCReception
19:25:05 - 03/07/2015 19:25:05: |Correlator: 425276_ | message: mensaje de iAlarm | senderAddress: 526563795156 | smsServiceActivationNumber: 425276
19:25:05 - BD|H=526563795156|El equipo ya existe en BD|notifySmsReception
19:25:05 - BD|H=526563795156|Contrato por evento|Procesando cobro|notifySmsReception
19:25:05 - OP|H=|Client=201.175.130.92-------------------------------------------------------|notifySCReception
19:25:05 - 03/07/2015 19:25:05: |Correlator: 425276_ | message: mensaje de iAlarm | senderAddress: 526563795156 | smsServiceActivationNumber: 425276
19:25:05 - BD|H=526563795156|El equipo ya existe en BD|notifySmsReception
19:25:05 - BD|H=526563795156|Contrato por evento|Procesando cobro|notifySmsReception
19:56:29 - OP|H=|Client=201.175.130.92-------------------------------------------------------|notifySCReception
19:56:29 - 03/07/2015 19:56:29: |Correlator: 425276_ | message: mensaje de iAlarm | senderAddress: 528682162800 | smsServiceActivationNumber: 425276
19:56:29 - BD|H=528682162800|El equipo no existe en BD|notifySmsReception
19:56:29 - BD|H=528682162800|Guardando equipo en BD en BD|notifySmsReception
19:56:29 - BD|OK|PTN=528682162800|Guardando equipo en base de datos|saveHandsetSC
19:56:29 - BD|OK|H=3753|PTN=528682162800|Equipo guardado correctamente|saveHandsetSC
19:56:29 - BD|OK|H=3753|PTN=528682162800|Guardando en dat_estatuspayment|saveHandsetSC
19:56:29 - BD|OK|H=3753|PTN=528682162800|Guardado en dat_estatuspayment correctamente|saveHandsetSC
19:56:29 - BD|H=528682162800|ID=3753|Equipo guardado correctamente en BD|notifySmsReception
19:56:29 - OP|H=|Client=201.175.130.92-------------------------------------------------------|notifySCReception
19:56:29 - 03/07/2015 19:56:29: |Correlator: 425276_ | message: mensaje de iAlarm | senderAddress: 528682162800 | smsServiceActivationNumber: 425276
19:56:29 - BD|H=528682162800|El equipo ya existe en BD|notifySmsReception
19:56:29 - BD|H=528682162800|Contrato por evento|Procesando cobro|notifySmsReception
20:18:44 - OP|H=|Client=201.175.130.92-------------------------------------------------------|notifySCReception
20:18:44 - 03/07/2015 20:18:44: |Correlator: 425276_ | message: mensaje de iAlarm | senderAddress: 524612065475 | smsServiceActivationNumber: 425276
20:18:44 - BD|H=524612065475|El equipo ya existe en BD|notifySmsReception
20:18:44 - BD|H=524612065475|Contrato por evento|Procesando cobro|notifySmsReception
20:18:44 - OP|H=|Client=201.175.130.92-------------------------------------------------------|notifySCReception
20:18:44 - 03/07/2015 20:18:44: |Correlator: 425276_ | message: mensaje de iAlarm | senderAddress: 524612065475 | smsServiceActivationNumber: 425276
20:18:44 - BD|H=524612065475|El equipo ya existe en BD|notifySmsReception
20:18:44 - BD|H=524612065475|Contrato por evento|Procesando cobro|notifySmsReception
20:31:37 - OP|H=|Client=201.175.130.92-------------------------------------------------------|notifySCReception
20:31:37 - 03/07/2015 20:31:37: |Correlator: 425276_ | message: mensaje de iAlarm | senderAddress: 524773088513 | smsServiceActivationNumber: 425276
20:31:37 - BD|H=524773088513|El equipo no existe en BD|notifySmsReception
20:31:37 - BD|H=524773088513|Guardando equipo en BD en BD|notifySmsReception
20:31:37 - BD|OK|PTN=524773088513|Guardando equipo en base de datos|saveHandsetSC
20:31:37 - BD|OK|H=3754|PTN=524773088513|Equipo guardado correctamente|saveHandsetSC
20:31:37 - BD|OK|H=3754|PTN=524773088513|Guardando en dat_estatuspayment|saveHandsetSC
20:31:37 - BD|OK|H=3754|PTN=524773088513|Guardado en dat_estatuspayment correctamente|saveHandsetSC
20:31:37 - BD|H=524773088513|ID=3754|Equipo guardado correctamente en BD|notifySmsReception
20:31:37 - OP|H=|Client=201.175.130.92-------------------------------------------------------|notifySCReception
20:31:37 - 03/07/2015 20:31:37: |Correlator: 425276_ | message: mensaje de iAlarm | senderAddress: 524773088513 | smsServiceActivationNumber: 425276
20:31:37 - BD|H=524773088513|El equipo ya existe en BD|notifySmsReception
20:31:37 - BD|H=524773088513|Contrato por evento|Procesando cobro|notifySmsReception
20:59:49 - OP|H=|Client=201.175.130.92-------------------------------------------------------|notifySCReception
20:59:49 - 03/07/2015 20:59:49: |Correlator: 425276_ | message: mensaje de iAlarm | senderAddress: 525513252511 | smsServiceActivationNumber: 425276
20:59:49 - BD|H=525513252511|El equipo ya existe en BD|notifySmsReception
20:59:49 - BD|H=525513252511|Contrato por evento|Procesando cobro|notifySmsReception
20:59:49 - OP|H=|Client=201.175.130.92-------------------------------------------------------|notifySCReception
20:59:49 - 03/07/2015 20:59:49: |Correlator: 425276_ | message: mensaje de iAlarm | senderAddress: 525513252511 | smsServiceActivationNumber: 425276
20:59:49 - BD|H=525513252511|El equipo ya existe en BD|notifySmsReception
20:59:49 - BD|H=525513252511|Contrato por evento|Procesando cobro|notifySmsReception
21:22:23 - OP|H=|Client=201.175.130.92-------------------------------------------------------|notifySCReception
21:22:23 - 03/07/2015 21:22:23: |Correlator: 425276_ | message: mensaje de iAlarm | senderAddress: 523316161004 | smsServiceActivationNumber: 425276
21:22:23 - BD|H=523316161004|El equipo ya existe en BD|notifySmsReception
21:22:23 - BD|H=523316161004|Contrato por evento|Procesando cobro|notifySmsReception
21:22:23 - OP|H=|Client=201.175.130.92-------------------------------------------------------|notifySCReception
21:22:23 - 03/07/2015 21:22:23: |Correlator: 425276_ | message: mensaje de iAlarm | senderAddress: 523316161004 | smsServiceActivationNumber: 425276
21:22:23 - BD|H=523316161004|El equipo ya existe en BD|notifySmsReception
21:22:23 - BD|H=523316161004|Contrato por evento|Procesando cobro|notifySmsReception
23:48:19 - OP|H=|Client=201.175.130.92-------------------------------------------------------|notifySCReception
23:48:19 - 03/07/2015 23:48:19: |Correlator: 425276_ | message: mensaje de iAlarm | senderAddress: 528671091721 | smsServiceActivationNumber: 425276
23:48:19 - BD|H=528671091721|El equipo ya existe en BD|notifySmsReception
23:48:19 - BD|H=528671091721|Contrato por evento|Procesando cobro|notifySmsReception
23:48:19 - OP|H=|Client=201.175.130.92-------------------------------------------------------|notifySCReception
23:48:19 - 03/07/2015 23:48:19: |Correlator: 425276_ | message: mensaje de iAlarm | senderAddress: 528671091721 | smsServiceActivationNumber: 425276
23:48:19 - BD|H=528671091721|El equipo ya existe en BD|notifySmsReception
23:48:19 - BD|H=528671091721|Contrato por evento|Procesando cobro|notifySmsReception
23:51:14 - OP|H=|Client=201.175.130.92-------------------------------------------------------|notifySCReception
23:51:14 - 03/07/2015 23:51:14: |Correlator: 425276_ | message: mensaje de iAlarm | senderAddress: 522721483721 | smsServiceActivationNumber: 425276
23:51:14 - BD|H=522721483721|El equipo ya existe en BD|notifySmsReception
23:51:14 - BD|H=522721483721|Contrato por evento|Procesando cobro|notifySmsReception
23:51:14 - OP|H=|Client=201.175.130.92-------------------------------------------------------|notifySCReception
23:51:14 - 03/07/2015 23:51:14: |Correlator: 425276_ | message: mensaje de iAlarm | senderAddress: 522721483721 | smsServiceActivationNumber: 425276
23:51:14 - BD|H=522721483721|El equipo ya existe en BD|notifySmsReception
23:51:14 - BD|H=522721483721|Contrato por evento|Procesando cobro|notifySmsReception
